mode: set
github.com/prometheus/prometheus/prompb/io/prometheus/client/decoder.go:54.69,61.2 1 1
github.com/prometheus/prometheus/prompb/io/prometheus/client/decoder.go:65.59,67.17 2 1
github.com/prometheus/prometheus/prompb/io/prometheus/client/decoder.go:67.17,69.3 1 1
github.com/prometheus/prometheus/prompb/io/prometheus/client/decoder.go:70.2,71.63 2 1
github.com/prometheus/prometheus/prompb/io/prometheus/client/decoder.go:71.63,73.3 1 0
github.com/prometheus/prometheus/prompb/io/prometheus/client/decoder.go:74.2,75.26 2 1
github.com/prometheus/prometheus/prompb/io/prometheus/client/decoder.go:75.26,77.3 1 0
github.com/prometheus/prometheus/prompb/io/prometheus/client/decoder.go:78.2,82.47 4 1
github.com/prometheus/prometheus/prompb/io/prometheus/client/decoder.go:86.54,90.2 3 1
github.com/prometheus/prometheus/prompb/io/prometheus/client/decoder.go:92.53,93.37 1 1
github.com/prometheus/prometheus/prompb/io/prometheus/client/decoder.go:93.37,95.3 1 1
github.com/prometheus/prometheus/prompb/io/prometheus/client/decoder.go:97.2,99.61 3 1
github.com/prometheus/prometheus/prompb/io/prometheus/client/decoder.go:99.61,101.3 1 0
github.com/prometheus/prometheus/prompb/io/prometheus/client/decoder.go:102.2,103.12 2 1
github.com/prometheus/prometheus/prompb/io/prometheus/client/decoder.go:107.48,112.22 3 1
github.com/prometheus/prometheus/prompb/io/prometheus/client/decoder.go:112.22,116.3 3 0
github.com/prometheus/prometheus/prompb/io/prometheus/client/decoder.go:117.2,117.20 1 1
github.com/prometheus/prometheus/prompb/io/prometheus/client/decoder.go:117.20,119.3 1 1
github.com/prometheus/prometheus/prompb/io/prometheus/client/decoder.go:120.2,120.24 1 1
github.com/prometheus/prometheus/prompb/io/prometheus/client/decoder.go:120.24,137.3 16 0
github.com/prometheus/prometheus/prompb/io/prometheus/client/decoder.go:138.2,138.22 1 1
github.com/prometheus/prometheus/prompb/io/prometheus/client/decoder.go:138.22,143.3 4 0
github.com/prometheus/prometheus/prompb/io/prometheus/client/decoder.go:146.46,147.51 1 0
github.com/prometheus/prometheus/prompb/io/prometheus/client/decoder.go:150.45,151.48 1 0
github.com/prometheus/prometheus/prompb/io/prometheus/client/decoder.go:163.64,164.29 1 1
github.com/prometheus/prometheus/prompb/io/prometheus/client/decoder.go:164.29,165.63 1 1
github.com/prometheus/prometheus/prompb/io/prometheus/client/decoder.go:165.63,167.4 1 0
github.com/prometheus/prometheus/prompb/io/prometheus/client/decoder.go:169.2,169.12 1 1
github.com/prometheus/prometheus/prompb/io/prometheus/client/decoder.go:174.54,178.16 4 1
github.com/prometheus/prometheus/prompb/io/prometheus/client/decoder.go:178.16,181.38 3 1
github.com/prometheus/prometheus/prompb/io/prometheus/client/decoder.go:181.38,182.19 1 1
github.com/prometheus/prometheus/prompb/io/prometheus/client/decoder.go:182.19,184.5 1 0
github.com/prometheus/prometheus/prompb/io/prometheus/client/decoder.go:185.4,185.18 1 1
github.com/prometheus/prometheus/prompb/io/prometheus/client/decoder.go:185.18,187.5 1 0
github.com/prometheus/prometheus/prompb/io/prometheus/client/decoder.go:188.4,191.16 4 1
github.com/prometheus/prometheus/prompb/io/prometheus/client/decoder.go:191.16,192.10 1 1
github.com/prometheus/prometheus/prompb/io/prometheus/client/decoder.go:195.3,197.20 3 1
github.com/prometheus/prometheus/prompb/io/prometheus/client/decoder.go:197.20,199.4 1 0
github.com/prometheus/prometheus/prompb/io/prometheus/client/decoder.go:200.3,200.20 1 1
github.com/prometheus/prometheus/prompb/io/prometheus/client/decoder.go:200.20,202.4 1 0
github.com/prometheus/prometheus/prompb/io/prometheus/client/decoder.go:203.3,203.19 1 1
github.com/prometheus/prometheus/prompb/io/prometheus/client/decoder.go:204.10,205.21 1 1
github.com/prometheus/prometheus/prompb/io/prometheus/client/decoder.go:205.21,207.5 1 0
github.com/prometheus/prometheus/prompb/io/prometheus/client/decoder.go:208.4,209.39 2 1
github.com/prometheus/prometheus/prompb/io/prometheus/client/decoder.go:209.39,210.20 1 1
github.com/prometheus/prometheus/prompb/io/prometheus/client/decoder.go:210.20,212.6 1 0
github.com/prometheus/prometheus/prompb/io/prometheus/client/decoder.go:213.5,213.19 1 1
github.com/prometheus/prometheus/prompb/io/prometheus/client/decoder.go:213.19,215.6 1 0
github.com/prometheus/prometheus/prompb/io/prometheus/client/decoder.go:216.5,219.17 4 1
github.com/prometheus/prometheus/prompb/io/prometheus/client/decoder.go:219.17,220.11 1 1
github.com/prometheus/prometheus/prompb/io/prometheus/client/decoder.go:223.4,224.24 2 1
github.com/prometheus/prometheus/prompb/io/prometheus/client/decoder.go:224.24,226.5 1 0
github.com/prometheus/prometheus/prompb/io/prometheus/client/decoder.go:227.4,228.21 2 1
github.com/prometheus/prometheus/prompb/io/prometheus/client/decoder.go:228.21,230.5 1 0
github.com/prometheus/prometheus/prompb/io/prometheus/client/decoder.go:231.4,231.21 1 1
github.com/prometheus/prometheus/prompb/io/prometheus/client/decoder.go:231.21,233.5 1 0
github.com/prometheus/prometheus/prompb/io/prometheus/client/decoder.go:234.4,235.40 2 1
github.com/prometheus/prometheus/prompb/io/prometheus/client/decoder.go:235.40,237.5 1 0
github.com/prometheus/prometheus/prompb/io/prometheus/client/decoder.go:238.4,238.21 1 1
github.com/prometheus/prometheus/prompb/io/prometheus/client/decoder.go:239.10,240.21 1 1
github.com/prometheus/prometheus/prompb/io/prometheus/client/decoder.go:240.21,242.5 1 0
github.com/prometheus/prometheus/prompb/io/prometheus/client/decoder.go:243.4,244.39 2 1
github.com/prometheus/prometheus/prompb/io/prometheus/client/decoder.go:244.39,245.20 1 1
github.com/prometheus/prometheus/prompb/io/prometheus/client/decoder.go:245.20,247.6 1 0
github.com/prometheus/prometheus/prompb/io/prometheus/client/decoder.go:248.5,248.19 1 1
github.com/prometheus/prometheus/prompb/io/prometheus/client/decoder.go:248.19,250.6 1 0
github.com/prometheus/prometheus/prompb/io/prometheus/client/decoder.go:251.5,254.17 4 1
github.com/prometheus/prometheus/prompb/io/prometheus/client/decoder.go:254.17,255.11 1 1
github.com/prometheus/prometheus/prompb/io/prometheus/client/decoder.go:258.4,259.24 2 1
github.com/prometheus/prometheus/prompb/io/prometheus/client/decoder.go:259.24,261.5 1 0
github.com/prometheus/prometheus/prompb/io/prometheus/client/decoder.go:262.4,263.21 2 1
github.com/prometheus/prometheus/prompb/io/prometheus/client/decoder.go:263.21,265.5 1 0
github.com/prometheus/prometheus/prompb/io/prometheus/client/decoder.go:266.4,266.21 1 1
github.com/prometheus/prometheus/prompb/io/prometheus/client/decoder.go:266.21,268.5 1 0
github.com/prometheus/prometheus/prompb/io/prometheus/client/decoder.go:269.4,270.32 2 1
github.com/prometheus/prometheus/prompb/io/prometheus/client/decoder.go:270.32,272.5 1 0
github.com/prometheus/prometheus/prompb/io/prometheus/client/decoder.go:273.4,273.21 1 1
github.com/prometheus/prometheus/prompb/io/prometheus/client/decoder.go:274.11,277.18 3 0
github.com/prometheus/prometheus/prompb/io/prometheus/client/decoder.go:277.18,279.5 1 0
github.com/prometheus/prometheus/prompb/io/prometheus/client/decoder.go:280.4,280.42 1 0
github.com/prometheus/prometheus/prompb/io/prometheus/client/decoder.go:280.42,282.5 1 0
github.com/prometheus/prometheus/prompb/io/prometheus/client/decoder.go:283.4,283.28 1 0
github.com/prometheus/prometheus/prompb/io/prometheus/client/decoder.go:283.28,285.5 1 0
github.com/prometheus/prometheus/prompb/io/prometheus/client/decoder.go:286.4,286.19 1 0
github.com/prometheus/prometheus/prompb/io/prometheus/client/decoder.go:289.2,289.15 1 1
github.com/prometheus/prometheus/prompb/io/prometheus/client/decoder.go:289.15,291.3 1 0
github.com/prometheus/prometheus/prompb/io/prometheus/client/decoder.go:292.2,293.12 2 1
github.com/prometheus/prometheus/prompb/io/prometheus/client/decoder.go:296.34,298.2 1 1
github.com/prometheus/prometheus/prompb/io/prometheus/client/decoder.go:304.87,307.16 3 1
github.com/prometheus/prometheus/prompb/io/prometheus/client/decoder.go:307.16,310.38 3 1
github.com/prometheus/prometheus/prompb/io/prometheus/client/decoder.go:310.38,311.19 1 1
github.com/prometheus/prometheus/prompb/io/prometheus/client/decoder.go:311.19,313.5 1 0
github.com/prometheus/prometheus/prompb/io/prometheus/client/decoder.go:314.4,314.18 1 1
github.com/prometheus/prometheus/prompb/io/prometheus/client/decoder.go:314.18,316.5 1 0
github.com/prometheus/prometheus/prompb/io/prometheus/client/decoder.go:317.4,320.16 4 1
github.com/prometheus/prometheus/prompb/io/prometheus/client/decoder.go:320.16,321.10 1 1
github.com/prometheus/prometheus/prompb/io/prometheus/client/decoder.go:324.3,326.20 3 1
github.com/prometheus/prometheus/prompb/io/prometheus/client/decoder.go:326.20,328.4 1 0
github.com/prometheus/prometheus/prompb/io/prometheus/client/decoder.go:329.3,329.20 1 1
github.com/prometheus/prometheus/prompb/io/prometheus/client/decoder.go:329.20,331.4 1 0
github.com/prometheus/prometheus/prompb/io/prometheus/client/decoder.go:332.3,332.19 1 1
github.com/prometheus/prometheus/prompb/io/prometheus/client/decoder.go:333.10,334.21 1 1
github.com/prometheus/prometheus/prompb/io/prometheus/client/decoder.go:334.21,336.5 1 0
github.com/prometheus/prometheus/prompb/io/prometheus/client/decoder.go:337.4,338.39 2 1
github.com/prometheus/prometheus/prompb/io/prometheus/client/decoder.go:338.39,339.20 1 1
github.com/prometheus/prometheus/prompb/io/prometheus/client/decoder.go:339.20,341.6 1 0
github.com/prometheus/prometheus/prompb/io/prometheus/client/decoder.go:342.5,342.19 1 1
github.com/prometheus/prometheus/prompb/io/prometheus/client/decoder.go:342.19,344.6 1 0
github.com/prometheus/prometheus/prompb/io/prometheus/client/decoder.go:345.5,348.17 4 1
github.com/prometheus/prometheus/prompb/io/prometheus/client/decoder.go:348.17,349.11 1 1
github.com/prometheus/prometheus/prompb/io/prometheus/client/decoder.go:352.4,352.18 1 1
github.com/prometheus/prometheus/prompb/io/prometheus/client/decoder.go:352.18,354.5 1 0
github.com/prometheus/prometheus/prompb/io/prometheus/client/decoder.go:355.4,356.21 2 1
github.com/prometheus/prometheus/prompb/io/prometheus/client/decoder.go:356.21,358.5 1 0
github.com/prometheus/prometheus/prompb/io/prometheus/client/decoder.go:359.4,359.21 1 1
github.com/prometheus/prometheus/prompb/io/prometheus/client/decoder.go:359.21,361.5 1 0
github.com/prometheus/prometheus/prompb/io/prometheus/client/decoder.go:362.4,363.21 2 1
github.com/prometheus/prometheus/prompb/io/prometheus/client/decoder.go:364.10,365.21 1 1
github.com/prometheus/prometheus/prompb/io/prometheus/client/decoder.go:365.21,367.5 1 0
github.com/prometheus/prometheus/prompb/io/prometheus/client/decoder.go:368.4,369.39 2 1
github.com/prometheus/prometheus/prompb/io/prometheus/client/decoder.go:369.39,370.20 1 1
github.com/prometheus/prometheus/prompb/io/prometheus/client/decoder.go:370.20,372.6 1 0
github.com/prometheus/prometheus/prompb/io/prometheus/client/decoder.go:373.5,373.19 1 1
github.com/prometheus/prometheus/prompb/io/prometheus/client/decoder.go:373.19,375.6 1 0
github.com/prometheus/prometheus/prompb/io/prometheus/client/decoder.go:376.5,379.17 4 1
github.com/prometheus/prometheus/prompb/io/prometheus/client/decoder.go:379.17,380.11 1 1
github.com/prometheus/prometheus/prompb/io/prometheus/client/decoder.go:383.4,383.18 1 1
github.com/prometheus/prometheus/prompb/io/prometheus/client/decoder.go:383.18,385.5 1 0
github.com/prometheus/prometheus/prompb/io/prometheus/client/decoder.go:386.4,387.21 2 1
github.com/prometheus/prometheus/prompb/io/prometheus/client/decoder.go:387.21,389.5 1 0
github.com/prometheus/prometheus/prompb/io/prometheus/client/decoder.go:390.4,390.21 1 1
github.com/prometheus/prometheus/prompb/io/prometheus/client/decoder.go:390.21,392.5 1 0
github.com/prometheus/prometheus/prompb/io/prometheus/client/decoder.go:393.4,393.22 1 1
github.com/prometheus/prometheus/prompb/io/prometheus/client/decoder.go:393.22,395.5 1 1
github.com/prometheus/prometheus/prompb/io/prometheus/client/decoder.go:396.4,396.67 1 1
github.com/prometheus/prometheus/prompb/io/prometheus/client/decoder.go:396.67,398.5 1 0
github.com/prometheus/prometheus/prompb/io/prometheus/client/decoder.go:399.4,399.21 1 1
github.com/prometheus/prometheus/prompb/io/prometheus/client/decoder.go:400.10,401.21 1 1
github.com/prometheus/prometheus/prompb/io/prometheus/client/decoder.go:401.21,403.5 1 0
github.com/prometheus/prometheus/prompb/io/prometheus/client/decoder.go:404.4,405.39 2 1
github.com/prometheus/prometheus/prompb/io/prometheus/client/decoder.go:405.39,406.20 1 1
github.com/prometheus/prometheus/prompb/io/prometheus/client/decoder.go:406.20,408.6 1 0
github.com/prometheus/prometheus/prompb/io/prometheus/client/decoder.go:409.5,409.19 1 1
github.com/prometheus/prometheus/prompb/io/prometheus/client/decoder.go:409.19,411.6 1 0
github.com/prometheus/prometheus/prompb/io/prometheus/client/decoder.go:412.5,415.17 4 1
github.com/prometheus/prometheus/prompb/io/prometheus/client/decoder.go:415.17,416.11 1 1
github.com/prometheus/prometheus/prompb/io/prometheus/client/decoder.go:419.4,419.18 1 1
github.com/prometheus/prometheus/prompb/io/prometheus/client/decoder.go:419.18,421.5 1 0
github.com/prometheus/prometheus/prompb/io/prometheus/client/decoder.go:422.4,423.21 2 1
github.com/prometheus/prometheus/prompb/io/prometheus/client/decoder.go:423.21,425.5 1 0
github.com/prometheus/prometheus/prompb/io/prometheus/client/decoder.go:426.4,426.21 1 1
github.com/prometheus/prometheus/prompb/io/prometheus/client/decoder.go:426.21,428.5 1 0
github.com/prometheus/prometheus/prompb/io/prometheus/client/decoder.go:429.4,429.24 1 1
github.com/prometheus/prometheus/prompb/io/prometheus/client/decoder.go:429.24,431.5 1 1
github.com/prometheus/prometheus/prompb/io/prometheus/client/decoder.go:432.4,432.69 1 1
github.com/prometheus/prometheus/prompb/io/prometheus/client/decoder.go:432.69,434.5 1 0
github.com/prometheus/prometheus/prompb/io/prometheus/client/decoder.go:435.4,435.21 1 1
github.com/prometheus/prometheus/prompb/io/prometheus/client/decoder.go:436.10,437.21 1 0
github.com/prometheus/prometheus/prompb/io/prometheus/client/decoder.go:437.21,439.5 1 0
github.com/prometheus/prometheus/prompb/io/prometheus/client/decoder.go:440.4,441.39 2 0
github.com/prometheus/prometheus/prompb/io/prometheus/client/decoder.go:441.39,442.20 1 0
github.com/prometheus/prometheus/prompb/io/prometheus/client/decoder.go:442.20,444.6 1 0
github.com/prometheus/prometheus/prompb/io/prometheus/client/decoder.go:445.5,445.19 1 0
github.com/prometheus/prometheus/prompb/io/prometheus/client/decoder.go:445.19,447.6 1 0
github.com/prometheus/prometheus/prompb/io/prometheus/client/decoder.go:448.5,451.17 4 0
github.com/prometheus/prometheus/prompb/io/prometheus/client/decoder.go:451.17,452.11 1 0
github.com/prometheus/prometheus/prompb/io/prometheus/client/decoder.go:455.4,455.18 1 0
github.com/prometheus/prometheus/prompb/io/prometheus/client/decoder.go:455.18,457.5 1 0
github.com/prometheus/prometheus/prompb/io/prometheus/client/decoder.go:458.4,459.21 2 0
github.com/prometheus/prometheus/prompb/io/prometheus/client/decoder.go:459.21,461.5 1 0
github.com/prometheus/prometheus/prompb/io/prometheus/client/decoder.go:462.4,462.21 1 0
github.com/prometheus/prometheus/prompb/io/prometheus/client/decoder.go:462.21,464.5 1 0
github.com/prometheus/prometheus/prompb/io/prometheus/client/decoder.go:465.4,465.24 1 0
github.com/prometheus/prometheus/prompb/io/prometheus/client/decoder.go:465.24,467.5 1 0
github.com/prometheus/prometheus/prompb/io/prometheus/client/decoder.go:468.4,468.69 1 0
github.com/prometheus/prometheus/prompb/io/prometheus/client/decoder.go:468.69,470.5 1 0
github.com/prometheus/prometheus/prompb/io/prometheus/client/decoder.go:471.4,471.21 1 0
github.com/prometheus/prometheus/prompb/io/prometheus/client/decoder.go:472.10,473.21 1 0
github.com/prometheus/prometheus/prompb/io/prometheus/client/decoder.go:473.21,475.5 1 0
github.com/prometheus/prometheus/prompb/io/prometheus/client/decoder.go:476.4,477.39 2 0
github.com/prometheus/prometheus/prompb/io/prometheus/client/decoder.go:477.39,478.20 1 0
github.com/prometheus/prometheus/prompb/io/prometheus/client/decoder.go:478.20,480.6 1 0
github.com/prometheus/prometheus/prompb/io/prometheus/client/decoder.go:481.5,481.19 1 0
github.com/prometheus/prometheus/prompb/io/prometheus/client/decoder.go:481.19,483.6 1 0
github.com/prometheus/prometheus/prompb/io/prometheus/client/decoder.go:484.5,487.17 4 0
github.com/prometheus/prometheus/prompb/io/prometheus/client/decoder.go:487.17,488.11 1 0
github.com/prometheus/prometheus/prompb/io/prometheus/client/decoder.go:491.4,491.18 1 0
github.com/prometheus/prometheus/prompb/io/prometheus/client/decoder.go:491.18,493.5 1 0
github.com/prometheus/prometheus/prompb/io/prometheus/client/decoder.go:494.4,495.21 2 0
github.com/prometheus/prometheus/prompb/io/prometheus/client/decoder.go:495.21,497.5 1 0
github.com/prometheus/prometheus/prompb/io/prometheus/client/decoder.go:498.4,498.21 1 0
github.com/prometheus/prometheus/prompb/io/prometheus/client/decoder.go:498.21,500.5 1 0
github.com/prometheus/prometheus/prompb/io/prometheus/client/decoder.go:501.4,501.24 1 0
github.com/prometheus/prometheus/prompb/io/prometheus/client/decoder.go:501.24,503.5 1 0
github.com/prometheus/prometheus/prompb/io/prometheus/client/decoder.go:504.4,504.69 1 0
github.com/prometheus/prometheus/prompb/io/prometheus/client/decoder.go:504.69,506.5 1 0
github.com/prometheus/prometheus/prompb/io/prometheus/client/decoder.go:507.4,507.21 1 0
github.com/prometheus/prometheus/prompb/io/prometheus/client/decoder.go:508.10,509.21 1 0
github.com/prometheus/prometheus/prompb/io/prometheus/client/decoder.go:509.21,511.5 1 0
github.com/prometheus/prometheus/prompb/io/prometheus/client/decoder.go:512.4,513.39 2 0
github.com/prometheus/prometheus/prompb/io/prometheus/client/decoder.go:513.39,514.20 1 0
github.com/prometheus/prometheus/prompb/io/prometheus/client/decoder.go:514.20,516.6 1 0
github.com/prometheus/prometheus/prompb/io/prometheus/client/decoder.go:517.5,517.19 1 0
github.com/prometheus/prometheus/prompb/io/prometheus/client/decoder.go:517.19,519.6 1 0
github.com/prometheus/prometheus/prompb/io/prometheus/client/decoder.go:520.5,523.17 4 0
github.com/prometheus/prometheus/prompb/io/prometheus/client/decoder.go:523.17,524.11 1 0
github.com/prometheus/prometheus/prompb/io/prometheus/client/decoder.go:527.10,528.21 1 0
github.com/prometheus/prometheus/prompb/io/prometheus/client/decoder.go:528.21,530.5 1 0
github.com/prometheus/prometheus/prompb/io/prometheus/client/decoder.go:531.4,532.39 2 0
github.com/prometheus/prometheus/prompb/io/prometheus/client/decoder.go:532.39,533.20 1 0
github.com/prometheus/prometheus/prompb/io/prometheus/client/decoder.go:533.20,535.6 1 0
github.com/prometheus/prometheus/prompb/io/prometheus/client/decoder.go:536.5,536.19 1 0
github.com/prometheus/prometheus/prompb/io/prometheus/client/decoder.go:536.19,538.6 1 0
github.com/prometheus/prometheus/prompb/io/prometheus/client/decoder.go:539.5,542.17 4 0
github.com/prometheus/prometheus/prompb/io/prometheus/client/decoder.go:542.17,543.11 1 0
github.com/prometheus/prometheus/prompb/io/prometheus/client/decoder.go:546.4,546.18 1 0
github.com/prometheus/prometheus/prompb/io/prometheus/client/decoder.go:546.18,548.5 1 0
github.com/prometheus/prometheus/prompb/io/prometheus/client/decoder.go:549.4,550.21 2 0
github.com/prometheus/prometheus/prompb/io/prometheus/client/decoder.go:550.21,552.5 1 0
github.com/prometheus/prometheus/prompb/io/prometheus/client/decoder.go:553.4,553.21 1 0
github.com/prometheus/prometheus/prompb/io/prometheus/client/decoder.go:553.21,555.5 1 0
github.com/prometheus/prometheus/prompb/io/prometheus/client/decoder.go:556.4,556.26 1 0
github.com/prometheus/prometheus/prompb/io/prometheus/client/decoder.go:556.26,558.5 1 0
github.com/prometheus/prometheus/prompb/io/prometheus/client/decoder.go:559.4,559.71 1 0
github.com/prometheus/prometheus/prompb/io/prometheus/client/decoder.go:559.71,561.5 1 0
github.com/prometheus/prometheus/prompb/io/prometheus/client/decoder.go:562.4,562.21 1 0
github.com/prometheus/prometheus/prompb/io/prometheus/client/decoder.go:563.11,566.18 3 0
github.com/prometheus/prometheus/prompb/io/prometheus/client/decoder.go:566.18,568.5 1 0
github.com/prometheus/prometheus/prompb/io/prometheus/client/decoder.go:569.4,569.42 1 0
github.com/prometheus/prometheus/prompb/io/prometheus/client/decoder.go:569.42,571.5 1 0
github.com/prometheus/prometheus/prompb/io/prometheus/client/decoder.go:572.4,572.28 1 0
github.com/prometheus/prometheus/prompb/io/prometheus/client/decoder.go:572.28,574.5 1 0
github.com/prometheus/prometheus/prompb/io/prometheus/client/decoder.go:575.4,576.19 2 0
github.com/prometheus/prometheus/prompb/io/prometheus/client/decoder.go:580.2,580.15 1 1
github.com/prometheus/prometheus/prompb/io/prometheus/client/decoder.go:580.15,582.3 1 0
github.com/prometheus/prometheus/prompb/io/prometheus/client/decoder.go:583.2,583.12 1 1
github.com/prometheus/prometheus/prompb/io/prometheus/client/decoder.go:586.96,589.16 3 1
github.com/prometheus/prometheus/prompb/io/prometheus/client/decoder.go:589.16,592.38 3 1
github.com/prometheus/prometheus/prompb/io/prometheus/client/decoder.go:592.38,593.19 1 1
github.com/prometheus/prometheus/prompb/io/prometheus/client/decoder.go:593.19,595.5 1 0
github.com/prometheus/prometheus/prompb/io/prometheus/client/decoder.go:596.4,596.18 1 1
github.com/prometheus/prometheus/prompb/io/prometheus/client/decoder.go:596.18,598.5 1 0
github.com/prometheus/prometheus/prompb/io/prometheus/client/decoder.go:599.4,602.16 4 1
github.com/prometheus/prometheus/prompb/io/prometheus/client/decoder.go:602.16,603.10 1 1
github.com/prometheus/prometheus/prompb/io/prometheus/client/decoder.go:606.3,608.20 3 1
github.com/prometheus/prometheus/prompb/io/prometheus/client/decoder.go:608.20,610.4 1 0
github.com/prometheus/prometheus/prompb/io/prometheus/client/decoder.go:611.3,611.20 1 1
github.com/prometheus/prometheus/prompb/io/prometheus/client/decoder.go:611.20,613.4 1 0
github.com/prometheus/prometheus/prompb/io/prometheus/client/decoder.go:614.3,614.19 1 1
github.com/prometheus/prometheus/prompb/io/prometheus/client/decoder.go:615.10,616.21 1 1
github.com/prometheus/prometheus/prompb/io/prometheus/client/decoder.go:616.21,618.5 1 0
github.com/prometheus/prometheus/prompb/io/prometheus/client/decoder.go:619.4,620.39 2 1
github.com/prometheus/prometheus/prompb/io/prometheus/client/decoder.go:620.39,621.20 1 1
github.com/prometheus/prometheus/prompb/io/prometheus/client/decoder.go:621.20,623.6 1 0
github.com/prometheus/prometheus/prompb/io/prometheus/client/decoder.go:624.5,624.19 1 1
github.com/prometheus/prometheus/prompb/io/prometheus/client/decoder.go:624.19,626.6 1 0
github.com/prometheus/prometheus/prompb/io/prometheus/client/decoder.go:627.5,630.17 4 1
github.com/prometheus/prometheus/prompb/io/prometheus/client/decoder.go:630.17,631.11 1 1
github.com/prometheus/prometheus/prompb/io/prometheus/client/decoder.go:634.4,635.24 2 1
github.com/prometheus/prometheus/prompb/io/prometheus/client/decoder.go:635.24,637.5 1 0
github.com/prometheus/prometheus/prompb/io/prometheus/client/decoder.go:638.4,639.21 2 1
github.com/prometheus/prometheus/prompb/io/prometheus/client/decoder.go:639.21,641.5 1 0
github.com/prometheus/prometheus/prompb/io/prometheus/client/decoder.go:642.4,642.21 1 1
github.com/prometheus/prometheus/prompb/io/prometheus/client/decoder.go:642.21,644.5 1 0
github.com/prometheus/prometheus/prompb/io/prometheus/client/decoder.go:645.4,646.21 2 1
github.com/prometheus/prometheus/prompb/io/prometheus/client/decoder.go:647.10,648.21 1 1
github.com/prometheus/prometheus/prompb/io/prometheus/client/decoder.go:648.21,650.5 1 0
github.com/prometheus/prometheus/prompb/io/prometheus/client/decoder.go:651.4,652.39 2 1
github.com/prometheus/prometheus/prompb/io/prometheus/client/decoder.go:652.39,653.20 1 1
github.com/prometheus/prometheus/prompb/io/prometheus/client/decoder.go:653.20,655.6 1 0
github.com/prometheus/prometheus/prompb/io/prometheus/client/decoder.go:656.5,656.19 1 1
github.com/prometheus/prometheus/prompb/io/prometheus/client/decoder.go:656.19,658.6 1 0
github.com/prometheus/prometheus/prompb/io/prometheus/client/decoder.go:659.5,662.17 4 1
github.com/prometheus/prometheus/prompb/io/prometheus/client/decoder.go:662.17,663.11 1 1
github.com/prometheus/prometheus/prompb/io/prometheus/client/decoder.go:666.4,667.24 2 1
github.com/prometheus/prometheus/prompb/io/prometheus/client/decoder.go:667.24,669.5 1 0
github.com/prometheus/prometheus/prompb/io/prometheus/client/decoder.go:670.4,671.21 2 1
github.com/prometheus/prometheus/prompb/io/prometheus/client/decoder.go:671.21,673.5 1 0
github.com/prometheus/prometheus/prompb/io/prometheus/client/decoder.go:674.4,674.21 1 1
github.com/prometheus/prometheus/prompb/io/prometheus/client/decoder.go:674.21,676.5 1 0
github.com/prometheus/prometheus/prompb/io/prometheus/client/decoder.go:677.4,678.21 2 1
github.com/prometheus/prometheus/prompb/io/prometheus/client/decoder.go:679.10,680.21 1 1
github.com/prometheus/prometheus/prompb/io/prometheus/client/decoder.go:680.21,682.5 1 0
github.com/prometheus/prometheus/prompb/io/prometheus/client/decoder.go:683.4,684.39 2 1
github.com/prometheus/prometheus/prompb/io/prometheus/client/decoder.go:684.39,685.20 1 1
github.com/prometheus/prometheus/prompb/io/prometheus/client/decoder.go:685.20,687.6 1 0
github.com/prometheus/prometheus/prompb/io/prometheus/client/decoder.go:688.5,688.19 1 1
github.com/prometheus/prometheus/prompb/io/prometheus/client/decoder.go:688.19,690.6 1 0
github.com/prometheus/prometheus/prompb/io/prometheus/client/decoder.go:691.5,694.17 4 1
github.com/prometheus/prometheus/prompb/io/prometheus/client/decoder.go:694.17,695.11 1 1
github.com/prometheus/prometheus/prompb/io/prometheus/client/decoder.go:698.10,699.21 1 1
github.com/prometheus/prometheus/prompb/io/prometheus/client/decoder.go:699.21,701.5 1 0
github.com/prometheus/prometheus/prompb/io/prometheus/client/decoder.go:702.4,703.39 2 1
github.com/prometheus/prometheus/prompb/io/prometheus/client/decoder.go:703.39,704.20 1 1
github.com/prometheus/prometheus/prompb/io/prometheus/client/decoder.go:704.20,706.6 1 0
github.com/prometheus/prometheus/prompb/io/prometheus/client/decoder.go:707.5,707.19 1 1
github.com/prometheus/prometheus/prompb/io/prometheus/client/decoder.go:707.19,709.6 1 0
github.com/prometheus/prometheus/prompb/io/prometheus/client/decoder.go:710.5,713.17 4 1
github.com/prometheus/prometheus/prompb/io/prometheus/client/decoder.go:713.17,714.11 1 1
github.com/prometheus/prometheus/prompb/io/prometheus/client/decoder.go:717.4,717.18 1 1
github.com/prometheus/prometheus/prompb/io/prometheus/client/decoder.go:717.18,719.5 1 0
github.com/prometheus/prometheus/prompb/io/prometheus/client/decoder.go:720.4,721.21 2 1
github.com/prometheus/prometheus/prompb/io/prometheus/client/decoder.go:721.21,723.5 1 0
github.com/prometheus/prometheus/prompb/io/prometheus/client/decoder.go:724.4,724.21 1 1
github.com/prometheus/prometheus/prompb/io/prometheus/client/decoder.go:724.21,726.5 1 0
github.com/prometheus/prometheus/prompb/io/prometheus/client/decoder.go:727.4,728.21 2 1
github.com/prometheus/prometheus/prompb/io/prometheus/client/decoder.go:729.10,730.21 1 1
github.com/prometheus/prometheus/prompb/io/prometheus/client/decoder.go:730.21,732.5 1 0
github.com/prometheus/prometheus/prompb/io/prometheus/client/decoder.go:733.4,734.39 2 1
github.com/prometheus/prometheus/prompb/io/prometheus/client/decoder.go:734.39,735.20 1 1
github.com/prometheus/prometheus/prompb/io/prometheus/client/decoder.go:735.20,737.6 1 0
github.com/prometheus/prometheus/prompb/io/prometheus/client/decoder.go:738.5,738.19 1 1
github.com/prometheus/prometheus/prompb/io/prometheus/client/decoder.go:738.19,740.6 1 0
github.com/prometheus/prometheus/prompb/io/prometheus/client/decoder.go:741.5,744.17 4 1
github.com/prometheus/prometheus/prompb/io/prometheus/client/decoder.go:744.17,745.11 1 1
github.com/prometheus/prometheus/prompb/io/prometheus/client/decoder.go:748.4,749.24 2 1
github.com/prometheus/prometheus/prompb/io/prometheus/client/decoder.go:749.24,751.5 1 0
github.com/prometheus/prometheus/prompb/io/prometheus/client/decoder.go:752.4,753.21 2 1
github.com/prometheus/prometheus/prompb/io/prometheus/client/decoder.go:753.21,755.5 1 0
github.com/prometheus/prometheus/prompb/io/prometheus/client/decoder.go:756.4,756.21 1 1
github.com/prometheus/prometheus/prompb/io/prometheus/client/decoder.go:756.21,758.5 1 0
github.com/prometheus/prometheus/prompb/io/prometheus/client/decoder.go:759.4,760.21 2 1
github.com/prometheus/prometheus/prompb/io/prometheus/client/decoder.go:761.11,764.18 3 0
github.com/prometheus/prometheus/prompb/io/prometheus/client/decoder.go:764.18,766.5 1 0
github.com/prometheus/prometheus/prompb/io/prometheus/client/decoder.go:767.4,767.42 1 0
github.com/prometheus/prometheus/prompb/io/prometheus/client/decoder.go:767.42,769.5 1 0
github.com/prometheus/prometheus/prompb/io/prometheus/client/decoder.go:770.4,770.28 1 0
github.com/prometheus/prometheus/prompb/io/prometheus/client/decoder.go:770.28,772.5 1 0
github.com/prometheus/prometheus/prompb/io/prometheus/client/decoder.go:773.4,774.19 2 0
github.com/prometheus/prometheus/prompb/io/prometheus/client/decoder.go:778.2,778.15 1 1
github.com/prometheus/prometheus/prompb/io/prometheus/client/decoder.go:778.15,780.3 1 0
github.com/prometheus/prometheus/prompb/io/prometheus/client/decoder.go:781.2,781.12 1 1
github.com/prometheus/prometheus/prompb/io/prometheus/client/metrics.pb.go:64.37,66.2 1 0
github.com/prometheus/prometheus/prompb/io/prometheus/client/metrics.pb.go:68.52,70.2 1 0
github.com/prometheus/prometheus/prompb/io/prometheus/client/metrics.pb.go:80.37,80.57 1 0
github.com/prometheus/prometheus/prompb/io/prometheus/client/metrics.pb.go:81.37,81.74 1 0
github.com/prometheus/prometheus/prompb/io/prometheus/client/metrics.pb.go:82.38,82.39 0 0
github.com/prometheus/prometheus/prompb/io/prometheus/client/metrics.pb.go:83.48,85.2 1 0
github.com/prometheus/prometheus/prompb/io/prometheus/client/metrics.pb.go:86.51,88.2 1 0
github.com/prometheus/prometheus/prompb/io/prometheus/client/metrics.pb.go:89.79,90.19 1 0
github.com/prometheus/prometheus/prompb/io/prometheus/client/metrics.pb.go:90.19,92.3 1 0
github.com/prometheus/prometheus/prompb/io/prometheus/client/metrics.pb.go:92.8,95.17 3 0
github.com/prometheus/prometheus/prompb/io/prometheus/client/metrics.pb.go:95.17,97.4 1 0
github.com/prometheus/prometheus/prompb/io/prometheus/client/metrics.pb.go:98.3,98.20 1 0
github.com/prometheus/prometheus/prompb/io/prometheus/client/metrics.pb.go:101.50,103.2 1 0
github.com/prometheus/prometheus/prompb/io/prometheus/client/metrics.pb.go:104.36,106.2 1 0
github.com/prometheus/prometheus/prompb/io/prometheus/client/metrics.pb.go:107.42,109.2 1 0
github.com/prometheus/prometheus/prompb/io/prometheus/client/metrics.pb.go:113.38,114.14 1 0
github.com/prometheus/prometheus/prompb/io/prometheus/client/metrics.pb.go:114.14,116.3 1 0
github.com/prometheus/prometheus/prompb/io/prometheus/client/metrics.pb.go:117.2,117.11 1 0
github.com/prometheus/prometheus/prompb/io/prometheus/client/metrics.pb.go:120.39,121.14 1 0
github.com/prometheus/prometheus/prompb/io/prometheus/client/metrics.pb.go:121.14,123.3 1 0
github.com/prometheus/prometheus/prompb/io/prometheus/client/metrics.pb.go:124.2,124.11 1 0
github.com/prometheus/prometheus/prompb/io/prometheus/client/metrics.pb.go:134.33,134.49 1 0
github.com/prometheus/prometheus/prompb/io/prometheus/client/metrics.pb.go:135.33,135.70 1 0
github.com/prometheus/prometheus/prompb/io/prometheus/client/metrics.pb.go:136.34,136.35 0 0
github.com/prometheus/prometheus/prompb/io/prometheus/client/metrics.pb.go:137.44,139.2 1 0
github.com/prometheus/prometheus/prompb/io/prometheus/client/metrics.pb.go:140.47,142.2 1 0
github.com/prometheus/prometheus/prompb/io/prometheus/client/metrics.pb.go:143.75,144.19 1 0
github.com/prometheus/prometheus/prompb/io/prometheus/client/metrics.pb.go:144.19,146.3 1 0
github.com/prometheus/prometheus/prompb/io/prometheus/client/metrics.pb.go:146.8,149.17 3 0
github.com/prometheus/prometheus/prompb/io/prometheus/client/metrics.pb.go:149.17,151.4 1 0
github.com/prometheus/prometheus/prompb/io/prometheus/client/metrics.pb.go:152.3,152.20 1 0
github.com/prometheus/prometheus/prompb/io/prometheus/client/metrics.pb.go:155.46,157.2 1 0
github.com/prometheus/prometheus/prompb/io/prometheus/client/metrics.pb.go:158.32,160.2 1 0
github.com/prometheus/prometheus/prompb/io/prometheus/client/metrics.pb.go:161.38,163.2 1 0
github.com/prometheus/prometheus/prompb/io/prometheus/client/metrics.pb.go:167.36,168.14 1 1
github.com/prometheus/prometheus/prompb/io/prometheus/client/metrics.pb.go:168.14,170.3 1 1
github.com/prometheus/prometheus/prompb/io/prometheus/client/metrics.pb.go:171.2,171.10 1 0
github.com/prometheus/prometheus/prompb/io/prometheus/client/metrics.pb.go:183.35,183.53 1 0
github.com/prometheus/prometheus/prompb/io/prometheus/client/metrics.pb.go:184.35,184.72 1 0
github.com/prometheus/prometheus/prompb/io/prometheus/client/metrics.pb.go:185.36,185.37 0 0
github.com/prometheus/prometheus/prompb/io/prometheus/client/metrics.pb.go:186.46,188.2 1 0
github.com/prometheus/prometheus/prompb/io/prometheus/client/metrics.pb.go:189.49,191.2 1 0
github.com/prometheus/prometheus/prompb/io/prometheus/client/metrics.pb.go:192.77,193.19 1 0
github.com/prometheus/prometheus/prompb/io/prometheus/client/metrics.pb.go:193.19,195.3 1 0
github.com/prometheus/prometheus/prompb/io/prometheus/client/metrics.pb.go:195.8,198.17 3 0
github.com/prometheus/prometheus/prompb/io/prometheus/client/metrics.pb.go:198.17,200.4 1 0
github.com/prometheus/prometheus/prompb/io/prometheus/client/metrics.pb.go:201.3,201.20 1 0
github.com/prometheus/prometheus/prompb/io/prometheus/client/metrics.pb.go:204.48,206.2 1 0
github.com/prometheus/prometheus/prompb/io/prometheus/client/metrics.pb.go:207.34,209.2 1 0
github.com/prometheus/prometheus/prompb/io/prometheus/client/metrics.pb.go:210.40,212.2 1 0
github.com/prometheus/prometheus/prompb/io/prometheus/client/metrics.pb.go:216.38,217.14 1 1
github.com/prometheus/prometheus/prompb/io/prometheus/client/metrics.pb.go:217.14,219.3 1 1
github.com/prometheus/prometheus/prompb/io/prometheus/client/metrics.pb.go:220.2,220.10 1 0
github.com/prometheus/prometheus/prompb/io/prometheus/client/metrics.pb.go:223.43,224.14 1 0
github.com/prometheus/prometheus/prompb/io/prometheus/client/metrics.pb.go:224.14,226.3 1 0
github.com/prometheus/prometheus/prompb/io/prometheus/client/metrics.pb.go:227.2,227.12 1 0
github.com/prometheus/prometheus/prompb/io/prometheus/client/metrics.pb.go:230.58,231.14 1 0
github.com/prometheus/prometheus/prompb/io/prometheus/client/metrics.pb.go:231.14,233.3 1 0
github.com/prometheus/prometheus/prompb/io/prometheus/client/metrics.pb.go:234.2,234.12 1 0
github.com/prometheus/prometheus/prompb/io/prometheus/client/metrics.pb.go:245.36,245.55 1 0
github.com/prometheus/prometheus/prompb/io/prometheus/client/metrics.pb.go:246.36,246.73 1 0
github.com/prometheus/prometheus/prompb/io/prometheus/client/metrics.pb.go:247.37,247.38 0 0
github.com/prometheus/prometheus/prompb/io/prometheus/client/metrics.pb.go:248.47,250.2 1 0
github.com/prometheus/prometheus/prompb/io/prometheus/client/metrics.pb.go:251.50,253.2 1 0
github.com/prometheus/prometheus/prompb/io/prometheus/client/metrics.pb.go:254.78,255.19 1 0
github.com/prometheus/prometheus/prompb/io/prometheus/client/metrics.pb.go:255.19,257.3 1 0
github.com/prometheus/prometheus/prompb/io/prometheus/client/metrics.pb.go:257.8,260.17 3 0
github.com/prometheus/prometheus/prompb/io/prometheus/client/metrics.pb.go:260.17,262.4 1 0
github.com/prometheus/prometheus/prompb/io/prometheus/client/metrics.pb.go:263.3,263.20 1 0
github.com/prometheus/prometheus/prompb/io/prometheus/client/metrics.pb.go:266.49,268.2 1 0
github.com/prometheus/prometheus/prompb/io/prometheus/client/metrics.pb.go:269.35,271.2 1 0
github.com/prometheus/prometheus/prompb/io/prometheus/client/metrics.pb.go:272.41,274.2 1 0
github.com/prometheus/prometheus/prompb/io/prometheus/client/metrics.pb.go:278.42,279.14 1 0
github.com/prometheus/prometheus/prompb/io/prometheus/client/metrics.pb.go:279.14,281.3 1 0
github.com/prometheus/prometheus/prompb/io/prometheus/client/metrics.pb.go:282.2,282.10 1 0
github.com/prometheus/prometheus/prompb/io/prometheus/client/metrics.pb.go:285.39,286.14 1 0
github.com/prometheus/prometheus/prompb/io/prometheus/client/metrics.pb.go:286.14,288.3 1 0
github.com/prometheus/prometheus/prompb/io/prometheus/client/metrics.pb.go:289.2,289.10 1 0
github.com/prometheus/prometheus/prompb/io/prometheus/client/metrics.pb.go:302.35,302.53 1 0
github.com/prometheus/prometheus/prompb/io/prometheus/client/metrics.pb.go:303.35,303.72 1 0
github.com/prometheus/prometheus/prompb/io/prometheus/client/metrics.pb.go:304.36,304.37 0 0
github.com/prometheus/prometheus/prompb/io/prometheus/client/metrics.pb.go:305.46,307.2 1 0
github.com/prometheus/prometheus/prompb/io/prometheus/client/metrics.pb.go:308.49,310.2 1 0
github.com/prometheus/prometheus/prompb/io/prometheus/client/metrics.pb.go:311.77,312.19 1 0
github.com/prometheus/prometheus/prompb/io/prometheus/client/metrics.pb.go:312.19,314.3 1 0
github.com/prometheus/prometheus/prompb/io/prometheus/client/metrics.pb.go:314.8,317.17 3 0
github.com/prometheus/prometheus/prompb/io/prometheus/client/metrics.pb.go:317.17,319.4 1 0
github.com/prometheus/prometheus/prompb/io/prometheus/client/metrics.pb.go:320.3,320.20 1 0
github.com/prometheus/prometheus/prompb/io/prometheus/client/metrics.pb.go:323.48,325.2 1 0
github.com/prometheus/prometheus/prompb/io/prometheus/client/metrics.pb.go:326.34,328.2 1 0
github.com/prometheus/prometheus/prompb/io/prometheus/client/metrics.pb.go:329.40,331.2 1 0
github.com/prometheus/prometheus/prompb/io/prometheus/client/metrics.pb.go:335.43,336.14 1 0
github.com/prometheus/prometheus/prompb/io/prometheus/client/metrics.pb.go:336.14,338.3 1 0
github.com/prometheus/prometheus/prompb/io/prometheus/client/metrics.pb.go:339.2,339.10 1 0
github.com/prometheus/prometheus/prompb/io/prometheus/client/metrics.pb.go:342.42,343.14 1 0
github.com/prometheus/prometheus/prompb/io/prometheus/client/metrics.pb.go:343.14,345.3 1 0
github.com/prometheus/prometheus/prompb/io/prometheus/client/metrics.pb.go:346.2,346.10 1 0
github.com/prometheus/prometheus/prompb/io/prometheus/client/metrics.pb.go:349.44,350.14 1 0
github.com/prometheus/prometheus/prompb/io/prometheus/client/metrics.pb.go:350.14,352.3 1 0
github.com/prometheus/prometheus/prompb/io/prometheus/client/metrics.pb.go:353.2,353.12 1 0
github.com/prometheus/prometheus/prompb/io/prometheus/client/metrics.pb.go:356.58,357.14 1 0
github.com/prometheus/prometheus/prompb/io/prometheus/client/metrics.pb.go:357.14,359.3 1 0
github.com/prometheus/prometheus/prompb/io/prometheus/client/metrics.pb.go:360.2,360.12 1 0
github.com/prometheus/prometheus/prompb/io/prometheus/client/metrics.pb.go:370.35,370.53 1 0
github.com/prometheus/prometheus/prompb/io/prometheus/client/metrics.pb.go:371.35,371.72 1 0
github.com/prometheus/prometheus/prompb/io/prometheus/client/metrics.pb.go:372.36,372.37 0 0
github.com/prometheus/prometheus/prompb/io/prometheus/client/metrics.pb.go:373.46,375.2 1 0
github.com/prometheus/prometheus/prompb/io/prometheus/client/metrics.pb.go:376.49,378.2 1 0
github.com/prometheus/prometheus/prompb/io/prometheus/client/metrics.pb.go:379.77,380.19 1 0
github.com/prometheus/prometheus/prompb/io/prometheus/client/metrics.pb.go:380.19,382.3 1 0
github.com/prometheus/prometheus/prompb/io/prometheus/client/metrics.pb.go:382.8,385.17 3 0
github.com/prometheus/prometheus/prompb/io/prometheus/client/metrics.pb.go:385.17,387.4 1 0
github.com/prometheus/prometheus/prompb/io/prometheus/client/metrics.pb.go:388.3,388.20 1 0
github.com/prometheus/prometheus/prompb/io/prometheus/client/metrics.pb.go:391.48,393.2 1 0
github.com/prometheus/prometheus/prompb/io/prometheus/client/metrics.pb.go:394.34,396.2 1 0
github.com/prometheus/prometheus/prompb/io/prometheus/client/metrics.pb.go:397.40,399.2 1 0
github.com/prometheus/prometheus/prompb/io/prometheus/client/metrics.pb.go:403.38,404.14 1 0
github.com/prometheus/prometheus/prompb/io/prometheus/client/metrics.pb.go:404.14,406.3 1 0
github.com/prometheus/prometheus/prompb/io/prometheus/client/metrics.pb.go:407.2,407.10 1 0
github.com/prometheus/prometheus/prompb/io/prometheus/client/metrics.pb.go:450.37,450.57 1 0
github.com/prometheus/prometheus/prompb/io/prometheus/client/metrics.pb.go:451.37,451.74 1 0
github.com/prometheus/prometheus/prompb/io/prometheus/client/metrics.pb.go:452.38,452.39 0 0
github.com/prometheus/prometheus/prompb/io/prometheus/client/metrics.pb.go:453.48,455.2 1 0
github.com/prometheus/prometheus/prompb/io/prometheus/client/metrics.pb.go:456.51,458.2 1 0
github.com/prometheus/prometheus/prompb/io/prometheus/client/metrics.pb.go:459.79,460.19 1 0
github.com/prometheus/prometheus/prompb/io/prometheus/client/metrics.pb.go:460.19,462.3 1 0
github.com/prometheus/prometheus/prompb/io/prometheus/client/metrics.pb.go:462.8,465.17 3 0
github.com/prometheus/prometheus/prompb/io/prometheus/client/metrics.pb.go:465.17,467.4 1 0
github.com/prometheus/prometheus/prompb/io/prometheus/client/metrics.pb.go:468.3,468.20 1 0
github.com/prometheus/prometheus/prompb/io/prometheus/client/metrics.pb.go:471.50,473.2 1 0
github.com/prometheus/prometheus/prompb/io/prometheus/client/metrics.pb.go:474.36,476.2 1 0
github.com/prometheus/prometheus/prompb/io/prometheus/client/metrics.pb.go:477.42,479.2 1 0
github.com/prometheus/prometheus/prompb/io/prometheus/client/metrics.pb.go:483.45,484.14 1 0
github.com/prometheus/prometheus/prompb/io/prometheus/client/metrics.pb.go:484.14,486.3 1 0
github.com/prometheus/prometheus/prompb/io/prometheus/client/metrics.pb.go:487.2,487.10 1 0
github.com/prometheus/prometheus/prompb/io/prometheus/client/metrics.pb.go:490.51,491.14 1 0
github.com/prometheus/prometheus/prompb/io/prometheus/client/metrics.pb.go:491.14,493.3 1 0
github.com/prometheus/prometheus/prompb/io/prometheus/client/metrics.pb.go:494.2,494.10 1 0
github.com/prometheus/prometheus/prompb/io/prometheus/client/metrics.pb.go:497.44,498.14 1 0
github.com/prometheus/prometheus/prompb/io/prometheus/client/metrics.pb.go:498.14,500.3 1 0
github.com/prometheus/prometheus/prompb/io/prometheus/client/metrics.pb.go:501.2,501.10 1 0
github.com/prometheus/prometheus/prompb/io/prometheus/client/metrics.pb.go:504.42,505.14 1 0
github.com/prometheus/prometheus/prompb/io/prometheus/client/metrics.pb.go:505.14,507.3 1 0
github.com/prometheus/prometheus/prompb/io/prometheus/client/metrics.pb.go:508.2,508.12 1 0
github.com/prometheus/prometheus/prompb/io/prometheus/client/metrics.pb.go:511.60,512.14 1 0
github.com/prometheus/prometheus/prompb/io/prometheus/client/metrics.pb.go:512.14,514.3 1 0
github.com/prometheus/prometheus/prompb/io/prometheus/client/metrics.pb.go:515.2,515.12 1 0
github.com/prometheus/prometheus/prompb/io/prometheus/client/metrics.pb.go:518.39,519.14 1 0
github.com/prometheus/prometheus/prompb/io/prometheus/client/metrics.pb.go:519.14,521.3 1 0
github.com/prometheus/prometheus/prompb/io/prometheus/client/metrics.pb.go:522.2,522.10 1 0
github.com/prometheus/prometheus/prompb/io/prometheus/client/metrics.pb.go:525.48,526.14 1 0
github.com/prometheus/prometheus/prompb/io/prometheus/client/metrics.pb.go:526.14,528.3 1 0
github.com/prometheus/prometheus/prompb/io/prometheus/client/metrics.pb.go:529.2,529.10 1 0
github.com/prometheus/prometheus/prompb/io/prometheus/client/metrics.pb.go:532.43,533.14 1 0
github.com/prometheus/prometheus/prompb/io/prometheus/client/metrics.pb.go:533.14,535.3 1 0
github.com/prometheus/prometheus/prompb/io/prometheus/client/metrics.pb.go:536.2,536.10 1 0
github.com/prometheus/prometheus/prompb/io/prometheus/client/metrics.pb.go:539.49,540.14 1 0
github.com/prometheus/prometheus/prompb/io/prometheus/client/metrics.pb.go:540.14,542.3 1 0
github.com/prometheus/prometheus/prompb/io/prometheus/client/metrics.pb.go:543.2,543.10 1 0
github.com/prometheus/prometheus/prompb/io/prometheus/client/metrics.pb.go:546.52,547.14 1 0
github.com/prometheus/prometheus/prompb/io/prometheus/client/metrics.pb.go:547.14,549.3 1 0
github.com/prometheus/prometheus/prompb/io/prometheus/client/metrics.pb.go:550.2,550.12 1 0
github.com/prometheus/prometheus/prompb/io/prometheus/client/metrics.pb.go:553.48,554.14 1 0
github.com/prometheus/prometheus/prompb/io/prometheus/client/metrics.pb.go:554.14,556.3 1 0
github.com/prometheus/prometheus/prompb/io/prometheus/client/metrics.pb.go:557.2,557.12 1 0
github.com/prometheus/prometheus/prompb/io/prometheus/client/metrics.pb.go:560.50,561.14 1 0
github.com/prometheus/prometheus/prompb/io/prometheus/client/metrics.pb.go:561.14,563.3 1 0
github.com/prometheus/prometheus/prompb/io/prometheus/client/metrics.pb.go:564.2,564.12 1 0
github.com/prometheus/prometheus/prompb/io/prometheus/client/metrics.pb.go:567.52,568.14 1 0
github.com/prometheus/prometheus/prompb/io/prometheus/client/metrics.pb.go:568.14,570.3 1 0
github.com/prometheus/prometheus/prompb/io/prometheus/client/metrics.pb.go:571.2,571.12 1 0
github.com/prometheus/prometheus/prompb/io/prometheus/client/metrics.pb.go:574.48,575.14 1 0
github.com/prometheus/prometheus/prompb/io/prometheus/client/metrics.pb.go:575.14,577.3 1 0
github.com/prometheus/prometheus/prompb/io/prometheus/client/metrics.pb.go:578.2,578.12 1 0
github.com/prometheus/prometheus/prompb/io/prometheus/client/metrics.pb.go:581.50,582.14 1 0
github.com/prometheus/prometheus/prompb/io/prometheus/client/metrics.pb.go:582.14,584.3 1 0
github.com/prometheus/prometheus/prompb/io/prometheus/client/metrics.pb.go:585.2,585.12 1 0
github.com/prometheus/prometheus/prompb/io/prometheus/client/metrics.pb.go:588.48,589.14 1 0
github.com/prometheus/prometheus/prompb/io/prometheus/client/metrics.pb.go:589.14,591.3 1 0
github.com/prometheus/prometheus/prompb/io/prometheus/client/metrics.pb.go:592.2,592.12 1 0
github.com/prometheus/prometheus/prompb/io/prometheus/client/metrics.pb.go:605.34,605.51 1 0
github.com/prometheus/prometheus/prompb/io/prometheus/client/metrics.pb.go:606.34,606.71 1 0
github.com/prometheus/prometheus/prompb/io/prometheus/client/metrics.pb.go:607.35,607.36 0 0
github.com/prometheus/prometheus/prompb/io/prometheus/client/metrics.pb.go:608.45,610.2 1 0
github.com/prometheus/prometheus/prompb/io/prometheus/client/metrics.pb.go:611.48,613.2 1 0
github.com/prometheus/prometheus/prompb/io/prometheus/client/metrics.pb.go:614.76,615.19 1 0
github.com/prometheus/prometheus/prompb/io/prometheus/client/metrics.pb.go:615.19,617.3 1 0
github.com/prometheus/prometheus/prompb/io/prometheus/client/metrics.pb.go:617.8,620.17 3 0
github.com/prometheus/prometheus/prompb/io/prometheus/client/metrics.pb.go:620.17,622.4 1 0
github.com/prometheus/prometheus/prompb/io/prometheus/client/metrics.pb.go:623.3,623.20 1 0
github.com/prometheus/prometheus/prompb/io/prometheus/client/metrics.pb.go:626.47,628.2 1 0
github.com/prometheus/prometheus/prompb/io/prometheus/client/metrics.pb.go:629.33,631.2 1 0
github.com/prometheus/prometheus/prompb/io/prometheus/client/metrics.pb.go:632.39,634.2 1 0
github.com/prometheus/prometheus/prompb/io/prometheus/client/metrics.pb.go:638.46,639.14 1 0
github.com/prometheus/prometheus/prompb/io/prometheus/client/metrics.pb.go:639.14,641.3 1 0
github.com/prometheus/prometheus/prompb/io/prometheus/client/metrics.pb.go:642.2,642.10 1 0
github.com/prometheus/prometheus/prompb/io/prometheus/client/metrics.pb.go:645.52,646.14 1 0
github.com/prometheus/prometheus/prompb/io/prometheus/client/metrics.pb.go:646.14,648.3 1 0
github.com/prometheus/prometheus/prompb/io/prometheus/client/metrics.pb.go:649.2,649.10 1 0
github.com/prometheus/prometheus/prompb/io/prometheus/client/metrics.pb.go:652.42,653.14 1 0
github.com/prometheus/prometheus/prompb/io/prometheus/client/metrics.pb.go:653.14,655.3 1 0
github.com/prometheus/prometheus/prompb/io/prometheus/client/metrics.pb.go:656.2,656.10 1 0
github.com/prometheus/prometheus/prompb/io/prometheus/client/metrics.pb.go:659.42,660.14 1 0
github.com/prometheus/prometheus/prompb/io/prometheus/client/metrics.pb.go:660.14,662.3 1 0
github.com/prometheus/prometheus/prompb/io/prometheus/client/metrics.pb.go:663.2,663.12 1 0
github.com/prometheus/prometheus/prompb/io/prometheus/client/metrics.pb.go:680.38,680.59 1 0
github.com/prometheus/prometheus/prompb/io/prometheus/client/metrics.pb.go:681.38,681.75 1 0
github.com/prometheus/prometheus/prompb/io/prometheus/client/metrics.pb.go:682.39,682.40 0 0
github.com/prometheus/prometheus/prompb/io/prometheus/client/metrics.pb.go:683.49,685.2 1 0
github.com/prometheus/prometheus/prompb/io/prometheus/client/metrics.pb.go:686.52,688.2 1 0
github.com/prometheus/prometheus/prompb/io/prometheus/client/metrics.pb.go:689.80,690.19 1 0
github.com/prometheus/prometheus/prompb/io/prometheus/client/metrics.pb.go:690.19,692.3 1 0
github.com/prometheus/prometheus/prompb/io/prometheus/client/metrics.pb.go:692.8,695.17 3 0
github.com/prometheus/prometheus/prompb/io/prometheus/client/metrics.pb.go:695.17,697.4 1 0
github.com/prometheus/prometheus/prompb/io/prometheus/client/metrics.pb.go:698.3,698.20 1 0
github.com/prometheus/prometheus/prompb/io/prometheus/client/metrics.pb.go:701.51,703.2 1 0
github.com/prometheus/prometheus/prompb/io/prometheus/client/metrics.pb.go:704.37,706.2 1 0
github.com/prometheus/prometheus/prompb/io/prometheus/client/metrics.pb.go:707.43,709.2 1 0
github.com/prometheus/prometheus/prompb/io/prometheus/client/metrics.pb.go:713.40,714.14 1 0
github.com/prometheus/prometheus/prompb/io/prometheus/client/metrics.pb.go:714.14,716.3 1 0
github.com/prometheus/prometheus/prompb/io/prometheus/client/metrics.pb.go:717.2,717.10 1 0
github.com/prometheus/prometheus/prompb/io/prometheus/client/metrics.pb.go:720.41,721.14 1 0
github.com/prometheus/prometheus/prompb/io/prometheus/client/metrics.pb.go:721.14,723.3 1 0
github.com/prometheus/prometheus/prompb/io/prometheus/client/metrics.pb.go:724.2,724.10 1 0
github.com/prometheus/prometheus/prompb/io/prometheus/client/metrics.pb.go:736.36,736.55 1 0
github.com/prometheus/prometheus/prompb/io/prometheus/client/metrics.pb.go:737.36,737.73 1 0
github.com/prometheus/prometheus/prompb/io/prometheus/client/metrics.pb.go:738.37,738.38 0 0
github.com/prometheus/prometheus/prompb/io/prometheus/client/metrics.pb.go:739.47,741.2 1 0
github.com/prometheus/prometheus/prompb/io/prometheus/client/metrics.pb.go:742.50,744.2 1 0
github.com/prometheus/prometheus/prompb/io/prometheus/client/metrics.pb.go:745.78,746.19 1 0
github.com/prometheus/prometheus/prompb/io/prometheus/client/metrics.pb.go:746.19,748.3 1 0
github.com/prometheus/prometheus/prompb/io/prometheus/client/metrics.pb.go:748.8,751.17 3 0
github.com/prometheus/prometheus/prompb/io/prometheus/client/metrics.pb.go:751.17,753.4 1 0
github.com/prometheus/prometheus/prompb/io/prometheus/client/metrics.pb.go:754.3,754.20 1 0
github.com/prometheus/prometheus/prompb/io/prometheus/client/metrics.pb.go:757.49,759.2 1 0
github.com/prometheus/prometheus/prompb/io/prometheus/client/metrics.pb.go:760.35,762.2 1 0
github.com/prometheus/prometheus/prompb/io/prometheus/client/metrics.pb.go:763.41,765.2 1 0
github.com/prometheus/prometheus/prompb/io/prometheus/client/metrics.pb.go:769.43,770.14 1 0
github.com/prometheus/prometheus/prompb/io/prometheus/client/metrics.pb.go:770.14,772.3 1 0
github.com/prometheus/prometheus/prompb/io/prometheus/client/metrics.pb.go:773.2,773.12 1 0
github.com/prometheus/prometheus/prompb/io/prometheus/client/metrics.pb.go:776.39,777.14 1 0
github.com/prometheus/prometheus/prompb/io/prometheus/client/metrics.pb.go:777.14,779.3 1 0
github.com/prometheus/prometheus/prompb/io/prometheus/client/metrics.pb.go:780.2,780.10 1 0
github.com/prometheus/prometheus/prompb/io/prometheus/client/metrics.pb.go:783.52,784.14 1 0
github.com/prometheus/prometheus/prompb/io/prometheus/client/metrics.pb.go:784.14,786.3 1 0
github.com/prometheus/prometheus/prompb/io/prometheus/client/metrics.pb.go:787.2,787.12 1 0
github.com/prometheus/prometheus/prompb/io/prometheus/client/metrics.pb.go:803.34,803.51 1 0
github.com/prometheus/prometheus/prompb/io/prometheus/client/metrics.pb.go:804.34,804.71 1 0
github.com/prometheus/prometheus/prompb/io/prometheus/client/metrics.pb.go:805.35,805.36 0 0
github.com/prometheus/prometheus/prompb/io/prometheus/client/metrics.pb.go:806.45,808.2 1 0
github.com/prometheus/prometheus/prompb/io/prometheus/client/metrics.pb.go:809.48,811.2 1 0
github.com/prometheus/prometheus/prompb/io/prometheus/client/metrics.pb.go:812.76,813.19 1 0
github.com/prometheus/prometheus/prompb/io/prometheus/client/metrics.pb.go:813.19,815.3 1 0
github.com/prometheus/prometheus/prompb/io/prometheus/client/metrics.pb.go:815.8,818.17 3 0
github.com/prometheus/prometheus/prompb/io/prometheus/client/metrics.pb.go:818.17,820.4 1 0
github.com/prometheus/prometheus/prompb/io/prometheus/client/metrics.pb.go:821.3,821.20 1 0
github.com/prometheus/prometheus/prompb/io/prometheus/client/metrics.pb.go:824.47,826.2 1 0
github.com/prometheus/prometheus/prompb/io/prometheus/client/metrics.pb.go:827.33,829.2 1 0
github.com/prometheus/prometheus/prompb/io/prometheus/client/metrics.pb.go:830.39,832.2 1 0
github.com/prometheus/prometheus/prompb/io/prometheus/client/metrics.pb.go:836.41,837.14 1 0
github.com/prometheus/prometheus/prompb/io/prometheus/client/metrics.pb.go:837.14,839.3 1 0
github.com/prometheus/prometheus/prompb/io/prometheus/client/metrics.pb.go:840.2,840.12 1 0
github.com/prometheus/prometheus/prompb/io/prometheus/client/metrics.pb.go:843.36,844.14 1 1
github.com/prometheus/prometheus/prompb/io/prometheus/client/metrics.pb.go:844.14,846.3 1 1
github.com/prometheus/prometheus/prompb/io/prometheus/client/metrics.pb.go:847.2,847.12 1 0
github.com/prometheus/prometheus/prompb/io/prometheus/client/metrics.pb.go:850.40,851.14 1 1
github.com/prometheus/prometheus/prompb/io/prometheus/client/metrics.pb.go:851.14,853.3 1 1
github.com/prometheus/prometheus/prompb/io/prometheus/client/metrics.pb.go:854.2,854.12 1 0
github.com/prometheus/prometheus/prompb/io/prometheus/client/metrics.pb.go:857.40,858.14 1 0
github.com/prometheus/prometheus/prompb/io/prometheus/client/metrics.pb.go:858.14,860.3 1 0
github.com/prometheus/prometheus/prompb/io/prometheus/client/metrics.pb.go:861.2,861.12 1 0
github.com/prometheus/prometheus/prompb/io/prometheus/client/metrics.pb.go:864.40,865.14 1 0
github.com/prometheus/prometheus/prompb/io/prometheus/client/metrics.pb.go:865.14,867.3 1 0
github.com/prometheus/prometheus/prompb/io/prometheus/client/metrics.pb.go:868.2,868.12 1 0
github.com/prometheus/prometheus/prompb/io/prometheus/client/metrics.pb.go:871.44,872.14 1 0
github.com/prometheus/prometheus/prompb/io/prometheus/client/metrics.pb.go:872.14,874.3 1 0
github.com/prometheus/prometheus/prompb/io/prometheus/client/metrics.pb.go:875.2,875.12 1 0
github.com/prometheus/prometheus/prompb/io/prometheus/client/metrics.pb.go:878.41,879.14 1 0
github.com/prometheus/prometheus/prompb/io/prometheus/client/metrics.pb.go:879.14,881.3 1 0
github.com/prometheus/prometheus/prompb/io/prometheus/client/metrics.pb.go:882.2,882.10 1 0
github.com/prometheus/prometheus/prompb/io/prometheus/client/metrics.pb.go:896.40,896.63 1 1
github.com/prometheus/prometheus/prompb/io/prometheus/client/metrics.pb.go:897.40,897.77 1 0
github.com/prometheus/prometheus/prompb/io/prometheus/client/metrics.pb.go:898.41,898.42 0 0
github.com/prometheus/prometheus/prompb/io/prometheus/client/metrics.pb.go:899.51,901.2 1 0
github.com/prometheus/prometheus/prompb/io/prometheus/client/metrics.pb.go:902.54,904.2 1 0
github.com/prometheus/prometheus/prompb/io/prometheus/client/metrics.pb.go:905.82,906.19 1 1
github.com/prometheus/prometheus/prompb/io/prometheus/client/metrics.pb.go:906.19,908.3 1 0
github.com/prometheus/prometheus/prompb/io/prometheus/client/metrics.pb.go:908.8,911.17 3 1
github.com/prometheus/prometheus/prompb/io/prometheus/client/metrics.pb.go:911.17,913.4 1 0
github.com/prometheus/prometheus/prompb/io/prometheus/client/metrics.pb.go:914.3,914.20 1 1
github.com/prometheus/prometheus/prompb/io/prometheus/client/metrics.pb.go:917.53,919.2 1 0
github.com/prometheus/prometheus/prompb/io/prometheus/client/metrics.pb.go:920.39,922.2 1 1
github.com/prometheus/prometheus/prompb/io/prometheus/client/metrics.pb.go:923.45,925.2 1 0
github.com/prometheus/prometheus/prompb/io/prometheus/client/metrics.pb.go:929.41,930.14 1 1
github.com/prometheus/prometheus/prompb/io/prometheus/client/metrics.pb.go:930.14,932.3 1 1
github.com/prometheus/prometheus/prompb/io/prometheus/client/metrics.pb.go:933.2,933.11 1 0
github.com/prometheus/prometheus/prompb/io/prometheus/client/metrics.pb.go:936.41,937.14 1 1
github.com/prometheus/prometheus/prompb/io/prometheus/client/metrics.pb.go:937.14,939.3 1 1
github.com/prometheus/prometheus/prompb/io/prometheus/client/metrics.pb.go:940.2,940.11 1 0
github.com/prometheus/prometheus/prompb/io/prometheus/client/metrics.pb.go:943.45,944.14 1 1
github.com/prometheus/prometheus/prompb/io/prometheus/client/metrics.pb.go:944.14,946.3 1 1
github.com/prometheus/prometheus/prompb/io/prometheus/client/metrics.pb.go:947.2,947.27 1 0
github.com/prometheus/prometheus/prompb/io/prometheus/client/metrics.pb.go:950.45,951.14 1 0
github.com/prometheus/prometheus/prompb/io/prometheus/client/metrics.pb.go:951.14,953.3 1 0
github.com/prometheus/prometheus/prompb/io/prometheus/client/metrics.pb.go:954.2,954.12 1 0
github.com/prometheus/prometheus/prompb/io/prometheus/client/metrics.pb.go:957.41,958.14 1 1
github.com/prometheus/prometheus/prompb/io/prometheus/client/metrics.pb.go:958.14,960.3 1 1
github.com/prometheus/prometheus/prompb/io/prometheus/client/metrics.pb.go:961.2,961.11 1 0
github.com/prometheus/prometheus/prompb/io/prometheus/client/metrics.pb.go:964.13,978.2 13 1
github.com/prometheus/prometheus/prompb/io/prometheus/client/metrics.pb.go:980.13,982.2 1 1
github.com/prometheus/prometheus/prompb/io/prometheus/client/metrics.pb.go:1050.56,1054.16 4 0
github.com/prometheus/prometheus/prompb/io/prometheus/client/metrics.pb.go:1054.16,1056.3 1 0
github.com/prometheus/prometheus/prompb/io/prometheus/client/metrics.pb.go:1057.2,1057.22 1 0
github.com/prometheus/prometheus/prompb/io/prometheus/client/metrics.pb.go:1060.57,1063.2 2 0
github.com/prometheus/prometheus/prompb/io/prometheus/client/metrics.pb.go:1065.68,1070.31 5 1
github.com/prometheus/prometheus/prompb/io/prometheus/client/metrics.pb.go:1070.31,1073.3 2 0
github.com/prometheus/prometheus/prompb/io/prometheus/client/metrics.pb.go:1074.2,1074.22 1 1
github.com/prometheus/prometheus/prompb/io/prometheus/client/metrics.pb.go:1074.22,1080.3 5 1
github.com/prometheus/prometheus/prompb/io/prometheus/client/metrics.pb.go:1081.2,1081.21 1 1
github.com/prometheus/prometheus/prompb/io/prometheus/client/metrics.pb.go:1081.21,1087.3 5 1
github.com/prometheus/prometheus/prompb/io/prometheus/client/metrics.pb.go:1088.2,1088.27 1 1
github.com/prometheus/prometheus/prompb/io/prometheus/client/metrics.pb.go:1091.52,1095.16 4 0
github.com/prometheus/prometheus/prompb/io/prometheus/client/metrics.pb.go:1095.16,1097.3 1 0
github.com/prometheus/prometheus/prompb/io/prometheus/client/metrics.pb.go:1098.2,1098.22 1 0
github.com/prometheus/prometheus/prompb/io/prometheus/client/metrics.pb.go:1101.53,1104.2 2 0
github.com/prometheus/prometheus/prompb/io/prometheus/client/metrics.pb.go:1106.64,1111.31 5 1
github.com/prometheus/prometheus/prompb/io/prometheus/client/metrics.pb.go:1111.31,1114.3 2 0
github.com/prometheus/prometheus/prompb/io/prometheus/client/metrics.pb.go:1115.2,1115.18 1 1
github.com/prometheus/prometheus/prompb/io/prometheus/client/metrics.pb.go:1115.18,1120.3 4 1
github.com/prometheus/prometheus/prompb/io/prometheus/client/metrics.pb.go:1121.2,1121.27 1 1
github.com/prometheus/prometheus/prompb/io/prometheus/client/metrics.pb.go:1124.54,1128.16 4 0
github.com/prometheus/prometheus/prompb/io/prometheus/client/metrics.pb.go:1128.16,1130.3 1 0
github.com/prometheus/prometheus/prompb/io/prometheus/client/metrics.pb.go:1131.2,1131.22 1 0
github.com/prometheus/prometheus/prompb/io/prometheus/client/metrics.pb.go:1134.55,1137.2 2 0
github.com/prometheus/prometheus/prompb/io/prometheus/client/metrics.pb.go:1139.66,1144.31 5 1
github.com/prometheus/prometheus/prompb/io/prometheus/client/metrics.pb.go:1144.31,1147.3 2 0
github.com/prometheus/prometheus/prompb/io/prometheus/client/metrics.pb.go:1148.2,1148.31 1 1
github.com/prometheus/prometheus/prompb/io/prometheus/client/metrics.pb.go:1148.31,1149.3 1 0
github.com/prometheus/prometheus/prompb/io/prometheus/client/metrics.pb.go:1149.3,1151.18 2 0
github.com/prometheus/prometheus/prompb/io/prometheus/client/metrics.pb.go:1151.18,1153.5 1 0
github.com/prometheus/prometheus/prompb/io/prometheus/client/metrics.pb.go:1154.4,1155.50 2 0
github.com/prometheus/prometheus/prompb/io/prometheus/client/metrics.pb.go:1157.3,1158.17 2 0
github.com/prometheus/prometheus/prompb/io/prometheus/client/metrics.pb.go:1160.2,1160.23 1 1
github.com/prometheus/prometheus/prompb/io/prometheus/client/metrics.pb.go:1160.23,1161.3 1 1
github.com/prometheus/prometheus/prompb/io/prometheus/client/metrics.pb.go:1161.3,1163.18 2 1
github.com/prometheus/prometheus/prompb/io/prometheus/client/metrics.pb.go:1163.18,1165.5 1 0
github.com/prometheus/prometheus/prompb/io/prometheus/client/metrics.pb.go:1166.4,1167.50 2 1
github.com/prometheus/prometheus/prompb/io/prometheus/client/metrics.pb.go:1169.3,1170.17 2 1
github.com/prometheus/prometheus/prompb/io/prometheus/client/metrics.pb.go:1172.2,1172.18 1 1
github.com/prometheus/prometheus/prompb/io/prometheus/client/metrics.pb.go:1172.18,1177.3 4 1
github.com/prometheus/prometheus/prompb/io/prometheus/client/metrics.pb.go:1178.2,1178.27 1 1
github.com/prometheus/prometheus/prompb/io/prometheus/client/metrics.pb.go:1181.55,1185.16 4 0
github.com/prometheus/prometheus/prompb/io/prometheus/client/metrics.pb.go:1185.16,1187.3 1 0
github.com/prometheus/prometheus/prompb/io/prometheus/client/metrics.pb.go:1188.2,1188.22 1 0
github.com/prometheus/prometheus/prompb/io/prometheus/client/metrics.pb.go:1191.56,1194.2 2 0
github.com/prometheus/prometheus/prompb/io/prometheus/client/metrics.pb.go:1196.67,1201.31 5 0
github.com/prometheus/prometheus/prompb/io/prometheus/client/metrics.pb.go:1201.31,1204.3 2 0
github.com/prometheus/prometheus/prompb/io/prometheus/client/metrics.pb.go:1205.2,1205.18 1 0
github.com/prometheus/prometheus/prompb/io/prometheus/client/metrics.pb.go:1205.18,1210.3 4 0
github.com/prometheus/prometheus/prompb/io/prometheus/client/metrics.pb.go:1211.2,1211.21 1 0
github.com/prometheus/prometheus/prompb/io/prometheus/client/metrics.pb.go:1211.21,1216.3 4 0
github.com/prometheus/prometheus/prompb/io/prometheus/client/metrics.pb.go:1217.2,1217.27 1 0
github.com/prometheus/prometheus/prompb/io/prometheus/client/metrics.pb.go:1220.54,1224.16 4 0
github.com/prometheus/prometheus/prompb/io/prometheus/client/metrics.pb.go:1224.16,1226.3 1 0
github.com/prometheus/prometheus/prompb/io/prometheus/client/metrics.pb.go:1227.2,1227.22 1 0
github.com/prometheus/prometheus/prompb/io/prometheus/client/metrics.pb.go:1230.55,1233.2 2 0
github.com/prometheus/prometheus/prompb/io/prometheus/client/metrics.pb.go:1235.66,1240.31 5 0
github.com/prometheus/prometheus/prompb/io/prometheus/client/metrics.pb.go:1240.31,1243.3 2 0
github.com/prometheus/prometheus/prompb/io/prometheus/client/metrics.pb.go:1244.2,1244.31 1 0
github.com/prometheus/prometheus/prompb/io/prometheus/client/metrics.pb.go:1244.31,1245.3 1 0
github.com/prometheus/prometheus/prompb/io/prometheus/client/metrics.pb.go:1245.3,1247.18 2 0
github.com/prometheus/prometheus/prompb/io/prometheus/client/metrics.pb.go:1247.18,1249.5 1 0
github.com/prometheus/prometheus/prompb/io/prometheus/client/metrics.pb.go:1250.4,1251.50 2 0
github.com/prometheus/prometheus/prompb/io/prometheus/client/metrics.pb.go:1253.3,1254.17 2 0
github.com/prometheus/prometheus/prompb/io/prometheus/client/metrics.pb.go:1256.2,1256.25 1 0
github.com/prometheus/prometheus/prompb/io/prometheus/client/metrics.pb.go:1256.25,1257.57 1 0
github.com/prometheus/prometheus/prompb/io/prometheus/client/metrics.pb.go:1257.57,1258.4 1 0
github.com/prometheus/prometheus/prompb/io/prometheus/client/metrics.pb.go:1258.4,1260.19 2 0
github.com/prometheus/prometheus/prompb/io/prometheus/client/metrics.pb.go:1260.19,1262.6 1 0
github.com/prometheus/prometheus/prompb/io/prometheus/client/metrics.pb.go:1263.5,1264.51 2 0
github.com/prometheus/prometheus/prompb/io/prometheus/client/metrics.pb.go:1266.4,1267.18 2 0
github.com/prometheus/prometheus/prompb/io/prometheus/client/metrics.pb.go:1270.2,1270.22 1 0
github.com/prometheus/prometheus/prompb/io/prometheus/client/metrics.pb.go:1270.22,1275.3 4 0
github.com/prometheus/prometheus/prompb/io/prometheus/client/metrics.pb.go:1276.2,1276.24 1 0
github.com/prometheus/prometheus/prompb/io/prometheus/client/metrics.pb.go:1276.24,1280.3 3 0
github.com/prometheus/prometheus/prompb/io/prometheus/client/metrics.pb.go:1281.2,1281.27 1 0
github.com/prometheus/prometheus/prompb/io/prometheus/client/metrics.pb.go:1284.54,1288.16 4 0
github.com/prometheus/prometheus/prompb/io/prometheus/client/metrics.pb.go:1288.16,1290.3 1 0
github.com/prometheus/prometheus/prompb/io/prometheus/client/metrics.pb.go:1291.2,1291.22 1 0
github.com/prometheus/prometheus/prompb/io/prometheus/client/metrics.pb.go:1294.55,1297.2 2 0
github.com/prometheus/prometheus/prompb/io/prometheus/client/metrics.pb.go:1299.66,1304.31 5 0
github.com/prometheus/prometheus/prompb/io/prometheus/client/metrics.pb.go:1304.31,1307.3 2 0
github.com/prometheus/prometheus/prompb/io/prometheus/client/metrics.pb.go:1308.2,1308.18 1 0
github.com/prometheus/prometheus/prompb/io/prometheus/client/metrics.pb.go:1308.18,1313.3 4 0
github.com/prometheus/prometheus/prompb/io/prometheus/client/metrics.pb.go:1314.2,1314.27 1 0
github.com/prometheus/prometheus/prompb/io/prometheus/client/metrics.pb.go:1317.56,1321.16 4 0
github.com/prometheus/prometheus/prompb/io/prometheus/client/metrics.pb.go:1321.16,1323.3 1 0
github.com/prometheus/prometheus/prompb/io/prometheus/client/metrics.pb.go:1324.2,1324.22 1 0
github.com/prometheus/prometheus/prompb/io/prometheus/client/metrics.pb.go:1327.57,1330.2 2 0
github.com/prometheus/prometheus/prompb/io/prometheus/client/metrics.pb.go:1332.68,1337.31 5 0
github.com/prometheus/prometheus/prompb/io/prometheus/client/metrics.pb.go:1337.31,1340.3 2 0
github.com/prometheus/prometheus/prompb/io/prometheus/client/metrics.pb.go:1341.2,1341.26 1 0
github.com/prometheus/prometheus/prompb/io/prometheus/client/metrics.pb.go:1341.26,1342.58 1 0
github.com/prometheus/prometheus/prompb/io/prometheus/client/metrics.pb.go:1342.58,1343.4 1 0
github.com/prometheus/prometheus/prompb/io/prometheus/client/metrics.pb.go:1343.4,1345.19 2 0
github.com/prometheus/prometheus/prompb/io/prometheus/client/metrics.pb.go:1345.19,1347.6 1 0
github.com/prometheus/prometheus/prompb/io/prometheus/client/metrics.pb.go:1348.5,1349.51 2 0
github.com/prometheus/prometheus/prompb/io/prometheus/client/metrics.pb.go:1351.4,1354.18 4 0
github.com/prometheus/prometheus/prompb/io/prometheus/client/metrics.pb.go:1357.2,1357.31 1 0
github.com/prometheus/prometheus/prompb/io/prometheus/client/metrics.pb.go:1357.31,1358.3 1 0
github.com/prometheus/prometheus/prompb/io/prometheus/client/metrics.pb.go:1358.3,1360.18 2 0
github.com/prometheus/prometheus/prompb/io/prometheus/client/metrics.pb.go:1360.18,1362.5 1 0
github.com/prometheus/prometheus/prompb/io/prometheus/client/metrics.pb.go:1363.4,1364.50 2 0
github.com/prometheus/prometheus/prompb/io/prometheus/client/metrics.pb.go:1366.3,1367.17 2 0
github.com/prometheus/prometheus/prompb/io/prometheus/client/metrics.pb.go:1369.2,1369.30 1 0
github.com/prometheus/prometheus/prompb/io/prometheus/client/metrics.pb.go:1369.30,1370.62 1 0
github.com/prometheus/prometheus/prompb/io/prometheus/client/metrics.pb.go:1370.62,1374.4 3 0
github.com/prometheus/prometheus/prompb/io/prometheus/client/metrics.pb.go:1375.3,1377.17 3 0
github.com/prometheus/prometheus/prompb/io/prometheus/client/metrics.pb.go:1379.2,1379.30 1 0
github.com/prometheus/prometheus/prompb/io/prometheus/client/metrics.pb.go:1379.30,1382.39 3 0
github.com/prometheus/prometheus/prompb/io/prometheus/client/metrics.pb.go:1382.39,1384.19 2 0
github.com/prometheus/prometheus/prompb/io/prometheus/client/metrics.pb.go:1384.19,1388.5 3 0
github.com/prometheus/prometheus/prompb/io/prometheus/client/metrics.pb.go:1389.4,1390.8 2 0
github.com/prometheus/prometheus/prompb/io/prometheus/client/metrics.pb.go:1392.3,1396.17 5 0
github.com/prometheus/prometheus/prompb/io/prometheus/client/metrics.pb.go:1398.2,1398.29 1 0
github.com/prometheus/prometheus/prompb/io/prometheus/client/metrics.pb.go:1398.29,1399.61 1 0
github.com/prometheus/prometheus/prompb/io/prometheus/client/metrics.pb.go:1399.61,1400.4 1 0
github.com/prometheus/prometheus/prompb/io/prometheus/client/metrics.pb.go:1400.4,1402.19 2 0
github.com/prometheus/prometheus/prompb/io/prometheus/client/metrics.pb.go:1402.19,1404.6 1 0
github.com/prometheus/prometheus/prompb/io/prometheus/client/metrics.pb.go:1405.5,1406.51 2 0
github.com/prometheus/prometheus/prompb/io/prometheus/client/metrics.pb.go:1408.4,1409.18 2 0
github.com/prometheus/prometheus/prompb/io/prometheus/client/metrics.pb.go:1412.2,1412.30 1 0
github.com/prometheus/prometheus/prompb/io/prometheus/client/metrics.pb.go:1412.30,1413.62 1 0
github.com/prometheus/prometheus/prompb/io/prometheus/client/metrics.pb.go:1413.62,1417.4 3 0
github.com/prometheus/prometheus/prompb/io/prometheus/client/metrics.pb.go:1418.3,1420.17 3 0
github.com/prometheus/prometheus/prompb/io/prometheus/client/metrics.pb.go:1422.2,1422.30 1 0
github.com/prometheus/prometheus/prompb/io/prometheus/client/metrics.pb.go:1422.30,1425.39 3 0
github.com/prometheus/prometheus/prompb/io/prometheus/client/metrics.pb.go:1425.39,1427.20 2 0
github.com/prometheus/prometheus/prompb/io/prometheus/client/metrics.pb.go:1427.20,1431.5 3 0
github.com/prometheus/prometheus/prompb/io/prometheus/client/metrics.pb.go:1432.4,1433.9 2 0
github.com/prometheus/prometheus/prompb/io/prometheus/client/metrics.pb.go:1435.3,1439.17 5 0
github.com/prometheus/prometheus/prompb/io/prometheus/client/metrics.pb.go:1441.2,1441.29 1 0
github.com/prometheus/prometheus/prompb/io/prometheus/client/metrics.pb.go:1441.29,1442.61 1 0
github.com/prometheus/prometheus/prompb/io/prometheus/client/metrics.pb.go:1442.61,1443.4 1 0
github.com/prometheus/prometheus/prompb/io/prometheus/client/metrics.pb.go:1443.4,1445.19 2 0
github.com/prometheus/prometheus/prompb/io/prometheus/client/metrics.pb.go:1445.19,1447.6 1 0
github.com/prometheus/prometheus/prompb/io/prometheus/client/metrics.pb.go:1448.5,1449.51 2 0
github.com/prometheus/prometheus/prompb/io/prometheus/client/metrics.pb.go:1451.4,1452.18 2 0
github.com/prometheus/prometheus/prompb/io/prometheus/client/metrics.pb.go:1455.2,1455.27 1 0
github.com/prometheus/prometheus/prompb/io/prometheus/client/metrics.pb.go:1455.27,1460.3 4 0
github.com/prometheus/prometheus/prompb/io/prometheus/client/metrics.pb.go:1461.2,1461.22 1 0
github.com/prometheus/prometheus/prompb/io/prometheus/client/metrics.pb.go:1461.22,1465.3 3 0
github.com/prometheus/prometheus/prompb/io/prometheus/client/metrics.pb.go:1466.2,1466.26 1 0
github.com/prometheus/prometheus/prompb/io/prometheus/client/metrics.pb.go:1466.26,1471.3 4 0
github.com/prometheus/prometheus/prompb/io/prometheus/client/metrics.pb.go:1472.2,1472.19 1 0
github.com/prometheus/prometheus/prompb/io/prometheus/client/metrics.pb.go:1472.19,1476.3 3 0
github.com/prometheus/prometheus/prompb/io/prometheus/client/metrics.pb.go:1477.2,1477.29 1 0
github.com/prometheus/prometheus/prompb/io/prometheus/client/metrics.pb.go:1477.29,1482.3 4 0
github.com/prometheus/prometheus/prompb/io/prometheus/client/metrics.pb.go:1483.2,1483.23 1 0
github.com/prometheus/prometheus/prompb/io/prometheus/client/metrics.pb.go:1483.23,1484.55 1 0
github.com/prometheus/prometheus/prompb/io/prometheus/client/metrics.pb.go:1484.55,1485.4 1 0
github.com/prometheus/prometheus/prompb/io/prometheus/client/metrics.pb.go:1485.4,1487.19 2 0
github.com/prometheus/prometheus/prompb/io/prometheus/client/metrics.pb.go:1487.19,1489.6 1 0
github.com/prometheus/prometheus/prompb/io/prometheus/client/metrics.pb.go:1490.5,1491.51 2 0
github.com/prometheus/prometheus/prompb/io/prometheus/client/metrics.pb.go:1493.4,1494.18 2 0
github.com/prometheus/prometheus/prompb/io/prometheus/client/metrics.pb.go:1497.2,1497.22 1 0
github.com/prometheus/prometheus/prompb/io/prometheus/client/metrics.pb.go:1497.22,1502.3 4 0
github.com/prometheus/prometheus/prompb/io/prometheus/client/metrics.pb.go:1503.2,1503.24 1 0
github.com/prometheus/prometheus/prompb/io/prometheus/client/metrics.pb.go:1503.24,1507.3 3 0
github.com/prometheus/prometheus/prompb/io/prometheus/client/metrics.pb.go:1508.2,1508.27 1 0
github.com/prometheus/prometheus/prompb/io/prometheus/client/metrics.pb.go:1511.53,1515.16 4 0
github.com/prometheus/prometheus/prompb/io/prometheus/client/metrics.pb.go:1515.16,1517.3 1 0
github.com/prometheus/prometheus/prompb/io/prometheus/client/metrics.pb.go:1518.2,1518.22 1 0
github.com/prometheus/prometheus/prompb/io/prometheus/client/metrics.pb.go:1521.54,1524.2 2 0
github.com/prometheus/prometheus/prompb/io/prometheus/client/metrics.pb.go:1526.65,1531.31 5 0
github.com/prometheus/prometheus/prompb/io/prometheus/client/metrics.pb.go:1531.31,1534.3 2 0
github.com/prometheus/prometheus/prompb/io/prometheus/client/metrics.pb.go:1535.2,1535.33 1 0
github.com/prometheus/prometheus/prompb/io/prometheus/client/metrics.pb.go:1535.33,1540.3 4 0
github.com/prometheus/prometheus/prompb/io/prometheus/client/metrics.pb.go:1541.2,1541.23 1 0
github.com/prometheus/prometheus/prompb/io/prometheus/client/metrics.pb.go:1541.23,1542.3 1 0
github.com/prometheus/prometheus/prompb/io/prometheus/client/metrics.pb.go:1542.3,1544.18 2 0
github.com/prometheus/prometheus/prompb/io/prometheus/client/metrics.pb.go:1544.18,1546.5 1 0
github.com/prometheus/prometheus/prompb/io/prometheus/client/metrics.pb.go:1547.4,1548.50 2 0
github.com/prometheus/prometheus/prompb/io/prometheus/client/metrics.pb.go:1550.3,1551.17 2 0
github.com/prometheus/prometheus/prompb/io/prometheus/client/metrics.pb.go:1553.2,1553.23 1 0
github.com/prometheus/prometheus/prompb/io/prometheus/client/metrics.pb.go:1553.23,1558.3 4 0
github.com/prometheus/prometheus/prompb/io/prometheus/client/metrics.pb.go:1559.2,1559.28 1 0
github.com/prometheus/prometheus/prompb/io/prometheus/client/metrics.pb.go:1559.28,1563.3 3 0
github.com/prometheus/prometheus/prompb/io/prometheus/client/metrics.pb.go:1564.2,1564.27 1 0
github.com/prometheus/prometheus/prompb/io/prometheus/client/metrics.pb.go:1567.57,1571.16 4 0
github.com/prometheus/prometheus/prompb/io/prometheus/client/metrics.pb.go:1571.16,1573.3 1 0
github.com/prometheus/prometheus/prompb/io/prometheus/client/metrics.pb.go:1574.2,1574.22 1 0
github.com/prometheus/prometheus/prompb/io/prometheus/client/metrics.pb.go:1577.58,1580.2 2 0
github.com/prometheus/prometheus/prompb/io/prometheus/client/metrics.pb.go:1582.69,1587.31 5 0
github.com/prometheus/prometheus/prompb/io/prometheus/client/metrics.pb.go:1587.31,1590.3 2 0
github.com/prometheus/prometheus/prompb/io/prometheus/client/metrics.pb.go:1591.2,1591.19 1 0
github.com/prometheus/prometheus/prompb/io/prometheus/client/metrics.pb.go:1591.19,1595.3 3 0
github.com/prometheus/prometheus/prompb/io/prometheus/client/metrics.pb.go:1596.2,1596.19 1 0
github.com/prometheus/prometheus/prompb/io/prometheus/client/metrics.pb.go:1596.19,1600.3 3 0
github.com/prometheus/prometheus/prompb/io/prometheus/client/metrics.pb.go:1601.2,1601.27 1 0
github.com/prometheus/prometheus/prompb/io/prometheus/client/metrics.pb.go:1604.55,1608.16 4 0
github.com/prometheus/prometheus/prompb/io/prometheus/client/metrics.pb.go:1608.16,1610.3 1 0
github.com/prometheus/prometheus/prompb/io/prometheus/client/metrics.pb.go:1611.2,1611.22 1 0
github.com/prometheus/prometheus/prompb/io/prometheus/client/metrics.pb.go:1614.56,1617.2 2 0
github.com/prometheus/prometheus/prompb/io/prometheus/client/metrics.pb.go:1619.67,1624.31 5 1
github.com/prometheus/prometheus/prompb/io/prometheus/client/metrics.pb.go:1624.31,1627.3 2 0
github.com/prometheus/prometheus/prompb/io/prometheus/client/metrics.pb.go:1628.2,1628.24 1 1
github.com/prometheus/prometheus/prompb/io/prometheus/client/metrics.pb.go:1628.24,1629.3 1 1
github.com/prometheus/prometheus/prompb/io/prometheus/client/metrics.pb.go:1629.3,1631.18 2 1
github.com/prometheus/prometheus/prompb/io/prometheus/client/metrics.pb.go:1631.18,1633.5 1 0
github.com/prometheus/prometheus/prompb/io/prometheus/client/metrics.pb.go:1634.4,1635.50 2 1
github.com/prometheus/prometheus/prompb/io/prometheus/client/metrics.pb.go:1637.3,1638.17 2 1
github.com/prometheus/prometheus/prompb/io/prometheus/client/metrics.pb.go:1640.2,1640.18 1 1
github.com/prometheus/prometheus/prompb/io/prometheus/client/metrics.pb.go:1640.18,1645.3 4 1
github.com/prometheus/prometheus/prompb/io/prometheus/client/metrics.pb.go:1646.2,1646.22 1 1
github.com/prometheus/prometheus/prompb/io/prometheus/client/metrics.pb.go:1646.22,1647.54 1 1
github.com/prometheus/prometheus/prompb/io/prometheus/client/metrics.pb.go:1647.54,1648.4 1 1
github.com/prometheus/prometheus/prompb/io/prometheus/client/metrics.pb.go:1648.4,1650.19 2 1
github.com/prometheus/prometheus/prompb/io/prometheus/client/metrics.pb.go:1650.19,1652.6 1 0
github.com/prometheus/prometheus/prompb/io/prometheus/client/metrics.pb.go:1653.5,1654.51 2 1
github.com/prometheus/prometheus/prompb/io/prometheus/client/metrics.pb.go:1656.4,1657.17 2 1
github.com/prometheus/prometheus/prompb/io/prometheus/client/metrics.pb.go:1660.2,1660.27 1 1
github.com/prometheus/prometheus/prompb/io/prometheus/client/metrics.pb.go:1663.53,1667.16 4 0
github.com/prometheus/prometheus/prompb/io/prometheus/client/metrics.pb.go:1667.16,1669.3 1 0
github.com/prometheus/prometheus/prompb/io/prometheus/client/metrics.pb.go:1670.2,1670.22 1 0
github.com/prometheus/prometheus/prompb/io/prometheus/client/metrics.pb.go:1673.54,1676.2 2 0
github.com/prometheus/prometheus/prompb/io/prometheus/client/metrics.pb.go:1678.65,1683.31 5 1
github.com/prometheus/prometheus/prompb/io/prometheus/client/metrics.pb.go:1683.31,1686.3 2 0
github.com/prometheus/prometheus/prompb/io/prometheus/client/metrics.pb.go:1687.2,1687.24 1 1
github.com/prometheus/prometheus/prompb/io/prometheus/client/metrics.pb.go:1687.24,1688.3 1 0
github.com/prometheus/prometheus/prompb/io/prometheus/client/metrics.pb.go:1688.3,1690.18 2 0
github.com/prometheus/prometheus/prompb/io/prometheus/client/metrics.pb.go:1690.18,1692.5 1 0
github.com/prometheus/prometheus/prompb/io/prometheus/client/metrics.pb.go:1693.4,1694.50 2 0
github.com/prometheus/prometheus/prompb/io/prometheus/client/metrics.pb.go:1696.3,1697.17 2 0
github.com/prometheus/prometheus/prompb/io/prometheus/client/metrics.pb.go:1699.2,1699.24 1 1
github.com/prometheus/prometheus/prompb/io/prometheus/client/metrics.pb.go:1699.24,1703.3 3 0
github.com/prometheus/prometheus/prompb/io/prometheus/client/metrics.pb.go:1704.2,1704.22 1 1
github.com/prometheus/prometheus/prompb/io/prometheus/client/metrics.pb.go:1704.22,1705.3 1 0
github.com/prometheus/prometheus/prompb/io/prometheus/client/metrics.pb.go:1705.3,1707.18 2 0
github.com/prometheus/prometheus/prompb/io/prometheus/client/metrics.pb.go:1707.18,1709.5 1 0
github.com/prometheus/prometheus/prompb/io/prometheus/client/metrics.pb.go:1710.4,1711.50 2 0
[...]
github.com/prometheus/prometheus/prompb/io/prometheus/client/metrics.pb.go:3873.39,3874.20 1 0
github.com/prometheus/prometheus/prompb/io/prometheus/client/metrics.pb.go:3874.20,3876.6 1 0
github.com/prometheus/prometheus/prompb/io/prometheus/client/metrics.pb.go:3877.5,3877.19 1 0
github.com/prometheus/prometheus/prompb/io/prometheus/client/metrics.pb.go:3877.19,3879.6 1 0
github.com/prometheus/prometheus/prompb/io/prometheus/client/metrics.pb.go:3880.5,3883.17 4 0
github.com/prometheus/prometheus/prompb/io/prometheus/client/metrics.pb.go:3883.17,3884.11 1 0
github.com/prometheus/prometheus/prompb/io/prometheus/client/metrics.pb.go:3887.4,3887.18 1 0
github.com/prometheus/prometheus/prompb/io/prometheus/client/metrics.pb.go:3887.18,3889.5 1 0
github.com/prometheus/prometheus/prompb/io/prometheus/client/metrics.pb.go:3890.4,3891.21 2 0
github.com/prometheus/prometheus/prompb/io/prometheus/client/metrics.pb.go:3891.21,3893.5 1 0
github.com/prometheus/prometheus/prompb/io/prometheus/client/metrics.pb.go:3894.4,3894.21 1 0
github.com/prometheus/prometheus/prompb/io/prometheus/client/metrics.pb.go:3894.21,3896.5 1 0
github.com/prometheus/prometheus/prompb/io/prometheus/client/metrics.pb.go:3897.4,3897.24 1 0
github.com/prometheus/prometheus/prompb/io/prometheus/client/metrics.pb.go:3897.24,3899.5 1 0
github.com/prometheus/prometheus/prompb/io/prometheus/client/metrics.pb.go:3900.4,3900.69 1 0
github.com/prometheus/prometheus/prompb/io/prometheus/client/metrics.pb.go:3900.69,3902.5 1 0
github.com/prometheus/prometheus/prompb/io/prometheus/client/metrics.pb.go:3903.4,3903.21 1 0
github.com/prometheus/prometheus/prompb/io/prometheus/client/metrics.pb.go:3904.10,3905.21 1 0
github.com/prometheus/prometheus/prompb/io/prometheus/client/metrics.pb.go:3905.21,3907.5 1 0
github.com/prometheus/prometheus/prompb/io/prometheus/client/metrics.pb.go:3908.4,3909.39 2 0
github.com/prometheus/prometheus/prompb/io/prometheus/client/metrics.pb.go:3909.39,3910.20 1 0
github.com/prometheus/prometheus/prompb/io/prometheus/client/metrics.pb.go:3910.20,3912.6 1 0
github.com/prometheus/prometheus/prompb/io/prometheus/client/metrics.pb.go:3913.5,3913.19 1 0
github.com/prometheus/prometheus/prompb/io/prometheus/client/metrics.pb.go:3913.19,3915.6 1 0
github.com/prometheus/prometheus/prompb/io/prometheus/client/metrics.pb.go:3916.5,3919.17 4 0
github.com/prometheus/prometheus/prompb/io/prometheus/client/metrics.pb.go:3919.17,3920.11 1 0
github.com/prometheus/prometheus/prompb/io/prometheus/client/metrics.pb.go:3923.4,3923.18 1 0
github.com/prometheus/prometheus/prompb/io/prometheus/client/metrics.pb.go:3923.18,3925.5 1 0
github.com/prometheus/prometheus/prompb/io/prometheus/client/metrics.pb.go:3926.4,3927.21 2 0
github.com/prometheus/prometheus/prompb/io/prometheus/client/metrics.pb.go:3927.21,3929.5 1 0
github.com/prometheus/prometheus/prompb/io/prometheus/client/metrics.pb.go:3930.4,3930.21 1 0
github.com/prometheus/prometheus/prompb/io/prometheus/client/metrics.pb.go:3930.21,3932.5 1 0
github.com/prometheus/prometheus/prompb/io/prometheus/client/metrics.pb.go:3933.4,3933.24 1 0
github.com/prometheus/prometheus/prompb/io/prometheus/client/metrics.pb.go:3933.24,3935.5 1 0
github.com/prometheus/prometheus/prompb/io/prometheus/client/metrics.pb.go:3936.4,3936.69 1 0
github.com/prometheus/prometheus/prompb/io/prometheus/client/metrics.pb.go:3936.69,3938.5 1 0
github.com/prometheus/prometheus/prompb/io/prometheus/client/metrics.pb.go:3939.4,3939.21 1 0
github.com/prometheus/prometheus/prompb/io/prometheus/client/metrics.pb.go:3940.10,3941.21 1 0
github.com/prometheus/prometheus/prompb/io/prometheus/client/metrics.pb.go:3941.21,3943.5 1 0
github.com/prometheus/prometheus/prompb/io/prometheus/client/metrics.pb.go:3944.4,3945.39 2 0
github.com/prometheus/prometheus/prompb/io/prometheus/client/metrics.pb.go:3945.39,3946.20 1 0
github.com/prometheus/prometheus/prompb/io/prometheus/client/metrics.pb.go:3946.20,3948.6 1 0
github.com/prometheus/prometheus/prompb/io/prometheus/client/metrics.pb.go:3949.5,3949.19 1 0
github.com/prometheus/prometheus/prompb/io/prometheus/client/metrics.pb.go:3949.19,3951.6 1 0
github.com/prometheus/prometheus/prompb/io/prometheus/client/metrics.pb.go:3952.5,3955.17 4 0
github.com/prometheus/prometheus/prompb/io/prometheus/client/metrics.pb.go:3955.17,3956.11 1 0
github.com/prometheus/prometheus/prompb/io/prometheus/client/metrics.pb.go:3959.10,3960.21 1 0
github.com/prometheus/prometheus/prompb/io/prometheus/client/metrics.pb.go:3960.21,3962.5 1 0
github.com/prometheus/prometheus/prompb/io/prometheus/client/metrics.pb.go:3963.4,3964.39 2 0
github.com/prometheus/prometheus/prompb/io/prometheus/client/metrics.pb.go:3964.39,3965.20 1 0
github.com/prometheus/prometheus/prompb/io/prometheus/client/metrics.pb.go:3965.20,3967.6 1 0
github.com/prometheus/prometheus/prompb/io/prometheus/client/metrics.pb.go:3968.5,3968.19 1 0
github.com/prometheus/prometheus/prompb/io/prometheus/client/metrics.pb.go:3968.19,3970.6 1 0
github.com/prometheus/prometheus/prompb/io/prometheus/client/metrics.pb.go:3971.5,3974.17 4 0
github.com/prometheus/prometheus/prompb/io/prometheus/client/metrics.pb.go:3974.17,3975.11 1 0
github.com/prometheus/prometheus/prompb/io/prometheus/client/metrics.pb.go:3978.4,3978.18 1 0
github.com/prometheus/prometheus/prompb/io/prometheus/client/metrics.pb.go:3978.18,3980.5 1 0
github.com/prometheus/prometheus/prompb/io/prometheus/client/metrics.pb.go:3981.4,3982.21 2 0
github.com/prometheus/prometheus/prompb/io/prometheus/client/metrics.pb.go:3982.21,3984.5 1 0
github.com/prometheus/prometheus/prompb/io/prometheus/client/metrics.pb.go:3985.4,3985.21 1 0
github.com/prometheus/prometheus/prompb/io/prometheus/client/metrics.pb.go:3985.21,3987.5 1 0
github.com/prometheus/prometheus/prompb/io/prometheus/client/metrics.pb.go:3988.4,3988.26 1 0
github.com/prometheus/prometheus/prompb/io/prometheus/client/metrics.pb.go:3988.26,3990.5 1 0
github.com/prometheus/prometheus/prompb/io/prometheus/client/metrics.pb.go:3991.4,3991.71 1 0
github.com/prometheus/prometheus/prompb/io/prometheus/client/metrics.pb.go:3991.71,3993.5 1 0
github.com/prometheus/prometheus/prompb/io/prometheus/client/metrics.pb.go:3994.4,3994.21 1 0
github.com/prometheus/prometheus/prompb/io/prometheus/client/metrics.pb.go:3995.11,3998.18 3 0
github.com/prometheus/prometheus/prompb/io/prometheus/client/metrics.pb.go:3998.18,4000.5 1 0
github.com/prometheus/prometheus/prompb/io/prometheus/client/metrics.pb.go:4001.4,4001.42 1 0
github.com/prometheus/prometheus/prompb/io/prometheus/client/metrics.pb.go:4001.42,4003.5 1 0
github.com/prometheus/prometheus/prompb/io/prometheus/client/metrics.pb.go:4004.4,4004.28 1 0
github.com/prometheus/prometheus/prompb/io/prometheus/client/metrics.pb.go:4004.28,4006.5 1 0
github.com/prometheus/prometheus/prompb/io/prometheus/client/metrics.pb.go:4007.4,4008.19 2 0
github.com/prometheus/prometheus/prompb/io/prometheus/client/metrics.pb.go:4012.2,4012.15 1 0
github.com/prometheus/prometheus/prompb/io/prometheus/client/metrics.pb.go:4012.15,4014.3 1 0
github.com/prometheus/prometheus/prompb/io/prometheus/client/metrics.pb.go:4015.2,4015.12 1 0
github.com/prometheus/prometheus/prompb/io/prometheus/client/metrics.pb.go:4017.53,4020.16 3 0
github.com/prometheus/prometheus/prompb/io/prometheus/client/metrics.pb.go:4020.16,4023.38 3 0
github.com/prometheus/prometheus/prompb/io/prometheus/client/metrics.pb.go:4023.38,4024.19 1 0
github.com/prometheus/prometheus/prompb/io/prometheus/client/metrics.pb.go:4024.19,4026.5 1 0
github.com/prometheus/prometheus/prompb/io/prometheus/client/metrics.pb.go:4027.4,4027.18 1 0
github.com/prometheus/prometheus/prompb/io/prometheus/client/metrics.pb.go:4027.18,4029.5 1 0
github.com/prometheus/prometheus/prompb/io/prometheus/client/metrics.pb.go:4030.4,4033.16 4 0
github.com/prometheus/prometheus/prompb/io/prometheus/client/metrics.pb.go:4033.16,4034.10 1 0
github.com/prometheus/prometheus/prompb/io/prometheus/client/metrics.pb.go:4037.3,4039.20 3 0
github.com/prometheus/prometheus/prompb/io/prometheus/client/metrics.pb.go:4039.20,4041.4 1 0
github.com/prometheus/prometheus/prompb/io/prometheus/client/metrics.pb.go:4042.3,4042.20 1 0
github.com/prometheus/prometheus/prompb/io/prometheus/client/metrics.pb.go:4042.20,4044.4 1 0
github.com/prometheus/prometheus/prompb/io/prometheus/client/metrics.pb.go:4045.3,4045.19 1 0
github.com/prometheus/prometheus/prompb/io/prometheus/client/metrics.pb.go:4046.10,4047.21 1 0
github.com/prometheus/prometheus/prompb/io/prometheus/client/metrics.pb.go:4047.21,4049.5 1 0
github.com/prometheus/prometheus/prompb/io/prometheus/client/metrics.pb.go:4050.4,4051.39 2 0
github.com/prometheus/prometheus/prompb/io/prometheus/client/metrics.pb.go:4051.39,4052.20 1 0
github.com/prometheus/prometheus/prompb/io/prometheus/client/metrics.pb.go:4052.20,4054.6 1 0
github.com/prometheus/prometheus/prompb/io/prometheus/client/metrics.pb.go:4055.5,4055.19 1 0
github.com/prometheus/prometheus/prompb/io/prometheus/client/metrics.pb.go:4055.19,4057.6 1 0
github.com/prometheus/prometheus/prompb/io/prometheus/client/metrics.pb.go:4058.5,4061.17 4 0
github.com/prometheus/prometheus/prompb/io/prometheus/client/metrics.pb.go:4061.17,4062.11 1 0
github.com/prometheus/prometheus/prompb/io/prometheus/client/metrics.pb.go:4065.4,4066.24 2 0
github.com/prometheus/prometheus/prompb/io/prometheus/client/metrics.pb.go:4066.24,4068.5 1 0
github.com/prometheus/prometheus/prompb/io/prometheus/client/metrics.pb.go:4069.4,4070.21 2 0
github.com/prometheus/prometheus/prompb/io/prometheus/client/metrics.pb.go:4070.21,4072.5 1 0
github.com/prometheus/prometheus/prompb/io/prometheus/client/metrics.pb.go:4073.4,4073.21 1 0
github.com/prometheus/prometheus/prompb/io/prometheus/client/metrics.pb.go:4073.21,4075.5 1 0
github.com/prometheus/prometheus/prompb/io/prometheus/client/metrics.pb.go:4076.4,4077.21 2 0
github.com/prometheus/prometheus/prompb/io/prometheus/client/metrics.pb.go:4078.10,4079.21 1 0
github.com/prometheus/prometheus/prompb/io/prometheus/client/metrics.pb.go:4079.21,4081.5 1 0
github.com/prometheus/prometheus/prompb/io/prometheus/client/metrics.pb.go:4082.4,4083.39 2 0
github.com/prometheus/prometheus/prompb/io/prometheus/client/metrics.pb.go:4083.39,4084.20 1 0
github.com/prometheus/prometheus/prompb/io/prometheus/client/metrics.pb.go:4084.20,4086.6 1 0
github.com/prometheus/prometheus/prompb/io/prometheus/client/metrics.pb.go:4087.5,4087.19 1 0
github.com/prometheus/prometheus/prompb/io/prometheus/client/metrics.pb.go:4087.19,4089.6 1 0
github.com/prometheus/prometheus/prompb/io/prometheus/client/metrics.pb.go:4090.5,4093.17 4 0
github.com/prometheus/prometheus/prompb/io/prometheus/client/metrics.pb.go:4093.17,4094.11 1 0
github.com/prometheus/prometheus/prompb/io/prometheus/client/metrics.pb.go:4097.4,4098.24 2 0
github.com/prometheus/prometheus/prompb/io/prometheus/client/metrics.pb.go:4098.24,4100.5 1 0
github.com/prometheus/prometheus/prompb/io/prometheus/client/metrics.pb.go:4101.4,4102.21 2 0
github.com/prometheus/prometheus/prompb/io/prometheus/client/metrics.pb.go:4102.21,4104.5 1 0
github.com/prometheus/prometheus/prompb/io/prometheus/client/metrics.pb.go:4105.4,4105.21 1 0
github.com/prometheus/prometheus/prompb/io/prometheus/client/metrics.pb.go:4105.21,4107.5 1 0
github.com/prometheus/prometheus/prompb/io/prometheus/client/metrics.pb.go:4108.4,4109.21 2 0
github.com/prometheus/prometheus/prompb/io/prometheus/client/metrics.pb.go:4110.10,4111.21 1 0
github.com/prometheus/prometheus/prompb/io/prometheus/client/metrics.pb.go:4111.21,4113.5 1 0
github.com/prometheus/prometheus/prompb/io/prometheus/client/metrics.pb.go:4114.4,4115.39 2 0
github.com/prometheus/prometheus/prompb/io/prometheus/client/metrics.pb.go:4115.39,4116.20 1 0
github.com/prometheus/prometheus/prompb/io/prometheus/client/metrics.pb.go:4116.20,4118.6 1 0
github.com/prometheus/prometheus/prompb/io/prometheus/client/metrics.pb.go:4119.5,4119.19 1 0
github.com/prometheus/prometheus/prompb/io/prometheus/client/metrics.pb.go:4119.19,4121.6 1 0
github.com/prometheus/prometheus/prompb/io/prometheus/client/metrics.pb.go:4122.5,4125.17 4 0
github.com/prometheus/prometheus/prompb/io/prometheus/client/metrics.pb.go:4125.17,4126.11 1 0
github.com/prometheus/prometheus/prompb/io/prometheus/client/metrics.pb.go:4129.10,4130.21 1 0
github.com/prometheus/prometheus/prompb/io/prometheus/client/metrics.pb.go:4130.21,4132.5 1 0
github.com/prometheus/prometheus/prompb/io/prometheus/client/metrics.pb.go:4133.4,4134.39 2 0
github.com/prometheus/prometheus/prompb/io/prometheus/client/metrics.pb.go:4134.39,4135.20 1 0
github.com/prometheus/prometheus/prompb/io/prometheus/client/metrics.pb.go:4135.20,4137.6 1 0
github.com/prometheus/prometheus/prompb/io/prometheus/client/metrics.pb.go:4138.5,4138.19 1 0
github.com/prometheus/prometheus/prompb/io/prometheus/client/metrics.pb.go:4138.19,4140.6 1 0
github.com/prometheus/prometheus/prompb/io/prometheus/client/metrics.pb.go:4141.5,4144.17 4 0
github.com/prometheus/prometheus/prompb/io/prometheus/client/metrics.pb.go:4144.17,4145.11 1 0
github.com/prometheus/prometheus/prompb/io/prometheus/client/metrics.pb.go:4148.4,4148.18 1 0
github.com/prometheus/prometheus/prompb/io/prometheus/client/metrics.pb.go:4148.18,4150.5 1 0
github.com/prometheus/prometheus/prompb/io/prometheus/client/metrics.pb.go:4151.4,4152.21 2 0
github.com/prometheus/prometheus/prompb/io/prometheus/client/metrics.pb.go:4152.21,4154.5 1 0
github.com/prometheus/prometheus/prompb/io/prometheus/client/metrics.pb.go:4155.4,4155.21 1 0
github.com/prometheus/prometheus/prompb/io/prometheus/client/metrics.pb.go:4155.21,4157.5 1 0
github.com/prometheus/prometheus/prompb/io/prometheus/client/metrics.pb.go:4158.4,4159.85 2 0
github.com/prometheus/prometheus/prompb/io/prometheus/client/metrics.pb.go:4159.85,4161.5 1 0
github.com/prometheus/prometheus/prompb/io/prometheus/client/metrics.pb.go:4162.4,4162.21 1 0
github.com/prometheus/prometheus/prompb/io/prometheus/client/metrics.pb.go:4163.10,4164.21 1 0
github.com/prometheus/prometheus/prompb/io/prometheus/client/metrics.pb.go:4164.21,4166.5 1 0
github.com/prometheus/prometheus/prompb/io/prometheus/client/metrics.pb.go:4167.4,4168.39 2 0
github.com/prometheus/prometheus/prompb/io/prometheus/client/metrics.pb.go:4168.39,4169.20 1 0
github.com/prometheus/prometheus/prompb/io/prometheus/client/metrics.pb.go:4169.20,4171.6 1 0
github.com/prometheus/prometheus/prompb/io/prometheus/client/metrics.pb.go:4172.5,4172.19 1 0
github.com/prometheus/prometheus/prompb/io/prometheus/client/metrics.pb.go:4172.19,4174.6 1 0
github.com/prometheus/prometheus/prompb/io/prometheus/client/metrics.pb.go:4175.5,4178.17 4 0
github.com/prometheus/prometheus/prompb/io/prometheus/client/metrics.pb.go:4178.17,4179.11 1 0
github.com/prometheus/prometheus/prompb/io/prometheus/client/metrics.pb.go:4182.4,4183.24 2 0
github.com/prometheus/prometheus/prompb/io/prometheus/client/metrics.pb.go:4183.24,4185.5 1 0
github.com/prometheus/prometheus/prompb/io/prometheus/client/metrics.pb.go:4186.4,4187.21 2 0
github.com/prometheus/prometheus/prompb/io/prometheus/client/metrics.pb.go:4187.21,4189.5 1 0
github.com/prometheus/prometheus/prompb/io/prometheus/client/metrics.pb.go:4190.4,4190.21 1 0
github.com/prometheus/prometheus/prompb/io/prometheus/client/metrics.pb.go:4190.21,4192.5 1 0
github.com/prometheus/prometheus/prompb/io/prometheus/client/metrics.pb.go:4193.4,4194.21 2 0
github.com/prometheus/prometheus/prompb/io/prometheus/client/metrics.pb.go:4195.11,4198.18 3 0
github.com/prometheus/prometheus/prompb/io/prometheus/client/metrics.pb.go:4198.18,4200.5 1 0
github.com/prometheus/prometheus/prompb/io/prometheus/client/metrics.pb.go:4201.4,4201.42 1 0
github.com/prometheus/prometheus/prompb/io/prometheus/client/metrics.pb.go:4201.42,4203.5 1 0
github.com/prometheus/prometheus/prompb/io/prometheus/client/metrics.pb.go:4204.4,4204.28 1 0
github.com/prometheus/prometheus/prompb/io/prometheus/client/metrics.pb.go:4204.28,4206.5 1 0
github.com/prometheus/prometheus/prompb/io/prometheus/client/metrics.pb.go:4207.4,4208.19 2 0
github.com/prometheus/prometheus/prompb/io/prometheus/client/metrics.pb.go:4212.2,4212.15 1 0
github.com/prometheus/prometheus/prompb/io/prometheus/client/metrics.pb.go:4212.15,4214.3 1 0
github.com/prometheus/prometheus/prompb/io/prometheus/client/metrics.pb.go:4215.2,4215.12 1 0
github.com/prometheus/prometheus/prompb/io/prometheus/client/metrics.pb.go:4217.50,4221.16 4 0
github.com/prometheus/prometheus/prompb/io/prometheus/client/metrics.pb.go:4221.16,4223.38 2 0
github.com/prometheus/prometheus/prompb/io/prometheus/client/metrics.pb.go:4223.38,4224.19 1 0
github.com/prometheus/prometheus/prompb/io/prometheus/client/metrics.pb.go:4224.19,4226.5 1 0
github.com/prometheus/prometheus/prompb/io/prometheus/client/metrics.pb.go:4227.4,4227.18 1 0
github.com/prometheus/prometheus/prompb/io/prometheus/client/metrics.pb.go:4227.18,4229.5 1 0
github.com/prometheus/prometheus/prompb/io/prometheus/client/metrics.pb.go:4230.4,4233.16 4 0
github.com/prometheus/prometheus/prompb/io/prometheus/client/metrics.pb.go:4233.16,4234.10 1 0
github.com/prometheus/prometheus/prompb/io/prometheus/client/metrics.pb.go:4237.3,4238.19 2 0
github.com/prometheus/prometheus/prompb/io/prometheus/client/metrics.pb.go:4239.10,4240.39 1 0
github.com/prometheus/prometheus/prompb/io/prometheus/client/metrics.pb.go:4240.39,4241.20 1 0
github.com/prometheus/prometheus/prompb/io/prometheus/client/metrics.pb.go:4241.20,4243.6 1 0
github.com/prometheus/prometheus/prompb/io/prometheus/client/metrics.pb.go:4244.5,4244.19 1 0
github.com/prometheus/prometheus/prompb/io/prometheus/client/metrics.pb.go:4244.19,4246.6 1 0
github.com/prometheus/prometheus/prompb/io/prometheus/client/metrics.pb.go:4247.5,4248.29 2 0
github.com/prometheus/prometheus/prompb/io/prometheus/client/metrics.pb.go:4248.29,4249.11 1 0
github.com/prometheus/prometheus/prompb/io/prometheus/client/metrics.pb.go:4252.10,4253.14 1 0
github.com/prometheus/prometheus/prompb/io/prometheus/client/metrics.pb.go:4254.10,4256.39 2 0
github.com/prometheus/prometheus/prompb/io/prometheus/client/metrics.pb.go:4256.39,4257.20 1 0
github.com/prometheus/prometheus/prompb/io/prometheus/client/metrics.pb.go:4257.20,4259.6 1 0
github.com/prometheus/prometheus/prompb/io/prometheus/client/metrics.pb.go:4260.5,4260.19 1 0
github.com/prometheus/prometheus/prompb/io/prometheus/client/metrics.pb.go:4260.19,4262.6 1 0
github.com/prometheus/prometheus/prompb/io/prometheus/client/metrics.pb.go:4263.5,4266.17 4 0
github.com/prometheus/prometheus/prompb/io/prometheus/client/metrics.pb.go:4266.17,4267.11 1 0
github.com/prometheus/prometheus/prompb/io/prometheus/client/metrics.pb.go:4270.4,4270.18 1 0
github.com/prometheus/prometheus/prompb/io/prometheus/client/metrics.pb.go:4270.18,4272.5 1 0
github.com/prometheus/prometheus/prompb/io/prometheus/client/metrics.pb.go:4273.4,4273.19 1 0
github.com/prometheus/prometheus/prompb/io/prometheus/client/metrics.pb.go:4274.10,4275.11 1 0
github.com/prometheus/prometheus/prompb/io/prometheus/client/metrics.pb.go:4276.10,4277.18 1 0
github.com/prometheus/prometheus/prompb/io/prometheus/client/metrics.pb.go:4277.18,4279.5 1 0
github.com/prometheus/prometheus/prompb/io/prometheus/client/metrics.pb.go:4280.4,4280.11 1 0
github.com/prometheus/prometheus/prompb/io/prometheus/client/metrics.pb.go:4281.10,4282.14 1 0
github.com/prometheus/prometheus/prompb/io/prometheus/client/metrics.pb.go:4283.11,4284.64 1 0
github.com/prometheus/prometheus/prompb/io/prometheus/client/metrics.pb.go:4286.3,4286.16 1 0
github.com/prometheus/prometheus/prompb/io/prometheus/client/metrics.pb.go:4286.16,4288.4 1 0
github.com/prometheus/prometheus/prompb/io/prometheus/client/metrics.pb.go:4289.3,4289.17 1 0
github.com/prometheus/prometheus/prompb/io/prometheus/client/metrics.pb.go:4289.17,4291.4 1 0
github.com/prometheus/prometheus/prompb/io/prometheus/client/metrics.pb.go:4293.2,4293.31 1 0
