mode: set
github.com/prometheus/prometheus/discovery/targetgroup/targetgroup.go:35.33,37.2 1 0
github.com/prometheus/prometheus/discovery/targetgroup/targetgroup.go:40.73,45.38 2 1
github.com/prometheus/prometheus/discovery/targetgroup/targetgroup.go:45.38,47.3 1 1
github.com/prometheus/prometheus/discovery/targetgroup/targetgroup.go:48.2,49.30 2 1
github.com/prometheus/prometheus/discovery/targetgroup/targetgroup.go:49.30,53.3 1 1
github.com/prometheus/prometheus/discovery/targetgroup/targetgroup.go:54.2,55.12 2 1
github.com/prometheus/prometheus/discovery/targetgroup/targetgroup.go:59.52,67.31 2 0
github.com/prometheus/prometheus/discovery/targetgroup/targetgroup.go:67.31,69.3 1 0
github.com/prometheus/prometheus/discovery/targetgroup/targetgroup.go:70.2,70.15 1 0
github.com/prometheus/prometheus/discovery/targetgroup/targetgroup.go:74.48,82.39 4 0
github.com/prometheus/prometheus/discovery/targetgroup/targetgroup.go:82.39,84.3 1 0
github.com/prometheus/prometheus/discovery/targetgroup/targetgroup.go:85.2,86.30 2 0
github.com/prometheus/prometheus/discovery/targetgroup/targetgroup.go:86.30,90.3 1 0
github.com/prometheus/prometheus/discovery/targetgroup/targetgroup.go:91.2,92.12 2 0
github.com/prometheus/prometheus/discovery/targetgroup/targetgroup.go:96.47,104.31 2 0
github.com/prometheus/prometheus/discovery/targetgroup/targetgroup.go:104.31,106.3 1 0
github.com/prometheus/prometheus/discovery/targetgroup/targetgroup.go:107.2,107.24 1 0
