mode: set
github.com/prometheus/prometheus/discovery/xds/client.go:91.122,92.35 1 1
github.com/prometheus/prometheus/discovery/xds/client.go:92.35,94.3 1 0
github.com/prometheus/prometheus/discovery/xds/client.go:96.2,96.27 1 1
github.com/prometheus/prometheus/discovery/xds/client.go:96.27,98.3 1 0
github.com/prometheus/prometheus/discovery/xds/client.go:100.2,101.16 2 1
github.com/prometheus/prometheus/discovery/xds/client.go:101.16,103.3 1 0
github.com/prometheus/prometheus/discovery/xds/client.go:105.2,106.16 2 1
github.com/prometheus/prometheus/discovery/xds/client.go:106.16,108.3 1 0
github.com/prometheus/prometheus/discovery/xds/client.go:110.2,110.34 1 1
github.com/prometheus/prometheus/discovery/xds/client.go:110.34,112.3 1 1
github.com/prometheus/prometheus/discovery/xds/client.go:114.2,115.16 2 1
github.com/prometheus/prometheus/discovery/xds/client.go:115.16,117.3 1 0
github.com/prometheus/prometheus/discovery/xds/client.go:119.2,127.8 2 1
github.com/prometheus/prometheus/discovery/xds/client.go:130.129,131.22 1 1
github.com/prometheus/prometheus/discovery/xds/client.go:131.22,133.3 1 0
github.com/prometheus/prometheus/discovery/xds/client.go:135.2,135.60 1 1
github.com/prometheus/prometheus/discovery/xds/client.go:135.60,137.3 1 0
github.com/prometheus/prometheus/discovery/xds/client.go:139.2,139.63 1 1
github.com/prometheus/prometheus/discovery/xds/client.go:139.63,141.3 1 0
github.com/prometheus/prometheus/discovery/xds/client.go:143.2,145.23 2 1
github.com/prometheus/prometheus/discovery/xds/client.go:148.47,150.2 1 0
github.com/prometheus/prometheus/discovery/xds/client.go:152.56,154.2 1 1
github.com/prometheus/prometheus/discovery/xds/client.go:156.43,158.2 1 1
github.com/prometheus/prometheus/discovery/xds/client.go:160.39,162.2 1 0
github.com/prometheus/prometheus/discovery/xds/client.go:166.89,178.16 3 1
github.com/prometheus/prometheus/discovery/xds/client.go:178.16,180.3 1 0
github.com/prometheus/prometheus/discovery/xds/client.go:182.2,183.16 2 1
github.com/prometheus/prometheus/discovery/xds/client.go:183.16,185.3 1 0
github.com/prometheus/prometheus/discovery/xds/client.go:186.2,193.16 6 1
github.com/prometheus/prometheus/discovery/xds/client.go:193.16,195.3 1 0
github.com/prometheus/prometheus/discovery/xds/client.go:196.2,196.15 1 1
github.com/prometheus/prometheus/discovery/xds/client.go:196.15,199.3 2 1
github.com/prometheus/prometheus/discovery/xds/client.go:201.2,201.47 1 1
github.com/prometheus/prometheus/discovery/xds/client.go:201.47,204.3 1 1
github.com/prometheus/prometheus/discovery/xds/client.go:206.2,206.38 1 1
github.com/prometheus/prometheus/discovery/xds/client.go:206.38,208.3 1 0
github.com/prometheus/prometheus/discovery/xds/client.go:210.2,211.16 2 1
github.com/prometheus/prometheus/discovery/xds/client.go:211.16,213.3 1 0
github.com/prometheus/prometheus/discovery/xds/client.go:215.2,216.83 2 1
github.com/prometheus/prometheus/discovery/xds/client.go:216.83,218.3 1 0
github.com/prometheus/prometheus/discovery/xds/client.go:221.2,224.26 3 1
github.com/prometheus/prometheus/discovery/xds/kuma.go:63.140,65.2 1 1
github.com/prometheus/prometheus/discovery/xds/kuma.go:68.79,72.16 4 1
github.com/prometheus/prometheus/discovery/xds/kuma.go:72.16,74.3 1 0
github.com/prometheus/prometheus/discovery/xds/kuma.go:76.2,76.24 1 1
github.com/prometheus/prometheus/discovery/xds/kuma.go:76.24,78.3 1 0
github.com/prometheus/prometheus/discovery/xds/kuma.go:79.2,80.16 2 1
github.com/prometheus/prometheus/discovery/xds/kuma.go:80.16,82.3 1 0
github.com/prometheus/prometheus/discovery/xds/kuma.go:84.2,84.60 1 1
github.com/prometheus/prometheus/discovery/xds/kuma.go:84.60,86.3 1 0
github.com/prometheus/prometheus/discovery/xds/kuma.go:88.2,88.38 1 1
github.com/prometheus/prometheus/discovery/xds/kuma.go:91.38,93.2 1 1
github.com/prometheus/prometheus/discovery/xds/kuma.go:96.49,98.2 1 0
github.com/prometheus/prometheus/discovery/xds/kuma.go:100.102,102.19 2 0
github.com/prometheus/prometheus/discovery/xds/kuma.go:102.19,104.3 1 0
github.com/prometheus/prometheus/discovery/xds/kuma.go:106.2,106.54 1 0
github.com/prometheus/prometheus/discovery/xds/kuma.go:109.91,117.48 5 1
github.com/prometheus/prometheus/discovery/xds/kuma.go:117.48,127.3 7 1
github.com/prometheus/prometheus/discovery/xds/kuma.go:129.2,129.16 1 1
github.com/prometheus/prometheus/discovery/xds/kuma.go:132.69,134.33 2 1
github.com/prometheus/prometheus/discovery/xds/kuma.go:134.33,137.3 2 1
github.com/prometheus/prometheus/discovery/xds/kuma.go:138.2,138.17 1 1
github.com/prometheus/prometheus/discovery/xds/kuma.go:142.97,143.42 1 1
github.com/prometheus/prometheus/discovery/xds/kuma.go:143.42,145.3 1 0
github.com/prometheus/prometheus/discovery/xds/kuma.go:147.2,149.37 2 1
github.com/prometheus/prometheus/discovery/xds/kuma.go:149.37,152.88 2 1
github.com/prometheus/prometheus/discovery/xds/kuma.go:152.88,154.4 1 0
github.com/prometheus/prometheus/discovery/xds/kuma.go:156.3,156.78 1 1
github.com/prometheus/prometheus/discovery/xds/kuma.go:159.2,159.21 1 1
github.com/prometheus/prometheus/discovery/xds/kuma.go:162.135,164.9 2 1
github.com/prometheus/prometheus/discovery/xds/kuma.go:164.9,166.3 1 0
github.com/prometheus/prometheus/discovery/xds/kuma.go:169.2,170.20 2 1
github.com/prometheus/prometheus/discovery/xds/kuma.go:170.20,173.17 3 1
github.com/prometheus/prometheus/discovery/xds/kuma.go:173.17,176.4 2 0
github.com/prometheus/prometheus/discovery/xds/kuma.go:179.2,193.16 3 1
github.com/prometheus/prometheus/discovery/xds/kuma.go:193.16,195.3 1 0
github.com/prometheus/prometheus/discovery/xds/kuma.go:197.2,206.15 2 1
github.com/prometheus/prometheus/discovery/xds/kuma_mads.pb.go:67.40,69.29 2 1
github.com/prometheus/prometheus/discovery/xds/kuma_mads.pb.go:69.29,73.3 3 1
github.com/prometheus/prometheus/discovery/xds/kuma_mads.pb.go:76.48,78.2 1 0
github.com/prometheus/prometheus/discovery/xds/kuma_mads.pb.go:80.46,80.47 0 0
github.com/prometheus/prometheus/discovery/xds/kuma_mads.pb.go:82.68,84.41 2 1
github.com/prometheus/prometheus/discovery/xds/kuma_mads.pb.go:84.41,86.34 2 1
github.com/prometheus/prometheus/discovery/xds/kuma_mads.pb.go:86.34,88.4 1 1
github.com/prometheus/prometheus/discovery/xds/kuma_mads.pb.go:89.3,89.12 1 1
github.com/prometheus/prometheus/discovery/xds/kuma_mads.pb.go:91.2,91.24 1 0
github.com/prometheus/prometheus/discovery/xds/kuma_mads.pb.go:95.59,97.2 1 0
github.com/prometheus/prometheus/discovery/xds/kuma_mads.pb.go:99.49,100.14 1 0
github.com/prometheus/prometheus/discovery/xds/kuma_mads.pb.go:100.14,102.3 1 0
github.com/prometheus/prometheus/discovery/xds/kuma_mads.pb.go:103.2,103.11 1 0
github.com/prometheus/prometheus/discovery/xds/kuma_mads.pb.go:106.52,107.14 1 0
github.com/prometheus/prometheus/discovery/xds/kuma_mads.pb.go:107.14,109.3 1 0
github.com/prometheus/prometheus/discovery/xds/kuma_mads.pb.go:110.2,110.11 1 0
github.com/prometheus/prometheus/discovery/xds/kuma_mads.pb.go:113.76,114.14 1 0
github.com/prometheus/prometheus/discovery/xds/kuma_mads.pb.go:114.14,116.3 1 0
github.com/prometheus/prometheus/discovery/xds/kuma_mads.pb.go:117.2,117.12 1 0
github.com/prometheus/prometheus/discovery/xds/kuma_mads.pb.go:120.62,121.14 1 0
github.com/prometheus/prometheus/discovery/xds/kuma_mads.pb.go:121.14,123.3 1 0
github.com/prometheus/prometheus/discovery/xds/kuma_mads.pb.go:124.2,124.12 1 0
github.com/prometheus/prometheus/discovery/xds/kuma_mads.pb.go:153.47,155.29 2 0
github.com/prometheus/prometheus/discovery/xds/kuma_mads.pb.go:155.29,159.3 3 0
github.com/prometheus/prometheus/discovery/xds/kuma_mads.pb.go:162.55,164.2 1 0
github.com/prometheus/prometheus/discovery/xds/kuma_mads.pb.go:166.53,166.54 0 0
github.com/prometheus/prometheus/discovery/xds/kuma_mads.pb.go:168.75,170.41 2 1
github.com/prometheus/prometheus/discovery/xds/kuma_mads.pb.go:170.41,172.34 2 1
github.com/prometheus/prometheus/discovery/xds/kuma_mads.pb.go:172.34,174.4 1 1
github.com/prometheus/prometheus/discovery/xds/kuma_mads.pb.go:175.3,175.12 1 1
github.com/prometheus/prometheus/discovery/xds/kuma_mads.pb.go:177.2,177.24 1 1
github.com/prometheus/prometheus/discovery/xds/kuma_mads.pb.go:181.66,183.2 1 0
github.com/prometheus/prometheus/discovery/xds/kuma_mads.pb.go:185.56,186.14 1 0
github.com/prometheus/prometheus/discovery/xds/kuma_mads.pb.go:186.14,188.3 1 0
github.com/prometheus/prometheus/discovery/xds/kuma_mads.pb.go:189.2,189.11 1 0
github.com/prometheus/prometheus/discovery/xds/kuma_mads.pb.go:192.58,193.14 1 0
github.com/prometheus/prometheus/discovery/xds/kuma_mads.pb.go:193.14,195.3 1 0
github.com/prometheus/prometheus/discovery/xds/kuma_mads.pb.go:196.2,196.11 1 0
github.com/prometheus/prometheus/discovery/xds/kuma_mads.pb.go:199.59,200.14 1 0
github.com/prometheus/prometheus/discovery/xds/kuma_mads.pb.go:200.14,202.3 1 0
github.com/prometheus/prometheus/discovery/xds/kuma_mads.pb.go:203.2,203.11 1 0
github.com/prometheus/prometheus/discovery/xds/kuma_mads.pb.go:206.63,207.14 1 0
github.com/prometheus/prometheus/discovery/xds/kuma_mads.pb.go:207.14,209.3 1 0
github.com/prometheus/prometheus/discovery/xds/kuma_mads.pb.go:210.2,210.11 1 0
github.com/prometheus/prometheus/discovery/xds/kuma_mads.pb.go:213.69,214.14 1 0
github.com/prometheus/prometheus/discovery/xds/kuma_mads.pb.go:214.14,216.3 1 0
github.com/prometheus/prometheus/discovery/xds/kuma_mads.pb.go:217.2,217.12 1 0
github.com/prometheus/prometheus/discovery/xds/kuma_mads.pb.go:309.60,310.57 1 0
github.com/prometheus/prometheus/discovery/xds/kuma_mads.pb.go:310.57,312.3 1 0
github.com/prometheus/prometheus/discovery/xds/kuma_mads.pb.go:313.2,313.53 1 0
github.com/prometheus/prometheus/discovery/xds/kuma_mads.pb.go:344.13,344.56 1 1
github.com/prometheus/prometheus/discovery/xds/kuma_mads.pb.go:345.46,346.45 1 1
github.com/prometheus/prometheus/discovery/xds/kuma_mads.pb.go:346.45,348.3 1 0
github.com/prometheus/prometheus/discovery/xds/kuma_mads.pb.go:349.2,349.30 1 1
github.com/prometheus/prometheus/discovery/xds/kuma_mads.pb.go:349.30,350.98 1 0
github.com/prometheus/prometheus/discovery/xds/kuma_mads.pb.go:350.98,351.45 1 0
github.com/prometheus/prometheus/discovery/xds/kuma_mads.pb.go:352.11,353.20 1 0
github.com/prometheus/prometheus/discovery/xds/kuma_mads.pb.go:354.11,355.24 1 0
github.com/prometheus/prometheus/discovery/xds/kuma_mads.pb.go:356.11,357.28 1 0
github.com/prometheus/prometheus/discovery/xds/kuma_mads.pb.go:358.12,359.15 1 0
github.com/prometheus/prometheus/discovery/xds/kuma_mads.pb.go:362.3,362.98 1 0
github.com/prometheus/prometheus/discovery/xds/kuma_mads.pb.go:362.98,363.52 1 0
github.com/prometheus/prometheus/discovery/xds/kuma_mads.pb.go:364.11,365.20 1 0
github.com/prometheus/prometheus/discovery/xds/kuma_mads.pb.go:366.11,367.24 1 0
github.com/prometheus/prometheus/discovery/xds/kuma_mads.pb.go:368.11,369.28 1 0
github.com/prometheus/prometheus/discovery/xds/kuma_mads.pb.go:370.12,371.15 1 0
github.com/prometheus/prometheus/discovery/xds/kuma_mads.pb.go:375.2,392.48 6 1
github.com/prometheus/prometheus/discovery/xds/metrics.go:32.122,63.2 3 1
github.com/prometheus/prometheus/discovery/xds/metrics.go:66.39,68.2 1 1
github.com/prometheus/prometheus/discovery/xds/metrics.go:71.35,73.2 1 0
github.com/prometheus/prometheus/discovery/xds/xds.go:61.90,62.57 1 1
github.com/prometheus/prometheus/discovery/xds/xds.go:62.57,63.13 1 0
github.com/prometheus/prometheus/discovery/xds/xds.go:67.13,75.2 4 1
github.com/prometheus/prometheus/discovery/xds/xds.go:111.83,116.6 3 0
github.com/prometheus/prometheus/discovery/xds/xds.go:116.6,117.10 1 0
github.com/prometheus/prometheus/discovery/xds/xds.go:118.21,120.10 2 0
github.com/prometheus/prometheus/discovery/xds/xds.go:121.11,123.14 2 0
github.com/prometheus/prometheus/discovery/xds/xds.go:128.84,135.9 5 1
github.com/prometheus/prometheus/discovery/xds/xds.go:136.20,137.9 1 0
github.com/prometheus/prometheus/discovery/xds/xds.go:138.10,138.10 0 1
github.com/prometheus/prometheus/discovery/xds/xds.go:141.2,141.16 1 1
github.com/prometheus/prometheus/discovery/xds/xds.go:141.16,145.3 3 0
github.com/prometheus/prometheus/discovery/xds/xds.go:147.2,147.21 1 1
github.com/prometheus/prometheus/discovery/xds/xds.go:147.21,151.3 2 1
github.com/prometheus/prometheus/discovery/xds/xds.go:153.2,154.16 2 1
github.com/prometheus/prometheus/discovery/xds/xds.go:154.16,158.3 3 0
github.com/prometheus/prometheus/discovery/xds/xds.go:160.2,162.9 2 1
github.com/prometheus/prometheus/discovery/xds/xds.go:163.20,164.9 1 0
github.com/prometheus/prometheus/discovery/xds/xds.go:165.78,165.78 0 1
