mode: set
github.com/prometheus/prometheus/documentation/examples/custom-sd/adapter/adapter.go:39.62,41.40 2 1
github.com/prometheus/prometheus/documentation/examples/custom-sd/adapter/adapter.go:41.40,43.3 1 1
github.com/prometheus/prometheus/documentation/examples/custom-sd/adapter/adapter.go:44.2,45.25 2 1
github.com/prometheus/prometheus/documentation/examples/custom-sd/adapter/adapter.go:60.52,62.22 2 0
github.com/prometheus/prometheus/documentation/examples/custom-sd/adapter/adapter.go:62.22,64.3 1 0
github.com/prometheus/prometheus/documentation/examples/custom-sd/adapter/adapter.go:65.2,65.12 1 0
github.com/prometheus/prometheus/documentation/examples/custom-sd/adapter/adapter.go:68.97,70.49 2 1
github.com/prometheus/prometheus/documentation/examples/custom-sd/adapter/adapter.go:70.49,71.40 1 1
github.com/prometheus/prometheus/documentation/examples/custom-sd/adapter/adapter.go:71.40,75.42 3 1
github.com/prometheus/prometheus/documentation/examples/custom-sd/adapter/adapter.go:75.42,76.36 1 1
github.com/prometheus/prometheus/documentation/examples/custom-sd/adapter/adapter.go:76.36,78.6 1 1
github.com/prometheus/prometheus/documentation/examples/custom-sd/adapter/adapter.go:80.4,81.42 2 1
github.com/prometheus/prometheus/documentation/examples/custom-sd/adapter/adapter.go:81.42,83.5 1 1
github.com/prometheus/prometheus/documentation/examples/custom-sd/adapter/adapter.go:85.4,92.26 4 1
github.com/prometheus/prometheus/documentation/examples/custom-sd/adapter/adapter.go:96.2,96.15 1 1
github.com/prometheus/prometheus/documentation/examples/custom-sd/adapter/adapter.go:101.88,104.46 2 0
github.com/prometheus/prometheus/documentation/examples/custom-sd/adapter/adapter.go:104.46,107.17 3 0
github.com/prometheus/prometheus/documentation/examples/custom-sd/adapter/adapter.go:107.17,109.4 1 0
github.com/prometheus/prometheus/documentation/examples/custom-sd/adapter/adapter.go:114.39,120.16 5 0
github.com/prometheus/prometheus/documentation/examples/custom-sd/adapter/adapter.go:120.16,122.3 1 0
github.com/prometheus/prometheus/documentation/examples/custom-sd/adapter/adapter.go:123.2,126.16 3 0
github.com/prometheus/prometheus/documentation/examples/custom-sd/adapter/adapter.go:126.16,128.3 1 0
github.com/prometheus/prometheus/documentation/examples/custom-sd/adapter/adapter.go:132.2,134.16 3 0
github.com/prometheus/prometheus/documentation/examples/custom-sd/adapter/adapter.go:134.16,136.3 1 0
github.com/prometheus/prometheus/documentation/examples/custom-sd/adapter/adapter.go:137.2,137.12 1 0
github.com/prometheus/prometheus/documentation/examples/custom-sd/adapter/adapter.go:140.52,142.6 2 0
github.com/prometheus/prometheus/documentation/examples/custom-sd/adapter/adapter.go:142.6,143.10 1 0
github.com/prometheus/prometheus/documentation/examples/custom-sd/adapter/adapter.go:144.21,144.21 0 0
github.com/prometheus/prometheus/documentation/examples/custom-sd/adapter/adapter.go:145.41,148.11 1 0
github.com/prometheus/prometheus/documentation/examples/custom-sd/adapter/adapter.go:148.11,150.5 1 0
github.com/prometheus/prometheus/documentation/examples/custom-sd/adapter/adapter.go:151.4,151.42 1 0
github.com/prometheus/prometheus/documentation/examples/custom-sd/adapter/adapter.go:157.25,162.2 3 0
github.com/prometheus/prometheus/documentation/examples/custom-sd/adapter/adapter.go:165.195,175.2 1 0
