mode: set
github.com/prometheus/prometheus/rules/alerting.go:63.37,64.11 1 0
github.com/prometheus/prometheus/rules/alerting.go:65.21,66.20 1 0
github.com/prometheus/prometheus/rules/alerting.go:67.20,68.19 1 0
github.com/prometheus/prometheus/rules/alerting.go:69.19,70.18 1 0
github.com/prometheus/prometheus/rules/alerting.go:72.2,72.49 1 0
github.com/prometheus/prometheus/rules/alerting.go:94.76,95.29 1 0
github.com/prometheus/prometheus/rules/alerting.go:95.29,97.3 1 0
github.com/prometheus/prometheus/rules/alerting.go:100.2,100.38 1 0
github.com/prometheus/prometheus/rules/alerting.go:100.38,102.3 1 0
github.com/prometheus/prometheus/rules/alerting.go:104.2,104.49 1 0
github.com/prometheus/prometheus/rules/alerting.go:156.17,176.2 2 0
github.com/prometheus/prometheus/rules/alerting.go:179.38,181.2 1 0
github.com/prometheus/prometheus/rules/alerting.go:184.48,186.2 1 0
github.com/prometheus/prometheus/rules/alerting.go:189.42,191.2 1 0
github.com/prometheus/prometheus/rules/alerting.go:194.53,196.2 1 0
github.com/prometheus/prometheus/rules/alerting.go:199.44,201.2 1 0
github.com/prometheus/prometheus/rules/alerting.go:204.44,206.2 1 0
github.com/prometheus/prometheus/rules/alerting.go:209.53,211.2 1 0
github.com/prometheus/prometheus/rules/alerting.go:215.54,217.2 1 0
github.com/prometheus/prometheus/rules/alerting.go:220.47,222.2 1 0
github.com/prometheus/prometheus/rules/alerting.go:225.52,227.2 1 0
github.com/prometheus/prometheus/rules/alerting.go:229.73,232.42 2 0
github.com/prometheus/prometheus/rules/alerting.go:232.42,234.3 1 0
github.com/prometheus/prometheus/rules/alerting.go:236.2,245.10 5 0
github.com/prometheus/prometheus/rules/alerting.go:250.92,253.18 2 0
github.com/prometheus/prometheus/rules/alerting.go:253.18,254.43 1 0
github.com/prometheus/prometheus/rules/alerting.go:254.43,256.4 1 0
github.com/prometheus/prometheus/rules/alerting.go:259.2,267.10 4 0
github.com/prometheus/prometheus/rules/alerting.go:271.111,276.41 3 0
github.com/prometheus/prometheus/rules/alerting.go:276.41,278.17 2 0
github.com/prometheus/prometheus/rules/alerting.go:278.17,279.14 1 0
github.com/prometheus/prometheus/rules/alerting.go:281.3,281.34 1 0
github.com/prometheus/prometheus/rules/alerting.go:284.2,285.25 2 0
github.com/prometheus/prometheus/rules/alerting.go:289.65,291.2 1 0
github.com/prometheus/prometheus/rules/alerting.go:294.62,296.2 1 0
github.com/prometheus/prometheus/rules/alerting.go:299.61,301.2 1 0
github.com/prometheus/prometheus/rules/alerting.go:304.59,306.2 1 0
github.com/prometheus/prometheus/rules/alerting.go:309.51,311.2 1 0
github.com/prometheus/prometheus/rules/alerting.go:314.40,316.2 1 0
github.com/prometheus/prometheus/rules/alerting.go:318.61,324.2 4 0
github.com/prometheus/prometheus/rules/alerting.go:326.48,330.29 3 0
github.com/prometheus/prometheus/rules/alerting.go:330.29,332.3 1 0
github.com/prometheus/prometheus/rules/alerting.go:334.2,334.35 1 0
github.com/prometheus/prometheus/rules/alerting.go:337.48,341.2 3 0
github.com/prometheus/prometheus/rules/alerting.go:343.64,349.2 4 0
github.com/prometheus/prometheus/rules/alerting.go:351.49,355.30 3 0
github.com/prometheus/prometheus/rules/alerting.go:355.30,357.3 1 0
github.com/prometheus/prometheus/rules/alerting.go:359.2,359.36 1 0
github.com/prometheus/prometheus/rules/alerting.go:362.49,366.2 3 0
github.com/prometheus/prometheus/rules/alerting.go:374.164,377.16 3 0
github.com/prometheus/prometheus/rules/alerting.go:377.16,379.3 1 0
github.com/prometheus/prometheus/rules/alerting.go:383.2,389.27 6 0
github.com/prometheus/prometheus/rules/alerting.go:389.27,403.38 4 0
github.com/prometheus/prometheus/rules/alerting.go:403.38,415.18 3 0
github.com/prometheus/prometheus/rules/alerting.go:415.18,418.5 2 0
github.com/prometheus/prometheus/rules/alerting.go:419.4,419.17 1 0
github.com/prometheus/prometheus/rules/alerting.go:422.3,424.39 3 0
github.com/prometheus/prometheus/rules/alerting.go:424.39,426.4 1 0
github.com/prometheus/prometheus/rules/alerting.go:427.3,430.44 3 0
github.com/prometheus/prometheus/rules/alerting.go:430.44,432.4 1 0
github.com/prometheus/prometheus/rules/alerting.go:433.3,439.29 5 0
github.com/prometheus/prometheus/rules/alerting.go:439.29,441.4 1 0
github.com/prometheus/prometheus/rules/alerting.go:443.3,449.4 1 0
github.com/prometheus/prometheus/rules/alerting.go:452.2,455.27 3 0
github.com/prometheus/prometheus/rules/alerting.go:455.27,458.67 1 0
github.com/prometheus/prometheus/rules/alerting.go:458.67,461.12 3 0
github.com/prometheus/prometheus/rules/alerting.go:464.3,464.18 1 0
github.com/prometheus/prometheus/rules/alerting.go:467.2,469.30 2 0
github.com/prometheus/prometheus/rules/alerting.go:469.30,470.34 1 0
github.com/prometheus/prometheus/rules/alerting.go:470.34,477.53 2 0
github.com/prometheus/prometheus/rules/alerting.go:477.53,478.35 1 0
github.com/prometheus/prometheus/rules/alerting.go:478.35,480.6 1 0
github.com/prometheus/prometheus/rules/alerting.go:481.5,481.52 1 0
github.com/prometheus/prometheus/rules/alerting.go:481.52,483.6 1 0
github.com/prometheus/prometheus/rules/alerting.go:497.4,497.103 1 0
github.com/prometheus/prometheus/rules/alerting.go:497.103,499.5 1 0
github.com/prometheus/prometheus/rules/alerting.go:500.4,500.47 1 0
github.com/prometheus/prometheus/rules/alerting.go:500.47,503.5 2 0
github.com/prometheus/prometheus/rules/alerting.go:504.4,504.19 1 0
github.com/prometheus/prometheus/rules/alerting.go:504.19,505.13 1 0
github.com/prometheus/prometheus/rules/alerting.go:507.9,510.4 1 0
github.com/prometheus/prometheus/rules/alerting.go:511.3,513.70 2 0
github.com/prometheus/prometheus/rules/alerting.go:513.70,516.4 2 0
github.com/prometheus/prometheus/rules/alerting.go:518.3,518.24 1 0
github.com/prometheus/prometheus/rules/alerting.go:518.24,521.4 2 0
github.com/prometheus/prometheus/rules/alerting.go:524.2,524.43 1 0
github.com/prometheus/prometheus/rules/alerting.go:524.43,527.3 2 0
github.com/prometheus/prometheus/rules/alerting.go:529.2,529.17 1 0
github.com/prometheus/prometheus/rules/alerting.go:534.43,539.29 4 0
github.com/prometheus/prometheus/rules/alerting.go:539.29,540.25 1 0
github.com/prometheus/prometheus/rules/alerting.go:540.25,542.4 1 0
github.com/prometheus/prometheus/rules/alerting.go:544.2,544.17 1 0
github.com/prometheus/prometheus/rules/alerting.go:548.48,550.38 2 0
github.com/prometheus/prometheus/rules/alerting.go:550.38,551.28 1 0
github.com/prometheus/prometheus/rules/alerting.go:551.28,553.4 1 0
github.com/prometheus/prometheus/rules/alerting.go:555.2,555.12 1 0
github.com/prometheus/prometheus/rules/alerting.go:560.49,566.29 4 0
github.com/prometheus/prometheus/rules/alerting.go:566.29,569.3 2 0
github.com/prometheus/prometheus/rules/alerting.go:570.2,570.15 1 0
github.com/prometheus/prometheus/rules/alerting.go:577.59,581.29 3 0
github.com/prometheus/prometheus/rules/alerting.go:581.29,583.3 1 0
github.com/prometheus/prometheus/rules/alerting.go:586.48,591.2 3 0
github.com/prometheus/prometheus/rules/alerting.go:593.130,595.42 2 0
github.com/prometheus/prometheus/rules/alerting.go:595.42,596.42 1 0
github.com/prometheus/prometheus/rules/alerting.go:596.42,600.30 3 0
github.com/prometheus/prometheus/rules/alerting.go:600.30,602.5 1 0
github.com/prometheus/prometheus/rules/alerting.go:603.4,607.34 4 0
github.com/prometheus/prometheus/rules/alerting.go:610.2,610.47 1 0
github.com/prometheus/prometheus/rules/alerting.go:613.40,624.16 3 0
github.com/prometheus/prometheus/rules/alerting.go:624.16,626.3 1 0
github.com/prometheus/prometheus/rules/alerting.go:628.2,628.20 1 0
github.com/prometheus/prometheus/rules/group.go:98.38,100.17 2 0
github.com/prometheus/prometheus/rules/group.go:100.17,102.3 1 0
github.com/prometheus/prometheus/rules/group.go:103.2,104.20 2 0
github.com/prometheus/prometheus/rules/group.go:104.20,106.3 1 0
github.com/prometheus/prometheus/rules/group.go:108.2,121.30 13 0
github.com/prometheus/prometheus/rules/group.go:121.30,123.3 1 0
github.com/prometheus/prometheus/rules/group.go:125.2,125.24 1 0
github.com/prometheus/prometheus/rules/group.go:125.24,127.3 1 0
github.com/prometheus/prometheus/rules/group.go:129.2,146.3 1 0
github.com/prometheus/prometheus/rules/group.go:150.31,150.48 1 0
github.com/prometheus/prometheus/rules/group.go:153.31,153.48 1 0
github.com/prometheus/prometheus/rules/group.go:156.64,157.27 1 0
github.com/prometheus/prometheus/rules/group.go:157.27,159.3 1 0
github.com/prometheus/prometheus/rules/group.go:160.2,161.31 2 0
github.com/prometheus/prometheus/rules/group.go:161.31,162.53 1 0
github.com/prometheus/prometheus/rules/group.go:162.53,164.4 1 0
github.com/prometheus/prometheus/rules/group.go:166.2,166.14 1 0
github.com/prometheus/prometheus/rules/group.go:169.68,170.29 1 0
github.com/prometheus/prometheus/rules/group.go:170.29,171.43 1 0
github.com/prometheus/prometheus/rules/group.go:171.43,173.4 1 0
github.com/prometheus/prometheus/rules/group.go:175.2,175.13 1 0
github.com/prometheus/prometheus/rules/group.go:179.83,180.27 1 0
github.com/prometheus/prometheus/rules/group.go:180.27,182.3 1 0
github.com/prometheus/prometheus/rules/group.go:184.2,185.39 2 0
github.com/prometheus/prometheus/rules/group.go:185.39,186.33 1 0
github.com/prometheus/prometheus/rules/group.go:186.33,188.4 1 0
github.com/prometheus/prometheus/rules/group.go:190.2,190.11 1 0
github.com/prometheus/prometheus/rules/group.go:194.47,194.74 1 0
github.com/prometheus/prometheus/rules/group.go:197.43,197.68 1 0
github.com/prometheus/prometheus/rules/group.go:200.42,200.63 1 0
github.com/prometheus/prometheus/rules/group.go:203.29,203.47 1 0
github.com/prometheus/prometheus/rules/group.go:205.39,205.58 1 0
github.com/prometheus/prometheus/rules/group.go:207.42,212.9 3 0
github.com/prometheus/prometheus/rules/group.go:213.47,213.47 0 0
github.com/prometheus/prometheus/rules/group.go:214.16,215.9 1 0
github.com/prometheus/prometheus/rules/group.go:218.2,231.15 4 0
github.com/prometheus/prometheus/rules/group.go:231.15,232.19 1 0
github.com/prometheus/prometheus/rules/group.go:232.19,234.4 1 0
github.com/prometheus/prometheus/rules/group.go:235.3,235.26 1 0
github.com/prometheus/prometheus/rules/group.go:235.26,236.48 1 0
github.com/prometheus/prometheus/rules/group.go:236.48,237.28 1 0
github.com/prometheus/prometheus/rules/group.go:237.28,239.6 1 0
github.com/prometheus/prometheus/rules/group.go:242.4,246.11 2 0
github.com/prometheus/prometheus/rules/group.go:247.25,247.25 0 0
github.com/prometheus/prometheus/rules/group.go:248.38,249.35 1 0
github.com/prometheus/prometheus/rules/group.go:254.2,255.21 2 0
github.com/prometheus/prometheus/rules/group.go:255.21,260.10 1 0
github.com/prometheus/prometheus/rules/group.go:261.17,262.10 1 0
github.com/prometheus/prometheus/rules/group.go:263.17,265.18 2 0
github.com/prometheus/prometheus/rules/group.go:265.18,268.5 2 0
github.com/prometheus/prometheus/rules/group.go:269.4,270.46 2 0
github.com/prometheus/prometheus/rules/group.go:273.3,273.32 1 0
github.com/prometheus/prometheus/rules/group.go:276.2,276.6 1 0
github.com/prometheus/prometheus/rules/group.go:276.6,277.10 1 0
github.com/prometheus/prometheus/rules/group.go:278.17,279.10 1 0
github.com/prometheus/prometheus/rules/group.go:280.11,281.11 1 0
github.com/prometheus/prometheus/rules/group.go:282.18,283.11 1 0
github.com/prometheus/prometheus/rules/group.go:284.18,286.19 2 0
github.com/prometheus/prometheus/rules/group.go:286.19,289.6 2 0
github.com/prometheus/prometheus/rules/group.go:290.5,292.47 2 0
github.com/prometheus/prometheus/rules/group.go:298.29,300.2 1 0
github.com/prometheus/prometheus/rules/group.go:302.31,304.2 1 0
github.com/prometheus/prometheus/rules/group.go:306.24,309.2 2 0
github.com/prometheus/prometheus/rules/group.go:311.31,317.2 2 0
github.com/prometheus/prometheus/rules/group.go:320.49,325.31 4 0
github.com/prometheus/prometheus/rules/group.go:325.31,326.51 1 0
github.com/prometheus/prometheus/rules/group.go:326.51,328.4 1 0
github.com/prometheus/prometheus/rules/group.go:330.2,330.55 1 0
github.com/prometheus/prometheus/rules/group.go:330.55,331.29 1 0
github.com/prometheus/prometheus/rules/group.go:331.29,333.4 1 0
github.com/prometheus/prometheus/rules/group.go:334.3,334.36 1 0
github.com/prometheus/prometheus/rules/group.go:336.2,336.15 1 0
github.com/prometheus/prometheus/rules/group.go:340.41,344.31 3 0
github.com/prometheus/prometheus/rules/group.go:344.31,345.40 1 0
github.com/prometheus/prometheus/rules/group.go:345.40,347.4 1 0
github.com/prometheus/prometheus/rules/group.go:349.2,349.14 1 0
github.com/prometheus/prometheus/rules/group.go:353.51,357.2 3 0
github.com/prometheus/prometheus/rules/group.go:360.54,366.2 4 0
github.com/prometheus/prometheus/rules/group.go:369.58,373.2 3 0
github.com/prometheus/prometheus/rules/group.go:377.47,379.31 2 0
github.com/prometheus/prometheus/rules/group.go:379.31,381.3 1 0
github.com/prometheus/prometheus/rules/group.go:383.2,387.31 4 0
github.com/prometheus/prometheus/rules/group.go:391.47,395.2 3 0
github.com/prometheus/prometheus/rules/group.go:398.49,404.2 4 0
github.com/prometheus/prometheus/rules/group.go:407.50,411.2 3 0
github.com/prometheus/prometheus/rules/group.go:414.52,418.2 3 0
github.com/prometheus/prometheus/rules/group.go:421.58,444.2 2 0
github.com/prometheus/prometheus/rules/group.go:446.38,448.2 1 0
github.com/prometheus/prometheus/rules/group.go:454.40,460.39 4 0
github.com/prometheus/prometheus/rules/group.go:460.39,464.3 3 0
github.com/prometheus/prometheus/rules/group.go:466.2,466.31 1 0
github.com/prometheus/prometheus/rules/group.go:466.31,469.24 3 0
github.com/prometheus/prometheus/rules/group.go:469.24,470.12 1 0
github.com/prometheus/prometheus/rules/group.go:472.3,477.10 5 0
github.com/prometheus/prometheus/rules/group.go:477.10,478.12 1 0
github.com/prometheus/prometheus/rules/group.go:480.3,481.10 2 0
github.com/prometheus/prometheus/rules/group.go:481.10,482.12 1 0
github.com/prometheus/prometheus/rules/group.go:485.3,485.33 1 0
github.com/prometheus/prometheus/rules/group.go:485.33,487.4 1 0
github.com/prometheus/prometheus/rules/group.go:491.2,492.39 2 0
github.com/prometheus/prometheus/rules/group.go:492.39,495.18 3 0
github.com/prometheus/prometheus/rules/group.go:495.18,496.57 1 0
github.com/prometheus/prometheus/rules/group.go:496.57,498.5 1 0
github.com/prometheus/prometheus/rules/group.go:505.57,510.49 2 0
github.com/prometheus/prometheus/rules/group.go:510.49,511.21 1 0
github.com/prometheus/prometheus/rules/group.go:511.21,513.4 1 0
github.com/prometheus/prometheus/rules/group.go:515.3,518.27 4 0
github.com/prometheus/prometheus/rules/group.go:518.27,525.4 5 0
github.com/prometheus/prometheus/rules/group.go:527.3,527.68 1 0
github.com/prometheus/prometheus/rules/group.go:527.68,529.4 1 0
github.com/prometheus/prometheus/rules/group.go:531.3,534.17 3 0
github.com/prometheus/prometheus/rules/group.go:534.17,543.29 6 0
github.com/prometheus/prometheus/rules/group.go:543.29,545.5 1 0
github.com/prometheus/prometheus/rules/group.go:546.4,546.10 1 0
github.com/prometheus/prometheus/rules/group.go:548.3,552.41 4 0
github.com/prometheus/prometheus/rules/group.go:552.41,554.4 1 0
github.com/prometheus/prometheus/rules/group.go:555.3,563.16 4 0
github.com/prometheus/prometheus/rules/group.go:563.16,564.39 1 0
github.com/prometheus/prometheus/rules/group.go:564.39,572.5 6 0
github.com/prometheus/prometheus/rules/group.go:573.4,573.46 1 0
github.com/prometheus/prometheus/rules/group.go:576.3,576.28 1 0
github.com/prometheus/prometheus/rules/group.go:576.28,577.18 1 0
github.com/prometheus/prometheus/rules/group.go:577.18,579.5 1 0
github.com/prometheus/prometheus/rules/group.go:579.10,582.5 2 0
github.com/prometheus/prometheus/rules/group.go:584.4,584.18 1 0
github.com/prometheus/prometheus/rules/group.go:584.18,589.28 5 0
github.com/prometheus/prometheus/rules/group.go:589.28,591.6 1 0
github.com/prometheus/prometheus/rules/group.go:592.5,592.12 1 0
github.com/prometheus/prometheus/rules/group.go:593.63,595.79 2 0
github.com/prometheus/prometheus/rules/group.go:596.59,598.79 2 0
github.com/prometheus/prometheus/rules/group.go:599.74,601.79 2 0
github.com/prometheus/prometheus/rules/group.go:602.13,603.78 1 0
github.com/prometheus/prometheus/rules/group.go:605.10,608.5 2 0
github.com/prometheus/prometheus/rules/group.go:610.3,610.24 1 0
github.com/prometheus/prometheus/rules/group.go:610.24,612.4 1 0
github.com/prometheus/prometheus/rules/group.go:613.3,613.20 1 0
github.com/prometheus/prometheus/rules/group.go:613.20,615.4 1 0
github.com/prometheus/prometheus/rules/group.go:616.3,616.24 1 0
github.com/prometheus/prometheus/rules/group.go:616.24,618.4 1 0
github.com/prometheus/prometheus/rules/group.go:620.3,620.55 1 0
github.com/prometheus/prometheus/rules/group.go:620.55,621.44 1 0
github.com/prometheus/prometheus/rules/group.go:621.44,625.28 3 0
github.com/prometheus/prometheus/rules/group.go:625.28,627.6 1 0
github.com/prometheus/prometheus/rules/group.go:628.5,628.12 1 0
github.com/prometheus/prometheus/rules/group.go:629.30,629.30 0 0
github.com/prometheus/prometheus/rules/group.go:632.70,632.70 0 0
github.com/prometheus/prometheus/rules/group.go:635.13,636.84 1 0
github.com/prometheus/prometheus/rules/group.go:642.2,644.17 3 0
github.com/prometheus/prometheus/rules/group.go:644.17,646.3 1 0
github.com/prometheus/prometheus/rules/group.go:648.2,649.23 2 0
github.com/prometheus/prometheus/rules/group.go:649.23,652.32 1 0
github.com/prometheus/prometheus/rules/group.go:652.32,654.11 1 0
github.com/prometheus/prometheus/rules/group.go:655.18,656.11 1 0
github.com/prometheus/prometheus/rules/group.go:657.12,657.12 0 0
github.com/prometheus/prometheus/rules/group.go:659.4,659.22 1 0
github.com/prometheus/prometheus/rules/group.go:661.8,663.33 1 0
github.com/prometheus/prometheus/rules/group.go:663.33,664.36 1 0
github.com/prometheus/prometheus/rules/group.go:664.36,666.12 1 0
github.com/prometheus/prometheus/rules/group.go:667.19,669.12 2 0
github.com/prometheus/prometheus/rules/group.go:670.13,670.13 0 0
github.com/prometheus/prometheus/rules/group.go:672.5,673.51 2 0
github.com/prometheus/prometheus/rules/group.go:673.51,676.38 2 0
github.com/prometheus/prometheus/rules/group.go:676.38,679.7 2 0
github.com/prometheus/prometheus/rules/group.go:680.11,682.6 1 0
github.com/prometheus/prometheus/rules/group.go:685.4,685.13 1 0
github.com/prometheus/prometheus/rules/group.go:689.2,690.31 2 0
github.com/prometheus/prometheus/rules/group.go:693.45,694.26 1 0
github.com/prometheus/prometheus/rules/group.go:694.26,696.3 1 0
github.com/prometheus/prometheus/rules/group.go:698.2,698.42 1 0
github.com/prometheus/prometheus/rules/group.go:698.42,700.3 1 0
github.com/prometheus/prometheus/rules/group.go:702.2,702.25 1 0
github.com/prometheus/prometheus/rules/group.go:705.71,706.29 1 0
github.com/prometheus/prometheus/rules/group.go:706.29,708.3 1 0
github.com/prometheus/prometheus/rules/group.go:709.2,712.34 4 0
github.com/prometheus/prometheus/rules/group.go:712.34,716.26 3 0
github.com/prometheus/prometheus/rules/group.go:716.26,718.4 1 0
github.com/prometheus/prometheus/rules/group.go:719.3,719.10 1 0
github.com/prometheus/prometheus/rules/group.go:720.28,720.28 0 0
github.com/prometheus/prometheus/rules/group.go:723.68,723.68 0 0
github.com/prometheus/prometheus/rules/group.go:726.11,727.99 1 0
github.com/prometheus/prometheus/rules/group.go:730.2,730.37 1 0
github.com/prometheus/prometheus/rules/group.go:730.37,732.3 1 0
github.com/prometheus/prometheus/rules/group.go:732.8,734.3 1 0
github.com/prometheus/prometheus/rules/group.go:739.47,740.15 1 0
github.com/prometheus/prometheus/rules/group.go:740.15,745.3 4 0
github.com/prometheus/prometheus/rules/group.go:746.2,751.16 5 0
github.com/prometheus/prometheus/rules/group.go:751.16,754.3 2 0
github.com/prometheus/prometheus/rules/group.go:755.2,755.15 1 0
github.com/prometheus/prometheus/rules/group.go:755.15,756.35 1 0
github.com/prometheus/prometheus/rules/group.go:756.35,758.4 1 0
github.com/prometheus/prometheus/rules/group.go:761.2,761.33 1 0
github.com/prometheus/prometheus/rules/group.go:761.33,763.10 2 0
github.com/prometheus/prometheus/rules/group.go:763.10,764.12 1 0
github.com/prometheus/prometheus/rules/group.go:767.3,768.48 2 0
github.com/prometheus/prometheus/rules/group.go:768.48,773.12 2 0
github.com/prometheus/prometheus/rules/group.go:776.3,777.17 2 0
github.com/prometheus/prometheus/rules/group.go:777.17,787.12 3 0
github.com/prometheus/prometheus/rules/group.go:791.3,792.19 2 0
github.com/prometheus/prometheus/rules/group.go:792.19,794.4 1 0
github.com/prometheus/prometheus/rules/group.go:797.3,797.31 1 0
github.com/prometheus/prometheus/rules/group.go:797.31,800.12 3 0
github.com/prometheus/prometheus/rules/group.go:803.3,803.47 1 0
github.com/prometheus/prometheus/rules/group.go:803.47,807.11 3 0
github.com/prometheus/prometheus/rules/group.go:807.11,809.5 1 0
github.com/prometheus/prometheus/rules/group.go:811.4,814.39 4 0
github.com/prometheus/prometheus/rules/group.go:814.39,816.5 1 0
github.com/prometheus/prometheus/rules/group.go:817.4,817.23 1 0
github.com/prometheus/prometheus/rules/group.go:817.23,821.5 2 0
github.com/prometheus/prometheus/rules/group.go:822.4,822.27 1 0
github.com/prometheus/prometheus/rules/group.go:822.27,824.5 1 0
github.com/prometheus/prometheus/rules/group.go:826.4,831.11 5 0
github.com/prometheus/prometheus/rules/group.go:832.35,832.35 0 0
github.com/prometheus/prometheus/rules/group.go:837.54,849.77 1 0
github.com/prometheus/prometheus/rules/group.go:850.12,856.58 2 0
github.com/prometheus/prometheus/rules/group.go:859.4,862.33 2 0
github.com/prometheus/prometheus/rules/group.go:865.3,865.30 1 0
github.com/prometheus/prometheus/rules/group.go:870.40,871.23 1 0
github.com/prometheus/prometheus/rules/group.go:871.23,873.3 1 0
github.com/prometheus/prometheus/rules/group.go:875.2,875.23 1 0
github.com/prometheus/prometheus/rules/group.go:875.23,877.3 1 0
github.com/prometheus/prometheus/rules/group.go:879.2,879.31 1 0
github.com/prometheus/prometheus/rules/group.go:879.31,881.3 1 0
github.com/prometheus/prometheus/rules/group.go:883.2,883.25 1 0
github.com/prometheus/prometheus/rules/group.go:883.25,885.3 1 0
github.com/prometheus/prometheus/rules/group.go:887.2,887.145 1 0
github.com/prometheus/prometheus/rules/group.go:887.145,889.3 1 0
github.com/prometheus/prometheus/rules/group.go:891.2,891.35 1 0
github.com/prometheus/prometheus/rules/group.go:891.35,893.3 1 0
github.com/prometheus/prometheus/rules/group.go:895.2,895.29 1 0
github.com/prometheus/prometheus/rules/group.go:895.29,896.42 1 0
github.com/prometheus/prometheus/rules/group.go:896.42,898.4 1 0
github.com/prometheus/prometheus/rules/group.go:901.2,901.13 1 0
github.com/prometheus/prometheus/rules/group.go:905.41,907.2 1 0
github.com/prometheus/prometheus/rules/group.go:931.58,1036.16 2 0
github.com/prometheus/prometheus/rules/group.go:1036.16,1052.3 1 0
github.com/prometheus/prometheus/rules/group.go:1054.2,1054.10 1 0
github.com/prometheus/prometheus/rules/group.go:1063.50,1065.2 1 0
github.com/prometheus/prometheus/rules/group.go:1068.52,1069.17 1 0
github.com/prometheus/prometheus/rules/group.go:1069.17,1071.3 1 0
github.com/prometheus/prometheus/rules/group.go:1073.2,1074.34 2 0
github.com/prometheus/prometheus/rules/group.go:1074.34,1075.37 1 0
github.com/prometheus/prometheus/rules/group.go:1075.37,1077.4 1 0
github.com/prometheus/prometheus/rules/group.go:1080.2,1080.21 1 0
github.com/prometheus/prometheus/rules/group.go:1085.51,1086.14 1 0
github.com/prometheus/prometheus/rules/group.go:1086.14,1088.3 1 0
github.com/prometheus/prometheus/rules/group.go:1090.2,1090.65 1 0
github.com/prometheus/prometheus/rules/group.go:1104.53,1107.21 2 0
github.com/prometheus/prometheus/rules/group.go:1107.21,1110.3 1 0
github.com/prometheus/prometheus/rules/group.go:1112.2,1114.29 2 0
github.com/prometheus/prometheus/rules/group.go:1114.29,1115.20 1 0
github.com/prometheus/prometheus/rules/group.go:1115.20,1116.9 1 0
github.com/prometheus/prometheus/rules/group.go:1119.3,1119.78 1 0
github.com/prometheus/prometheus/rules/group.go:1119.78,1120.50 1 0
github.com/prometheus/prometheus/rules/group.go:1120.50,1123.21 2 0
github.com/prometheus/prometheus/rules/group.go:1123.21,1125.6 1 0
github.com/prometheus/prometheus/rules/group.go:1125.11,1126.40 1 0
github.com/prometheus/prometheus/rules/group.go:1126.40,1127.42 1 0
github.com/prometheus/prometheus/rules/group.go:1127.42,1129.13 2 0
github.com/prometheus/prometheus/rules/group.go:1136.5,1136.27 1 0
github.com/prometheus/prometheus/rules/group.go:1136.27,1139.6 2 0
github.com/prometheus/prometheus/rules/group.go:1143.5,1143.93 1 0
github.com/prometheus/prometheus/rules/group.go:1143.93,1146.6 2 0
github.com/prometheus/prometheus/rules/group.go:1149.5,1149.33 1 0
github.com/prometheus/prometheus/rules/group.go:1149.33,1150.23 1 0
github.com/prometheus/prometheus/rules/group.go:1150.23,1151.15 1 0
github.com/prometheus/prometheus/rules/group.go:1154.6,1155.40 2 0
github.com/prometheus/prometheus/rules/group.go:1155.40,1157.7 1 0
github.com/prometheus/prometheus/rules/group.go:1160.4,1160.14 1 0
github.com/prometheus/prometheus/rules/group.go:1164.2,1164.19 1 0
github.com/prometheus/prometheus/rules/group.go:1164.19,1166.3 1 0
github.com/prometheus/prometheus/rules/group.go:1168.2,1168.21 1 0
github.com/prometheus/prometheus/rules/manager.go:47.80,48.82 1 1
github.com/prometheus/prometheus/rules/manager.go:48.82,50.17 2 1
github.com/prometheus/prometheus/rules/manager.go:50.17,52.4 1 0
github.com/prometheus/prometheus/rules/manager.go:53.3,54.21 2 1
github.com/prometheus/prometheus/rules/manager.go:54.21,56.4 1 0
github.com/prometheus/prometheus/rules/manager.go:57.3,57.32 1 1
github.com/prometheus/prometheus/rules/manager.go:58.22,59.17 1 1
github.com/prometheus/prometheus/rules/manager.go:60.22,65.11 1 0
github.com/prometheus/prometheus/rules/manager.go:66.11,67.67 1 0
github.com/prometheus/prometheus/rules/manager.go:78.87,90.2 9 0
github.com/prometheus/prometheus/rules/manager.go:137.45,138.22 1 0
github.com/prometheus/prometheus/rules/manager.go:138.22,140.3 1 0
github.com/prometheus/prometheus/rules/manager.go:142.2,142.26 1 0
github.com/prometheus/prometheus/rules/manager.go:142.26,144.3 1 0
github.com/prometheus/prometheus/rules/manager.go:146.2,146.40 1 0
github.com/prometheus/prometheus/rules/manager.go:146.40,147.31 1 0
github.com/prometheus/prometheus/rules/manager.go:147.31,149.4 1 0
github.com/prometheus/prometheus/rules/manager.go:149.9,151.4 1 0
github.com/prometheus/prometheus/rules/manager.go:154.2,154.39 1 0
github.com/prometheus/prometheus/rules/manager.go:154.39,156.3 1 0
github.com/prometheus/prometheus/rules/manager.go:158.2,158.21 1 0
github.com/prometheus/prometheus/rules/manager.go:158.21,160.3 1 0
github.com/prometheus/prometheus/rules/manager.go:162.2,171.10 2 0
github.com/prometheus/prometheus/rules/manager.go:175.25,179.2 3 0
github.com/prometheus/prometheus/rules/manager.go:181.27,183.2 1 0
github.com/prometheus/prometheus/rules/manager.go:186.26,194.30 4 0
github.com/prometheus/prometheus/rules/manager.go:194.30,196.3 1 0
github.com/prometheus/prometheus/rules/manager.go:198.2,198.30 1 0
github.com/prometheus/prometheus/rules/manager.go:198.30,200.3 1 0
github.com/prometheus/prometheus/rules/manager.go:204.2,206.39 2 0
github.com/prometheus/prometheus/rules/manager.go:212.169,217.9 3 0
github.com/prometheus/prometheus/rules/manager.go:218.16,219.13 1 0
github.com/prometheus/prometheus/rules/manager.go:220.10,220.10 0 0
github.com/prometheus/prometheus/rules/manager.go:223.2,225.17 2 0
github.com/prometheus/prometheus/rules/manager.go:225.17,226.26 1 0
github.com/prometheus/prometheus/rules/manager.go:226.26,228.4 1 0
github.com/prometheus/prometheus/rules/manager.go:229.3,229.71 1 0
github.com/prometheus/prometheus/rules/manager.go:231.2,234.30 3 0
github.com/prometheus/prometheus/rules/manager.go:234.30,243.30 4 0
github.com/prometheus/prometheus/rules/manager.go:243.30,245.12 2 0
github.com/prometheus/prometheus/rules/manager.go:248.3,249.24 2 0
github.com/prometheus/prometheus/rules/manager.go:249.24,250.10 1 0
github.com/prometheus/prometheus/rules/manager.go:250.10,253.5 2 0
github.com/prometheus/prometheus/rules/manager.go:254.4,259.28 3 0
github.com/prometheus/prometheus/rules/manager.go:264.2,265.32 2 0
github.com/prometheus/prometheus/rules/manager.go:265.32,266.31 1 0
github.com/prometheus/prometheus/rules/manager.go:266.31,269.32 3 0
github.com/prometheus/prometheus/rules/manager.go:269.32,279.5 9 0
github.com/prometheus/prometheus/rules/manager.go:280.4,280.13 1 0
github.com/prometheus/prometheus/rules/manager.go:284.2,287.12 3 0
github.com/prometheus/prometheus/rules/manager.go:300.100,302.2 1 0
github.com/prometheus/prometheus/rules/manager.go:304.60,304.94 1 0
github.com/prometheus/prometheus/rules/manager.go:309.32,314.31 3 0
github.com/prometheus/prometheus/rules/manager.go:314.31,316.18 2 0
github.com/prometheus/prometheus/rules/manager.go:316.18,318.4 1 0
github.com/prometheus/prometheus/rules/manager.go:320.3,320.33 1 0
github.com/prometheus/prometheus/rules/manager.go:320.33,322.24 2 0
github.com/prometheus/prometheus/rules/manager.go:322.24,324.5 1 0
github.com/prometheus/prometheus/rules/manager.go:326.4,327.31 2 0
github.com/prometheus/prometheus/rules/manager.go:327.31,329.19 2 0
github.com/prometheus/prometheus/rules/manager.go:329.19,331.6 1 0
github.com/prometheus/prometheus/rules/manager.go:333.5,335.22 2 0
github.com/prometheus/prometheus/rules/manager.go:335.22,348.14 2 0
github.com/prometheus/prometheus/rules/manager.go:350.5,354.7 1 0
github.com/prometheus/prometheus/rules/manager.go:358.4,371.6 2 0
github.com/prometheus/prometheus/rules/manager.go:375.2,375.20 1 0
github.com/prometheus/prometheus/rules/manager.go:379.41,384.29 4 0
github.com/prometheus/prometheus/rules/manager.go:384.29,386.3 1 0
github.com/prometheus/prometheus/rules/manager.go:388.2,388.45 1 0
github.com/prometheus/prometheus/rules/manager.go:388.45,393.23 2 0
github.com/prometheus/prometheus/rules/manager.go:393.23,395.4 1 0
github.com/prometheus/prometheus/rules/manager.go:396.3,396.41 1 0
github.com/prometheus/prometheus/rules/manager.go:399.2,399.12 1 0
github.com/prometheus/prometheus/rules/manager.go:403.66,408.29 4 0
github.com/prometheus/prometheus/rules/manager.go:408.29,410.3 1 0
github.com/prometheus/prometheus/rules/manager.go:412.2,412.14 1 0
github.com/prometheus/prometheus/rules/manager.go:416.51,418.33 2 0
github.com/prometheus/prometheus/rules/manager.go:418.33,419.51 1 0
github.com/prometheus/prometheus/rules/manager.go:419.51,421.4 1 0
github.com/prometheus/prometheus/rules/manager.go:424.2,424.15 1 0
github.com/prometheus/prometheus/rules/manager.go:432.58,433.64 1 0
github.com/prometheus/prometheus/rules/manager.go:433.64,436.32 2 0
github.com/prometheus/prometheus/rules/manager.go:436.32,443.34 2 0
github.com/prometheus/prometheus/rules/manager.go:443.34,445.5 1 0
github.com/prometheus/prometheus/rules/manager.go:445.10,447.5 1 0
github.com/prometheus/prometheus/rules/manager.go:448.4,448.24 1 0
github.com/prometheus/prometheus/rules/manager.go:451.3,451.22 1 0
github.com/prometheus/prometheus/rules/manager.go:451.22,453.4 1 0
github.com/prometheus/prometheus/rules/manager.go:468.62,471.19 2 0
github.com/prometheus/prometheus/rules/manager.go:471.19,473.3 1 0
github.com/prometheus/prometheus/rules/manager.go:475.2,475.26 1 0
github.com/prometheus/prometheus/rules/manager.go:475.26,478.3 2 0
github.com/prometheus/prometheus/rules/manager.go:506.83,510.2 1 0
github.com/prometheus/prometheus/rules/manager.go:512.88,514.2 1 0
github.com/prometheus/prometheus/rules/manager.go:516.109,527.28 4 0
github.com/prometheus/prometheus/rules/manager.go:527.28,528.10 1 0
github.com/prometheus/prometheus/rules/manager.go:529.30,530.46 1 0
github.com/prometheus/prometheus/rules/manager.go:531.56,532.68 1 0
github.com/prometheus/prometheus/rules/manager.go:533.29,534.42 1 0
github.com/prometheus/prometheus/rules/manager.go:538.2,539.29 2 0
github.com/prometheus/prometheus/rules/manager.go:539.29,541.3 1 0
github.com/prometheus/prometheus/rules/manager.go:542.2,542.46 1 0
github.com/prometheus/prometheus/rules/manager.go:542.46,544.3 1 0
github.com/prometheus/prometheus/rules/manager.go:545.2,545.27 1 0
github.com/prometheus/prometheus/rules/manager.go:545.27,547.3 1 0
github.com/prometheus/prometheus/rules/manager.go:549.2,549.14 1 0
github.com/prometheus/prometheus/rules/manager.go:552.64,554.2 1 0
github.com/prometheus/prometheus/rules/manager.go:561.87,563.2 1 0
github.com/prometheus/prometheus/rules/manager.go:565.108,567.2 1 0
github.com/prometheus/prometheus/rules/manager.go:569.64,569.65 0 0
github.com/prometheus/prometheus/rules/manager.go:572.56,575.25 2 0
github.com/prometheus/prometheus/rules/manager.go:575.25,576.23 1 0
github.com/prometheus/prometheus/rules/manager.go:576.23,578.4 1 0
github.com/prometheus/prometheus/rules/manager.go:581.2,581.32 1 0
github.com/prometheus/prometheus/rules/manager.go:585.42,587.31 2 0
github.com/prometheus/prometheus/rules/manager.go:587.31,589.17 2 0
github.com/prometheus/prometheus/rules/manager.go:589.17,591.4 1 0
github.com/prometheus/prometheus/rules/manager.go:592.3,592.26 1 0
github.com/prometheus/prometheus/rules/manager.go:592.26,594.18 2 0
github.com/prometheus/prometheus/rules/manager.go:594.18,596.5 1 0
github.com/prometheus/prometheus/rules/manager.go:597.4,598.18 2 0
github.com/prometheus/prometheus/rules/manager.go:598.18,600.5 1 0
github.com/prometheus/prometheus/rules/manager.go:601.4,601.26 1 0
github.com/prometheus/prometheus/rules/manager.go:604.2,604.29 1 0
github.com/prometheus/prometheus/rules/manager.go:604.29,606.20 2 0
github.com/prometheus/prometheus/rules/manager.go:606.20,608.4 1 0
github.com/prometheus/prometheus/rules/manager.go:610.2,610.12 1 0
github.com/prometheus/prometheus/rules/origin.go:47.39,49.18 2 1
github.com/prometheus/prometheus/rules/origin.go:50.21,51.22 1 0
github.com/prometheus/prometheus/rules/origin.go:52.22,53.23 1 1
github.com/prometheus/prometheus/rules/origin.go:54.10,55.50 1 0
github.com/prometheus/prometheus/rules/origin.go:58.2,65.3 1 1
github.com/prometheus/prometheus/rules/origin.go:69.77,71.2 1 1
github.com/prometheus/prometheus/rules/origin.go:74.56,75.58 1 0
github.com/prometheus/prometheus/rules/origin.go:75.58,77.3 1 0
github.com/prometheus/prometheus/rules/origin.go:78.2,78.21 1 0
github.com/prometheus/prometheus/rules/recording.go:53.91,63.2 1 1
github.com/prometheus/prometheus/rules/recording.go:66.42,68.2 1 1
github.com/prometheus/prometheus/rules/recording.go:71.48,73.2 1 1
github.com/prometheus/prometheus/rules/recording.go:76.51,78.2 1 1
github.com/prometheus/prometheus/rules/recording.go:81.158,84.16 3 1
github.com/prometheus/prometheus/rules/recording.go:84.16,86.3 1 0
github.com/prometheus/prometheus/rules/recording.go:89.2,91.24 2 1
github.com/prometheus/prometheus/rules/recording.go:91.24,97.42 4 1
github.com/prometheus/prometheus/rules/recording.go:97.42,99.4 1 1
github.com/prometheus/prometheus/rules/recording.go:101.3,101.30 1 1
github.com/prometheus/prometheus/rules/recording.go:106.2,106.35 1 1
github.com/prometheus/prometheus/rules/recording.go:106.35,108.3 1 0
github.com/prometheus/prometheus/rules/recording.go:110.2,111.36 2 1
github.com/prometheus/prometheus/rules/recording.go:111.36,113.3 1 1
github.com/prometheus/prometheus/rules/recording.go:115.2,117.20 3 1
github.com/prometheus/prometheus/rules/recording.go:120.44,128.16 3 0
github.com/prometheus/prometheus/rules/recording.go:128.16,130.3 1 0
github.com/prometheus/prometheus/rules/recording.go:132.2,132.20 1 0
github.com/prometheus/prometheus/rules/recording.go:136.69,138.2 1 0
github.com/prometheus/prometheus/rules/recording.go:141.52,143.2 1 1
github.com/prometheus/prometheus/rules/recording.go:146.46,148.2 1 0
github.com/prometheus/prometheus/rules/recording.go:151.57,153.2 1 1
github.com/prometheus/prometheus/rules/recording.go:156.48,158.2 1 0
github.com/prometheus/prometheus/rules/recording.go:161.66,163.2 1 0
github.com/prometheus/prometheus/rules/recording.go:166.65,168.2 1 0
github.com/prometheus/prometheus/rules/recording.go:171.63,173.2 1 0
github.com/prometheus/prometheus/rules/recording.go:175.65,181.2 4 0
github.com/prometheus/prometheus/rules/recording.go:183.52,187.32 3 1
github.com/prometheus/prometheus/rules/recording.go:187.32,189.3 1 1
github.com/prometheus/prometheus/rules/recording.go:191.2,191.38 1 0
github.com/prometheus/prometheus/rules/recording.go:194.52,198.2 3 0
github.com/prometheus/prometheus/rules/recording.go:200.68,206.2 4 0
github.com/prometheus/prometheus/rules/recording.go:208.53,212.33 3 1
github.com/prometheus/prometheus/rules/recording.go:212.33,214.3 1 1
github.com/prometheus/prometheus/rules/recording.go:216.2,216.39 1 0
github.com/prometheus/prometheus/rules/recording.go:219.53,223.2 3 0
