mode: set
github.com/prometheus/prometheus/promql/parser/ast.go:74.32,74.33 0 0
github.com/prometheus/prometheus/promql/parser/ast.go:199.45,199.71 1 0
github.com/prometheus/prometheus/promql/parser/ast.go:201.68,203.2 1 0
github.com/prometheus/prometheus/promql/parser/ast.go:236.38,236.65 1 0
github.com/prometheus/prometheus/promql/parser/ast.go:237.39,237.40 0 0
github.com/prometheus/prometheus/promql/parser/ast.go:238.38,238.59 1 0
github.com/prometheus/prometheus/promql/parser/ast.go:240.56,245.2 1 0
github.com/prometheus/prometheus/promql/parser/ast.go:246.43,246.69 1 0
github.com/prometheus/prometheus/promql/parser/ast.go:247.43,247.71 1 1
github.com/prometheus/prometheus/promql/parser/ast.go:248.43,248.69 1 1
github.com/prometheus/prometheus/promql/parser/ast.go:249.43,249.69 1 0
github.com/prometheus/prometheus/promql/parser/ast.go:250.43,250.69 1 0
github.com/prometheus/prometheus/promql/parser/ast.go:251.43,251.67 1 0
github.com/prometheus/prometheus/promql/parser/ast.go:252.43,252.69 1 0
github.com/prometheus/prometheus/promql/parser/ast.go:253.43,253.67 1 0
github.com/prometheus/prometheus/promql/parser/ast.go:254.43,254.69 1 1
github.com/prometheus/prometheus/promql/parser/ast.go:255.39,256.72 1 0
github.com/prometheus/prometheus/promql/parser/ast.go:256.72,258.3 1 0
github.com/prometheus/prometheus/promql/parser/ast.go:259.2,259.24 1 0
github.com/prometheus/prometheus/promql/parser/ast.go:261.46,261.70 1 0
github.com/prometheus/prometheus/promql/parser/ast.go:262.46,262.72 1 0
github.com/prometheus/prometheus/promql/parser/ast.go:264.41,264.42 0 0
github.com/prometheus/prometheus/promql/parser/ast.go:265.41,265.42 0 0
github.com/prometheus/prometheus/promql/parser/ast.go:266.41,266.42 0 0
github.com/prometheus/prometheus/promql/parser/ast.go:267.41,267.42 0 0
github.com/prometheus/prometheus/promql/parser/ast.go:268.41,268.42 0 0
github.com/prometheus/prometheus/promql/parser/ast.go:269.41,269.42 0 0
github.com/prometheus/prometheus/promql/parser/ast.go:270.41,270.42 0 0
github.com/prometheus/prometheus/promql/parser/ast.go:271.41,271.42 0 0
github.com/prometheus/prometheus/promql/parser/ast.go:272.41,272.42 0 0
github.com/prometheus/prometheus/promql/parser/ast.go:273.41,273.42 0 0
github.com/prometheus/prometheus/promql/parser/ast.go:274.41,274.42 0 0
github.com/prometheus/prometheus/promql/parser/ast.go:275.41,275.42 0 0
github.com/prometheus/prometheus/promql/parser/ast.go:288.51,289.13 1 0
github.com/prometheus/prometheus/promql/parser/ast.go:290.20,291.22 1 0
github.com/prometheus/prometheus/promql/parser/ast.go:292.21,293.23 1 0
github.com/prometheus/prometheus/promql/parser/ast.go:294.21,295.23 1 0
github.com/prometheus/prometheus/promql/parser/ast.go:296.22,297.24 1 0
github.com/prometheus/prometheus/promql/parser/ast.go:299.2,299.74 1 0
github.com/prometheus/prometheus/promql/parser/ast.go:332.52,334.58 2 0
github.com/prometheus/prometheus/promql/parser/ast.go:334.58,336.3 1 0
github.com/prometheus/prometheus/promql/parser/ast.go:337.2,339.35 2 0
github.com/prometheus/prometheus/promql/parser/ast.go:339.35,340.42 1 0
github.com/prometheus/prometheus/promql/parser/ast.go:340.42,342.4 1 0
github.com/prometheus/prometheus/promql/parser/ast.go:345.2,346.12 2 0
github.com/prometheus/prometheus/promql/parser/ast.go:349.54,351.48 2 0
github.com/prometheus/prometheus/promql/parser/ast.go:351.48,353.9 2 0
github.com/prometheus/prometheus/promql/parser/ast.go:353.9,355.4 1 0
github.com/prometheus/prometheus/promql/parser/ast.go:356.3,356.13 1 0
github.com/prometheus/prometheus/promql/parser/ast.go:358.2,358.18 1 0
github.com/prometheus/prometheus/promql/parser/ast.go:363.67,364.38 1 0
github.com/prometheus/prometheus/promql/parser/ast.go:364.38,366.3 1 0
github.com/prometheus/prometheus/promql/parser/ast.go:368.2,368.15 1 0
github.com/prometheus/prometheus/promql/parser/ast.go:374.38,376.2 1 0
github.com/prometheus/prometheus/promql/parser/ast.go:379.33,381.26 1 0
github.com/prometheus/prometheus/promql/parser/ast.go:382.17,383.24 1 0
github.com/prometheus/prometheus/promql/parser/ast.go:384.19,387.23 2 0
github.com/prometheus/prometheus/promql/parser/ast.go:387.23,389.4 1 0
github.com/prometheus/prometheus/promql/parser/ast.go:390.3,390.13 1 0
github.com/prometheus/prometheus/promql/parser/ast.go:391.22,394.10 1 0
github.com/prometheus/prometheus/promql/parser/ast.go:395.40,396.14 1 0
github.com/prometheus/prometheus/promql/parser/ast.go:397.22,398.26 1 0
github.com/prometheus/prometheus/promql/parser/ast.go:399.23,400.25 1 0
github.com/prometheus/prometheus/promql/parser/ast.go:401.11,402.34 1 0
github.com/prometheus/prometheus/promql/parser/ast.go:404.19,405.30 1 0
github.com/prometheus/prometheus/promql/parser/ast.go:406.13,409.28 2 0
github.com/prometheus/prometheus/promql/parser/ast.go:409.28,411.4 1 0
github.com/prometheus/prometheus/promql/parser/ast.go:412.3,412.13 1 0
github.com/prometheus/prometheus/promql/parser/ast.go:413.21,414.24 1 0
github.com/prometheus/prometheus/promql/parser/ast.go:415.18,416.24 1 0
github.com/prometheus/prometheus/promql/parser/ast.go:417.18,418.24 1 0
github.com/prometheus/prometheus/promql/parser/ast.go:419.23,420.34 1 0
github.com/prometheus/prometheus/promql/parser/ast.go:421.26,422.24 1 0
github.com/prometheus/prometheus/promql/parser/ast.go:423.55,425.18 1 0
github.com/prometheus/prometheus/promql/parser/ast.go:426.10,427.69 1 0
github.com/prometheus/prometheus/promql/parser/ast.go:434.59,439.2 1 0
github.com/prometheus/prometheus/promql/parser/ast.go:443.55,448.2 1 1
github.com/prometheus/prometheus/promql/parser/ast.go:450.64,452.2 1 0
github.com/prometheus/prometheus/promql/parser/ast.go:454.61,456.2 1 0
github.com/prometheus/prometheus/promql/parser/ast.go:458.63,459.18 1 0
github.com/prometheus/prometheus/promql/parser/ast.go:459.18,464.3 1 0
github.com/prometheus/prometheus/promql/parser/ast.go:465.2,465.18 1 0
github.com/prometheus/prometheus/promql/parser/ast.go:465.18,470.3 1 0
github.com/prometheus/prometheus/promql/parser/ast.go:471.2,471.18 1 0
github.com/prometheus/prometheus/promql/parser/ast.go:471.18,476.3 1 0
github.com/prometheus/prometheus/promql/parser/ast.go:477.2,477.34 1 0
github.com/prometheus/prometheus/promql/parser/ast.go:480.55,482.2 1 0
github.com/prometheus/prometheus/promql/parser/ast.go:484.59,486.2 1 0
github.com/prometheus/prometheus/promql/parser/ast.go:488.61,489.17 1 0
github.com/prometheus/prometheus/promql/parser/ast.go:489.17,495.3 1 0
github.com/prometheus/prometheus/promql/parser/ast.go:496.2,496.39 1 0
github.com/prometheus/prometheus/promql/parser/ast.go:499.65,504.2 1 0
github.com/prometheus/prometheus/promql/parser/ast.go:506.63,511.2 1 0
github.com/prometheus/prometheus/promql/parser/ast.go:513.64,515.2 1 0
github.com/prometheus/prometheus/promql/parser/ast.go:517.60,519.2 1 0
github.com/prometheus/prometheus/promql/parser/ast.go:521.64,523.2 1 0
github.com/prometheus/prometheus/promql/parser/ast.go:525.60,530.2 1 0
github.com/prometheus/prometheus/promql/parser/ast.go:532.65,534.2 1 0
github.com/prometheus/prometheus/promql/parser/functions.go:455.81,458.2 2 1
github.com/prometheus/prometheus/promql/parser/generated_parser.y.go:791.40,793.2 1 0
github.com/prometheus/prometheus/promql/parser/generated_parser.y.go:795.29,797.2 1 0
github.com/prometheus/prometheus/promql/parser/generated_parser.y.go:801.30,802.37 1 0
github.com/prometheus/prometheus/promql/parser/generated_parser.y.go:802.37,803.28 1 0
github.com/prometheus/prometheus/promql/parser/generated_parser.y.go:803.28,805.4 1 0
github.com/prometheus/prometheus/promql/parser/generated_parser.y.go:807.2,807.39 1 0
github.com/prometheus/prometheus/promql/parser/generated_parser.y.go:810.31,811.37 1 0
github.com/prometheus/prometheus/promql/parser/generated_parser.y.go:811.37,812.28 1 0
github.com/prometheus/prometheus/promql/parser/generated_parser.y.go:812.28,814.4 1 0
github.com/prometheus/prometheus/promql/parser/generated_parser.y.go:816.2,816.41 1 0
github.com/prometheus/prometheus/promql/parser/generated_parser.y.go:819.50,822.21 2 0
github.com/prometheus/prometheus/promql/parser/generated_parser.y.go:822.21,824.3 1 0
github.com/prometheus/prometheus/promql/parser/generated_parser.y.go:826.2,826.36 1 0
github.com/prometheus/prometheus/promql/parser/generated_parser.y.go:826.36,827.47 1 0
github.com/prometheus/prometheus/promql/parser/generated_parser.y.go:827.47,829.4 1 0
github.com/prometheus/prometheus/promql/parser/generated_parser.y.go:832.2,839.54 4 0
github.com/prometheus/prometheus/promql/parser/generated_parser.y.go:839.54,840.80 1 0
github.com/prometheus/prometheus/promql/parser/generated_parser.y.go:840.80,841.38 1 0
github.com/prometheus/prometheus/promql/parser/generated_parser.y.go:841.38,843.5 1 0
github.com/prometheus/prometheus/promql/parser/generated_parser.y.go:844.4,844.36 1 0
github.com/prometheus/prometheus/promql/parser/generated_parser.y.go:848.2,848.24 1 0
github.com/prometheus/prometheus/promql/parser/generated_parser.y.go:848.24,850.52 2 0
github.com/prometheus/prometheus/promql/parser/generated_parser.y.go:850.52,852.4 1 0
github.com/prometheus/prometheus/promql/parser/generated_parser.y.go:855.3,855.38 1 0
github.com/prometheus/prometheus/promql/parser/generated_parser.y.go:855.38,857.42 2 0
github.com/prometheus/prometheus/promql/parser/generated_parser.y.go:857.42,858.13 1 0
github.com/prometheus/prometheus/promql/parser/generated_parser.y.go:860.4,860.38 1 0
github.com/prometheus/prometheus/promql/parser/generated_parser.y.go:860.38,862.5 1 0
github.com/prometheus/prometheus/promql/parser/generated_parser.y.go:863.4,863.36 1 0
github.com/prometheus/prometheus/promql/parser/generated_parser.y.go:867.3,867.23 1 0
github.com/prometheus/prometheus/promql/parser/generated_parser.y.go:867.23,869.4 1 0
github.com/prometheus/prometheus/promql/parser/generated_parser.y.go:872.2,872.31 1 0
github.com/prometheus/prometheus/promql/parser/generated_parser.y.go:872.31,873.13 1 0
github.com/prometheus/prometheus/promql/parser/generated_parser.y.go:873.13,875.4 1 0
github.com/prometheus/prometheus/promql/parser/generated_parser.y.go:875.9,877.4 1 0
github.com/prometheus/prometheus/promql/parser/generated_parser.y.go:878.3,878.24 1 0
github.com/prometheus/prometheus/promql/parser/generated_parser.y.go:880.2,880.12 1 0
github.com/prometheus/prometheus/promql/parser/generated_parser.y.go:883.61,886.15 3 1
github.com/prometheus/prometheus/promql/parser/generated_parser.y.go:886.15,888.11 2 1
github.com/prometheus/prometheus/promql/parser/generated_parser.y.go:890.2,890.24 1 1
github.com/prometheus/prometheus/promql/parser/generated_parser.y.go:890.24,892.11 2 0
github.com/prometheus/prometheus/promql/parser/generated_parser.y.go:894.2,894.23 1 1
github.com/prometheus/prometheus/promql/parser/generated_parser.y.go:894.23,895.35 1 1
github.com/prometheus/prometheus/promql/parser/generated_parser.y.go:895.35,897.12 2 1
github.com/prometheus/prometheus/promql/parser/generated_parser.y.go:900.2,900.38 1 0
github.com/prometheus/prometheus/promql/parser/generated_parser.y.go:900.38,902.20 2 0
github.com/prometheus/prometheus/promql/parser/generated_parser.y.go:902.20,904.12 2 0
github.com/prometheus/prometheus/promql/parser/generated_parser.y.go:909.2,909.16 1 1
github.com/prometheus/prometheus/promql/parser/generated_parser.y.go:909.16,911.3 1 0
github.com/prometheus/prometheus/promql/parser/generated_parser.y.go:912.2,912.18 1 1
github.com/prometheus/prometheus/promql/parser/generated_parser.y.go:912.18,914.3 1 0
github.com/prometheus/prometheus/promql/parser/generated_parser.y.go:915.2,915.20 1 1
github.com/prometheus/prometheus/promql/parser/generated_parser.y.go:918.33,920.2 1 0
github.com/prometheus/prometheus/promql/parser/generated_parser.y.go:922.54,934.15 11 1
github.com/prometheus/prometheus/promql/parser/generated_parser.y.go:934.15,939.3 3 1
github.com/prometheus/prometheus/promql/parser/generated_parser.y.go:940.2,941.14 2 1
github.com/prometheus/prometheus/promql/parser/generated_parser.y.go:944.2,946.1 2 1
github.com/prometheus/prometheus/promql/parser/generated_parser.y.go:947.2,949.1 2 0
github.com/prometheus/prometheus/promql/parser/generated_parser.y.go:951.2,951.18 1 1
github.com/prometheus/prometheus/promql/parser/generated_parser.y.go:951.18,953.3 1 0
github.com/prometheus/prometheus/promql/parser/generated_parser.y.go:955.2,956.21 2 1
github.com/prometheus/prometheus/promql/parser/generated_parser.y.go:956.21,960.3 3 0
github.com/prometheus/prometheus/promql/parser/generated_parser.y.go:961.2,964.1 3 1
github.com/prometheus/prometheus/promql/parser/generated_parser.y.go:965.2,966.19 2 1
github.com/prometheus/prometheus/promql/parser/generated_parser.y.go:966.19,967.17 1 1
github.com/prometheus/prometheus/promql/parser/generated_parser.y.go:969.2,969.21 1 1
github.com/prometheus/prometheus/promql/parser/generated_parser.y.go:969.21,971.3 1 1
github.com/prometheus/prometheus/promql/parser/generated_parser.y.go:972.2,973.30 2 1
github.com/prometheus/prometheus/promql/parser/generated_parser.y.go:973.30,974.17 1 1
github.com/prometheus/prometheus/promql/parser/generated_parser.y.go:976.2,977.32 2 1
github.com/prometheus/prometheus/promql/parser/generated_parser.y.go:977.32,982.18 5 1
github.com/prometheus/prometheus/promql/parser/generated_parser.y.go:982.18,984.4 1 0
github.com/prometheus/prometheus/promql/parser/generated_parser.y.go:985.3,985.15 1 1
github.com/prometheus/prometheus/promql/parser/generated_parser.y.go:990.2,991.15 2 1
github.com/prometheus/prometheus/promql/parser/generated_parser.y.go:991.15,992.22 1 1
github.com/prometheus/prometheus/promql/parser/generated_parser.y.go:992.22,994.4 1 0
github.com/prometheus/prometheus/promql/parser/generated_parser.y.go:997.3,998.7 2 1
github.com/prometheus/prometheus/promql/parser/generated_parser.y.go:998.7,999.58 1 1
github.com/prometheus/prometheus/promql/parser/generated_parser.y.go:999.58,1000.10 1 1
github.com/prometheus/prometheus/promql/parser/generated_parser.y.go:1002.4,1002.11 1 0
github.com/prometheus/prometheus/promql/parser/generated_parser.y.go:1004.3,1004.26 1 1
github.com/prometheus/prometheus/promql/parser/generated_parser.y.go:1004.26,1006.33 2 1
github.com/prometheus/prometheus/promql/parser/generated_parser.y.go:1006.33,1007.10 1 1
github.com/prometheus/prometheus/promql/parser/generated_parser.y.go:1010.3,1011.14 2 1
github.com/prometheus/prometheus/promql/parser/generated_parser.y.go:1011.14,1012.13 1 1
github.com/prometheus/prometheus/promql/parser/generated_parser.y.go:1015.2,1015.14 1 1
github.com/prometheus/prometheus/promql/parser/generated_parser.y.go:1015.14,1017.18 1 0
github.com/prometheus/prometheus/promql/parser/generated_parser.y.go:1018.10,1021.20 3 0
github.com/prometheus/prometheus/promql/parser/generated_parser.y.go:1021.20,1024.5 2 0
github.com/prometheus/prometheus/promql/parser/generated_parser.y.go:1025.4,1025.15 1 0
github.com/prometheus/prometheus/promql/parser/generated_parser.y.go:1027.13,1031.17 2 0
github.com/prometheus/prometheus/promql/parser/generated_parser.y.go:1031.17,1033.33 2 0
github.com/prometheus/prometheus/promql/parser/generated_parser.y.go:1033.33,1035.42 2 0
github.com/prometheus/prometheus/promql/parser/generated_parser.y.go:1035.42,1036.19 1 0
github.com/prometheus/prometheus/promql/parser/generated_parser.y.go:1041.5,1041.21 1 0
github.com/prometheus/prometheus/promql/parser/generated_parser.y.go:1041.21,1043.6 1 0
github.com/prometheus/prometheus/promql/parser/generated_parser.y.go:1044.5,1044.10 1 0
github.com/prometheus/prometheus/promql/parser/generated_parser.y.go:1047.4,1047.13 1 0
github.com/prometheus/prometheus/promql/parser/generated_parser.y.go:1049.10,1050.20 1 0
github.com/prometheus/prometheus/promql/parser/generated_parser.y.go:1050.20,1052.5 1 0
github.com/prometheus/prometheus/promql/parser/generated_parser.y.go:1053.4,1053.28 1 0
github.com/prometheus/prometheus/promql/parser/generated_parser.y.go:1053.28,1054.14 1 0
github.com/prometheus/prometheus/promql/parser/generated_parser.y.go:1056.4,1058.19 3 0
github.com/prometheus/prometheus/promql/parser/generated_parser.y.go:1063.2,1063.18 1 1
github.com/prometheus/prometheus/promql/parser/generated_parser.y.go:1063.18,1065.3 1 0
github.com/prometheus/prometheus/promql/parser/generated_parser.y.go:1067.2,1074.23 5 1
github.com/prometheus/prometheus/promql/parser/generated_parser.y.go:1074.23,1078.3 3 0
github.com/prometheus/prometheus/promql/parser/generated_parser.y.go:1079.2,1086.19 5 1
github.com/prometheus/prometheus/promql/parser/generated_parser.y.go:1086.19,1088.3 1 0
github.com/prometheus/prometheus/promql/parser/generated_parser.y.go:1088.8,1090.34 2 1
github.com/prometheus/prometheus/promql/parser/generated_parser.y.go:1090.34,1092.4 1 1
github.com/prometheus/prometheus/promql/parser/generated_parser.y.go:1095.2,1095.14 1 1
github.com/prometheus/prometheus/promql/parser/generated_parser.y.go:1097.9,1099.3 2 0
github.com/prometheus/prometheus/promql/parser/generated_parser.y.go:1099.3,1101.4 1 0
github.com/prometheus/prometheus/promql/parser/generated_parser.y.go:1102.9,1104.3 2 0
github.com/prometheus/prometheus/promql/parser/generated_parser.y.go:1104.3,1106.4 1 0
github.com/prometheus/prometheus/promql/parser/generated_parser.y.go:1107.9,1109.3 2 1
github.com/prometheus/prometheus/promql/parser/generated_parser.y.go:1109.3,1111.4 1 1
github.com/prometheus/prometheus/promql/parser/generated_parser.y.go:1112.9,1114.3 2 0
github.com/prometheus/prometheus/promql/parser/generated_parser.y.go:1114.3,1116.4 1 0
github.com/prometheus/prometheus/promql/parser/generated_parser.y.go:1117.9,1119.3 2 0
github.com/prometheus/prometheus/promql/parser/generated_parser.y.go:1119.3,1121.4 1 0
github.com/prometheus/prometheus/promql/parser/generated_parser.y.go:1122.10,1124.3 2 0
github.com/prometheus/prometheus/promql/parser/generated_parser.y.go:1124.3,1127.46 1 0
github.com/prometheus/prometheus/promql/parser/generated_parser.y.go:1127.46,1129.5 1 0
github.com/prometheus/prometheus/promql/parser/generated_parser.y.go:1130.4,1130.103 1 0
github.com/prometheus/prometheus/promql/parser/generated_parser.y.go:1132.10,1134.3 2 0
github.com/prometheus/prometheus/promql/parser/generated_parser.y.go:1134.3,1137.46 1 0
github.com/prometheus/prometheus/promql/parser/generated_parser.y.go:1137.46,1139.5 1 0
github.com/prometheus/prometheus/promql/parser/generated_parser.y.go:1140.4,1140.103 1 0
github.com/prometheus/prometheus/promql/parser/generated_parser.y.go:1142.10,1144.3 2 0
github.com/prometheus/prometheus/promql/parser/generated_parser.y.go:1144.3,1146.4 1 0
github.com/prometheus/prometheus/promql/parser/generated_parser.y.go:1147.10,1149.3 2 0
github.com/prometheus/prometheus/promql/parser/generated_parser.y.go:1149.3,1152.4 2 0
github.com/prometheus/prometheus/promql/parser/generated_parser.y.go:1153.10,1155.3 2 0
github.com/prometheus/prometheus/promql/parser/generated_parser.y.go:1155.3,1159.4 1 0
github.com/prometheus/prometheus/promql/parser/generated_parser.y.go:1160.10,1162.3 2 0
github.com/prometheus/prometheus/promql/parser/generated_parser.y.go:1162.3,1167.4 1 0
github.com/prometheus/prometheus/promql/parser/generated_parser.y.go:1168.10,1170.3 2 0
github.com/prometheus/prometheus/promql/parser/generated_parser.y.go:1170.3,1172.4 1 0
github.com/prometheus/prometheus/promql/parser/generated_parser.y.go:1173.10,1175.3 2 0
github.com/prometheus/prometheus/promql/parser/generated_parser.y.go:1175.3,1177.4 1 0
github.com/prometheus/prometheus/promql/parser/generated_parser.y.go:1178.10,1180.3 2 0
github.com/prometheus/prometheus/promql/parser/generated_parser.y.go:1180.3,1182.4 1 0
github.com/prometheus/prometheus/promql/parser/generated_parser.y.go:1183.10,1185.3 2 0
github.com/prometheus/prometheus/promql/parser/generated_parser.y.go:1185.3,1187.4 1 0
github.com/prometheus/prometheus/promql/parser/generated_parser.y.go:1188.10,1190.3 2 0
github.com/prometheus/prometheus/promql/parser/generated_parser.y.go:1190.3,1192.4 1 0
github.com/prometheus/prometheus/promql/parser/generated_parser.y.go:1193.10,1195.3 2 0
github.com/prometheus/prometheus/promql/parser/generated_parser.y.go:1195.3,1197.4 1 0
github.com/prometheus/prometheus/promql/parser/generated_parser.y.go:1198.10,1200.3 2 0
github.com/prometheus/prometheus/promql/parser/generated_parser.y.go:1200.3,1202.4 1 0
github.com/prometheus/prometheus/promql/parser/generated_parser.y.go:1203.10,1205.3 2 0
github.com/prometheus/prometheus/promql/parser/generated_parser.y.go:1205.3,1207.4 1 0
github.com/prometheus/prometheus/promql/parser/generated_parser.y.go:1208.10,1210.3 2 0
github.com/prometheus/prometheus/promql/parser/generated_parser.y.go:1210.3,1212.4 1 0
github.com/prometheus/prometheus/promql/parser/generated_parser.y.go:1213.10,1215.3 2 0
github.com/prometheus/prometheus/promql/parser/generated_parser.y.go:1215.3,1217.4 1 0
github.com/prometheus/prometheus/promql/parser/generated_parser.y.go:1218.10,1220.3 2 0
github.com/prometheus/prometheus/promql/parser/generated_parser.y.go:1220.3,1222.4 1 0
github.com/prometheus/prometheus/promql/parser/generated_parser.y.go:1223.10,1225.3 2 0
github.com/prometheus/prometheus/promql/parser/generated_parser.y.go:1225.3,1227.4 1 0
github.com/prometheus/prometheus/promql/parser/generated_parser.y.go:1228.10,1230.3 2 0
github.com/prometheus/prometheus/promql/parser/generated_parser.y.go:1230.3,1232.4 1 0
github.com/prometheus/prometheus/promql/parser/generated_parser.y.go:1233.10,1235.3 2 0
github.com/prometheus/prometheus/promql/parser/generated_parser.y.go:1235.3,1237.4 1 0
github.com/prometheus/prometheus/promql/parser/generated_parser.y.go:1238.10,1240.3 2 0
github.com/prometheus/prometheus/promql/parser/generated_parser.y.go:1240.3,1242.4 1 0
github.com/prometheus/prometheus/promql/parser/generated_parser.y.go:1243.10,1245.3 2 0
github.com/prometheus/prometheus/promql/parser/generated_parser.y.go:1245.3,1247.4 1 0
github.com/prometheus/prometheus/promql/parser/generated_parser.y.go:1248.10,1250.3 2 0
github.com/prometheus/prometheus/promql/parser/generated_parser.y.go:1250.3,1254.4 1 0
github.com/prometheus/prometheus/promql/parser/generated_parser.y.go:1255.10,1257.3 2 0
github.com/prometheus/prometheus/promql/parser/generated_parser.y.go:1257.3,1262.4 1 0
github.com/prometheus/prometheus/promql/parser/generated_parser.y.go:1263.10,1265.3 2 0
github.com/prometheus/prometheus/promql/parser/generated_parser.y.go:1265.3,1268.4 2 0
github.com/prometheus/prometheus/promql/parser/generated_parser.y.go:1269.10,1271.3 2 0
github.com/prometheus/prometheus/promql/parser/generated_parser.y.go:1271.3,1275.4 3 0
github.com/prometheus/prometheus/promql/parser/generated_parser.y.go:1276.10,1278.3 2 0
github.com/prometheus/prometheus/promql/parser/generated_parser.y.go:1278.3,1282.4 3 0
github.com/prometheus/prometheus/promql/parser/generated_parser.y.go:1283.10,1285.3 2 0
github.com/prometheus/prometheus/promql/parser/generated_parser.y.go:1285.3,1289.4 3 0
github.com/prometheus/prometheus/promql/parser/generated_parser.y.go:1290.10,1292.3 2 0
github.com/prometheus/prometheus/promql/parser/generated_parser.y.go:1292.3,1294.4 1 0
github.com/prometheus/prometheus/promql/parser/generated_parser.y.go:1295.10,1297.3 2 0
github.com/prometheus/prometheus/promql/parser/generated_parser.y.go:1297.3,1299.4 1 0
github.com/prometheus/prometheus/promql/parser/generated_parser.y.go:1300.10,1302.3 2 0
github.com/prometheus/prometheus/promql/parser/generated_parser.y.go:1302.3,1304.4 1 0
github.com/prometheus/prometheus/promql/parser/generated_parser.y.go:1305.10,1307.3 2 0
github.com/prometheus/prometheus/promql/parser/generated_parser.y.go:1307.3,1310.4 2 0
github.com/prometheus/prometheus/promql/parser/generated_parser.y.go:1311.10,1313.3 2 0
github.com/prometheus/prometheus/promql/parser/generated_parser.y.go:1313.3,1315.4 1 0
github.com/prometheus/prometheus/promql/parser/generated_parser.y.go:1316.10,1318.3 2 0
github.com/prometheus/prometheus/promql/parser/generated_parser.y.go:1318.3,1320.4 1 0
github.com/prometheus/prometheus/promql/parser/generated_parser.y.go:1321.10,1323.3 2 0
github.com/prometheus/prometheus/promql/parser/generated_parser.y.go:1323.3,1326.4 2 0
github.com/prometheus/prometheus/promql/parser/generated_parser.y.go:1327.10,1329.3 2 0
github.com/prometheus/prometheus/promql/parser/generated_parser.y.go:1329.3,1330.56 1 0
github.com/prometheus/prometheus/promql/parser/generated_parser.y.go:1330.56,1332.5 1 0
github.com/prometheus/prometheus/promql/parser/generated_parser.y.go:1333.4,1333.33 1 0
github.com/prometheus/prometheus/promql/parser/generated_parser.y.go:1335.10,1337.3 2 0
github.com/prometheus/prometheus/promql/parser/generated_parser.y.go:1337.3,1339.44 2 0
github.com/prometheus/prometheus/promql/parser/generated_parser.y.go:1339.44,1341.5 1 0
github.com/prometheus/prometheus/promql/parser/generated_parser.y.go:1342.4,1344.29 3 0
github.com/prometheus/prometheus/promql/parser/generated_parser.y.go:1346.10,1348.3 2 0
github.com/prometheus/prometheus/promql/parser/generated_parser.y.go:1348.3,1351.4 2 0
github.com/prometheus/prometheus/promql/parser/generated_parser.y.go:1352.10,1354.3 2 1
github.com/prometheus/prometheus/promql/parser/generated_parser.y.go:1354.3,1356.14 2 1
github.com/prometheus/prometheus/promql/parser/generated_parser.y.go:1356.14,1358.5 1 0
github.com/prometheus/prometheus/promql/parser/generated_parser.y.go:1359.4,1359.68 1 1
github.com/prometheus/prometheus/promql/parser/generated_parser.y.go:1359.68,1361.5 1 0
github.com/prometheus/prometheus/promql/parser/generated_parser.y.go:1362.4,1370.69 2 1
github.com/prometheus/prometheus/promql/parser/generated_parser.y.go:1372.10,1374.3 2 1
github.com/prometheus/prometheus/promql/parser/generated_parser.y.go:1374.3,1376.4 1 1
github.com/prometheus/prometheus/promql/parser/generated_parser.y.go:1377.10,1379.3 2 0
github.com/prometheus/prometheus/promql/parser/generated_parser.y.go:1379.3,1381.4 1 0
github.com/prometheus/prometheus/promql/parser/generated_parser.y.go:1382.10,1384.3 2 0
github.com/prometheus/prometheus/promql/parser/generated_parser.y.go:1384.3,1386.4 1 0
github.com/prometheus/prometheus/promql/parser/generated_parser.y.go:1387.10,1389.3 2 1
github.com/prometheus/prometheus/promql/parser/generated_parser.y.go:1389.3,1391.4 1 1
github.com/prometheus/prometheus/promql/parser/generated_parser.y.go:1392.10,1394.3 2 0
github.com/prometheus/prometheus/promql/parser/generated_parser.y.go:1394.3,1397.4 2 0
github.com/prometheus/prometheus/promql/parser/generated_parser.y.go:1398.10,1400.3 2 0
github.com/prometheus/prometheus/promql/parser/generated_parser.y.go:1400.3,1403.4 2 0
github.com/prometheus/prometheus/promql/parser/generated_parser.y.go:1404.10,1406.3 2 1
github.com/prometheus/prometheus/promql/parser/generated_parser.y.go:1406.3,1407.59 1 1
github.com/prometheus/prometheus/promql/parser/generated_parser.y.go:1407.59,1408.24 1 0
github.com/prometheus/prometheus/promql/parser/generated_parser.y.go:1408.24,1411.11 3 0
github.com/prometheus/prometheus/promql/parser/generated_parser.y.go:1413.5,1414.10 2 0
github.com/prometheus/prometheus/promql/parser/generated_parser.y.go:1416.4,1416.33 1 1
github.com/prometheus/prometheus/promql/parser/generated_parser.y.go:1418.10,1420.3 2 0
github.com/prometheus/prometheus/promql/parser/generated_parser.y.go:1420.3,1421.59 1 0
github.com/prometheus/prometheus/promql/parser/generated_parser.y.go:1421.59,1424.10 3 0
github.com/prometheus/prometheus/promql/parser/generated_parser.y.go:1426.4,1427.33 2 0
github.com/prometheus/prometheus/promql/parser/generated_parser.y.go:1429.10,1431.3 2 0
github.com/prometheus/prometheus/promql/parser/generated_parser.y.go:1431.3,1434.4 2 0
github.com/prometheus/prometheus/promql/parser/generated_parser.y.go:1435.10,1437.3 2 0
github.com/prometheus/prometheus/promql/parser/generated_parser.y.go:1437.3,1440.4 2 0
github.com/prometheus/prometheus/promql/parser/generated_parser.y.go:1441.10,1443.3 2 0
github.com/prometheus/prometheus/promql/parser/generated_parser.y.go:1443.3,1446.4 2 0
github.com/prometheus/prometheus/promql/parser/generated_parser.y.go:1447.10,1449.3 2 0
github.com/prometheus/prometheus/promql/parser/generated_parser.y.go:1449.3,1452.4 2 0
github.com/prometheus/prometheus/promql/parser/generated_parser.y.go:1453.10,1455.3 2 1
github.com/prometheus/prometheus/promql/parser/generated_parser.y.go:1455.3,1458.11 3 1
github.com/prometheus/prometheus/promql/parser/generated_parser.y.go:1458.11,1460.5 1 0
github.com/prometheus/prometheus/promql/parser/generated_parser.y.go:1460.10,1460.37 1 1
github.com/prometheus/prometheus/promql/parser/generated_parser.y.go:1460.37,1462.5 1 0
github.com/prometheus/prometheus/promql/parser/generated_parser.y.go:1462.10,1462.34 1 1
github.com/prometheus/prometheus/promql/parser/generated_parser.y.go:1462.34,1464.5 1 0
github.com/prometheus/prometheus/promql/parser/generated_parser.y.go:1466.4,1466.20 1 1
github.com/prometheus/prometheus/promql/parser/generated_parser.y.go:1466.20,1469.5 2 0
github.com/prometheus/prometheus/promql/parser/generated_parser.y.go:1471.4,1472.59 2 1
github.com/prometheus/prometheus/promql/parser/generated_parser.y.go:1472.59,1474.5 1 0
github.com/prometheus/prometheus/promql/parser/generated_parser.y.go:1475.4,1481.5 2 1
github.com/prometheus/prometheus/promql/parser/generated_parser.y.go:1483.10,1485.3 2 0
github.com/prometheus/prometheus/promql/parser/generated_parser.y.go:1485.3,1488.59 3 0
github.com/prometheus/prometheus/promql/parser/generated_parser.y.go:1488.59,1490.5 1 0
github.com/prometheus/prometheus/promql/parser/generated_parser.y.go:1491.4,1492.59 2 0
github.com/prometheus/prometheus/promql/parser/generated_parser.y.go:1492.59,1494.5 1 0
github.com/prometheus/prometheus/promql/parser/generated_parser.y.go:1495.4,1503.5 2 0
github.com/prometheus/prometheus/promql/parser/generated_parser.y.go:1505.10,1507.3 2 0
github.com/prometheus/prometheus/promql/parser/generated_parser.y.go:1507.3,1509.59 2 0
github.com/prometheus/prometheus/promql/parser/generated_parser.y.go:1509.59,1511.5 1 0
github.com/prometheus/prometheus/promql/parser/generated_parser.y.go:1512.4,1518.5 2 0
github.com/prometheus/prometheus/promql/parser/generated_parser.y.go:1520.10,1522.3 2 0
github.com/prometheus/prometheus/promql/parser/generated_parser.y.go:1522.3,1525.4 2 0
github.com/prometheus/prometheus/promql/parser/generated_parser.y.go:1526.10,1528.3 2 0
github.com/prometheus/prometheus/promql/parser/generated_parser.y.go:1528.3,1531.4 2 0
github.com/prometheus/prometheus/promql/parser/generated_parser.y.go:1532.10,1534.3 2 0
github.com/prometheus/prometheus/promql/parser/generated_parser.y.go:1534.3,1537.4 2 0
github.com/prometheus/prometheus/promql/parser/generated_parser.y.go:1538.10,1540.3 2 0
github.com/prometheus/prometheus/promql/parser/generated_parser.y.go:1540.3,1543.4 2 0
github.com/prometheus/prometheus/promql/parser/generated_parser.y.go:1544.10,1546.3 2 0
github.com/prometheus/prometheus/promql/parser/generated_parser.y.go:1546.3,1547.55 1 0
github.com/prometheus/prometheus/promql/parser/generated_parser.y.go:1547.55,1548.36 1 0
github.com/prometheus/prometheus/promql/parser/generated_parser.y.go:1548.36,1550.6 1 0
github.com/prometheus/prometheus/promql/parser/generated_parser.y.go:1551.5,1552.20 2 0
github.com/prometheus/prometheus/promql/parser/generated_parser.y.go:1553.10,1555.5 1 0
github.com/prometheus/prometheus/promql/parser/generated_parser.y.go:1557.10,1559.3 2 0
github.com/prometheus/prometheus/promql/parser/generated_parser.y.go:1559.3,1565.4 5 0
github.com/prometheus/prometheus/promql/parser/generated_parser.y.go:1566.10,1568.3 2 1
github.com/prometheus/prometheus/promql/parser/generated_parser.y.go:1568.3,1576.4 3 1
github.com/prometheus/prometheus/promql/parser/generated_parser.y.go:1577.10,1579.3 2 0
github.com/prometheus/prometheus/promql/parser/generated_parser.y.go:1579.3,1583.4 3 0
github.com/prometheus/prometheus/promql/parser/generated_parser.y.go:1584.10,1586.3 2 0
github.com/prometheus/prometheus/promql/parser/generated_parser.y.go:1586.3,1591.4 1 0
github.com/prometheus/prometheus/promql/parser/generated_parser.y.go:1592.10,1594.3 2 0
github.com/prometheus/prometheus/promql/parser/generated_parser.y.go:1594.3,1599.4 1 0
github.com/prometheus/prometheus/promql/parser/generated_parser.y.go:1600.10,1602.3 2 0
github.com/prometheus/prometheus/promql/parser/generated_parser.y.go:1602.3,1607.4 1 0
github.com/prometheus/prometheus/promql/parser/generated_parser.y.go:1608.10,1610.3 2 0
github.com/prometheus/prometheus/promql/parser/generated_parser.y.go:1610.3,1611.35 1 0
github.com/prometheus/prometheus/promql/parser/generated_parser.y.go:1611.35,1613.5 1 0
github.com/prometheus/prometheus/promql/parser/generated_parser.y.go:1613.10,1615.5 1 0
github.com/prometheus/prometheus/promql/parser/generated_parser.y.go:1617.10,1619.3 2 0
github.com/prometheus/prometheus/promql/parser/generated_parser.y.go:1619.3,1621.4 1 0
github.com/prometheus/prometheus/promql/parser/generated_parser.y.go:1622.10,1624.3 2 0
github.com/prometheus/prometheus/promql/parser/generated_parser.y.go:1624.3,1627.4 2 0
github.com/prometheus/prometheus/promql/parser/generated_parser.y.go:1628.10,1630.3 2 0
github.com/prometheus/prometheus/promql/parser/generated_parser.y.go:1630.3,1632.4 1 0
github.com/prometheus/prometheus/promql/parser/generated_parser.y.go:1633.10,1635.3 2 0
github.com/prometheus/prometheus/promql/parser/generated_parser.y.go:1635.3,1637.4 1 0
github.com/prometheus/prometheus/promql/parser/generated_parser.y.go:1638.10,1640.3 2 0
github.com/prometheus/prometheus/promql/parser/generated_parser.y.go:1640.3,1642.4 1 0
github.com/prometheus/prometheus/promql/parser/generated_parser.y.go:1643.10,1645.3 2 0
github.com/prometheus/prometheus/promql/parser/generated_parser.y.go:1645.3,1648.4 2 0
github.com/prometheus/prometheus/promql/parser/generated_parser.y.go:1649.10,1651.3 2 0
github.com/prometheus/prometheus/promql/parser/generated_parser.y.go:1651.3,1654.4 2 0
github.com/prometheus/prometheus/promql/parser/generated_parser.y.go:1655.10,1657.3 2 0
github.com/prometheus/prometheus/promql/parser/generated_parser.y.go:1657.3,1660.4 2 0
github.com/prometheus/prometheus/promql/parser/generated_parser.y.go:1661.11,1663.3 2 0
github.com/prometheus/prometheus/promql/parser/generated_parser.y.go:1663.3,1666.4 2 0
github.com/prometheus/prometheus/promql/parser/generated_parser.y.go:1667.11,1669.3 2 0
github.com/prometheus/prometheus/promql/parser/generated_parser.y.go:1669.3,1673.4 3 0
github.com/prometheus/prometheus/promql/parser/generated_parser.y.go:1674.11,1676.3 2 0
github.com/prometheus/prometheus/promql/parser/generated_parser.y.go:1676.3,1678.4 1 0
github.com/prometheus/prometheus/promql/parser/generated_parser.y.go:1679.11,1681.3 2 0
github.com/prometheus/prometheus/promql/parser/generated_parser.y.go:1681.3,1683.4 1 0
github.com/prometheus/prometheus/promql/parser/generated_parser.y.go:1684.11,1686.3 2 0
github.com/prometheus/prometheus/promql/parser/generated_parser.y.go:1686.3,1688.4 1 0
github.com/prometheus/prometheus/promql/parser/generated_parser.y.go:1689.11,1691.3 2 0
github.com/prometheus/prometheus/promql/parser/generated_parser.y.go:1691.3,1693.4 1 0
github.com/prometheus/prometheus/promql/parser/generated_parser.y.go:1694.11,1696.3 2 0
github.com/prometheus/prometheus/promql/parser/generated_parser.y.go:1696.3,1698.4 1 0
github.com/prometheus/prometheus/promql/parser/generated_parser.y.go:1699.11,1701.3 2 0
github.com/prometheus/prometheus/promql/parser/generated_parser.y.go:1701.3,1703.4 1 0
github.com/prometheus/prometheus/promql/parser/generated_parser.y.go:1704.11,1706.3 2 0
github.com/prometheus/prometheus/promql/parser/generated_parser.y.go:1706.3,1708.4 1 0
github.com/prometheus/prometheus/promql/parser/generated_parser.y.go:1709.11,1711.3 2 0
github.com/prometheus/prometheus/promql/parser/generated_parser.y.go:1711.3,1714.4 2 0
github.com/prometheus/prometheus/promql/parser/generated_parser.y.go:1715.11,1717.3 2 0
github.com/prometheus/prometheus/promql/parser/generated_parser.y.go:1717.3,1719.4 1 0
github.com/prometheus/prometheus/promql/parser/generated_parser.y.go:1720.11,1722.3 2 0
github.com/prometheus/prometheus/promql/parser/generated_parser.y.go:1722.3,1724.4 1 0
github.com/prometheus/prometheus/promql/parser/generated_parser.y.go:1725.11,1727.3 2 0
github.com/prometheus/prometheus/promql/parser/generated_parser.y.go:1727.3,1729.4 1 0
github.com/prometheus/prometheus/promql/parser/generated_parser.y.go:1730.11,1732.3 2 0
github.com/prometheus/prometheus/promql/parser/generated_parser.y.go:1732.3,1735.4 2 0
github.com/prometheus/prometheus/promql/parser/generated_parser.y.go:1736.11,1738.3 2 0
github.com/prometheus/prometheus/promql/parser/generated_parser.y.go:1738.3,1741.4 2 0
github.com/prometheus/prometheus/promql/parser/generated_parser.y.go:1742.11,1744.3 2 0
github.com/prometheus/prometheus/promql/parser/generated_parser.y.go:1744.3,1747.4 2 0
github.com/prometheus/prometheus/promql/parser/generated_parser.y.go:1748.11,1750.3 2 0
github.com/prometheus/prometheus/promql/parser/generated_parser.y.go:1750.3,1753.4 2 0
github.com/prometheus/prometheus/promql/parser/generated_parser.y.go:1754.11,1756.3 2 0
github.com/prometheus/prometheus/promql/parser/generated_parser.y.go:1756.3,1761.4 1 0
github.com/prometheus/prometheus/promql/parser/generated_parser.y.go:1762.11,1764.3 2 0
github.com/prometheus/prometheus/promql/parser/generated_parser.y.go:1764.3,1766.4 1 0
github.com/prometheus/prometheus/promql/parser/generated_parser.y.go:1767.11,1769.3 2 0
github.com/prometheus/prometheus/promql/parser/generated_parser.y.go:1769.3,1771.4 1 0
github.com/prometheus/prometheus/promql/parser/generated_parser.y.go:1772.11,1774.3 2 0
github.com/prometheus/prometheus/promql/parser/generated_parser.y.go:1774.3,1776.4 1 0
github.com/prometheus/prometheus/promql/parser/generated_parser.y.go:1777.11,1779.3 2 0
github.com/prometheus/prometheus/promql/parser/generated_parser.y.go:1779.3,1782.4 2 0
github.com/prometheus/prometheus/promql/parser/generated_parser.y.go:1783.11,1785.3 2 0
github.com/prometheus/prometheus/promql/parser/generated_parser.y.go:1785.3,1787.4 1 0
github.com/prometheus/prometheus/promql/parser/generated_parser.y.go:1788.11,1790.3 2 0
github.com/prometheus/prometheus/promql/parser/generated_parser.y.go:1790.3,1792.50 2 0
github.com/prometheus/prometheus/promql/parser/generated_parser.y.go:1792.50,1794.5 1 0
github.com/prometheus/prometheus/promql/parser/generated_parser.y.go:1796.11,1798.3 2 0
github.com/prometheus/prometheus/promql/parser/generated_parser.y.go:1798.3,1800.4 1 0
github.com/prometheus/prometheus/promql/parser/generated_parser.y.go:1801.11,1803.3 2 0
github.com/prometheus/prometheus/promql/parser/generated_parser.y.go:1803.3,1806.51 2 0
github.com/prometheus/prometheus/promql/parser/generated_parser.y.go:1806.51,1808.5 1 0
github.com/prometheus/prometheus/promql/parser/generated_parser.y.go:1810.11,1812.3 2 0
github.com/prometheus/prometheus/promql/parser/generated_parser.y.go:1812.3,1815.51 2 0
github.com/prometheus/prometheus/promql/parser/generated_parser.y.go:1815.51,1818.5 2 0
github.com/prometheus/prometheus/promql/parser/generated_parser.y.go:1820.11,1822.3 2 0
github.com/prometheus/prometheus/promql/parser/generated_parser.y.go:1822.3,1824.4 1 0
github.com/prometheus/prometheus/promql/parser/generated_parser.y.go:1825.11,1827.3 2 0
github.com/prometheus/prometheus/promql/parser/generated_parser.y.go:1827.3,1830.51 2 0
github.com/prometheus/prometheus/promql/parser/generated_parser.y.go:1830.51,1833.5 1 0
github.com/prometheus/prometheus/promql/parser/generated_parser.y.go:1835.11,1837.3 2 0
github.com/prometheus/prometheus/promql/parser/generated_parser.y.go:1837.3,1839.18 2 0
github.com/prometheus/prometheus/promql/parser/generated_parser.y.go:1839.18,1841.5 1 0
github.com/prometheus/prometheus/promql/parser/generated_parser.y.go:1842.4,1842.22 1 0
github.com/prometheus/prometheus/promql/parser/generated_parser.y.go:1844.11,1846.3 2 0
github.com/prometheus/prometheus/promql/parser/generated_parser.y.go:1846.3,1848.18 2 0
github.com/prometheus/prometheus/promql/parser/generated_parser.y.go:1848.18,1850.5 1 0
github.com/prometheus/prometheus/promql/parser/generated_parser.y.go:1851.4,1851.22 1 0
github.com/prometheus/prometheus/promql/parser/generated_parser.y.go:1853.11,1855.3 2 0
github.com/prometheus/prometheus/promql/parser/generated_parser.y.go:1855.3,1856.39 1 0
github.com/prometheus/prometheus/promql/parser/generated_parser.y.go:1856.39,1858.5 1 0
github.com/prometheus/prometheus/promql/parser/generated_parser.y.go:1859.4,1859.54 1 0
github.com/prometheus/prometheus/promql/parser/generated_parser.y.go:1861.11,1863.3 2 0
github.com/prometheus/prometheus/promql/parser/generated_parser.y.go:1863.3,1865.4 1 0
github.com/prometheus/prometheus/promql/parser/generated_parser.y.go:1866.11,1868.3 2 0
github.com/prometheus/prometheus/promql/parser/generated_parser.y.go:1868.3,1870.4 1 0
github.com/prometheus/prometheus/promql/parser/generated_parser.y.go:1871.11,1873.3 2 0
github.com/prometheus/prometheus/promql/parser/generated_parser.y.go:1873.3,1876.4 2 0
github.com/prometheus/prometheus/promql/parser/generated_parser.y.go:1877.11,1879.3 2 0
github.com/prometheus/prometheus/promql/parser/generated_parser.y.go:1879.3,1882.4 2 0
github.com/prometheus/prometheus/promql/parser/generated_parser.y.go:1883.11,1885.3 2 0
github.com/prometheus/prometheus/promql/parser/generated_parser.y.go:1885.3,1887.4 1 0
github.com/prometheus/prometheus/promql/parser/generated_parser.y.go:1888.11,1890.3 2 0
github.com/prometheus/prometheus/promql/parser/generated_parser.y.go:1890.3,1892.4 1 0
github.com/prometheus/prometheus/promql/parser/generated_parser.y.go:1893.11,1895.3 2 0
github.com/prometheus/prometheus/promql/parser/generated_parser.y.go:1895.3,1897.4 1 0
github.com/prometheus/prometheus/promql/parser/generated_parser.y.go:1898.11,1900.3 2 0
github.com/prometheus/prometheus/promql/parser/generated_parser.y.go:1900.3,1903.4 2 0
github.com/prometheus/prometheus/promql/parser/generated_parser.y.go:1904.11,1906.3 2 0
github.com/prometheus/prometheus/promql/parser/generated_parser.y.go:1906.3,1909.4 2 0
github.com/prometheus/prometheus/promql/parser/generated_parser.y.go:1910.11,1912.3 2 0
github.com/prometheus/prometheus/promql/parser/generated_parser.y.go:1912.3,1915.4 2 0
github.com/prometheus/prometheus/promql/parser/generated_parser.y.go:1916.11,1918.3 2 0
github.com/prometheus/prometheus/promql/parser/generated_parser.y.go:1918.3,1921.4 2 0
github.com/prometheus/prometheus/promql/parser/generated_parser.y.go:1922.11,1924.3 2 0
github.com/prometheus/prometheus/promql/parser/generated_parser.y.go:1924.3,1927.4 2 0
github.com/prometheus/prometheus/promql/parser/generated_parser.y.go:1928.11,1930.3 2 0
github.com/prometheus/prometheus/promql/parser/generated_parser.y.go:1930.3,1933.4 2 0
github.com/prometheus/prometheus/promql/parser/generated_parser.y.go:1934.11,1936.3 2 0
github.com/prometheus/prometheus/promql/parser/generated_parser.y.go:1936.3,1939.4 2 0
github.com/prometheus/prometheus/promql/parser/generated_parser.y.go:1940.11,1942.3 2 0
github.com/prometheus/prometheus/promql/parser/generated_parser.y.go:1942.3,1945.4 2 0
github.com/prometheus/prometheus/promql/parser/generated_parser.y.go:1946.11,1948.3 2 0
github.com/prometheus/prometheus/promql/parser/generated_parser.y.go:1948.3,1951.4 2 0
github.com/prometheus/prometheus/promql/parser/generated_parser.y.go:1952.11,1954.3 2 0
github.com/prometheus/prometheus/promql/parser/generated_parser.y.go:1954.3,1957.4 2 0
github.com/prometheus/prometheus/promql/parser/generated_parser.y.go:1958.11,1960.3 2 0
github.com/prometheus/prometheus/promql/parser/generated_parser.y.go:1960.3,1963.4 2 0
github.com/prometheus/prometheus/promql/parser/generated_parser.y.go:1964.11,1966.3 2 0
github.com/prometheus/prometheus/promql/parser/generated_parser.y.go:1966.3,1968.4 1 0
github.com/prometheus/prometheus/promql/parser/generated_parser.y.go:1969.11,1971.3 2 0
github.com/prometheus/prometheus/promql/parser/generated_parser.y.go:1971.3,1973.4 1 0
github.com/prometheus/prometheus/promql/parser/generated_parser.y.go:1974.11,1976.3 2 0
github.com/prometheus/prometheus/promql/parser/generated_parser.y.go:1976.3,1978.4 1 0
github.com/prometheus/prometheus/promql/parser/generated_parser.y.go:1979.11,1981.3 2 0
github.com/prometheus/prometheus/promql/parser/generated_parser.y.go:1981.3,1983.4 1 0
github.com/prometheus/prometheus/promql/parser/generated_parser.y.go:1984.11,1986.3 2 1
github.com/prometheus/prometheus/promql/parser/generated_parser.y.go:1986.3,1991.4 1 1
github.com/prometheus/prometheus/promql/parser/generated_parser.y.go:1992.11,1994.3 2 1
github.com/prometheus/prometheus/promql/parser/generated_parser.y.go:1994.3,1998.18 4 1
github.com/prometheus/prometheus/promql/parser/generated_parser.y.go:1998.18,2000.5 1 0
github.com/prometheus/prometheus/promql/parser/generated_parser.y.go:2001.4,2005.5 1 1
github.com/prometheus/prometheus/promql/parser/generated_parser.y.go:2007.11,2009.3 2 0
github.com/prometheus/prometheus/promql/parser/generated_parser.y.go:2009.3,2011.4 1 0
github.com/prometheus/prometheus/promql/parser/generated_parser.y.go:2012.11,2014.3 2 0
github.com/prometheus/prometheus/promql/parser/generated_parser.y.go:2014.3,2018.18 4 0
github.com/prometheus/prometheus/promql/parser/generated_parser.y.go:2018.18,2020.5 1 0
github.com/prometheus/prometheus/promql/parser/generated_parser.y.go:2021.4,2021.31 1 0
github.com/prometheus/prometheus/promql/parser/generated_parser.y.go:2023.11,2025.3 2 0
github.com/prometheus/prometheus/promql/parser/generated_parser.y.go:2025.3,2027.4 1 0
github.com/prometheus/prometheus/promql/parser/generated_parser.y.go:2028.11,2030.3 2 0
github.com/prometheus/prometheus/promql/parser/generated_parser.y.go:2030.3,2032.4 1 0
github.com/prometheus/prometheus/promql/parser/generated_parser.y.go:2033.11,2035.3 2 0
github.com/prometheus/prometheus/promql/parser/generated_parser.y.go:2035.3,2038.18 3 0
github.com/prometheus/prometheus/promql/parser/generated_parser.y.go:2038.18,2040.5 1 0
github.com/prometheus/prometheus/promql/parser/generated_parser.y.go:2042.11,2044.3 2 0
github.com/prometheus/prometheus/promql/parser/generated_parser.y.go:2044.3,2046.4 1 0
github.com/prometheus/prometheus/promql/parser/generated_parser.y.go:2047.11,2049.3 2 0
github.com/prometheus/prometheus/promql/parser/generated_parser.y.go:2049.3,2051.4 1 0
github.com/prometheus/prometheus/promql/parser/generated_parser.y.go:2052.11,2054.3 2 0
github.com/prometheus/prometheus/promql/parser/generated_parser.y.go:2054.3,2059.4 1 0
github.com/prometheus/prometheus/promql/parser/generated_parser.y.go:2060.11,2062.3 2 0
github.com/prometheus/prometheus/promql/parser/generated_parser.y.go:2062.3,2068.4 1 0
github.com/prometheus/prometheus/promql/parser/generated_parser.y.go:2069.11,2071.3 2 0
github.com/prometheus/prometheus/promql/parser/generated_parser.y.go:2071.3,2073.4 1 0
github.com/prometheus/prometheus/promql/parser/generated_parser.y.go:2074.11,2076.3 2 0
github.com/prometheus/prometheus/promql/parser/generated_parser.y.go:2076.3,2078.51 2 0
github.com/prometheus/prometheus/promql/parser/generated_parser.y.go:2078.51,2081.10 3 0
github.com/prometheus/prometheus/promql/parser/generated_parser.y.go:2083.4,2083.19 1 0
github.com/prometheus/prometheus/promql/parser/generated_parser.y.go:2085.11,2087.3 2 0
github.com/prometheus/prometheus/promql/parser/generated_parser.y.go:2087.3,2089.35 2 0
github.com/prometheus/prometheus/promql/parser/generated_parser.y.go:2089.35,2091.5 1 0
github.com/prometheus/prometheus/promql/parser/generated_parser.y.go:2092.4,2092.51 1 0
github.com/prometheus/prometheus/promql/parser/generated_parser.y.go:2092.51,2095.10 3 0
github.com/prometheus/prometheus/promql/parser/generated_parser.y.go:2097.4,2098.19 2 0
github.com/prometheus/prometheus/promql/parser/generated_parser.y.go:2100.11,2102.3 2 0
github.com/prometheus/prometheus/promql/parser/generated_parser.y.go:2102.3,2108.4 1 0
github.com/prometheus/prometheus/promql/parser/generated_parser.y.go:2109.11,2111.3 2 0
github.com/prometheus/prometheus/promql/parser/generated_parser.y.go:2111.3,2121.4 1 0
github.com/prometheus/prometheus/promql/parser/generated_parser.y.go:2122.11,2124.3 2 0
github.com/prometheus/prometheus/promql/parser/generated_parser.y.go:2124.3,2132.4 1 0
github.com/prometheus/prometheus/promql/parser/generated_parser.y.go:2133.11,2135.3 2 0
github.com/prometheus/prometheus/promql/parser/generated_parser.y.go:2135.3,2148.4 1 0
github.com/prometheus/prometheus/promql/parser/generated_parser.y.go:2149.11,2151.3 2 0
github.com/prometheus/prometheus/promql/parser/generated_parser.y.go:2151.3,2154.35 3 0
github.com/prometheus/prometheus/promql/parser/generated_parser.y.go:2154.35,2160.10 2 0
github.com/prometheus/prometheus/promql/parser/generated_parser.y.go:2162.4,2162.33 1 0
github.com/prometheus/prometheus/promql/parser/generated_parser.y.go:2164.11,2166.3 2 1
github.com/prometheus/prometheus/promql/parser/generated_parser.y.go:2166.3,2168.51 2 1
github.com/prometheus/prometheus/promql/parser/generated_parser.y.go:2168.51,2171.10 3 0
github.com/prometheus/prometheus/promql/parser/generated_parser.y.go:2173.4,2173.19 1 1
github.com/prometheus/prometheus/promql/parser/generated_parser.y.go:2175.11,2177.3 2 1
github.com/prometheus/prometheus/promql/parser/generated_parser.y.go:2177.3,2178.43 1 1
github.com/prometheus/prometheus/promql/parser/generated_parser.y.go:2179.24,2180.36 1 1
github.com/prometheus/prometheus/promql/parser/generated_parser.y.go:2180.36,2182.6 1 1
github.com/prometheus/prometheus/promql/parser/generated_parser.y.go:2183.5,2183.56 1 1
github.com/prometheus/prometheus/promql/parser/generated_parser.y.go:2183.56,2186.11 3 0
github.com/prometheus/prometheus/promql/parser/generated_parser.y.go:2188.5,2190.10 3 1
github.com/prometheus/prometheus/promql/parser/generated_parser.y.go:2191.23,2192.36 1 0
github.com/prometheus/prometheus/promql/parser/generated_parser.y.go:2192.36,2198.11 2 0
github.com/prometheus/prometheus/promql/parser/generated_parser.y.go:2200.5,2201.10 2 0
github.com/prometheus/prometheus/promql/parser/generated_parser.y.go:2202.12,2205.10 3 0
github.com/prometheus/prometheus/promql/parser/generated_parser.y.go:2208.11,2210.3 2 1
github.com/prometheus/prometheus/promql/parser/generated_parser.y.go:2210.3,2213.4 2 1
github.com/prometheus/prometheus/promql/parser/generated_parser.y.go:2214.11,2216.3 2 0
github.com/prometheus/prometheus/promql/parser/generated_parser.y.go:2216.3,2219.4 2 0
github.com/prometheus/prometheus/promql/parser/generated_parser.y.go:2220.11,2222.3 2 1
github.com/prometheus/prometheus/promql/parser/generated_parser.y.go:2222.3,2225.4 2 1
github.com/prometheus/prometheus/promql/parser/generated_parser.y.go:2226.11,2228.3 2 0
github.com/prometheus/prometheus/promql/parser/generated_parser.y.go:2228.3,2230.70 2 0
github.com/prometheus/prometheus/promql/parser/generated_parser.y.go:2230.70,2233.10 3 0
github.com/prometheus/prometheus/promql/parser/generated_parser.y.go:2235.4,2235.99 1 0
github.com/prometheus/prometheus/promql/parser/generated_parser.y.go:2237.11,2239.3 2 0
github.com/prometheus/prometheus/promql/parser/generated_parser.y.go:2239.3,2241.70 2 0
github.com/prometheus/prometheus/promql/parser/generated_parser.y.go:2241.70,2244.10 3 0
github.com/prometheus/prometheus/promql/parser/generated_parser.y.go:2246.4,2246.99 1 0
github.com/prometheus/prometheus/promql/parser/generated_parser.y.go:2248.11,2250.3 2 0
github.com/prometheus/prometheus/promql/parser/generated_parser.y.go:2250.3,2253.4 2 0
github.com/prometheus/prometheus/promql/parser/generated_parser.y.go:2254.11,2256.3 2 0
github.com/prometheus/prometheus/promql/parser/generated_parser.y.go:2256.3,2262.4 1 0
github.com/prometheus/prometheus/promql/parser/generated_parser.y.go:2263.11,2265.3 2 0
github.com/prometheus/prometheus/promql/parser/generated_parser.y.go:2265.3,2273.4 1 0
github.com/prometheus/prometheus/promql/parser/generated_parser.y.go:2274.11,2276.3 2 0
github.com/prometheus/prometheus/promql/parser/generated_parser.y.go:2276.3,2278.64 2 0
github.com/prometheus/prometheus/promql/parser/generated_parser.y.go:2278.64,2281.10 3 0
github.com/prometheus/prometheus/promql/parser/generated_parser.y.go:2283.4,2283.33 1 0
github.com/prometheus/prometheus/promql/parser/generated_parser.y.go:2286.2,2286.14 1 1
github.com/prometheus/prometheus/promql/parser/lex.go:33.31,34.9 1 0
github.com/prometheus/prometheus/promql/parser/lex.go:35.20,36.15 1 0
github.com/prometheus/prometheus/promql/parser/lex.go:37.22,38.15 1 0
github.com/prometheus/prometheus/promql/parser/lex.go:39.57,40.34 1 0
github.com/prometheus/prometheus/promql/parser/lex.go:41.25,42.36 1 0
github.com/prometheus/prometheus/promql/parser/lex.go:43.26,44.39 1 0
github.com/prometheus/prometheus/promql/parser/lex.go:45.28,46.41 1 0
github.com/prometheus/prometheus/promql/parser/lex.go:47.23,48.40 1 0
github.com/prometheus/prometheus/promql/parser/lex.go:50.2,50.33 1 0
github.com/prometheus/prometheus/promql/parser/lex.go:55.34,55.55 1 0
github.com/prometheus/prometheus/promql/parser/lex.go:59.37,59.86 1 0
github.com/prometheus/prometheus/promql/parser/lex.go:63.39,63.92 1 0
github.com/prometheus/prometheus/promql/parser/lex.go:67.48,69.2 1 0
github.com/prometheus/prometheus/promql/parser/lex.go:73.51,75.2 1 0
github.com/prometheus/prometheus/promql/parser/lex.go:79.36,79.83 1 0
github.com/prometheus/prometheus/promql/parser/lex.go:83.47,84.11 1 0
github.com/prometheus/prometheus/promql/parser/lex.go:85.37,86.14 1 0
github.com/prometheus/prometheus/promql/parser/lex.go:87.10,88.15 1 0
github.com/prometheus/prometheus/promql/parser/lex.go:93.40,94.11 1 0
github.com/prometheus/prometheus/promql/parser/lex.go:95.26,96.14 1 0
github.com/prometheus/prometheus/promql/parser/lex.go:98.2,98.14 1 0
github.com/prometheus/prometheus/promql/parser/lex.go:202.13,204.25 1 1
github.com/prometheus/prometheus/promql/parser/lex.go:204.25,206.3 1 1
github.com/prometheus/prometheus/promql/parser/lex.go:208.2,209.21 2 1
github.com/prometheus/prometheus/promql/parser/lex.go:212.35,213.33 1 1
github.com/prometheus/prometheus/promql/parser/lex.go:213.33,215.3 1 1
github.com/prometheus/prometheus/promql/parser/lex.go:216.2,216.36 1 0
github.com/prometheus/prometheus/promql/parser/lex.go:219.29,220.37 1 0
github.com/prometheus/prometheus/promql/parser/lex.go:220.37,222.3 1 0
github.com/prometheus/prometheus/promql/parser/lex.go:223.2,223.18 1 0
github.com/prometheus/prometheus/promql/parser/lex.go:223.18,225.3 1 0
github.com/prometheus/prometheus/promql/parser/lex.go:226.2,226.46 1 0
github.com/prometheus/prometheus/promql/parser/lex.go:229.33,230.11 1 0
github.com/prometheus/prometheus/promql/parser/lex.go:231.13,232.17 1 0
github.com/prometheus/prometheus/promql/parser/lex.go:233.11,234.24 1 0
github.com/prometheus/prometheus/promql/parser/lex.go:235.15,236.19 1 0
github.com/prometheus/prometheus/promql/parser/lex.go:237.18,238.22 1 0
github.com/prometheus/prometheus/promql/parser/lex.go:239.25,240.29 1 0
github.com/prometheus/prometheus/promql/parser/lex.go:241.14,242.18 1 0
github.com/prometheus/prometheus/promql/parser/lex.go:243.14,244.18 1 0
github.com/prometheus/prometheus/promql/parser/lex.go:245.16,246.20 1 0
github.com/prometheus/prometheus/promql/parser/lex.go:248.2,248.29 1 0
github.com/prometheus/prometheus/promql/parser/lex.go:291.29,292.32 1 1
github.com/prometheus/prometheus/promql/parser/lex.go:292.32,295.3 2 1
github.com/prometheus/prometheus/promql/parser/lex.go:296.2,299.10 4 1
github.com/prometheus/prometheus/promql/parser/lex.go:303.29,307.2 3 1
github.com/prometheus/prometheus/promql/parser/lex.go:310.26,312.2 1 1
github.com/prometheus/prometheus/promql/parser/lex.go:315.34,319.2 3 1
github.com/prometheus/prometheus/promql/parser/lex.go:322.26,324.2 1 0
github.com/prometheus/prometheus/promql/parser/lex.go:327.43,328.43 1 1
github.com/prometheus/prometheus/promql/parser/lex.go:328.43,330.3 1 1
github.com/prometheus/prometheus/promql/parser/lex.go:331.2,332.14 2 1
github.com/prometheus/prometheus/promql/parser/lex.go:336.39,338.2 1 1
github.com/prometheus/prometheus/promql/parser/lex.go:341.41,342.44 1 1
github.com/prometheus/prometheus/promql/parser/lex.go:342.45,344.3 0 1
github.com/prometheus/prometheus/promql/parser/lex.go:345.2,345.12 1 1
github.com/prometheus/prometheus/promql/parser/lex.go:350.68,355.2 3 0
github.com/prometheus/prometheus/promql/parser/lex.go:358.39,362.20 3 1
github.com/prometheus/prometheus/promql/parser/lex.go:362.20,363.22 1 1
github.com/prometheus/prometheus/promql/parser/lex.go:363.22,365.4 1 1
github.com/prometheus/prometheus/promql/parser/lex.go:366.8,368.3 1 0
github.com/prometheus/prometheus/promql/parser/lex.go:370.2,370.25 1 1
github.com/prometheus/prometheus/promql/parser/lex.go:374.31,380.2 2 0
github.com/prometheus/prometheus/promql/parser/lex.go:386.38,387.44 1 1
github.com/prometheus/prometheus/promql/parser/lex.go:387.44,389.3 1 0
github.com/prometheus/prometheus/promql/parser/lex.go:390.2,390.17 1 1
github.com/prometheus/prometheus/promql/parser/lex.go:390.17,392.3 1 0
github.com/prometheus/prometheus/promql/parser/lex.go:393.2,393.53 1 1
github.com/prometheus/prometheus/promql/parser/lex.go:393.53,395.3 1 0
github.com/prometheus/prometheus/promql/parser/lex.go:397.2,397.24 1 1
github.com/prometheus/prometheus/promql/parser/lex.go:398.16,399.10 1 1
github.com/prometheus/prometheus/promql/parser/lex.go:400.26,401.48 1 0
github.com/prometheus/prometheus/promql/parser/lex.go:402.22,403.44 1 0
github.com/prometheus/prometheus/promql/parser/lex.go:405.3,406.13 2 1
github.com/prometheus/prometheus/promql/parser/lex.go:407.16,408.16 1 0
github.com/prometheus/prometheus/promql/parser/lex.go:409.18,410.18 1 0
github.com/prometheus/prometheus/promql/parser/lex.go:411.16,412.14 1 1
github.com/prometheus/prometheus/promql/parser/lex.go:413.16,414.14 1 0
github.com/prometheus/prometheus/promql/parser/lex.go:415.16,416.14 1 0
github.com/prometheus/prometheus/promql/parser/lex.go:417.16,418.14 1 1
github.com/prometheus/prometheus/promql/parser/lex.go:419.16,420.14 1 0
github.com/prometheus/prometheus/promql/parser/lex.go:421.16,422.14 1 0
github.com/prometheus/prometheus/promql/parser/lex.go:423.16,424.27 1 0
github.com/prometheus/prometheus/promql/parser/lex.go:425.12,427.16 2 0
github.com/prometheus/prometheus/promql/parser/lex.go:428.12,429.60 1 0
github.com/prometheus/prometheus/promql/parser/lex.go:430.11,431.15 1 0
github.com/prometheus/prometheus/promql/parser/lex.go:433.16,434.30 1 0
github.com/prometheus/prometheus/promql/parser/lex.go:434.30,436.4 1 0
github.com/prometheus/prometheus/promql/parser/lex.go:437.3,437.14 1 0
github.com/prometheus/prometheus/promql/parser/lex.go:438.16,439.30 1 0
github.com/prometheus/prometheus/promql/parser/lex.go:439.30,442.4 2 0
github.com/prometheus/prometheus/promql/parser/lex.go:442.9,444.4 1 0
github.com/prometheus/prometheus/promql/parser/lex.go:445.16,446.30 1 0
github.com/prometheus/prometheus/promql/parser/lex.go:446.30,449.4 2 0
github.com/prometheus/prometheus/promql/parser/lex.go:449.9,451.4 1 0
github.com/prometheus/prometheus/promql/parser/lex.go:452.53,454.29 2 1
github.com/prometheus/prometheus/promql/parser/lex.go:455.29,457.19 2 0
github.com/prometheus/prometheus/promql/parser/lex.go:458.16,460.22 2 0
github.com/prometheus/prometheus/promql/parser/lex.go:461.30,462.21 1 1
github.com/prometheus/prometheus/promql/parser/lex.go:462.21,465.4 2 1
github.com/prometheus/prometheus/promql/parser/lex.go:466.3,466.12 1 0
github.com/prometheus/prometheus/promql/parser/lex.go:467.12,468.18 1 0
github.com/prometheus/prometheus/promql/parser/lex.go:468.18,470.5 1 0
github.com/prometheus/prometheus/promql/parser/lex.go:471.4,473.24 3 0
github.com/prometheus/prometheus/promql/parser/lex.go:474.27,475.31 1 0
github.com/prometheus/prometheus/promql/parser/lex.go:475.31,477.5 1 0
github.com/prometheus/prometheus/promql/parser/lex.go:479.3,479.67 1 0
github.com/prometheus/prometheus/promql/parser/lex.go:480.16,483.23 3 1
github.com/prometheus/prometheus/promql/parser/lex.go:484.16,487.23 3 1
github.com/prometheus/prometheus/promql/parser/lex.go:487.23,489.4 1 0
github.com/prometheus/prometheus/promql/parser/lex.go:490.3,490.23 1 1
github.com/prometheus/prometheus/promql/parser/lex.go:491.16,494.25 3 0
github.com/prometheus/prometheus/promql/parser/lex.go:495.16,496.20 1 1
github.com/prometheus/prometheus/promql/parser/lex.go:496.20,498.4 1 0
github.com/prometheus/prometheus/promql/parser/lex.go:499.3,501.24 3 1
github.com/prometheus/prometheus/promql/parser/lex.go:501.24,503.4 1 0
github.com/prometheus/prometheus/promql/parser/lex.go:504.3,505.25 2 1
github.com/prometheus/prometheus/promql/parser/lex.go:506.16,507.21 1 1
github.com/prometheus/prometheus/promql/parser/lex.go:507.21,509.4 1 0
github.com/prometheus/prometheus/promql/parser/lex.go:510.3,511.24 2 1
github.com/prometheus/prometheus/promql/parser/lex.go:512.16,513.13 1 0
github.com/prometheus/prometheus/promql/parser/lex.go:514.10,515.49 1 0
github.com/prometheus/prometheus/promql/parser/lex.go:517.2,517.22 1 1
github.com/prometheus/prometheus/promql/parser/lex.go:520.37,521.26 1 0
github.com/prometheus/prometheus/promql/parser/lex.go:522.25,526.26 4 0
github.com/prometheus/prometheus/promql/parser/lex.go:527.25,531.26 4 0
github.com/prometheus/prometheus/promql/parser/lex.go:532.25,536.26 4 0
github.com/prometheus/prometheus/promql/parser/lex.go:539.2,539.19 1 0
github.com/prometheus/prometheus/promql/parser/lex.go:539.19,541.3 1 0
github.com/prometheus/prometheus/promql/parser/lex.go:542.2,542.24 1 0
github.com/prometheus/prometheus/promql/parser/lex.go:543.18,545.18 2 0
github.com/prometheus/prometheus/promql/parser/lex.go:546.18,548.32 2 0
github.com/prometheus/prometheus/promql/parser/lex.go:549.16,551.22 2 0
github.com/prometheus/prometheus/promql/parser/lex.go:552.16,554.22 2 0
github.com/prometheus/prometheus/promql/parser/lex.go:555.16,557.19 2 0
github.com/prometheus/prometheus/promql/parser/lex.go:558.18,560.19 2 0
github.com/prometheus/prometheus/promql/parser/lex.go:561.16,566.20 5 0
github.com/prometheus/prometheus/promql/parser/lex.go:567.35,570.19 3 0
github.com/prometheus/prometheus/promql/parser/lex.go:571.12,573.23 2 0
github.com/prometheus/prometheus/promql/parser/lex.go:574.12,576.23 2 0
github.com/prometheus/prometheus/promql/parser/lex.go:577.12,579.23 2 0
github.com/prometheus/prometheus/promql/parser/lex.go:580.11,582.27 2 0
github.com/prometheus/prometheus/promql/parser/lex.go:584.10,585.72 1 0
github.com/prometheus/prometheus/promql/parser/lex.go:589.47,591.6 1 0
github.com/prometheus/prometheus/promql/parser/lex.go:591.6,592.25 1 0
github.com/prometheus/prometheus/promql/parser/lex.go:593.19,593.19 0 0
github.com/prometheus/prometheus/promql/parser/lex.go:595.11,599.60 3 0
github.com/prometheus/prometheus/promql/parser/lex.go:599.60,600.24 1 0
github.com/prometheus/prometheus/promql/parser/lex.go:600.24,603.6 2 0
github.com/prometheus/prometheus/promql/parser/lex.go:604.5,605.15 2 0
github.com/prometheus/prometheus/promql/parser/lex.go:608.4,608.50 1 0
github.com/prometheus/prometheus/promql/parser/lex.go:608.50,609.23 1 0
github.com/prometheus/prometheus/promql/parser/lex.go:609.23,612.6 2 0
github.com/prometheus/prometheus/promql/parser/lex.go:614.4,614.64 1 0
github.com/prometheus/prometheus/promql/parser/lex.go:614.64,617.5 2 0
github.com/prometheus/prometheus/promql/parser/lex.go:619.4,620.14 2 0
github.com/prometheus/prometheus/promql/parser/lex.go:623.2,623.22 1 0
github.com/prometheus/prometheus/promql/parser/lex.go:626.35,627.24 1 0
github.com/prometheus/prometheus/promql/parser/lex.go:628.18,630.18 2 0
github.com/prometheus/prometheus/promql/parser/lex.go:631.16,633.19 2 0
github.com/prometheus/prometheus/promql/parser/lex.go:634.18,636.19 2 0
github.com/prometheus/prometheus/promql/parser/lex.go:637.16,640.22 3 0
github.com/prometheus/prometheus/promql/parser/lex.go:641.18,644.49 2 0
github.com/prometheus/prometheus/promql/parser/lex.go:644.49,645.22 1 0
github.com/prometheus/prometheus/promql/parser/lex.go:645.22,648.5 2 0
github.com/prometheus/prometheus/promql/parser/lex.go:650.3,650.20 1 0
github.com/prometheus/prometheus/promql/parser/lex.go:651.10,652.69 1 0
github.com/prometheus/prometheus/promql/parser/lex.go:658.40,659.53 1 0
github.com/prometheus/prometheus/promql/parser/lex.go:659.53,661.3 1 0
github.com/prometheus/prometheus/promql/parser/lex.go:663.2,663.24 1 0
github.com/prometheus/prometheus/promql/parser/lex.go:664.16,665.59 1 0
github.com/prometheus/prometheus/promql/parser/lex.go:666.18,667.18 1 0
github.com/prometheus/prometheus/promql/parser/lex.go:668.18,670.23 2 0
github.com/prometheus/prometheus/promql/parser/lex.go:671.16,672.16 1 0
github.com/prometheus/prometheus/promql/parser/lex.go:673.29,675.19 2 0
github.com/prometheus/prometheus/promql/parser/lex.go:676.16,678.22 2 0
github.com/prometheus/prometheus/promql/parser/lex.go:679.16,680.22 1 0
github.com/prometheus/prometheus/promql/parser/lex.go:680.22,682.9 2 0
github.com/prometheus/prometheus/promql/parser/lex.go:684.3,685.14 2 0
github.com/prometheus/prometheus/promql/parser/lex.go:686.16,687.29 1 0
github.com/prometheus/prometheus/promql/parser/lex.go:688.12,689.21 1 0
github.com/prometheus/prometheus/promql/parser/lex.go:690.12,691.15 1 0
github.com/prometheus/prometheus/promql/parser/lex.go:692.11,693.75 1 0
github.com/prometheus/prometheus/promql/parser/lex.go:695.16,696.49 1 0
github.com/prometheus/prometheus/promql/parser/lex.go:697.16,701.19 3 0
github.com/prometheus/prometheus/promql/parser/lex.go:701.19,703.4 1 0
github.com/prometheus/prometheus/promql/parser/lex.go:704.3,704.23 1 0
github.com/prometheus/prometheus/promql/parser/lex.go:705.10,706.63 1 0
github.com/prometheus/prometheus/promql/parser/lex.go:708.2,708.24 1 0
github.com/prometheus/prometheus/promql/parser/lex.go:712.41,713.44 1 0
github.com/prometheus/prometheus/promql/parser/lex.go:713.44,715.3 1 0
github.com/prometheus/prometheus/promql/parser/lex.go:716.2,716.24 1 0
github.com/prometheus/prometheus/promql/parser/lex.go:717.16,718.23 1 0
github.com/prometheus/prometheus/promql/parser/lex.go:719.35,720.45 1 0
github.com/prometheus/prometheus/promql/parser/lex.go:720.45,722.4 1 0
github.com/prometheus/prometheus/promql/parser/lex.go:723.3,726.22 4 0
github.com/prometheus/prometheus/promql/parser/lex.go:727.18,729.14 2 0
github.com/prometheus/prometheus/promql/parser/lex.go:730.16,731.14 1 0
github.com/prometheus/prometheus/promql/parser/lex.go:732.16,733.14 1 0
github.com/prometheus/prometheus/promql/parser/lex.go:734.16,735.16 1 0
github.com/prometheus/prometheus/promql/parser/lex.go:736.16,737.16 1 0
github.com/prometheus/prometheus/promql/parser/lex.go:738.53,740.15 2 0
github.com/prometheus/prometheus/promql/parser/lex.go:741.18,744.32 2 0
github.com/prometheus/prometheus/promql/parser/lex.go:745.10,746.68 1 0
github.com/prometheus/prometheus/promql/parser/lex.go:748.2,748.25 1 0
github.com/prometheus/prometheus/promql/parser/lex.go:759.34,764.12 4 0
github.com/prometheus/prometheus/promql/parser/lex.go:765.61,766.19 1 0
github.com/prometheus/prometheus/promql/parser/lex.go:767.46,768.30 1 0
github.com/prometheus/prometheus/promql/parser/lex.go:769.11,771.31 2 0
github.com/prometheus/prometheus/promql/parser/lex.go:772.11,774.43 2 0
github.com/prometheus/prometheus/promql/parser/lex.go:775.11,777.43 2 0
github.com/prometheus/prometheus/promql/parser/lex.go:778.11,780.19 2 0
github.com/prometheus/prometheus/promql/parser/lex.go:781.10,783.19 2 0
github.com/prometheus/prometheus/promql/parser/lex.go:786.2,787.12 2 0
github.com/prometheus/prometheus/promql/parser/lex.go:787.12,789.16 2 0
github.com/prometheus/prometheus/promql/parser/lex.go:789.16,790.17 1 0
github.com/prometheus/prometheus/promql/parser/lex.go:790.17,793.5 2 0
github.com/prometheus/prometheus/promql/parser/lex.go:794.4,795.20 2 0
github.com/prometheus/prometheus/promql/parser/lex.go:797.3,801.12 3 0
github.com/prometheus/prometheus/promql/parser/lex.go:801.12,803.4 1 0
github.com/prometheus/prometheus/promql/parser/lex.go:806.2,806.45 1 0
github.com/prometheus/prometheus/promql/parser/lex.go:806.45,808.3 1 0
github.com/prometheus/prometheus/promql/parser/lex.go:809.2,809.18 1 0
github.com/prometheus/prometheus/promql/parser/lex.go:814.28,815.9 1 0
github.com/prometheus/prometheus/promql/parser/lex.go:816.30,817.23 1 0
github.com/prometheus/prometheus/promql/parser/lex.go:818.30,819.28 1 0
github.com/prometheus/prometheus/promql/parser/lex.go:820.30,821.28 1 0
github.com/prometheus/prometheus/promql/parser/lex.go:823.2,823.11 1 0
github.com/prometheus/prometheus/promql/parser/lex.go:827.27,828.24 1 0
github.com/prometheus/prometheus/promql/parser/lex.go:828.24,830.3 1 0
github.com/prometheus/prometheus/promql/parser/lex.go:831.2,831.12 1 0
github.com/prometheus/prometheus/promql/parser/lex.go:835.34,837.6 1 0
github.com/prometheus/prometheus/promql/parser/lex.go:837.6,838.19 1 0
github.com/prometheus/prometheus/promql/parser/lex.go:839.13,840.20 1 0
github.com/prometheus/prometheus/promql/parser/lex.go:841.23,843.20 2 0
github.com/prometheus/prometheus/promql/parser/lex.go:844.18,845.49 1 0
github.com/prometheus/prometheus/promql/parser/lex.go:846.21,847.14 1 0
github.com/prometheus/prometheus/promql/parser/lex.go:850.2,851.22 2 0
github.com/prometheus/prometheus/promql/parser/lex.go:855.37,857.6 1 0
github.com/prometheus/prometheus/promql/parser/lex.go:857.6,858.19 1 0
github.com/prometheus/prometheus/promql/parser/lex.go:859.23,861.23 2 0
github.com/prometheus/prometheus/promql/parser/lex.go:862.12,864.23 2 0
github.com/prometheus/prometheus/promql/parser/lex.go:865.21,866.14 1 0
github.com/prometheus/prometheus/promql/parser/lex.go:869.2,870.22 2 0
github.com/prometheus/prometheus/promql/parser/lex.go:874.33,875.24 1 0
github.com/prometheus/prometheus/promql/parser/lex.go:875.24,877.3 1 0
github.com/prometheus/prometheus/promql/parser/lex.go:878.2,879.22 2 0
github.com/prometheus/prometheus/promql/parser/lex.go:883.39,885.50 2 0
github.com/prometheus/prometheus/promql/parser/lex.go:885.50,887.3 1 0
github.com/prometheus/prometheus/promql/parser/lex.go:888.2,890.22 3 0
github.com/prometheus/prometheus/promql/parser/lex.go:894.34,895.21 1 0
github.com/prometheus/prometheus/promql/parser/lex.go:895.21,897.3 1 0
github.com/prometheus/prometheus/promql/parser/lex.go:898.2,899.22 2 0
github.com/prometheus/prometheus/promql/parser/lex.go:902.44,903.6 1 0
github.com/prometheus/prometheus/promql/parser/lex.go:903.6,904.25 1 0
github.com/prometheus/prometheus/promql/parser/lex.go:905.19,905.19 0 0
github.com/prometheus/prometheus/promql/parser/lex.go:907.11,911.14 4 0
github.com/prometheus/prometheus/promql/parser/lex.go:912.16,914.16 2 0
github.com/prometheus/prometheus/promql/parser/lex.go:915.15,917.16 2 0
github.com/prometheus/prometheus/promql/parser/lex.go:918.15,920.16 2 0
github.com/prometheus/prometheus/promql/parser/lex.go:921.12,922.17 1 0
github.com/prometheus/prometheus/promql/parser/lex.go:929.44,930.20 1 1
github.com/prometheus/prometheus/promql/parser/lex.go:930.20,933.3 2 1
github.com/prometheus/prometheus/promql/parser/lex.go:935.2,935.32 1 1
github.com/prometheus/prometheus/promql/parser/lex.go:935.32,939.3 3 1
github.com/prometheus/prometheus/promql/parser/lex.go:940.2,940.78 1 0
github.com/prometheus/prometheus/promql/parser/lex.go:943.45,945.25 1 1
github.com/prometheus/prometheus/promql/parser/lex.go:945.25,947.3 1 0
github.com/prometheus/prometheus/promql/parser/lex.go:950.2,952.29 2 1
github.com/prometheus/prometheus/promql/parser/lex.go:952.29,953.30 1 0
github.com/prometheus/prometheus/promql/parser/lex.go:953.31,954.4 0 0
github.com/prometheus/prometheus/promql/parser/lex.go:957.3,957.25 1 0
github.com/prometheus/prometheus/promql/parser/lex.go:957.25,959.4 1 0
github.com/prometheus/prometheus/promql/parser/lex.go:962.3,962.16 1 0
github.com/prometheus/prometheus/promql/parser/lex.go:964.2,964.34 1 1
github.com/prometheus/prometheus/promql/parser/lex.go:969.35,975.35 3 1
github.com/prometheus/prometheus/promql/parser/lex.go:975.35,978.3 2 0
github.com/prometheus/prometheus/promql/parser/lex.go:979.2,995.76 6 1
github.com/prometheus/prometheus/promql/parser/lex.go:995.76,997.23 1 1
github.com/prometheus/prometheus/promql/parser/lex.go:997.23,998.19 1 0
github.com/prometheus/prometheus/promql/parser/lex.go:998.19,1001.5 2 0
github.com/prometheus/prometheus/promql/parser/lex.go:1004.3,1004.28 1 1
github.com/prometheus/prometheus/promql/parser/lex.go:1004.28,1005.24 1 0
github.com/prometheus/prometheus/promql/parser/lex.go:1005.24,1008.5 2 0
github.com/prometheus/prometheus/promql/parser/lex.go:1011.3,1011.27 1 1
github.com/prometheus/prometheus/promql/parser/lex.go:1011.27,1013.32 2 0
github.com/prometheus/prometheus/promql/parser/lex.go:1013.32,1015.5 1 0
github.com/prometheus/prometheus/promql/parser/lex.go:1017.4,1017.60 1 0
github.com/prometheus/prometheus/promql/parser/lex.go:1017.60,1019.5 1 0
github.com/prometheus/prometheus/promql/parser/lex.go:1020.4,1020.12 1 0
github.com/prometheus/prometheus/promql/parser/lex.go:1023.3,1023.32 1 1
github.com/prometheus/prometheus/promql/parser/lex.go:1023.32,1026.56 3 0
github.com/prometheus/prometheus/promql/parser/lex.go:1026.56,1028.5 1 0
github.com/prometheus/prometheus/promql/parser/lex.go:1029.4,1029.12 1 0
github.com/prometheus/prometheus/promql/parser/lex.go:1032.3,1032.34 1 1
github.com/prometheus/prometheus/promql/parser/lex.go:1032.34,1033.58 1 0
github.com/prometheus/prometheus/promql/parser/lex.go:1033.58,1035.5 1 0
github.com/prometheus/prometheus/promql/parser/lex.go:1037.4,1037.12 1 0
github.com/prometheus/prometheus/promql/parser/lex.go:1040.3,1040.28 1 1
github.com/prometheus/prometheus/promql/parser/lex.go:1043.2,1043.25 1 1
github.com/prometheus/prometheus/promql/parser/lex.go:1043.25,1045.3 1 0
github.com/prometheus/prometheus/promql/parser/lex.go:1048.2,1048.69 1 1
github.com/prometheus/prometheus/promql/parser/lex.go:1048.69,1050.3 1 1
github.com/prometheus/prometheus/promql/parser/lex.go:1051.2,1051.14 1 1
github.com/prometheus/prometheus/promql/parser/lex.go:1056.38,1057.31 1 0
github.com/prometheus/prometheus/promql/parser/lex.go:1057.32,1059.3 0 0
github.com/prometheus/prometheus/promql/parser/lex.go:1060.2,1062.22 3 0
github.com/prometheus/prometheus/promql/parser/lex.go:1068.47,1070.6 1 1
github.com/prometheus/prometheus/promql/parser/lex.go:1070.6,1071.25 1 1
github.com/prometheus/prometheus/promql/parser/lex.go:1072.38,1072.38 0 1
github.com/prometheus/prometheus/promql/parser/lex.go:1074.11,1077.49 3 1
github.com/prometheus/prometheus/promql/parser/lex.go:1078.12,1079.15 1 0
github.com/prometheus/prometheus/promql/parser/lex.go:1080.38,1081.23 1 1
github.com/prometheus/prometheus/promql/parser/lex.go:1082.12,1083.30 1 0
github.com/prometheus/prometheus/promql/parser/lex.go:1085.4,1085.14 1 1
github.com/prometheus/prometheus/promql/parser/lex.go:1088.2,1088.37 1 1
github.com/prometheus/prometheus/promql/parser/lex.go:1088.37,1090.3 1 0
github.com/prometheus/prometheus/promql/parser/lex.go:1091.2,1091.22 1 1
github.com/prometheus/prometheus/promql/parser/lex.go:1094.27,1096.2 1 1
github.com/prometheus/prometheus/promql/parser/lex.go:1099.31,1101.2 1 0
github.com/prometheus/prometheus/promql/parser/lex.go:1104.34,1106.2 1 1
github.com/prometheus/prometheus/promql/parser/lex.go:1111.27,1113.2 1 1
github.com/prometheus/prometheus/promql/parser/lex.go:1116.27,1118.2 1 1
github.com/prometheus/prometheus/promql/parser/lex.go:1121.40,1122.24 1 1
github.com/prometheus/prometheus/promql/parser/lex.go:1123.16,1124.68 1 0
github.com/prometheus/prometheus/promql/parser/lex.go:1125.16,1129.23 4 0
github.com/prometheus/prometheus/promql/parser/lex.go:1130.16,1132.21 2 0
github.com/prometheus/prometheus/promql/parser/lex.go:1132.21,1134.4 1 0
github.com/prometheus/prometheus/promql/parser/lex.go:1135.3,1135.17 1 0
github.com/prometheus/prometheus/promql/parser/lex.go:1135.17,1137.4 1 0
github.com/prometheus/prometheus/promql/parser/lex.go:1138.3,1139.25 2 0
github.com/prometheus/prometheus/promql/parser/lex.go:1140.16,1143.25 3 0
github.com/prometheus/prometheus/promql/parser/lex.go:1144.16,1147.23 3 0
github.com/prometheus/prometheus/promql/parser/lex.go:1147.23,1149.4 1 0
github.com/prometheus/prometheus/promql/parser/lex.go:1150.3,1150.25 1 0
github.com/prometheus/prometheus/promql/parser/lex.go:1151.18,1153.25 2 0
github.com/prometheus/prometheus/promql/parser/lex.go:1154.16,1156.25 2 0
github.com/prometheus/prometheus/promql/parser/lex.go:1157.16,1159.25 2 1
github.com/prometheus/prometheus/promql/parser/lex.go:1160.16,1162.25 2 0
github.com/prometheus/prometheus/promql/parser/lex.go:1163.16,1165.25 2 0
github.com/prometheus/prometheus/promql/parser/lex.go:1166.16,1168.25 2 0
github.com/prometheus/prometheus/promql/parser/lex.go:1169.16,1171.25 2 0
github.com/prometheus/prometheus/promql/parser/lex.go:1172.16,1174.25 2 0
github.com/prometheus/prometheus/promql/parser/lex.go:1175.52,1176.30 1 0
github.com/prometheus/prometheus/promql/parser/lex.go:1176.30,1178.4 1 0
github.com/prometheus/prometheus/promql/parser/lex.go:1179.3,1179.72 1 0
github.com/prometheus/prometheus/promql/parser/lex.go:1180.53,1183.29 3 1
github.com/prometheus/prometheus/promql/parser/lex.go:1184.10,1185.72 1 0
github.com/prometheus/prometheus/promql/parser/parse.go:37.26,39.3 1 1
github.com/prometheus/prometheus/promql/parser/parse.go:78.56,79.25 1 0
github.com/prometheus/prometheus/promql/parser/parse.go:79.25,81.3 1 0
github.com/prometheus/prometheus/promql/parser/parse.go:85.51,101.27 8 1
github.com/prometheus/prometheus/promql/parser/parse.go:101.27,103.3 1 0
github.com/prometheus/prometheus/promql/parser/parse.go:105.2,105.10 1 1
github.com/prometheus/prometheus/promql/parser/parse.go:108.53,113.24 3 1
github.com/prometheus/prometheus/promql/parser/parse.go:113.24,115.3 1 1
github.com/prometheus/prometheus/promql/parser/parse.go:118.2,118.29 1 1
github.com/prometheus/prometheus/promql/parser/parse.go:118.29,120.3 1 1
github.com/prometheus/prometheus/promql/parser/parse.go:122.2,122.29 1 1
github.com/prometheus/prometheus/promql/parser/parse.go:122.29,124.3 1 0
github.com/prometheus/prometheus/promql/parser/parse.go:126.2,126.18 1 1
github.com/prometheus/prometheus/promql/parser/parse.go:129.26,131.2 1 1
github.com/prometheus/prometheus/promql/parser/parse.go:143.35,145.2 1 0
github.com/prometheus/prometheus/promql/parser/parse.go:153.40,154.20 1 0
github.com/prometheus/prometheus/promql/parser/parse.go:154.20,156.3 1 0
github.com/prometheus/prometheus/promql/parser/parse.go:160.2,160.42 1 0
github.com/prometheus/prometheus/promql/parser/parse.go:164.67,166.31 2 0
github.com/prometheus/prometheus/promql/parser/parse.go:166.31,168.3 1 0
github.com/prometheus/prometheus/promql/parser/parse.go:169.2,170.34 2 0
github.com/prometheus/prometheus/promql/parser/parse.go:170.34,171.33 1 0
github.com/prometheus/prometheus/promql/parser/parse.go:171.33,174.4 2 0
github.com/prometheus/prometheus/promql/parser/parse.go:179.53,183.30 3 1
github.com/prometheus/prometheus/promql/parser/parse.go:183.30,185.3 1 0
github.com/prometheus/prometheus/promql/parser/parse.go:187.2,187.22 1 1
github.com/prometheus/prometheus/promql/parser/parse.go:191.61,197.24 5 0
github.com/prometheus/prometheus/promql/parser/parse.go:197.24,199.3 1 0
github.com/prometheus/prometheus/promql/parser/parse.go:201.2,201.29 1 0
github.com/prometheus/prometheus/promql/parser/parse.go:201.29,203.3 1 0
github.com/prometheus/prometheus/promql/parser/parse.go:205.2,205.15 1 0
github.com/prometheus/prometheus/promql/parser/parse.go:210.73,216.24 5 0
github.com/prometheus/prometheus/promql/parser/parse.go:216.24,218.3 1 0
github.com/prometheus/prometheus/promql/parser/parse.go:220.2,220.29 1 0
[...]
github.com/prometheus/prometheus/promql/parser/parse.go:804.9,806.24 2 0
github.com/prometheus/prometheus/promql/parser/parse.go:806.24,808.5 1 0
github.com/prometheus/prometheus/promql/parser/parse.go:808.10,808.94 1 0
github.com/prometheus/prometheus/promql/parser/parse.go:808.94,810.5 1 0
github.com/prometheus/prometheus/promql/parser/parse.go:813.3,813.47 1 1
github.com/prometheus/prometheus/promql/parser/parse.go:813.47,815.43 1 0
github.com/prometheus/prometheus/promql/parser/parse.go:815.43,817.5 1 0
github.com/prometheus/prometheus/promql/parser/parse.go:819.4,819.46 1 0
github.com/prometheus/prometheus/promql/parser/parse.go:819.46,821.5 1 0
github.com/prometheus/prometheus/promql/parser/parse.go:823.4,823.62 1 0
github.com/prometheus/prometheus/promql/parser/parse.go:826.3,826.30 1 1
github.com/prometheus/prometheus/promql/parser/parse.go:826.30,827.33 1 1
github.com/prometheus/prometheus/promql/parser/parse.go:827.33,828.29 1 0
github.com/prometheus/prometheus/promql/parser/parse.go:828.29,831.11 1 0
github.com/prometheus/prometheus/promql/parser/parse.go:833.5,833.33 1 0
github.com/prometheus/prometheus/promql/parser/parse.go:835.4,835.90 1 1
github.com/prometheus/prometheus/promql/parser/parse.go:838.18,839.21 1 0
github.com/prometheus/prometheus/promql/parser/parse.go:841.18,842.33 1 0
github.com/prometheus/prometheus/promql/parser/parse.go:842.33,844.4 1 0
github.com/prometheus/prometheus/promql/parser/parse.go:845.3,845.76 1 0
github.com/prometheus/prometheus/promql/parser/parse.go:845.76,847.4 1 0
github.com/prometheus/prometheus/promql/parser/parse.go:849.21,851.28 2 0
github.com/prometheus/prometheus/promql/parser/parse.go:851.28,853.4 1 0
github.com/prometheus/prometheus/promql/parser/parse.go:854.23,855.31 1 1
github.com/prometheus/prometheus/promql/parser/parse.go:857.23,858.19 1 1
github.com/prometheus/prometheus/promql/parser/parse.go:858.19,862.66 1 1
github.com/prometheus/prometheus/promql/parser/parse.go:862.66,863.48 1 0
github.com/prometheus/prometheus/promql/parser/parse.go:863.48,865.6 1 0
github.com/prometheus/prometheus/promql/parser/parse.go:870.4,870.9 1 1
github.com/prometheus/prometheus/promql/parser/parse.go:872.3,872.33 1 0
github.com/prometheus/prometheus/promql/parser/parse.go:872.33,876.39 2 0
github.com/prometheus/prometheus/promql/parser/parse.go:876.39,877.37 1 0
github.com/prometheus/prometheus/promql/parser/parse.go:877.37,879.11 2 0
github.com/prometheus/prometheus/promql/parser/parse.go:882.4,882.17 1 0
github.com/prometheus/prometheus/promql/parser/parse.go:882.17,884.5 1 0
github.com/prometheus/prometheus/promql/parser/parse.go:887.38,887.38 0 0
github.com/prometheus/prometheus/promql/parser/parse.go:890.10,891.67 1 0
github.com/prometheus/prometheus/promql/parser/parse.go:893.2,893.8 1 1
github.com/prometheus/prometheus/promql/parser/parse.go:896.49,898.16 2 0
github.com/prometheus/prometheus/promql/parser/parse.go:898.16,900.3 1 0
github.com/prometheus/prometheus/promql/parser/parse.go:901.2,901.17 1 0
github.com/prometheus/prometheus/promql/parser/parse.go:904.54,906.16 2 1
github.com/prometheus/prometheus/promql/parser/parse.go:906.16,908.3 1 0
github.com/prometheus/prometheus/promql/parser/parse.go:909.2,909.32 1 1
github.com/prometheus/prometheus/promql/parser/parse.go:915.67,921.2 3 1
github.com/prometheus/prometheus/promql/parser/parse.go:923.79,929.12 4 0
github.com/prometheus/prometheus/promql/parser/parse.go:930.11,931.32 1 0
github.com/prometheus/prometheus/promql/parser/parse.go:932.11,933.35 1 0
github.com/prometheus/prometheus/promql/parser/parse.go:934.17,935.33 1 0
github.com/prometheus/prometheus/promql/parser/parse.go:936.17,937.36 1 0
github.com/prometheus/prometheus/promql/parser/parse.go:938.10,941.28 1 0
github.com/prometheus/prometheus/promql/parser/parse.go:944.2,945.16 2 0
github.com/prometheus/prometheus/promql/parser/parse.go:945.16,947.3 1 0
github.com/prometheus/prometheus/promql/parser/parse.go:949.2,949.10 1 0
github.com/prometheus/prometheus/promql/parser/parse.go:952.67,954.16 2 0
github.com/prometheus/prometheus/promql/parser/parse.go:954.16,956.3 1 0
github.com/prometheus/prometheus/promql/parser/parse.go:958.2,958.10 1 0
github.com/prometheus/prometheus/promql/parser/parse.go:962.58,967.23 4 0
github.com/prometheus/prometheus/promql/parser/parse.go:968.23,971.28 3 0
github.com/prometheus/prometheus/promql/parser/parse.go:972.23,974.10 2 0
github.com/prometheus/prometheus/promql/parser/parse.go:974.10,977.4 2 0
github.com/prometheus/prometheus/promql/parser/parse.go:978.3,980.22 3 0
github.com/prometheus/prometheus/promql/parser/parse.go:981.21,984.22 3 0
github.com/prometheus/prometheus/promql/parser/parse.go:985.10,987.9 2 0
github.com/prometheus/prometheus/promql/parser/parse.go:991.2,991.9 1 0
github.com/prometheus/prometheus/promql/parser/parse.go:992.49,993.76 1 0
github.com/prometheus/prometheus/promql/parser/parse.go:994.25,995.23 1 0
github.com/prometheus/prometheus/promql/parser/parse.go:998.2,998.26 1 0
github.com/prometheus/prometheus/promql/parser/parse.go:1002.60,1007.23 4 0
github.com/prometheus/prometheus/promql/parser/parse.go:1008.23,1011.28 3 0
github.com/prometheus/prometheus/promql/parser/parse.go:1012.23,1014.10 2 0
github.com/prometheus/prometheus/promql/parser/parse.go:1014.10,1017.4 2 0
github.com/prometheus/prometheus/promql/parser/parse.go:1018.3,1020.22 3 0
github.com/prometheus/prometheus/promql/parser/parse.go:1021.21,1024.22 3 0
github.com/prometheus/prometheus/promql/parser/parse.go:1025.10,1027.9 2 0
github.com/prometheus/prometheus/promql/parser/parse.go:1030.2,1030.9 1 0
github.com/prometheus/prometheus/promql/parser/parse.go:1031.50,1032.76 1 0
github.com/prometheus/prometheus/promql/parser/parse.go:1033.29,1034.25 1 0
github.com/prometheus/prometheus/promql/parser/parse.go:1037.2,1037.26 1 0
github.com/prometheus/prometheus/promql/parser/parse.go:1041.51,1043.64 1 0
github.com/prometheus/prometheus/promql/parser/parse.go:1043.64,1045.3 1 0
github.com/prometheus/prometheus/promql/parser/parse.go:1046.2,1050.9 4 0
github.com/prometheus/prometheus/promql/parser/parse.go:1050.9,1052.3 1 0
github.com/prometheus/prometheus/promql/parser/parse.go:1054.2,1054.23 1 0
github.com/prometheus/prometheus/promql/parser/parse.go:1054.23,1057.3 2 0
github.com/prometheus/prometheus/promql/parser/parse.go:1059.2,1059.26 1 0
github.com/prometheus/prometheus/promql/parser/parse.go:1063.61,1065.9 2 0
github.com/prometheus/prometheus/promql/parser/parse.go:1065.9,1067.3 1 0
github.com/prometheus/prometheus/promql/parser/parse.go:1069.2,1069.21 1 0
github.com/prometheus/prometheus/promql/parser/parse.go:1069.21,1071.3 1 0
github.com/prometheus/prometheus/promql/parser/parse.go:1073.2,1073.26 1 0
github.com/prometheus/prometheus/promql/parser/parse.go:1076.86,1082.23 2 0
github.com/prometheus/prometheus/promql/parser/parse.go:1083.23,1086.28 3 0
github.com/prometheus/prometheus/promql/parser/parse.go:1087.23,1089.10 2 0
github.com/prometheus/prometheus/promql/parser/parse.go:1089.10,1092.4 2 0
github.com/prometheus/prometheus/promql/parser/parse.go:1093.3,1095.22 3 0
github.com/prometheus/prometheus/promql/parser/parse.go:1096.21,1099.22 3 0
github.com/prometheus/prometheus/promql/parser/parse.go:1100.10,1102.30 2 0
github.com/prometheus/prometheus/promql/parser/parse.go:1105.2,1105.70 1 0
github.com/prometheus/prometheus/promql/parser/parse.go:1105.70,1108.3 2 0
github.com/prometheus/prometheus/promql/parser/parse.go:1110.2,1110.44 1 0
github.com/prometheus/prometheus/promql/parser/parse.go:1113.51,1114.31 1 1
github.com/prometheus/prometheus/promql/parser/parse.go:1114.31,1116.3 1 0
github.com/prometheus/prometheus/promql/parser/parse.go:1119.78,1121.16 2 1
github.com/prometheus/prometheus/promql/parser/parse.go:1121.16,1122.13 1 0
github.com/prometheus/prometheus/promql/parser/parse.go:1124.2,1124.10 1 1
github.com/prometheus/prometheus/promql/parser/parse.go:1127.45,1129.9 2 1
github.com/prometheus/prometheus/promql/parser/parse.go:1129.9,1130.56 1 0
github.com/prometheus/prometheus/promql/parser/parse.go:1132.2,1132.10 1 1
github.com/prometheus/prometheus/promql/parser/prettier.go:46.30,48.2 1 1
github.com/prometheus/prometheus/promql/parser/prettier.go:50.50,52.20 2 0
github.com/prometheus/prometheus/promql/parser/prettier.go:52.20,55.3 2 0
github.com/prometheus/prometheus/promql/parser/prettier.go:57.2,60.34 3 0
github.com/prometheus/prometheus/promql/parser/prettier.go:60.34,62.3 1 0
github.com/prometheus/prometheus/promql/parser/prettier.go:63.2,64.10 2 0
github.com/prometheus/prometheus/promql/parser/prettier.go:67.47,69.20 2 0
github.com/prometheus/prometheus/promql/parser/prettier.go:69.20,72.3 2 0
github.com/prometheus/prometheus/promql/parser/prettier.go:73.2,74.18 2 0
github.com/prometheus/prometheus/promql/parser/prettier.go:74.18,76.3 1 0
github.com/prometheus/prometheus/promql/parser/prettier.go:78.2,79.129 2 0
github.com/prometheus/prometheus/promql/parser/prettier.go:82.43,86.18 4 0
github.com/prometheus/prometheus/promql/parser/prettier.go:86.18,89.3 1 0
github.com/prometheus/prometheus/promql/parser/prettier.go:89.8,91.3 1 0
github.com/prometheus/prometheus/promql/parser/prettier.go:92.2,92.15 1 0
github.com/prometheus/prometheus/promql/parser/prettier.go:92.15,94.3 1 0
github.com/prometheus/prometheus/promql/parser/prettier.go:95.2,95.10 1 0
github.com/prometheus/prometheus/promql/parser/prettier.go:98.41,100.20 2 1
github.com/prometheus/prometheus/promql/parser/prettier.go:100.20,103.3 2 0
github.com/prometheus/prometheus/promql/parser/prettier.go:104.2,105.10 2 1
github.com/prometheus/prometheus/promql/parser/prettier.go:108.41,110.2 1 0
github.com/prometheus/prometheus/promql/parser/prettier.go:112.47,115.19 2 1
github.com/prometheus/prometheus/promql/parser/prettier.go:115.19,117.3 1 1
github.com/prometheus/prometheus/promql/parser/prettier.go:118.2,118.21 1 1
github.com/prometheus/prometheus/promql/parser/prettier.go:121.46,123.20 2 0
github.com/prometheus/prometheus/promql/parser/prettier.go:123.20,126.3 2 0
github.com/prometheus/prometheus/promql/parser/prettier.go:127.2,127.78 1 0
github.com/prometheus/prometheus/promql/parser/prettier.go:130.54,132.2 1 0
github.com/prometheus/prometheus/promql/parser/prettier.go:134.51,136.2 1 1
github.com/prometheus/prometheus/promql/parser/prettier.go:138.49,139.20 1 0
github.com/prometheus/prometheus/promql/parser/prettier.go:139.20,141.3 1 0
github.com/prometheus/prometheus/promql/parser/prettier.go:142.2,142.77 1 0
github.com/prometheus/prometheus/promql/parser/prettier.go:145.51,147.2 1 0
github.com/prometheus/prometheus/promql/parser/prettier.go:149.50,151.2 1 0
github.com/prometheus/prometheus/promql/parser/prettier.go:153.50,155.2 1 0
github.com/prometheus/prometheus/promql/parser/prettier.go:157.46,162.2 3 0
github.com/prometheus/prometheus/promql/parser/prettier.go:164.60,166.2 1 1
github.com/prometheus/prometheus/promql/parser/prettier.go:170.30,171.14 1 1
github.com/prometheus/prometheus/promql/parser/prettier.go:171.14,173.3 1 0
github.com/prometheus/prometheus/promql/parser/prettier.go:174.2,174.47 1 1
github.com/prometheus/prometheus/promql/parser/prettier.go:180.27,182.2 1 1
github.com/prometheus/prometheus/promql/parser/printer.go:30.29,32.2 1 0
github.com/prometheus/prometheus/promql/parser/printer.go:34.43,35.17 1 0
github.com/prometheus/prometheus/promql/parser/printer.go:35.17,37.3 1 0
github.com/prometheus/prometheus/promql/parser/printer.go:38.2,44.35 4 0
github.com/prometheus/prometheus/promql/parser/printer.go:44.35,46.3 1 0
github.com/prometheus/prometheus/promql/parser/printer.go:48.2,48.10 1 0
github.com/prometheus/prometheus/promql/parser/printer.go:51.39,53.2 1 0
github.com/prometheus/prometheus/promql/parser/printer.go:55.43,56.18 1 1
github.com/prometheus/prometheus/promql/parser/printer.go:56.18,58.3 1 0
github.com/prometheus/prometheus/promql/parser/printer.go:59.2,59.23 1 1
github.com/prometheus/prometheus/promql/parser/printer.go:59.23,62.3 2 1
github.com/prometheus/prometheus/promql/parser/printer.go:63.2,63.21 1 1
github.com/prometheus/prometheus/promql/parser/printer.go:66.44,69.37 3 0
github.com/prometheus/prometheus/promql/parser/printer.go:69.37,71.3 1 0
github.com/prometheus/prometheus/promql/parser/printer.go:72.2,74.19 2 0
github.com/prometheus/prometheus/promql/parser/printer.go:77.49,80.2 2 0
github.com/prometheus/prometheus/promql/parser/printer.go:82.49,85.9 2 0
github.com/prometheus/prometheus/promql/parser/printer.go:86.20,87.73 1 0
github.com/prometheus/prometheus/promql/parser/printer.go:88.30,89.68 1 0
github.com/prometheus/prometheus/promql/parser/printer.go:92.2,92.19 1 0
github.com/prometheus/prometheus/promql/parser/printer.go:95.37,99.23 3 0
github.com/prometheus/prometheus/promql/parser/printer.go:99.23,100.12 1 0
github.com/prometheus/prometheus/promql/parser/printer.go:100.12,102.4 1 0
github.com/prometheus/prometheus/promql/parser/printer.go:103.3,103.66 1 0
github.com/prometheus/prometheus/promql/parser/printer.go:103.66,105.4 1 0
github.com/prometheus/prometheus/promql/parser/printer.go:105.9,107.4 1 0
github.com/prometheus/prometheus/promql/parser/printer.go:109.2,109.19 1 0
github.com/prometheus/prometheus/promql/parser/printer.go:112.45,113.21 1 0
github.com/prometheus/prometheus/promql/parser/printer.go:113.21,115.3 1 0
github.com/prometheus/prometheus/promql/parser/printer.go:116.2,116.11 1 0
github.com/prometheus/prometheus/promql/parser/printer.go:119.41,122.2 2 0
github.com/prometheus/prometheus/promql/parser/printer.go:124.46,126.2 1 0
github.com/prometheus/prometheus/promql/parser/printer.go:128.49,131.56 3 0
github.com/prometheus/prometheus/promql/parser/printer.go:131.56,133.12 2 0
github.com/prometheus/prometheus/promql/parser/printer.go:133.12,135.4 1 0
github.com/prometheus/prometheus/promql/parser/printer.go:136.3,138.59 2 0
github.com/prometheus/prometheus/promql/parser/printer.go:138.59,140.32 2 0
github.com/prometheus/prometheus/promql/parser/printer.go:140.32,142.5 1 0
github.com/prometheus/prometheus/promql/parser/printer.go:143.4,143.85 1 0
github.com/prometheus/prometheus/promql/parser/printer.go:146.2,146.17 1 0
github.com/prometheus/prometheus/promql/parser/printer.go:149.43,151.9 2 1
github.com/prometheus/prometheus/promql/parser/printer.go:152.23,153.18 1 0
github.com/prometheus/prometheus/promql/parser/printer.go:154.22,155.56 1 0
github.com/prometheus/prometheus/promql/parser/printer.go:156.22,157.56 1 0
github.com/prometheus/prometheus/promql/parser/printer.go:158.23,160.18 1 0
github.com/prometheus/prometheus/promql/parser/printer.go:161.12,162.49 1 0
github.com/prometheus/prometheus/promql/parser/printer.go:163.12,164.28 1 0
github.com/prometheus/prometheus/promql/parser/printer.go:165.11,167.75 1 0
github.com/prometheus/prometheus/promql/parser/printer.go:169.10,170.62 1 1
github.com/prometheus/prometheus/promql/parser/printer.go:172.2,172.18 1 1
github.com/prometheus/prometheus/promql/parser/printer.go:172.18,174.3 1 0
github.com/prometheus/prometheus/promql/parser/printer.go:175.2,175.13 1 1
github.com/prometheus/prometheus/promql/parser/printer.go:178.48,180.2 1 0
github.com/prometheus/prometheus/promql/parser/printer.go:182.35,184.2 1 1
github.com/prometheus/prometheus/promql/parser/printer.go:186.40,188.2 1 0
github.com/prometheus/prometheus/promql/parser/printer.go:190.57,194.9 3 1
github.com/prometheus/prometheus/promql/parser/printer.go:195.45,196.69 1 0
github.com/prometheus/prometheus/promql/parser/printer.go:197.53,198.81 1 0
github.com/prometheus/prometheus/promql/parser/printer.go:199.53,200.83 1 0
github.com/prometheus/prometheus/promql/parser/printer.go:202.2,203.9 2 1
github.com/prometheus/prometheus/promql/parser/printer.go:204.36,205.70 1 0
github.com/prometheus/prometheus/promql/parser/printer.go:206.39,207.20 1 0
github.com/prometheus/prometheus/promql/parser/printer.go:208.37,209.18 1 0
github.com/prometheus/prometheus/promql/parser/printer.go:211.2,211.19 1 1
github.com/prometheus/prometheus/promql/parser/printer.go:214.45,226.27 9 1
github.com/prometheus/prometheus/promql/parser/printer.go:226.27,228.3 1 1
github.com/prometheus/prometheus/promql/parser/printer.go:229.2,233.12 3 1
github.com/prometheus/prometheus/promql/parser/printer.go:236.50,239.27 3 0
github.com/prometheus/prometheus/promql/parser/printer.go:239.27,241.3 1 0
github.com/prometheus/prometheus/promql/parser/printer.go:242.2,242.54 1 0
github.com/prometheus/prometheus/promql/parser/printer.go:245.43,247.2 1 0
github.com/prometheus/prometheus/promql/parser/printer.go:249.48,251.2 1 0
github.com/prometheus/prometheus/promql/parser/printer.go:254.58,256.20 2 0
github.com/prometheus/prometheus/promql/parser/printer.go:256.20,258.3 1 0
github.com/prometheus/prometheus/promql/parser/printer.go:258.8,258.33 1 0
github.com/prometheus/prometheus/promql/parser/printer.go:258.33,260.3 1 0
github.com/prometheus/prometheus/promql/parser/printer.go:261.2,262.9 2 0
github.com/prometheus/prometheus/promql/parser/printer.go:263.38,264.62 1 0
github.com/prometheus/prometheus/promql/parser/printer.go:265.46,266.74 1 0
github.com/prometheus/prometheus/promql/parser/printer.go:267.46,268.76 1 0
github.com/prometheus/prometheus/promql/parser/printer.go:270.2,271.9 2 0
github.com/prometheus/prometheus/promql/parser/printer.go:272.29,273.63 1 0
github.com/prometheus/prometheus/promql/parser/printer.go:274.32,275.20 1 0
github.com/prometheus/prometheus/promql/parser/printer.go:276.30,277.18 1 0
github.com/prometheus/prometheus/promql/parser/printer.go:279.2,280.27 2 0
github.com/prometheus/prometheus/promql/parser/printer.go:280.27,282.3 1 0
github.com/prometheus/prometheus/promql/parser/printer.go:283.2,283.63 1 0
github.com/prometheus/prometheus/promql/parser/printer.go:286.44,287.19 1 1
github.com/prometheus/prometheus/promql/parser/printer.go:287.19,288.19 1 1
github.com/prometheus/prometheus/promql/parser/printer.go:288.19,290.4 1 1
github.com/prometheus/prometheus/promql/parser/printer.go:291.3,291.49 1 1
github.com/prometheus/prometheus/promql/parser/printer.go:293.2,293.51 1 1
github.com/prometheus/prometheus/promql/parser/printer.go:296.40,298.2 1 0
github.com/prometheus/prometheus/promql/parser/printer.go:300.44,302.2 1 0
github.com/prometheus/prometheus/promql/parser/printer.go:304.40,306.2 1 0
github.com/prometheus/prometheus/promql/parser/printer.go:308.45,310.2 1 0
github.com/prometheus/prometheus/promql/parser/printer.go:312.45,314.33 2 1
github.com/prometheus/prometheus/promql/parser/printer.go:314.33,316.3 1 0
github.com/prometheus/prometheus/promql/parser/printer.go:317.2,317.45 1 1
github.com/prometheus/prometheus/promql/parser/printer.go:317.45,319.130 1 1
github.com/prometheus/prometheus/promql/parser/printer.go:319.130,320.12 1 1
github.com/prometheus/prometheus/promql/parser/printer.go:322.3,322.56 1 0
github.com/prometheus/prometheus/promql/parser/printer.go:324.2,325.9 2 1
github.com/prometheus/prometheus/promql/parser/printer.go:326.38,327.62 1 0
github.com/prometheus/prometheus/promql/parser/printer.go:328.46,329.74 1 0
github.com/prometheus/prometheus/promql/parser/printer.go:330.46,331.76 1 0
github.com/prometheus/prometheus/promql/parser/printer.go:333.2,334.9 2 1
github.com/prometheus/prometheus/promql/parser/printer.go:335.29,336.63 1 0
github.com/prometheus/prometheus/promql/parser/printer.go:337.32,338.20 1 0
github.com/prometheus/prometheus/promql/parser/printer.go:339.30,340.18 1 0
github.com/prometheus/prometheus/promql/parser/printer.go:343.2,343.28 1 1
github.com/prometheus/prometheus/promql/parser/printer.go:343.28,345.3 1 1
github.com/prometheus/prometheus/promql/parser/printer.go:346.2,347.90 2 0
github.com/prometheus/prometheus/promql/parser/value.go:36.41,37.11 1 0
github.com/prometheus/prometheus/promql/parser/value.go:38.23,39.26 1 0
github.com/prometheus/prometheus/promql/parser/value.go:40.23,41.24 1 0
github.com/prometheus/prometheus/promql/parser/value.go:42.10,43.19 1 0
