mode: set
github.com/prometheus/prometheus/discovery/hetzner/hcloud.go:62.83,69.16 3 0
github.com/prometheus/prometheus/discovery/hetzner/hcloud.go:69.16,71.3 1 0
github.com/prometheus/prometheus/discovery/hetzner/hcloud.go:72.2,80.15 2 0
github.com/prometheus/prometheus/discovery/hetzner/hcloud.go:83.86,88.16 2 0
github.com/prometheus/prometheus/discovery/hetzner/hcloud.go:88.16,90.3 1 0
github.com/prometheus/prometheus/discovery/hetzner/hcloud.go:91.2,92.16 2 0
github.com/prometheus/prometheus/discovery/hetzner/hcloud.go:92.16,94.3 1 0
github.com/prometheus/prometheus/discovery/hetzner/hcloud.go:95.2,96.33 2 0
github.com/prometheus/prometheus/discovery/hetzner/hcloud.go:96.33,117.26 2 0
github.com/prometheus/prometheus/discovery/hetzner/hcloud.go:117.26,122.4 4 0
github.com/prometheus/prometheus/discovery/hetzner/hcloud.go:124.3,124.48 1 0
github.com/prometheus/prometheus/discovery/hetzner/hcloud.go:124.48,125.37 1 0
github.com/prometheus/prometheus/discovery/hetzner/hcloud.go:125.37,126.44 1 0
github.com/prometheus/prometheus/discovery/hetzner/hcloud.go:126.44,129.6 2 0
github.com/prometheus/prometheus/discovery/hetzner/hcloud.go:132.3,132.51 1 0
github.com/prometheus/prometheus/discovery/hetzner/hcloud.go:132.51,138.4 4 0
github.com/prometheus/prometheus/discovery/hetzner/hcloud.go:139.3,139.22 1 0
github.com/prometheus/prometheus/discovery/hetzner/hcloud.go:141.2,141.73 1 0
github.com/prometheus/prometheus/discovery/hetzner/hetzner.go:51.13,53.2 1 1
github.com/prometheus/prometheus/discovery/hetzner/hetzner.go:70.134,74.2 1 0
github.com/prometheus/prometheus/discovery/hetzner/hetzner.go:77.32,77.52 1 1
github.com/prometheus/prometheus/discovery/hetzner/hetzner.go:80.98,82.2 1 0
github.com/prometheus/prometheus/discovery/hetzner/hetzner.go:102.71,103.48 1 0
github.com/prometheus/prometheus/discovery/hetzner/hetzner.go:103.48,105.3 1 0
github.com/prometheus/prometheus/discovery/hetzner/hetzner.go:106.2,106.12 1 0
github.com/prometheus/prometheus/discovery/hetzner/hetzner.go:107.43,108.13 1 0
github.com/prometheus/prometheus/discovery/hetzner/hetzner.go:109.10,110.43 1 0
github.com/prometheus/prometheus/discovery/hetzner/hetzner.go:115.75,119.16 4 0
github.com/prometheus/prometheus/discovery/hetzner/hetzner.go:119.16,121.3 1 0
github.com/prometheus/prometheus/discovery/hetzner/hetzner.go:123.2,123.18 1 0
github.com/prometheus/prometheus/discovery/hetzner/hetzner.go:123.18,125.3 1 0
github.com/prometheus/prometheus/discovery/hetzner/hetzner.go:126.2,126.38 1 0
github.com/prometheus/prometheus/discovery/hetzner/hetzner.go:130.45,132.2 1 0
github.com/prometheus/prometheus/discovery/hetzner/hetzner.go:141.121,143.9 2 0
github.com/prometheus/prometheus/discovery/hetzner/hetzner.go:143.9,145.3 1 0
github.com/prometheus/prometheus/discovery/hetzner/hetzner.go:147.2,148.16 2 0
github.com/prometheus/prometheus/discovery/hetzner/hetzner.go:148.16,150.3 1 0
github.com/prometheus/prometheus/discovery/hetzner/hetzner.go:152.2,160.8 1 0
github.com/prometheus/prometheus/discovery/hetzner/hetzner.go:163.70,164.19 1 0
github.com/prometheus/prometheus/discovery/hetzner/hetzner.go:165.25,166.32 1 0
github.com/prometheus/prometheus/discovery/hetzner/hetzner.go:166.32,168.4 1 0
github.com/prometheus/prometheus/discovery/hetzner/hetzner.go:169.3,169.37 1 0
github.com/prometheus/prometheus/discovery/hetzner/hetzner.go:170.24,171.31 1 0
github.com/prometheus/prometheus/discovery/hetzner/hetzner.go:171.31,173.4 1 0
github.com/prometheus/prometheus/discovery/hetzner/hetzner.go:174.3,174.36 1 0
github.com/prometheus/prometheus/discovery/hetzner/hetzner.go:176.2,176.58 1 0
github.com/prometheus/prometheus/discovery/hetzner/metrics.go:27.43,29.2 1 0
github.com/prometheus/prometheus/discovery/hetzner/metrics.go:32.40,32.41 0 0
github.com/prometheus/prometheus/discovery/hetzner/robot.go:54.81,61.16 3 1
github.com/prometheus/prometheus/discovery/hetzner/robot.go:61.16,63.3 1 0
github.com/prometheus/prometheus/discovery/hetzner/robot.go:64.2,69.15 2 1
github.com/prometheus/prometheus/discovery/hetzner/robot.go:72.81,74.16 2 1
github.com/prometheus/prometheus/discovery/hetzner/robot.go:74.16,76.3 1 0
github.com/prometheus/prometheus/discovery/hetzner/robot.go:78.2,81.16 3 1
github.com/prometheus/prometheus/discovery/hetzner/robot.go:81.16,83.3 1 0
github.com/prometheus/prometheus/discovery/hetzner/robot.go:85.2,85.15 1 1
github.com/prometheus/prometheus/discovery/hetzner/robot.go:85.15,88.3 2 1
github.com/prometheus/prometheus/discovery/hetzner/robot.go:90.2,90.30 1 1
github.com/prometheus/prometheus/discovery/hetzner/robot.go:90.30,92.3 1 0
github.com/prometheus/prometheus/discovery/hetzner/robot.go:94.2,95.16 2 1
github.com/prometheus/prometheus/discovery/hetzner/robot.go:95.16,97.3 1 0
github.com/prometheus/prometheus/discovery/hetzner/robot.go:99.2,101.16 3 1
github.com/prometheus/prometheus/discovery/hetzner/robot.go:101.16,103.3 1 0
github.com/prometheus/prometheus/discovery/hetzner/robot.go:105.2,106.33 2 1
github.com/prometheus/prometheus/discovery/hetzner/robot.go:106.33,119.47 2 1
github.com/prometheus/prometheus/discovery/hetzner/robot.go:119.47,121.23 2 1
github.com/prometheus/prometheus/discovery/hetzner/robot.go:121.23,123.10 2 1
github.com/prometheus/prometheus/discovery/hetzner/robot.go:126.3,126.22 1 1
github.com/prometheus/prometheus/discovery/hetzner/robot.go:128.2,128.73 1 1
