mode: set
github.com/prometheus/prometheus/tsdb/chunks/chunk_write_queue.go:82.103,105.16 4 1
github.com/prometheus/prometheus/tsdb/chunks/chunk_write_queue.go:105.16,107.3 1 0
github.com/prometheus/prometheus/tsdb/chunks/chunk_write_queue.go:109.2,110.10 2 1
github.com/prometheus/prometheus/tsdb/chunks/chunk_write_queue.go:113.35,115.12 2 1
github.com/prometheus/prometheus/tsdb/chunks/chunk_write_queue.go:115.12,118.7 2 1
github.com/prometheus/prometheus/tsdb/chunks/chunk_write_queue.go:118.7,120.11 2 1
github.com/prometheus/prometheus/tsdb/chunks/chunk_write_queue.go:120.11,122.5 1 1
github.com/prometheus/prometheus/tsdb/chunks/chunk_write_queue.go:124.4,124.21 1 1
github.com/prometheus/prometheus/tsdb/chunks/chunk_write_queue.go:128.2,130.25 3 1
github.com/prometheus/prometheus/tsdb/chunks/chunk_write_queue.go:133.57,135.25 2 1
github.com/prometheus/prometheus/tsdb/chunks/chunk_write_queue.go:135.25,137.3 1 1
github.com/prometheus/prometheus/tsdb/chunks/chunk_write_queue.go:139.2,146.23 5 1
github.com/prometheus/prometheus/tsdb/chunks/chunk_write_queue.go:154.47,155.28 1 1
github.com/prometheus/prometheus/tsdb/chunks/chunk_write_queue.go:155.28,158.3 1 0
github.com/prometheus/prometheus/tsdb/chunks/chunk_write_queue.go:160.2,160.56 1 1
github.com/prometheus/prometheus/tsdb/chunks/chunk_write_queue.go:160.56,163.3 1 1
github.com/prometheus/prometheus/tsdb/chunks/chunk_write_queue.go:165.2,167.69 2 0
github.com/prometheus/prometheus/tsdb/chunks/chunk_write_queue.go:167.69,170.3 1 0
github.com/prometheus/prometheus/tsdb/chunks/chunk_write_queue.go:176.2,180.16 4 0
github.com/prometheus/prometheus/tsdb/chunks/chunk_write_queue.go:183.65,184.15 1 1
github.com/prometheus/prometheus/tsdb/chunks/chunk_write_queue.go:184.15,185.17 1 1
github.com/prometheus/prometheus/tsdb/chunks/chunk_write_queue.go:185.17,187.4 1 1
github.com/prometheus/prometheus/tsdb/chunks/chunk_write_queue.go:190.2,193.18 3 1
github.com/prometheus/prometheus/tsdb/chunks/chunk_write_queue.go:193.18,195.3 1 0
github.com/prometheus/prometheus/tsdb/chunks/chunk_write_queue.go:197.2,201.48 3 1
github.com/prometheus/prometheus/tsdb/chunks/chunk_write_queue.go:201.48,203.3 1 1
github.com/prometheus/prometheus/tsdb/chunks/chunk_write_queue.go:204.2,206.33 2 1
github.com/prometheus/prometheus/tsdb/chunks/chunk_write_queue.go:206.33,212.3 4 0
github.com/prometheus/prometheus/tsdb/chunks/chunk_write_queue.go:214.2,214.12 1 1
github.com/prometheus/prometheus/tsdb/chunks/chunk_write_queue.go:217.70,222.8 4 0
github.com/prometheus/prometheus/tsdb/chunks/chunk_write_queue.go:222.8,224.3 1 0
github.com/prometheus/prometheus/tsdb/chunks/chunk_write_queue.go:226.2,226.12 1 0
github.com/prometheus/prometheus/tsdb/chunks/chunk_write_queue.go:229.34,233.18 3 1
github.com/prometheus/prometheus/tsdb/chunks/chunk_write_queue.go:233.18,235.3 1 0
github.com/prometheus/prometheus/tsdb/chunks/chunk_write_queue.go:237.2,241.19 3 1
github.com/prometheus/prometheus/tsdb/chunks/chunk_write_queue.go:244.47,246.2 1 0
github.com/prometheus/prometheus/tsdb/chunks/chunk_write_queue.go:248.46,252.2 1 0
github.com/prometheus/prometheus/tsdb/chunks/chunk_write_queue.go:254.43,261.2 3 0
github.com/prometheus/prometheus/tsdb/chunks/chunks.go:65.75,66.21 1 0
github.com/prometheus/prometheus/tsdb/chunks/chunks.go:66.21,67.37 1 0
github.com/prometheus/prometheus/tsdb/chunks/chunks.go:69.2,69.25 1 0
github.com/prometheus/prometheus/tsdb/chunks/chunks.go:69.25,70.36 1 0
github.com/prometheus/prometheus/tsdb/chunks/chunks.go:72.2,72.56 1 0
github.com/prometheus/prometheus/tsdb/chunks/chunks.go:75.61,77.2 1 0
github.com/prometheus/prometheus/tsdb/chunks/chunks.go:110.67,112.2 1 0
github.com/prometheus/prometheus/tsdb/chunks/chunks.go:114.44,118.2 3 0
github.com/prometheus/prometheus/tsdb/chunks/chunks.go:139.49,141.2 1 0
github.com/prometheus/prometheus/tsdb/chunks/chunks.go:144.55,148.17 3 0
github.com/prometheus/prometheus/tsdb/chunks/chunks.go:148.17,150.3 1 0
github.com/prometheus/prometheus/tsdb/chunks/chunks.go:152.2,152.18 1 0
github.com/prometheus/prometheus/tsdb/chunks/chunks.go:152.18,154.3 1 0
github.com/prometheus/prometheus/tsdb/chunks/chunks.go:156.2,158.16 3 0
github.com/prometheus/prometheus/tsdb/chunks/chunks.go:158.16,160.3 1 0
github.com/prometheus/prometheus/tsdb/chunks/chunks.go:162.2,165.31 3 0
github.com/prometheus/prometheus/tsdb/chunks/chunks.go:165.31,166.21 1 0
github.com/prometheus/prometheus/tsdb/chunks/chunks.go:167.26,168.41 1 0
github.com/prometheus/prometheus/tsdb/chunks/chunks.go:169.30,171.18 2 0
github.com/prometheus/prometheus/tsdb/chunks/chunks.go:171.18,173.5 1 0
github.com/prometheus/prometheus/tsdb/chunks/chunks.go:174.4,174.23 1 0
github.com/prometheus/prometheus/tsdb/chunks/chunks.go:174.23,176.5 1 0
github.com/prometheus/prometheus/tsdb/chunks/chunks.go:177.35,179.18 2 0
github.com/prometheus/prometheus/tsdb/chunks/chunks.go:179.18,181.5 1 0
github.com/prometheus/prometheus/tsdb/chunks/chunks.go:182.4,182.23 1 0
github.com/prometheus/prometheus/tsdb/chunks/chunks.go:182.23,184.5 1 0
github.com/prometheus/prometheus/tsdb/chunks/chunks.go:185.11,186.69 1 0
github.com/prometheus/prometheus/tsdb/chunks/chunks.go:189.2,193.8 1 0
github.com/prometheus/prometheus/tsdb/chunks/chunks.go:198.59,199.22 1 0
github.com/prometheus/prometheus/tsdb/chunks/chunks.go:199.22,201.3 1 0
github.com/prometheus/prometheus/tsdb/chunks/chunks.go:203.2,203.31 1 0
github.com/prometheus/prometheus/tsdb/chunks/chunks.go:203.31,205.63 2 0
github.com/prometheus/prometheus/tsdb/chunks/chunks.go:205.63,206.14 1 0
github.com/prometheus/prometheus/tsdb/chunks/chunks.go:207.27,209.48 2 0
github.com/prometheus/prometheus/tsdb/chunks/chunks.go:210.31,212.48 2 0
github.com/prometheus/prometheus/tsdb/chunks/chunks.go:213.36,215.50 2 0
github.com/prometheus/prometheus/tsdb/chunks/chunks.go:216.12,217.35 1 0
github.com/prometheus/prometheus/tsdb/chunks/chunks.go:221.2,221.8 1 0
github.com/prometheus/prometheus/tsdb/chunks/chunks.go:236.58,238.44 2 0
github.com/prometheus/prometheus/tsdb/chunks/chunks.go:238.44,240.3 1 0
github.com/prometheus/prometheus/tsdb/chunks/chunks.go:241.2,241.53 1 0
github.com/prometheus/prometheus/tsdb/chunks/chunks.go:241.53,243.3 1 0
github.com/prometheus/prometheus/tsdb/chunks/chunks.go:244.2,244.12 1 0
github.com/prometheus/prometheus/tsdb/chunks/chunks.go:248.63,251.2 1 0
github.com/prometheus/prometheus/tsdb/chunks/chunks.go:257.13,259.2 1 1
github.com/prometheus/prometheus/tsdb/chunks/chunks.go:263.29,265.2 1 0
github.com/prometheus/prometheus/tsdb/chunks/chunks.go:268.41,272.17 3 0
github.com/prometheus/prometheus/tsdb/chunks/chunks.go:272.17,274.3 1 0
github.com/prometheus/prometheus/tsdb/chunks/chunks.go:275.2,275.12 1 0
github.com/prometheus/prometheus/tsdb/chunks/chunks.go:304.48,305.32 1 0
github.com/prometheus/prometheus/tsdb/chunks/chunks.go:305.32,307.3 1 0
github.com/prometheus/prometheus/tsdb/chunks/chunks.go:312.54,313.32 1 0
github.com/prometheus/prometheus/tsdb/chunks/chunks.go:313.32,314.23 1 0
github.com/prometheus/prometheus/tsdb/chunks/chunks.go:314.23,316.4 1 0
github.com/prometheus/prometheus/tsdb/chunks/chunks.go:318.3,318.30 1 0
github.com/prometheus/prometheus/tsdb/chunks/chunks.go:324.67,329.27 2 0
github.com/prometheus/prometheus/tsdb/chunks/chunks.go:329.27,331.3 1 0
github.com/prometheus/prometheus/tsdb/chunks/chunks.go:333.2,333.48 1 0
github.com/prometheus/prometheus/tsdb/chunks/chunks.go:333.48,335.3 1 0
github.com/prometheus/prometheus/tsdb/chunks/chunks.go:336.2,337.16 2 0
github.com/prometheus/prometheus/tsdb/chunks/chunks.go:337.16,339.3 1 0
github.com/prometheus/prometheus/tsdb/chunks/chunks.go:340.2,346.8 1 0
github.com/prometheus/prometheus/tsdb/chunks/chunks.go:349.34,350.23 1 0
github.com/prometheus/prometheus/tsdb/chunks/chunks.go:350.23,352.3 1 0
github.com/prometheus/prometheus/tsdb/chunks/chunks.go:353.2,353.32 1 0
github.com/prometheus/prometheus/tsdb/chunks/chunks.go:358.39,360.15 2 0
github.com/prometheus/prometheus/tsdb/chunks/chunks.go:360.15,362.3 1 0
github.com/prometheus/prometheus/tsdb/chunks/chunks.go:364.2,364.19 1 0
github.com/prometheus/prometheus/tsdb/chunks/chunks.go:364.19,365.40 1 0
github.com/prometheus/prometheus/tsdb/chunks/chunks.go:365.40,367.4 1 0
github.com/prometheus/prometheus/tsdb/chunks/chunks.go:369.2,369.34 1 0
github.com/prometheus/prometheus/tsdb/chunks/chunks.go:369.34,371.3 1 0
github.com/prometheus/prometheus/tsdb/chunks/chunks.go:373.2,374.16 2 0
github.com/prometheus/prometheus/tsdb/chunks/chunks.go:374.16,376.3 1 0
github.com/prometheus/prometheus/tsdb/chunks/chunks.go:377.2,377.41 1 0
github.com/prometheus/prometheus/tsdb/chunks/chunks.go:377.41,379.3 1 0
github.com/prometheus/prometheus/tsdb/chunks/chunks.go:381.2,381.19 1 0
github.com/prometheus/prometheus/tsdb/chunks/chunks.go:384.30,386.41 1 0
github.com/prometheus/prometheus/tsdb/chunks/chunks.go:386.41,388.3 1 0
github.com/prometheus/prometheus/tsdb/chunks/chunks.go:390.2,391.16 2 0
github.com/prometheus/prometheus/tsdb/chunks/chunks.go:391.16,393.3 1 0
github.com/prometheus/prometheus/tsdb/chunks/chunks.go:394.2,397.19 3 0
github.com/prometheus/prometheus/tsdb/chunks/chunks.go:397.19,398.41 1 0
github.com/prometheus/prometheus/tsdb/chunks/chunks.go:398.41,400.4 1 0
github.com/prometheus/prometheus/tsdb/chunks/chunks.go:401.8,407.22 3 0
github.com/prometheus/prometheus/tsdb/chunks/chunks.go:407.22,410.4 1 0
github.com/prometheus/prometheus/tsdb/chunks/chunks.go:410.9,412.4 1 0
github.com/prometheus/prometheus/tsdb/chunks/chunks.go:413.3,413.17 1 0
github.com/prometheus/prometheus/tsdb/chunks/chunks.go:413.17,415.4 1 0
github.com/prometheus/prometheus/tsdb/chunks/chunks.go:416.3,416.16 1 0
github.com/prometheus/prometheus/tsdb/chunks/chunks.go:419.2,419.12 1 0
github.com/prometheus/prometheus/tsdb/chunks/chunks.go:422.156,424.16 2 0
github.com/prometheus/prometheus/tsdb/chunks/chunks.go:424.16,426.3 1 0
github.com/prometheus/prometheus/tsdb/chunks/chunks.go:427.2,429.16 3 0
github.com/prometheus/prometheus/tsdb/chunks/chunks.go:429.16,431.3 1 0
github.com/prometheus/prometheus/tsdb/chunks/chunks.go:432.2,432.15 1 0
github.com/prometheus/prometheus/tsdb/chunks/chunks.go:432.15,433.23 1 0
github.com/prometheus/prometheus/tsdb/chunks/chunks.go:433.23,435.16 2 0
github.com/prometheus/prometheus/tsdb/chunks/chunks.go:435.16,437.5 1 0
github.com/prometheus/prometheus/tsdb/chunks/chunks.go:439.4,440.26 2 0
github.com/prometheus/prometheus/tsdb/chunks/chunks.go:443.2,443.19 1 0
github.com/prometheus/prometheus/tsdb/chunks/chunks.go:443.19,444.65 1 0
github.com/prometheus/prometheus/tsdb/chunks/chunks.go:444.65,446.4 1 0
github.com/prometheus/prometheus/tsdb/chunks/chunks.go:448.2,448.38 1 0
github.com/prometheus/prometheus/tsdb/chunks/chunks.go:448.38,450.3 1 0
github.com/prometheus/prometheus/tsdb/chunks/chunks.go:453.2,458.16 5 0
github.com/prometheus/prometheus/tsdb/chunks/chunks.go:458.16,460.3 1 0
github.com/prometheus/prometheus/tsdb/chunks/chunks.go:461.2,461.34 1 0
github.com/prometheus/prometheus/tsdb/chunks/chunks.go:461.34,463.3 1 0
github.com/prometheus/prometheus/tsdb/chunks/chunks.go:464.2,466.49 2 0
github.com/prometheus/prometheus/tsdb/chunks/chunks.go:466.49,468.3 1 0
github.com/prometheus/prometheus/tsdb/chunks/chunks.go:470.2,471.16 2 0
github.com/prometheus/prometheus/tsdb/chunks/chunks.go:471.16,473.3 1 0
github.com/prometheus/prometheus/tsdb/chunks/chunks.go:475.2,476.45 2 0
github.com/prometheus/prometheus/tsdb/chunks/chunks.go:476.45,478.3 1 0
github.com/prometheus/prometheus/tsdb/chunks/chunks.go:479.2,479.23 1 0
github.com/prometheus/prometheus/tsdb/chunks/chunks.go:482.40,486.2 3 0
github.com/prometheus/prometheus/tsdb/chunks/chunks.go:491.50,500.27 2 0
github.com/prometheus/prometheus/tsdb/chunks/chunks.go:500.27,514.44 7 0
github.com/prometheus/prometheus/tsdb/chunks/chunks.go:514.44,516.19 2 0
github.com/prometheus/prometheus/tsdb/chunks/chunks.go:516.19,518.5 1 0
github.com/prometheus/prometheus/tsdb/chunks/chunks.go:521.3,521.18 1 0
github.com/prometheus/prometheus/tsdb/chunks/chunks.go:521.18,526.4 4 0
github.com/prometheus/prometheus/tsdb/chunks/chunks.go:527.3,527.44 1 0
github.com/prometheus/prometheus/tsdb/chunks/chunks.go:531.2,531.14 1 0
github.com/prometheus/prometheus/tsdb/chunks/chunks.go:531.14,532.33 1 0
github.com/prometheus/prometheus/tsdb/chunks/chunks.go:532.33,534.4 1 0
github.com/prometheus/prometheus/tsdb/chunks/chunks.go:537.2,537.31 1 0
github.com/prometheus/prometheus/tsdb/chunks/chunks.go:537.31,538.45 1 0
github.com/prometheus/prometheus/tsdb/chunks/chunks.go:538.45,540.4 1 0
github.com/prometheus/prometheus/tsdb/chunks/chunks.go:543.3,543.25 1 0
github.com/prometheus/prometheus/tsdb/chunks/chunks.go:543.25,544.34 1 0
github.com/prometheus/prometheus/tsdb/chunks/chunks.go:544.34,546.5 1 0
github.com/prometheus/prometheus/tsdb/chunks/chunks.go:549.2,549.12 1 0
github.com/prometheus/prometheus/tsdb/chunks/chunks.go:555.49,556.20 1 0
github.com/prometheus/prometheus/tsdb/chunks/chunks.go:556.20,558.3 1 0
github.com/prometheus/prometheus/tsdb/chunks/chunks.go:560.2,561.22 2 0
github.com/prometheus/prometheus/tsdb/chunks/chunks.go:561.22,568.44 4 0
github.com/prometheus/prometheus/tsdb/chunks/chunks.go:568.44,570.4 1 0
github.com/prometheus/prometheus/tsdb/chunks/chunks.go:571.3,572.44 2 0
github.com/prometheus/prometheus/tsdb/chunks/chunks.go:572.44,574.4 1 0
github.com/prometheus/prometheus/tsdb/chunks/chunks.go:575.3,575.52 1 0
github.com/prometheus/prometheus/tsdb/chunks/chunks.go:575.52,577.4 1 0
github.com/prometheus/prometheus/tsdb/chunks/chunks.go:579.3,580.58 2 0
github.com/prometheus/prometheus/tsdb/chunks/chunks.go:580.58,582.4 1 0
github.com/prometheus/prometheus/tsdb/chunks/chunks.go:583.3,583.57 1 0
github.com/prometheus/prometheus/tsdb/chunks/chunks.go:583.57,585.4 1 0
github.com/prometheus/prometheus/tsdb/chunks/chunks.go:587.2,587.12 1 0
github.com/prometheus/prometheus/tsdb/chunks/chunks.go:590.28,592.2 1 0
github.com/prometheus/prometheus/tsdb/chunks/chunks.go:594.32,595.41 1 0
github.com/prometheus/prometheus/tsdb/chunks/chunks.go:595.41,597.3 1 0
github.com/prometheus/prometheus/tsdb/chunks/chunks.go:600.2,600.26 1 0
github.com/prometheus/prometheus/tsdb/chunks/chunks.go:611.34,613.2 1 0
github.com/prometheus/prometheus/tsdb/chunks/chunks.go:615.53,617.2 1 0
github.com/prometheus/prometheus/tsdb/chunks/chunks.go:630.85,632.26 2 0
github.com/prometheus/prometheus/tsdb/chunks/chunks.go:632.26,633.34 1 0
github.com/prometheus/prometheus/tsdb/chunks/chunks.go:633.34,635.4 1 0
github.com/prometheus/prometheus/tsdb/chunks/chunks.go:637.3,637.82 1 0
github.com/prometheus/prometheus/tsdb/chunks/chunks.go:637.82,639.4 1 0
github.com/prometheus/prometheus/tsdb/chunks/chunks.go:642.3,642.106 1 0
github.com/prometheus/prometheus/tsdb/chunks/chunks.go:642.106,644.4 1 0
github.com/prometheus/prometheus/tsdb/chunks/chunks.go:645.3,645.28 1 0
github.com/prometheus/prometheus/tsdb/chunks/chunks.go:647.2,647.17 1 0
github.com/prometheus/prometheus/tsdb/chunks/chunks.go:652.68,654.16 2 0
github.com/prometheus/prometheus/tsdb/chunks/chunks.go:654.16,656.3 1 0
github.com/prometheus/prometheus/tsdb/chunks/chunks.go:657.2,657.17 1 0
github.com/prometheus/prometheus/tsdb/chunks/chunks.go:657.17,659.3 1 0
github.com/prometheus/prometheus/tsdb/chunks/chunks.go:661.2,665.27 2 0
github.com/prometheus/prometheus/tsdb/chunks/chunks.go:665.27,667.17 2 0
github.com/prometheus/prometheus/tsdb/chunks/chunks.go:667.17,672.4 1 0
github.com/prometheus/prometheus/tsdb/chunks/chunks.go:673.3,674.44 2 0
github.com/prometheus/prometheus/tsdb/chunks/chunks.go:677.2,678.16 2 0
github.com/prometheus/prometheus/tsdb/chunks/chunks.go:678.16,683.3 1 0
github.com/prometheus/prometheus/tsdb/chunks/chunks.go:684.2,684.20 1 0
github.com/prometheus/prometheus/tsdb/chunks/chunks.go:687.32,689.2 1 0
github.com/prometheus/prometheus/tsdb/chunks/chunks.go:692.31,694.2 1 0
github.com/prometheus/prometheus/tsdb/chunks/chunks.go:697.88,700.27 2 0
github.com/prometheus/prometheus/tsdb/chunks/chunks.go:700.27,702.3 1 0
github.com/prometheus/prometheus/tsdb/chunks/chunks.go:704.2,706.55 2 0
github.com/prometheus/prometheus/tsdb/chunks/chunks.go:706.55,708.3 1 0
github.com/prometheus/prometheus/tsdb/chunks/chunks.go:711.2,713.12 3 0
github.com/prometheus/prometheus/tsdb/chunks/chunks.go:713.12,715.3 1 0
github.com/prometheus/prometheus/tsdb/chunks/chunks.go:717.2,722.29 5 0
github.com/prometheus/prometheus/tsdb/chunks/chunks.go:722.29,724.3 1 0
github.com/prometheus/prometheus/tsdb/chunks/chunks.go:726.2,727.81 2 0
github.com/prometheus/prometheus/tsdb/chunks/chunks.go:727.81,729.3 1 0
github.com/prometheus/prometheus/tsdb/chunks/chunks.go:731.2,734.22 4 0
github.com/prometheus/prometheus/tsdb/chunks/chunks.go:737.56,739.16 2 0
github.com/prometheus/prometheus/tsdb/chunks/chunks.go:739.16,741.3 1 0
github.com/prometheus/prometheus/tsdb/chunks/chunks.go:743.2,744.26 2 0
github.com/prometheus/prometheus/tsdb/chunks/chunks.go:744.26,746.17 2 0
github.com/prometheus/prometheus/tsdb/chunks/chunks.go:746.17,747.12 1 0
github.com/prometheus/prometheus/tsdb/chunks/chunks.go:752.3,752.12 1 0
github.com/prometheus/prometheus/tsdb/chunks/chunks.go:752.12,754.4 1 0
github.com/prometheus/prometheus/tsdb/chunks/chunks.go:756.2,756.52 1 0
github.com/prometheus/prometheus/tsdb/chunks/chunks.go:759.52,761.2 1 0
github.com/prometheus/prometheus/tsdb/chunks/chunks.go:763.50,765.16 2 0
github.com/prometheus/prometheus/tsdb/chunks/chunks.go:765.16,767.3 1 0
github.com/prometheus/prometheus/tsdb/chunks/chunks.go:768.2,769.27 2 0
github.com/prometheus/prometheus/tsdb/chunks/chunks.go:769.27,770.65 1 0
github.com/prometheus/prometheus/tsdb/chunks/chunks.go:770.65,771.12 1 0
github.com/prometheus/prometheus/tsdb/chunks/chunks.go:773.3,773.51 1 0
github.com/prometheus/prometheus/tsdb/chunks/chunks.go:775.2,775.17 1 0
github.com/prometheus/prometheus/tsdb/chunks/head_chunks.go:80.67,82.2 1 1
github.com/prometheus/prometheus/tsdb/chunks/head_chunks.go:84.58,88.2 3 0
github.com/prometheus/prometheus/tsdb/chunks/head_chunks.go:90.79,94.2 3 0
github.com/prometheus/prometheus/tsdb/chunks/head_chunks.go:96.70,100.2 3 0
github.com/prometheus/prometheus/tsdb/chunks/head_chunks.go:109.40,111.2 1 0
github.com/prometheus/prometheus/tsdb/chunks/head_chunks.go:113.40,115.2 1 0
github.com/prometheus/prometheus/tsdb/chunks/head_chunks.go:128.98,132.38 3 0
github.com/prometheus/prometheus/tsdb/chunks/head_chunks.go:132.38,136.3 3 0
github.com/prometheus/prometheus/tsdb/chunks/head_chunks.go:138.2,141.57 3 0
github.com/prometheus/prometheus/tsdb/chunks/head_chunks.go:145.32,148.2 2 0
github.com/prometheus/prometheus/tsdb/chunks/head_chunks.go:152.41,154.2 1 0
github.com/prometheus/prometheus/tsdb/chunks/head_chunks.go:157.39,159.2 1 0
github.com/prometheus/prometheus/tsdb/chunks/head_chunks.go:163.63,164.15 1 0
github.com/prometheus/prometheus/tsdb/chunks/head_chunks.go:164.15,166.3 1 0
github.com/prometheus/prometheus/tsdb/chunks/head_chunks.go:168.2,169.47 1 0
github.com/prometheus/prometheus/tsdb/chunks/head_chunks.go:175.63,189.2 5 0
github.com/prometheus/prometheus/tsdb/chunks/head_chunks.go:244.147,246.82 1 0
github.com/prometheus/prometheus/tsdb/chunks/head_chunks.go:246.82,248.3 1 0
github.com/prometheus/prometheus/tsdb/chunks/head_chunks.go:249.2,249.31 1 0
github.com/prometheus/prometheus/tsdb/chunks/head_chunks.go:249.31,251.3 1 0
github.com/prometheus/prometheus/tsdb/chunks/head_chunks.go:253.2,253.48 1 0
github.com/prometheus/prometheus/tsdb/chunks/head_chunks.go:253.48,255.3 1 0
github.com/prometheus/prometheus/tsdb/chunks/head_chunks.go:256.2,257.16 2 0
github.com/prometheus/prometheus/tsdb/chunks/head_chunks.go:257.16,259.3 1 0
github.com/prometheus/prometheus/tsdb/chunks/head_chunks.go:261.2,269.24 2 0
github.com/prometheus/prometheus/tsdb/chunks/head_chunks.go:269.24,271.3 1 0
github.com/prometheus/prometheus/tsdb/chunks/head_chunks.go:273.2,273.19 1 0
github.com/prometheus/prometheus/tsdb/chunks/head_chunks.go:273.19,275.3 1 0
github.com/prometheus/prometheus/tsdb/chunks/head_chunks.go:277.2,277.29 1 0
github.com/prometheus/prometheus/tsdb/chunks/head_chunks.go:286.101,289.2 2 0
github.com/prometheus/prometheus/tsdb/chunks/head_chunks.go:291.73,293.2 1 0
github.com/prometheus/prometheus/tsdb/chunks/head_chunks.go:295.93,298.2 2 0
github.com/prometheus/prometheus/tsdb/chunks/head_chunks.go:301.63,304.15 3 0
github.com/prometheus/prometheus/tsdb/chunks/head_chunks.go:304.15,305.23 1 0
github.com/prometheus/prometheus/tsdb/chunks/head_chunks.go:305.23,310.4 3 0
github.com/prometheus/prometheus/tsdb/chunks/head_chunks.go:313.2,314.16 2 0
github.com/prometheus/prometheus/tsdb/chunks/head_chunks.go:314.16,316.3 1 0
github.com/prometheus/prometheus/tsdb/chunks/head_chunks.go:318.2,319.16 2 0
github.com/prometheus/prometheus/tsdb/chunks/head_chunks.go:319.16,321.3 1 0
github.com/prometheus/prometheus/tsdb/chunks/head_chunks.go:323.2,324.29 2 0
github.com/prometheus/prometheus/tsdb/chunks/head_chunks.go:324.29,326.17 2 0
github.com/prometheus/prometheus/tsdb/chunks/head_chunks.go:326.17,328.4 1 0
github.com/prometheus/prometheus/tsdb/chunks/head_chunks.go:329.3,331.47 3 0
github.com/prometheus/prometheus/tsdb/chunks/head_chunks.go:335.2,336.30 2 0
github.com/prometheus/prometheus/tsdb/chunks/head_chunks.go:336.30,338.3 1 0
github.com/prometheus/prometheus/tsdb/chunks/head_chunks.go:339.2,340.41 2 0
github.com/prometheus/prometheus/tsdb/chunks/head_chunks.go:340.41,341.23 1 0
github.com/prometheus/prometheus/tsdb/chunks/head_chunks.go:341.23,343.4 1 0
github.com/prometheus/prometheus/tsdb/chunks/head_chunks.go:344.3,344.16 1 0
github.com/prometheus/prometheus/tsdb/chunks/head_chunks.go:347.2,347.42 1 0
github.com/prometheus/prometheus/tsdb/chunks/head_chunks.go:347.42,348.50 1 0
github.com/prometheus/prometheus/tsdb/chunks/head_chunks.go:348.50,350.4 1 0
github.com/prometheus/prometheus/tsdb/chunks/head_chunks.go:352.3,352.96 1 0
github.com/prometheus/prometheus/tsdb/chunks/head_chunks.go:352.96,354.4 1 0
github.com/prometheus/prometheus/tsdb/chunks/head_chunks.go:357.3,357.116 1 0
github.com/prometheus/prometheus/tsdb/chunks/head_chunks.go:357.116,359.4 1 0
github.com/prometheus/prometheus/tsdb/chunks/head_chunks.go:362.2,364.12 2 0
github.com/prometheus/prometheus/tsdb/chunks/head_chunks.go:367.57,369.16 2 0
github.com/prometheus/prometheus/tsdb/chunks/head_chunks.go:369.16,371.3 1 0
github.com/prometheus/prometheus/tsdb/chunks/head_chunks.go:372.2,373.27 2 0
github.com/prometheus/prometheus/tsdb/chunks/head_chunks.go:373.27,375.17 2 0
github.com/prometheus/prometheus/tsdb/chunks/head_chunks.go:375.17,376.12 1 0
github.com/prometheus/prometheus/tsdb/chunks/head_chunks.go:378.3,378.48 1 0
github.com/prometheus/prometheus/tsdb/chunks/head_chunks.go:381.2,381.17 1 0
github.com/prometheus/prometheus/tsdb/chunks/head_chunks.go:386.48,388.24 2 0
github.com/prometheus/prometheus/tsdb/chunks/head_chunks.go:388.24,390.3 1 0
github.com/prometheus/prometheus/tsdb/chunks/head_chunks.go:391.2,391.16 1 0
github.com/prometheus/prometheus/tsdb/chunks/head_chunks.go:391.16,393.3 1 0
github.com/prometheus/prometheus/tsdb/chunks/head_chunks.go:394.2,394.48 1 0
github.com/prometheus/prometheus/tsdb/chunks/head_chunks.go:394.48,396.3 1 0
github.com/prometheus/prometheus/tsdb/chunks/head_chunks.go:397.2,398.16 2 0
github.com/prometheus/prometheus/tsdb/chunks/head_chunks.go:398.16,400.3 1 0
github.com/prometheus/prometheus/tsdb/chunks/head_chunks.go:401.2,401.33 1 0
github.com/prometheus/prometheus/tsdb/chunks/head_chunks.go:401.33,404.17 3 0
github.com/prometheus/prometheus/tsdb/chunks/head_chunks.go:404.17,406.4 1 0
github.com/prometheus/prometheus/tsdb/chunks/head_chunks.go:408.2,408.12 1 0
github.com/prometheus/prometheus/tsdb/chunks/head_chunks.go:414.84,416.25 2 0
github.com/prometheus/prometheus/tsdb/chunks/head_chunks.go:416.25,417.21 1 0
github.com/prometheus/prometheus/tsdb/chunks/head_chunks.go:417.21,419.4 1 0
github.com/prometheus/prometheus/tsdb/chunks/head_chunks.go:422.2,422.19 1 0
github.com/prometheus/prometheus/tsdb/chunks/head_chunks.go:422.19,424.3 1 0
github.com/prometheus/prometheus/tsdb/chunks/head_chunks.go:426.2,427.16 2 0
github.com/prometheus/prometheus/tsdb/chunks/head_chunks.go:427.16,429.3 1 0
github.com/prometheus/prometheus/tsdb/chunks/head_chunks.go:431.2,433.43 3 0
github.com/prometheus/prometheus/tsdb/chunks/head_chunks.go:433.43,435.3 1 0
github.com/prometheus/prometheus/tsdb/chunks/head_chunks.go:436.2,436.34 1 0
github.com/prometheus/prometheus/tsdb/chunks/head_chunks.go:436.34,438.3 1 0
github.com/prometheus/prometheus/tsdb/chunks/head_chunks.go:444.2,444.65 1 0
github.com/prometheus/prometheus/tsdb/chunks/head_chunks.go:444.65,446.55 1 0
github.com/prometheus/prometheus/tsdb/chunks/head_chunks.go:446.55,448.4 1 0
github.com/prometheus/prometheus/tsdb/chunks/head_chunks.go:449.3,449.26 1 0
github.com/prometheus/prometheus/tsdb/chunks/head_chunks.go:452.2,452.19 1 0
github.com/prometheus/prometheus/tsdb/chunks/head_chunks.go:457.169,463.27 4 0
github.com/prometheus/prometheus/tsdb/chunks/head_chunks.go:463.27,465.3 1 0
github.com/prometheus/prometheus/tsdb/chunks/head_chunks.go:467.2,468.21 2 0
github.com/prometheus/prometheus/tsdb/chunks/head_chunks.go:468.21,470.3 1 0
github.com/prometheus/prometheus/tsdb/chunks/head_chunks.go:472.2,472.12 1 0
github.com/prometheus/prometheus/tsdb/chunks/head_chunks.go:475.210,477.21 2 0
github.com/prometheus/prometheus/tsdb/chunks/head_chunks.go:477.21,478.16 1 0
github.com/prometheus/prometheus/tsdb/chunks/head_chunks.go:478.16,479.18 1 0
github.com/prometheus/prometheus/tsdb/chunks/head_chunks.go:479.18,481.5 1 0
github.com/prometheus/prometheus/tsdb/chunks/head_chunks.go:485.2,496.12 2 0
github.com/prometheus/prometheus/tsdb/chunks/head_chunks.go:499.160,503.16 3 0
github.com/prometheus/prometheus/tsdb/chunks/head_chunks.go:503.16,505.3 1 0
github.com/prometheus/prometheus/tsdb/chunks/head_chunks.go:507.2,507.13 1 0
github.com/prometheus/prometheus/tsdb/chunks/head_chunks.go:507.13,509.17 2 0
github.com/prometheus/prometheus/tsdb/chunks/head_chunks.go:509.17,511.4 1 0
github.com/prometheus/prometheus/tsdb/chunks/head_chunks.go:516.2,516.134 1 0
github.com/prometheus/prometheus/tsdb/chunks/head_chunks.go:516.134,517.43 1 0
github.com/prometheus/prometheus/tsdb/chunks/head_chunks.go:517.43,519.4 1 0
github.com/prometheus/prometheus/tsdb/chunks/head_chunks.go:522.2,532.11 10 0
github.com/prometheus/prometheus/tsdb/chunks/head_chunks.go:532.11,534.3 1 0
github.com/prometheus/prometheus/tsdb/chunks/head_chunks.go:535.2,540.78 5 0
github.com/prometheus/prometheus/tsdb/chunks/head_chunks.go:540.78,542.3 1 0
github.com/prometheus/prometheus/tsdb/chunks/head_chunks.go:543.2,543.63 1 0
github.com/prometheus/prometheus/tsdb/chunks/head_chunks.go:543.63,545.3 1 0
github.com/prometheus/prometheus/tsdb/chunks/head_chunks.go:546.2,546.41 1 0
github.com/prometheus/prometheus/tsdb/chunks/head_chunks.go:546.41,548.3 1 0
github.com/prometheus/prometheus/tsdb/chunks/head_chunks.go:550.2,550.28 1 0
github.com/prometheus/prometheus/tsdb/chunks/head_chunks.go:550.28,552.3 1 0
github.com/prometheus/prometheus/tsdb/chunks/head_chunks.go:554.2,556.66 2 0
github.com/prometheus/prometheus/tsdb/chunks/head_chunks.go:556.66,559.43 1 0
github.com/prometheus/prometheus/tsdb/chunks/head_chunks.go:559.43,561.4 1 0
github.com/prometheus/prometheus/tsdb/chunks/head_chunks.go:564.2,564.12 1 0
github.com/prometheus/prometheus/tsdb/chunks/head_chunks.go:568.42,573.2 3 0
github.com/prometheus/prometheus/tsdb/chunks/head_chunks.go:575.49,576.27 1 0
github.com/prometheus/prometheus/tsdb/chunks/head_chunks.go:576.27,578.3 1 0
github.com/prometheus/prometheus/tsdb/chunks/head_chunks.go:580.2,580.38 1 0
github.com/prometheus/prometheus/tsdb/chunks/head_chunks.go:586.84,588.16 2 0
github.com/prometheus/prometheus/tsdb/chunks/head_chunks.go:588.16,590.3 1 0
github.com/prometheus/prometheus/tsdb/chunks/head_chunks.go:592.2,592.80 1 0
github.com/prometheus/prometheus/tsdb/chunks/head_chunks.go:592.80,594.3 1 0
github.com/prometheus/prometheus/tsdb/chunks/head_chunks.go:596.2,596.12 1 0
github.com/prometheus/prometheus/tsdb/chunks/head_chunks.go:601.70,603.46 1 0
github.com/prometheus/prometheus/tsdb/chunks/head_chunks.go:603.46,605.3 1 0
github.com/prometheus/prometheus/tsdb/chunks/head_chunks.go:607.2,608.16 2 0
github.com/prometheus/prometheus/tsdb/chunks/head_chunks.go:608.16,610.3 1 0
github.com/prometheus/prometheus/tsdb/chunks/head_chunks.go:612.2,612.15 1 0
github.com/prometheus/prometheus/tsdb/chunks/head_chunks.go:612.15,615.23 1 0
github.com/prometheus/prometheus/tsdb/chunks/head_chunks.go:615.23,617.4 1 0
github.com/prometheus/prometheus/tsdb/chunks/head_chunks.go:620.2,622.24 2 0
github.com/prometheus/prometheus/tsdb/chunks/head_chunks.go:622.24,626.3 3 0
github.com/prometheus/prometheus/tsdb/chunks/head_chunks.go:628.2,629.16 2 0
github.com/prometheus/prometheus/tsdb/chunks/head_chunks.go:629.16,631.3 1 0
github.com/prometheus/prometheus/tsdb/chunks/head_chunks.go:633.2,636.26 4 0
github.com/prometheus/prometheus/tsdb/chunks/head_chunks.go:636.26,638.3 1 0
github.com/prometheus/prometheus/tsdb/chunks/head_chunks.go:638.8,640.3 1 0
github.com/prometheus/prometheus/tsdb/chunks/head_chunks.go:642.2,648.25 5 0
github.com/prometheus/prometheus/tsdb/chunks/head_chunks.go:653.53,654.24 1 0
github.com/prometheus/prometheus/tsdb/chunks/head_chunks.go:654.24,656.3 1 0
github.com/prometheus/prometheus/tsdb/chunks/head_chunks.go:658.2,658.42 1 0
github.com/prometheus/prometheus/tsdb/chunks/head_chunks.go:658.42,660.3 1 0
github.com/prometheus/prometheus/tsdb/chunks/head_chunks.go:662.2,662.43 1 0
github.com/prometheus/prometheus/tsdb/chunks/head_chunks.go:662.43,664.3 1 0
github.com/prometheus/prometheus/tsdb/chunks/head_chunks.go:666.2,666.28 1 0
github.com/prometheus/prometheus/tsdb/chunks/head_chunks.go:669.51,673.2 3 0
github.com/prometheus/prometheus/tsdb/chunks/head_chunks.go:675.67,676.37 1 0
github.com/prometheus/prometheus/tsdb/chunks/head_chunks.go:676.37,678.3 1 0
github.com/prometheus/prometheus/tsdb/chunks/head_chunks.go:679.2,680.12 2 0
github.com/prometheus/prometheus/tsdb/chunks/head_chunks.go:683.48,685.2 1 0
github.com/prometheus/prometheus/tsdb/chunks/head_chunks.go:689.49,690.46 1 0
github.com/prometheus/prometheus/tsdb/chunks/head_chunks.go:690.46,692.3 1 0
github.com/prometheus/prometheus/tsdb/chunks/head_chunks.go:693.2,694.12 2 0
github.com/prometheus/prometheus/tsdb/chunks/head_chunks.go:698.83,705.16 3 0
github.com/prometheus/prometheus/tsdb/chunks/head_chunks.go:705.16,707.3 1 0
github.com/prometheus/prometheus/tsdb/chunks/head_chunks.go:709.2,709.27 1 0
github.com/prometheus/prometheus/tsdb/chunks/head_chunks.go:709.27,711.19 2 0
github.com/prometheus/prometheus/tsdb/chunks/head_chunks.go:711.19,713.4 1 0
github.com/prometheus/prometheus/tsdb/chunks/head_chunks.go:716.2,721.37 3 0
github.com/prometheus/prometheus/tsdb/chunks/head_chunks.go:721.37,723.19 2 0
github.com/prometheus/prometheus/tsdb/chunks/head_chunks.go:723.19,725.4 1 0
github.com/prometheus/prometheus/tsdb/chunks/head_chunks.go:728.2,729.9 2 0
github.com/prometheus/prometheus/tsdb/chunks/head_chunks.go:729.9,730.37 1 0
github.com/prometheus/prometheus/tsdb/chunks/head_chunks.go:730.37,736.4 1 0
github.com/prometheus/prometheus/tsdb/chunks/head_chunks.go:737.3,741.4 1 0
github.com/prometheus/prometheus/tsdb/chunks/head_chunks.go:744.2,744.65 1 0
github.com/prometheus/prometheus/tsdb/chunks/head_chunks.go:744.65,750.3 1 0
github.com/prometheus/prometheus/tsdb/chunks/head_chunks.go:753.2,763.12 7 0
github.com/prometheus/prometheus/tsdb/chunks/head_chunks.go:763.12,769.3 1 0
github.com/prometheus/prometheus/tsdb/chunks/head_chunks.go:772.2,773.43 2 0
github.com/prometheus/prometheus/tsdb/chunks/head_chunks.go:773.43,779.3 1 0
github.com/prometheus/prometheus/tsdb/chunks/head_chunks.go:782.2,783.119 2 0
github.com/prometheus/prometheus/tsdb/chunks/head_chunks.go:783.119,789.3 1 0
github.com/prometheus/prometheus/tsdb/chunks/head_chunks.go:792.2,801.16 5 0
github.com/prometheus/prometheus/tsdb/chunks/head_chunks.go:801.16,807.3 1 0
github.com/prometheus/prometheus/tsdb/chunks/head_chunks.go:808.2,808.17 1 0
github.com/prometheus/prometheus/tsdb/chunks/head_chunks.go:815.203,819.15 3 0
github.com/prometheus/prometheus/tsdb/chunks/head_chunks.go:819.15,821.3 1 0
github.com/prometheus/prometheus/tsdb/chunks/head_chunks.go:824.2,825.41 2 0
github.com/prometheus/prometheus/tsdb/chunks/head_chunks.go:825.41,827.3 1 0
github.com/prometheus/prometheus/tsdb/chunks/head_chunks.go:828.2,829.31 2 0
github.com/prometheus/prometheus/tsdb/chunks/head_chunks.go:829.31,832.35 3 0
github.com/prometheus/prometheus/tsdb/chunks/head_chunks.go:832.35,834.4 1 0
github.com/prometheus/prometheus/tsdb/chunks/head_chunks.go:835.3,836.21 2 0
github.com/prometheus/prometheus/tsdb/chunks/head_chunks.go:836.21,837.42 1 0
github.com/prometheus/prometheus/tsdb/chunks/head_chunks.go:837.42,840.62 2 0
github.com/prometheus/prometheus/tsdb/chunks/head_chunks.go:840.62,841.22 1 0
github.com/prometheus/prometheus/tsdb/chunks/head_chunks.go:841.22,843.12 2 0
github.com/prometheus/prometheus/tsdb/chunks/head_chunks.go:846.5,846.17 1 0
github.com/prometheus/prometheus/tsdb/chunks/head_chunks.go:846.17,848.11 1 0
github.com/prometheus/prometheus/tsdb/chunks/head_chunks.go:850.5,855.6 1 0
github.com/prometheus/prometheus/tsdb/chunks/head_chunks.go:857.4,871.48 9 0
github.com/prometheus/prometheus/tsdb/chunks/head_chunks.go:871.48,872.10 1 0
github.com/prometheus/prometheus/tsdb/chunks/head_chunks.go:875.4,885.29 7 0
github.com/prometheus/prometheus/tsdb/chunks/head_chunks.go:885.29,891.5 1 0
github.com/prometheus/prometheus/tsdb/chunks/head_chunks.go:894.4,895.83 2 0
github.com/prometheus/prometheus/tsdb/chunks/head_chunks.go:895.83,901.5 1 0
github.com/prometheus/prometheus/tsdb/chunks/head_chunks.go:902.4,904.28 2 0
github.com/prometheus/prometheus/tsdb/chunks/head_chunks.go:904.28,906.5 1 0
github.com/prometheus/prometheus/tsdb/chunks/head_chunks.go:907.4,910.88 3 0
github.com/prometheus/prometheus/tsdb/chunks/head_chunks.go:910.88,912.30 2 0
github.com/prometheus/prometheus/tsdb/chunks/head_chunks.go:912.30,916.6 3 0
github.com/prometheus/prometheus/tsdb/chunks/head_chunks.go:917.5,917.15 1 0
github.com/prometheus/prometheus/tsdb/chunks/head_chunks.go:921.3,921.20 1 0
github.com/prometheus/prometheus/tsdb/chunks/head_chunks.go:921.20,928.4 1 0
github.com/prometheus/prometheus/tsdb/chunks/head_chunks.go:931.2,931.12 1 0
github.com/prometheus/prometheus/tsdb/chunks/head_chunks.go:935.59,941.41 3 0
github.com/prometheus/prometheus/tsdb/chunks/head_chunks.go:941.41,943.3 1 0
github.com/prometheus/prometheus/tsdb/chunks/head_chunks.go:944.2,947.37 3 0
github.com/prometheus/prometheus/tsdb/chunks/head_chunks.go:947.37,948.58 1 0
github.com/prometheus/prometheus/tsdb/chunks/head_chunks.go:948.58,949.9 1 0
github.com/prometheus/prometheus/tsdb/chunks/head_chunks.go:951.3,951.43 1 0
github.com/prometheus/prometheus/tsdb/chunks/head_chunks.go:953.2,957.49 3 0
github.com/prometheus/prometheus/tsdb/chunks/head_chunks.go:957.49,962.3 1 0
github.com/prometheus/prometheus/tsdb/chunks/head_chunks.go:963.2,966.46 3 0
github.com/prometheus/prometheus/tsdb/chunks/head_chunks.go:966.46,976.61 2 0
github.com/prometheus/prometheus/tsdb/chunks/head_chunks.go:976.61,977.18 1 0
github.com/prometheus/prometheus/tsdb/chunks/head_chunks.go:977.18,979.5 1 0
github.com/prometheus/prometheus/tsdb/chunks/head_chunks.go:979.10,982.5 1 0
github.com/prometheus/prometheus/tsdb/chunks/head_chunks.go:985.3,985.26 1 0
github.com/prometheus/prometheus/tsdb/chunks/head_chunks.go:988.2,988.19 1 0
github.com/prometheus/prometheus/tsdb/chunks/head_chunks.go:993.76,996.35 3 0
github.com/prometheus/prometheus/tsdb/chunks/head_chunks.go:996.35,997.50 1 0
github.com/prometheus/prometheus/tsdb/chunks/head_chunks.go:997.50,1000.4 2 0
github.com/prometheus/prometheus/tsdb/chunks/head_chunks.go:1001.3,1002.27 2 0
github.com/prometheus/prometheus/tsdb/chunks/head_chunks.go:1004.2,1007.35 2 0
github.com/prometheus/prometheus/tsdb/chunks/head_chunks.go:1007.35,1008.69 1 0
github.com/prometheus/prometheus/tsdb/chunks/head_chunks.go:1008.69,1010.4 1 0
github.com/prometheus/prometheus/tsdb/chunks/head_chunks.go:1013.2,1013.17 1 0
github.com/prometheus/prometheus/tsdb/chunks/head_chunks.go:1018.70,1020.36 2 0
github.com/prometheus/prometheus/tsdb/chunks/head_chunks.go:1020.36,1022.3 1 0
github.com/prometheus/prometheus/tsdb/chunks/head_chunks.go:1025.2,1028.41 4 0
github.com/prometheus/prometheus/tsdb/chunks/head_chunks.go:1028.41,1029.10 1 0
github.com/prometheus/prometheus/tsdb/chunks/head_chunks.go:1030.30,1031.28 1 0
github.com/prometheus/prometheus/tsdb/chunks/head_chunks.go:1032.22,1033.17 1 0
github.com/prometheus/prometheus/tsdb/chunks/head_chunks.go:1036.2,1040.16 4 0
github.com/prometheus/prometheus/tsdb/chunks/head_chunks.go:1040.16,1042.3 1 0
github.com/prometheus/prometheus/tsdb/chunks/head_chunks.go:1042.8,1045.3 1 0
github.com/prometheus/prometheus/tsdb/chunks/head_chunks.go:1046.2,1048.12 2 0
github.com/prometheus/prometheus/tsdb/chunks/head_chunks.go:1052.51,1054.2 1 0
github.com/prometheus/prometheus/tsdb/chunks/head_chunks.go:1056.50,1058.2 1 0
github.com/prometheus/prometheus/tsdb/chunks/head_chunks.go:1062.43,1067.27 3 0
github.com/prometheus/prometheus/tsdb/chunks/head_chunks.go:1067.27,1069.3 1 0
github.com/prometheus/prometheus/tsdb/chunks/head_chunks.go:1073.2,1078.16 5 0
github.com/prometheus/prometheus/tsdb/chunks/head_chunks.go:1078.16,1080.3 1 0
github.com/prometheus/prometheus/tsdb/chunks/head_chunks.go:1081.2,1091.19 5 0
github.com/prometheus/prometheus/tsdb/chunks/head_chunks.go:1094.50,1096.23 2 0
github.com/prometheus/prometheus/tsdb/chunks/head_chunks.go:1096.23,1098.3 1 0
github.com/prometheus/prometheus/tsdb/chunks/head_chunks.go:1099.2,1099.19 1 0
github.com/prometheus/prometheus/tsdb/chunks/head_chunks.go:1110.36,1112.38 2 0
github.com/prometheus/prometheus/tsdb/chunks/head_chunks.go:1112.38,1114.3 1 0
github.com/prometheus/prometheus/tsdb/chunks/head_chunks.go:1115.2,1115.11 1 0
github.com/prometheus/prometheus/tsdb/chunks/head_chunks.go:1118.72,1124.2 4 0
github.com/prometheus/prometheus/tsdb/chunks/head_chunks.go:1126.67,1133.2 4 0
github.com/prometheus/prometheus/tsdb/chunks/head_chunks.go:1135.32,1136.38 1 0
github.com/prometheus/prometheus/tsdb/chunks/head_chunks.go:1136.38,1140.3 3 0
github.com/prometheus/prometheus/tsdb/chunks/queue.go:39.64,40.38 1 1
github.com/prometheus/prometheus/tsdb/chunks/queue.go:40.38,41.25 1 0
github.com/prometheus/prometheus/tsdb/chunks/queue.go:44.2,51.10 4 1
github.com/prometheus/prometheus/tsdb/chunks/queue.go:54.33,63.2 5 1
github.com/prometheus/prometheus/tsdb/chunks/queue.go:67.54,72.39 3 1
github.com/prometheus/prometheus/tsdb/chunks/queue.go:72.39,74.3 1 0
github.com/prometheus/prometheus/tsdb/chunks/queue.go:76.2,76.14 1 1
github.com/prometheus/prometheus/tsdb/chunks/queue.go:76.14,78.3 1 0
github.com/prometheus/prometheus/tsdb/chunks/queue.go:81.2,81.56 1 1
github.com/prometheus/prometheus/tsdb/chunks/queue.go:81.56,87.22 3 1
github.com/prometheus/prometheus/tsdb/chunks/queue.go:87.22,89.4 1 0
github.com/prometheus/prometheus/tsdb/chunks/queue.go:90.3,90.21 1 1
github.com/prometheus/prometheus/tsdb/chunks/queue.go:90.21,92.4 1 1
github.com/prometheus/prometheus/tsdb/chunks/queue.go:95.2,99.13 5 1
github.com/prometheus/prometheus/tsdb/chunks/queue.go:105.53,110.18 3 1
github.com/prometheus/prometheus/tsdb/chunks/queue.go:110.18,111.15 1 1
github.com/prometheus/prometheus/tsdb/chunks/queue.go:111.15,113.4 1 1
github.com/prometheus/prometheus/tsdb/chunks/queue.go:115.3,115.18 1 1
github.com/prometheus/prometheus/tsdb/chunks/queue.go:118.2,124.39 5 1
github.com/prometheus/prometheus/tsdb/chunks/queue.go:124.39,126.21 2 0
github.com/prometheus/prometheus/tsdb/chunks/queue.go:126.21,128.4 1 0
github.com/prometheus/prometheus/tsdb/chunks/queue.go:131.2,132.18 2 1
github.com/prometheus/prometheus/tsdb/chunks/queue.go:136.38,141.2 3 0
github.com/prometheus/prometheus/tsdb/chunks/samples.go:37.40,37.55 1 0
github.com/prometheus/prometheus/tsdb/chunks/samples.go:38.40,38.57 1 0
github.com/prometheus/prometheus/tsdb/chunks/samples.go:47.27,49.2 1 0
github.com/prometheus/prometheus/tsdb/chunks/samples.go:51.29,53.2 1 0
github.com/prometheus/prometheus/tsdb/chunks/samples.go:55.42,57.2 1 0
github.com/prometheus/prometheus/tsdb/chunks/samples.go:59.48,61.2 1 0
github.com/prometheus/prometheus/tsdb/chunks/samples.go:63.43,64.9 1 0
github.com/prometheus/prometheus/tsdb/chunks/samples.go:65.18,66.31 1 0
github.com/prometheus/prometheus/tsdb/chunks/samples.go:67.19,68.36 1 0
github.com/prometheus/prometheus/tsdb/chunks/samples.go:69.10,70.27 1 0
github.com/prometheus/prometheus/tsdb/chunks/samples.go:74.31,76.16 2 0
github.com/prometheus/prometheus/tsdb/chunks/samples.go:76.16,78.3 1 0
github.com/prometheus/prometheus/tsdb/chunks/samples.go:79.2,79.17 1 0
github.com/prometheus/prometheus/tsdb/chunks/samples.go:79.17,81.3 1 0
github.com/prometheus/prometheus/tsdb/chunks/samples.go:82.2,82.10 1 0
github.com/prometheus/prometheus/tsdb/chunks/samples.go:86.54,87.63 1 0
github.com/prometheus/prometheus/tsdb/chunks/samples.go:87.63,92.3 1 0
github.com/prometheus/prometheus/tsdb/chunks/samples.go:95.76,97.44 2 0
github.com/prometheus/prometheus/tsdb/chunks/samples.go:97.44,99.3 1 0
github.com/prometheus/prometheus/tsdb/chunks/samples.go:100.2,100.16 1 0
