mode: set
github.com/prometheus/prometheus/cmd/prometheus/main.go:102.59,103.40 1 0
github.com/prometheus/prometheus/cmd/prometheus/main.go:103.40,106.3 2 0
github.com/prometheus/prometheus/cmd/prometheus/main.go:108.2,108.14 1 0
github.com/prometheus/prometheus/cmd/prometheus/main.go:109.11,110.81 1 0
github.com/prometheus/prometheus/cmd/prometheus/main.go:111.11,112.84 1 0
github.com/prometheus/prometheus/cmd/prometheus/main.go:113.11,114.82 1 0
github.com/prometheus/prometheus/cmd/prometheus/main.go:115.11,116.82 1 0
github.com/prometheus/prometheus/cmd/prometheus/main.go:117.10,118.81 1 0
github.com/prometheus/prometheus/cmd/prometheus/main.go:121.2,121.20 1 0
github.com/prometheus/prometheus/cmd/prometheus/main.go:143.13,152.16 5 1
github.com/prometheus/prometheus/cmd/prometheus/main.go:152.16,153.13 1 0
github.com/prometheus/prometheus/cmd/prometheus/main.go:158.86,160.49 1 0
github.com/prometheus/prometheus/cmd/prometheus/main.go:160.49,164.4 2 0
github.com/prometheus/prometheus/cmd/prometheus/main.go:168.85,170.49 1 0
github.com/prometheus/prometheus/cmd/prometheus/main.go:170.49,174.4 2 0
github.com/prometheus/prometheus/cmd/prometheus/main.go:221.71,222.34 1 0
github.com/prometheus/prometheus/cmd/prometheus/main.go:222.34,224.26 2 0
github.com/prometheus/prometheus/cmd/prometheus/main.go:224.26,225.13 1 0
github.com/prometheus/prometheus/cmd/prometheus/main.go:226.28,228.67 2 0
github.com/prometheus/prometheus/cmd/prometheus/main.go:229.39,231.68 2 0
github.com/prometheus/prometheus/cmd/prometheus/main.go:232.32,234.66 2 0
github.com/prometheus/prometheus/cmd/prometheus/main.go:235.32,237.64 2 0
github.com/prometheus/prometheus/cmd/prometheus/main.go:238.33,240.62 2 0
github.com/prometheus/prometheus/cmd/prometheus/main.go:241.30,243.75 2 0
github.com/prometheus/prometheus/cmd/prometheus/main.go:243.75,245.6 1 0
github.com/prometheus/prometheus/cmd/prometheus/main.go:246.5,246.142 1 0
github.com/prometheus/prometheus/cmd/prometheus/main.go:247.32,249.68 2 0
github.com/prometheus/prometheus/cmd/prometheus/main.go:250.41,252.58 2 0
github.com/prometheus/prometheus/cmd/prometheus/main.go:253.32,255.69 2 0
github.com/prometheus/prometheus/cmd/prometheus/main.go:256.29,262.223 5 0
github.com/prometheus/prometheus/cmd/prometheus/main.go:263.33,264.115 1 0
github.com/prometheus/prometheus/cmd/prometheus/main.go:265.44,271.231 5 0
github.com/prometheus/prometheus/cmd/prometheus/main.go:272.30,274.63 2 0
github.com/prometheus/prometheus/cmd/prometheus/main.go:275.39,277.69 2 0
github.com/prometheus/prometheus/cmd/prometheus/main.go:278.12,279.13 1 0
github.com/prometheus/prometheus/cmd/prometheus/main.go:280.18,282.70 2 0
github.com/prometheus/prometheus/cmd/prometheus/main.go:283.34,285.63 2 0
github.com/prometheus/prometheus/cmd/prometheus/main.go:286.39,292.244 2 0
github.com/prometheus/prometheus/cmd/prometheus/main.go:293.32,295.61 2 0
github.com/prometheus/prometheus/cmd/prometheus/main.go:296.27,298.56 2 0
github.com/prometheus/prometheus/cmd/prometheus/main.go:299.12,300.68 1 0
github.com/prometheus/prometheus/cmd/prometheus/main.go:305.2,305.62 1 0
github.com/prometheus/prometheus/cmd/prometheus/main.go:305.62,307.3 1 0
github.com/prometheus/prometheus/cmd/prometheus/main.go:309.2,309.12 1 0
github.com/prometheus/prometheus/cmd/prometheus/main.go:313.90,314.14 1 0
github.com/prometheus/prometheus/cmd/prometheus/main.go:314.14,316.3 1 0
github.com/prometheus/prometheus/cmd/prometheus/main.go:317.2,317.25 1 0
github.com/prometheus/prometheus/cmd/prometheus/main.go:320.13,321.30 1 0
github.com/prometheus/prometheus/cmd/prometheus/main.go:321.30,324.3 2 0
github.com/prometheus/prometheus/cmd/prometheus/main.go:327.2,327.56 1 0
github.com/prometheus/prometheus/cmd/prometheus/main.go:327.56,337.3 1 0
github.com/prometheus/prometheus/cmd/prometheus/main.go:339.2,570.138 73 0
github.com/prometheus/prometheus/cmd/prometheus/main.go:570.138,571.76 1 0
github.com/prometheus/prometheus/cmd/prometheus/main.go:571.76,574.4 2 0
github.com/prometheus/prometheus/cmd/prometheus/main.go:575.3,576.13 2 0
github.com/prometheus/prometheus/cmd/prometheus/main.go:579.2,580.16 2 0
github.com/prometheus/prometheus/cmd/prometheus/main.go:580.16,584.3 3 0
github.com/prometheus/prometheus/cmd/prometheus/main.go:586.2,594.58 7 0
github.com/prometheus/prometheus/cmd/prometheus/main.go:594.58,597.3 2 0
github.com/prometheus/prometheus/cmd/prometheus/main.go:599.2,599.43 1 0
github.com/prometheus/prometheus/cmd/prometheus/main.go:599.43,602.3 2 0
github.com/prometheus/prometheus/cmd/prometheus/main.go:604.2,604.43 1 0
github.com/prometheus/prometheus/cmd/prometheus/main.go:604.43,607.3 2 0
github.com/prometheus/prometheus/cmd/prometheus/main.go:609.2,609.57 1 0
github.com/prometheus/prometheus/cmd/prometheus/main.go:609.57,612.3 2 0
github.com/prometheus/prometheus/cmd/prometheus/main.go:614.2,615.15 2 0
github.com/prometheus/prometheus/cmd/prometheus/main.go:615.15,617.3 1 0
github.com/prometheus/prometheus/cmd/prometheus/main.go:619.2,620.16 2 0
github.com/prometheus/prometheus/cmd/prometheus/main.go:620.16,623.3 2 0
github.com/prometheus/prometheus/cmd/prometheus/main.go:625.2,626.16 2 0
github.com/prometheus/prometheus/cmd/prometheus/main.go:626.16,629.3 2 0
github.com/prometheus/prometheus/cmd/prometheus/main.go:632.2,633.100 2 0
github.com/prometheus/prometheus/cmd/prometheus/main.go:633.100,635.21 2 0
github.com/prometheus/prometheus/cmd/prometheus/main.go:635.21,637.4 1 0
github.com/prometheus/prometheus/cmd/prometheus/main.go:638.3,639.13 2 0
github.com/prometheus/prometheus/cmd/prometheus/main.go:643.2,643.54 1 0
github.com/prometheus/prometheus/cmd/prometheus/main.go:643.54,645.21 2 0
github.com/prometheus/prometheus/cmd/prometheus/main.go:645.21,647.4 1 0
github.com/prometheus/prometheus/cmd/prometheus/main.go:648.3,649.13 2 0
github.com/prometheus/prometheus/cmd/prometheus/main.go:653.2,653.60 1 0
github.com/prometheus/prometheus/cmd/prometheus/main.go:653.60,655.21 2 0
github.com/prometheus/prometheus/cmd/prometheus/main.go:655.21,657.4 1 0
github.com/prometheus/prometheus/cmd/prometheus/main.go:658.3,659.13 2 0
github.com/prometheus/prometheus/cmd/prometheus/main.go:662.2,662.36 1 0
github.com/prometheus/prometheus/cmd/prometheus/main.go:662.36,663.51 1 0
github.com/prometheus/prometheus/cmd/prometheus/main.go:663.51,665.4 1 0
github.com/prometheus/prometheus/cmd/prometheus/main.go:666.3,666.77 1 0
github.com/prometheus/prometheus/cmd/prometheus/main.go:668.2,668.45 1 0
github.com/prometheus/prometheus/cmd/prometheus/main.go:668.45,670.3 1 0
github.com/prometheus/prometheus/cmd/prometheus/main.go:673.2,674.24 2 0
github.com/prometheus/prometheus/cmd/prometheus/main.go:674.24,675.46 1 0
github.com/prometheus/prometheus/cmd/prometheus/main.go:675.46,677.4 1 0
github.com/prometheus/prometheus/cmd/prometheus/main.go:678.3,678.61 1 0
github.com/prometheus/prometheus/cmd/prometheus/main.go:678.61,680.4 1 0
github.com/prometheus/prometheus/cmd/prometheus/main.go:683.2,683.24 1 0
github.com/prometheus/prometheus/cmd/prometheus/main.go:683.24,693.17 1 0
github.com/prometheus/prometheus/cmd/prometheus/main.go:693.17,695.4 1 0
github.com/prometheus/prometheus/cmd/prometheus/main.go:704.2,709.31 4 0
github.com/prometheus/prometheus/cmd/prometheus/main.go:709.31,711.3 1 0
github.com/prometheus/prometheus/cmd/prometheus/main.go:713.2,715.16 2 0
github.com/prometheus/prometheus/cmd/prometheus/main.go:715.16,716.64 1 0
github.com/prometheus/prometheus/cmd/prometheus/main.go:716.64,719.4 2 0
github.com/prometheus/prometheus/cmd/prometheus/main.go:722.3,722.37 1 0
github.com/prometheus/prometheus/cmd/prometheus/main.go:722.37,724.18 2 0
github.com/prometheus/prometheus/cmd/prometheus/main.go:724.18,725.15 1 0
github.com/prometheus/prometheus/cmd/prometheus/main.go:727.4,728.79 2 0
github.com/prometheus/prometheus/cmd/prometheus/main.go:732.3,732.37 1 0
github.com/prometheus/prometheus/cmd/prometheus/main.go:732.37,734.18 2 0
github.com/prometheus/prometheus/cmd/prometheus/main.go:734.18,735.15 1 0
github.com/prometheus/prometheus/cmd/prometheus/main.go:738.4,738.91 1 0
github.com/prometheus/prometheus/cmd/prometheus/main.go:738.91,740.5 1 0
github.com/prometheus/prometheus/cmd/prometheus/main.go:742.4,742.48 1 0
github.com/prometheus/prometheus/cmd/prometheus/main.go:746.3,746.128 1 0
github.com/prometheus/prometheus/cmd/prometheus/main.go:746.128,749.4 2 0
github.com/prometheus/prometheus/cmd/prometheus/main.go:751.3,751.97 1 0
github.com/prometheus/prometheus/cmd/prometheus/main.go:752.8,754.3 1 0
github.com/prometheus/prometheus/cmd/prometheus/main.go:756.2,764.15 7 0
github.com/prometheus/prometheus/cmd/prometheus/main.go:764.15,767.3 2 0
github.com/prometheus/prometheus/cmd/prometheus/main.go:769.2,770.24 2 0
github.com/prometheus/prometheus/cmd/prometheus/main.go:770.24,772.3 1 0
github.com/prometheus/prometheus/cmd/prometheus/main.go:774.2,806.16 5 0
github.com/prometheus/prometheus/cmd/prometheus/main.go:806.16,809.3 2 0
github.com/prometheus/prometheus/cmd/prometheus/main.go:811.2,812.16 2 0
github.com/prometheus/prometheus/cmd/prometheus/main.go:812.16,815.3 2 0
github.com/prometheus/prometheus/cmd/prometheus/main.go:817.2,818.35 2 0
github.com/prometheus/prometheus/cmd/prometheus/main.go:818.35,821.3 2 0
github.com/prometheus/prometheus/cmd/prometheus/main.go:823.2,824.35 2 0
github.com/prometheus/prometheus/cmd/prometheus/main.go:824.35,827.3 2 0
github.com/prometheus/prometheus/cmd/prometheus/main.go:829.2,836.16 2 0
github.com/prometheus/prometheus/cmd/prometheus/main.go:836.16,839.3 2 0
github.com/prometheus/prometheus/cmd/prometheus/main.go:841.2,848.16 2 0
github.com/prometheus/prometheus/cmd/prometheus/main.go:848.16,882.49 3 0
github.com/prometheus/prometheus/cmd/prometheus/main.go:882.49,884.5 1 0
github.com/prometheus/prometheus/cmd/prometheus/main.go:888.2,918.36 19 0
github.com/prometheus/prometheus/cmd/prometheus/main.go:918.36,919.46 1 0
github.com/prometheus/prometheus/cmd/prometheus/main.go:919.46,920.12 1 0
github.com/prometheus/prometheus/cmd/prometheus/main.go:923.3,923.43 1 0
github.com/prometheus/prometheus/cmd/prometheus/main.go:927.2,949.45 4 0
github.com/prometheus/prometheus/cmd/prometheus/main.go:949.45,950.18 1 0
github.com/prometheus/prometheus/cmd/prometheus/main.go:950.18,953.6 1 0
github.com/prometheus/prometheus/cmd/prometheus/main.go:955.5,955.44 1 0
github.com/prometheus/prometheus/cmd/prometheus/main.go:955.44,958.6 2 0
github.com/prometheus/prometheus/cmd/prometheus/main.go:960.5,961.19 2 0
github.com/prometheus/prometheus/cmd/prometheus/main.go:961.19,963.6 1 0
github.com/prometheus/prometheus/cmd/prometheus/main.go:964.5,965.15 2 0
github.com/prometheus/prometheus/cmd/prometheus/main.go:974.45,977.19 3 0
github.com/prometheus/prometheus/cmd/prometheus/main.go:977.19,979.6 1 0
github.com/prometheus/prometheus/cmd/prometheus/main.go:980.5,980.29 1 0
github.com/prometheus/prometheus/cmd/prometheus/main.go:980.29,982.6 1 0
github.com/prometheus/prometheus/cmd/prometheus/main.go:983.5,983.49 1 0
github.com/prometheus/prometheus/cmd/prometheus/main.go:990.45,992.70 2 0
github.com/prometheus/prometheus/cmd/prometheus/main.go:992.70,994.6 1 0
github.com/prometheus/prometheus/cmd/prometheus/main.go:995.5,995.49 1 0
github.com/prometheus/prometheus/cmd/prometheus/main.go:999.45,1000.18 1 0
github.com/prometheus/prometheus/cmd/prometheus/main.go:1000.18,1003.6 1 0
github.com/prometheus/prometheus/cmd/prometheus/main.go:1006.5,1007.39 2 0
github.com/prometheus/prometheus/cmd/prometheus/main.go:1007.39,1009.20 2 0
github.com/prometheus/prometheus/cmd/prometheus/main.go:1009.20,1012.7 1 0
github.com/prometheus/prometheus/cmd/prometheus/main.go:1013.6,1013.34 1 0
github.com/prometheus/prometheus/cmd/prometheus/main.go:1015.5,1021.6 1 0
github.com/prometheus/prometheus/cmd/prometheus/main.go:1029.2,1046.29 6 0
github.com/prometheus/prometheus/cmd/prometheus/main.go:1046.29,1047.30 1 0
github.com/prometheus/prometheus/cmd/prometheus/main.go:1047.30,1049.4 1 0
github.com/prometheus/prometheus/cmd/prometheus/main.go:1052.2,1053.16 2 0
github.com/prometheus/prometheus/cmd/prometheus/main.go:1053.16,1056.3 2 0
github.com/prometheus/prometheus/cmd/prometheus/main.go:1058.2,1059.16 2 0
github.com/prometheus/prometheus/cmd/prometheus/main.go:1059.16,1062.3 2 0
github.com/prometheus/prometheus/cmd/prometheus/main.go:1064.2,1065.2 2 0
github.com/prometheus/prometheus/cmd/prometheus/main.go:1065.2,1071.17 4 0
github.com/prometheus/prometheus/cmd/prometheus/main.go:1071.17,1073.12 1 0
github.com/prometheus/prometheus/cmd/prometheus/main.go:1074.24,1076.25 2 0
github.com/prometheus/prometheus/cmd/prometheus/main.go:1077.30,1078.88 1 0
github.com/prometheus/prometheus/cmd/prometheus/main.go:1079.19,1080.25 1 0
github.com/prometheus/prometheus/cmd/prometheus/main.go:1082.5,1082.15 1 0
github.com/prometheus/prometheus/cmd/prometheus/main.go:1084.18,1088.5 3 0
github.com/prometheus/prometheus/cmd/prometheus/main.go:1091.2,1094.17 1 0
github.com/prometheus/prometheus/cmd/prometheus/main.go:1094.17,1098.5 3 0
github.com/prometheus/prometheus/cmd/prometheus/main.go:1099.18,1102.5 2 0
github.com/prometheus/prometheus/cmd/prometheus/main.go:1105.2,1108.17 1 0
github.com/prometheus/prometheus/cmd/prometheus/main.go:1108.17,1112.5 3 0
github.com/prometheus/prometheus/cmd/prometheus/main.go:1113.18,1116.5 2 0
github.com/prometheus/prometheus/cmd/prometheus/main.go:1119.2,1119.16 1 0
github.com/prometheus/prometheus/cmd/prometheus/main.go:1119.16,1122.17 1 0
github.com/prometheus/prometheus/cmd/prometheus/main.go:1122.17,1126.5 3 0
github.com/prometheus/prometheus/cmd/prometheus/main.go:1127.18,1129.5 1 0
github.com/prometheus/prometheus/cmd/prometheus/main.go:1132.2,1135.17 1 0
github.com/prometheus/prometheus/cmd/prometheus/main.go:1135.17,1145.5 4 0
github.com/prometheus/prometheus/cmd/prometheus/main.go:1146.18,1153.5 2 0
github.com/prometheus/prometheus/cmd/prometheus/main.go:1156.2,1159.17 1 0
github.com/prometheus/prometheus/cmd/prometheus/main.go:1159.17,1163.5 3 0
github.com/prometheus/prometheus/cmd/prometheus/main.go:1164.18,1166.5 1 0
github.com/prometheus/prometheus/cmd/prometheus/main.go:1169.2,1179.27 5 0
github.com/prometheus/prometheus/cmd/prometheus/main.go:1179.27,1181.18 2 0
github.com/prometheus/prometheus/cmd/prometheus/main.go:1181.18,1183.5 1 0
github.com/prometheus/prometheus/cmd/prometheus/main.go:1186.3,1186.34 1 0
github.com/prometheus/prometheus/cmd/prometheus/main.go:1186.34,1187.15 1 0
github.com/prometheus/prometheus/cmd/prometheus/main.go:1187.15,1190.5 2 0
github.com/prometheus/prometheus/cmd/prometheus/main.go:1191.4,1191.67 1 0
github.com/prometheus/prometheus/cmd/prometheus/main.go:1194.3,1195.17 1 0
github.com/prometheus/prometheus/cmd/prometheus/main.go:1195.17,1198.9 2 0
github.com/prometheus/prometheus/cmd/prometheus/main.go:1198.9,1199.13 1 0
github.com/prometheus/prometheus/cmd/prometheus/main.go:1200.17,1201.146 1 0
github.com/prometheus/prometheus/cmd/prometheus/main.go:1201.146,1203.8 1 0
github.com/prometheus/prometheus/cmd/prometheus/main.go:1203.13,1203.38 1 0
github.com/prometheus/prometheus/cmd/prometheus/main.go:1203.38,1205.22 2 0
github.com/prometheus/prometheus/cmd/prometheus/main.go:1205.22,1207.9 1 0
github.com/prometheus/prometheus/cmd/prometheus/main.go:1209.39,1210.146 1 0
github.com/prometheus/prometheus/cmd/prometheus/main.go:1210.146,1213.8 2 0
github.com/prometheus/prometheus/cmd/prometheus/main.go:1213.13,1215.32 2 0
github.com/prometheus/prometheus/cmd/prometheus/main.go:1215.32,1217.23 2 0
github.com/prometheus/prometheus/cmd/prometheus/main.go:1217.23,1219.10 1 0
github.com/prometheus/prometheus/cmd/prometheus/main.go:1222.62,1223.32 1 0
github.com/prometheus/prometheus/cmd/prometheus/main.go:1223.32,1224.16 1 0
github.com/prometheus/prometheus/cmd/prometheus/main.go:1226.7,1227.21 2 0
github.com/prometheus/prometheus/cmd/prometheus/main.go:1227.21,1230.8 2 0
github.com/prometheus/prometheus/cmd/prometheus/main.go:1230.13,1230.45 1 0
github.com/prometheus/prometheus/cmd/prometheus/main.go:1230.45,1231.16 1 0
github.com/prometheus/prometheus/cmd/prometheus/main.go:1233.7,1235.146 2 0
github.com/prometheus/prometheus/cmd/prometheus/main.go:1235.146,1237.8 1 0
github.com/prometheus/prometheus/cmd/prometheus/main.go:1237.13,1239.8 1 0
github.com/prometheus/prometheus/cmd/prometheus/main.go:1240.20,1241.17 1 0
github.com/prometheus/prometheus/cmd/prometheus/main.go:1245.18,1249.5 1 0
github.com/prometheus/prometheus/cmd/prometheus/main.go:1252.2,1256.17 2 0
github.com/prometheus/prometheus/cmd/prometheus/main.go:1256.17,1257.12 1 0
github.com/prometheus/prometheus/cmd/prometheus/main.go:1258.19,1258.19 0 0
github.com/prometheus/prometheus/cmd/prometheus/main.go:1260.19,1262.16 2 0
github.com/prometheus/prometheus/cmd/prometheus/main.go:1265.5,1265.119 1 0
github.com/prometheus/prometheus/cmd/prometheus/main.go:1265.120,1265.121 0 0
github.com/prometheus/prometheus/cmd/prometheus/main.go:1265.149,1267.6 1 0
github.com/prometheus/prometheus/cmd/prometheus/main.go:1269.5,1275.15 6 0
github.com/prometheus/prometheus/cmd/prometheus/main.go:1277.18,1279.5 1 0
github.com/prometheus/prometheus/cmd/prometheus/main.go:1282.2,1282.16 1 0
github.com/prometheus/prometheus/cmd/prometheus/main.go:1282.16,1287.17 3 0
github.com/prometheus/prometheus/cmd/prometheus/main.go:1287.17,1289.37 2 0
github.com/prometheus/prometheus/cmd/prometheus/main.go:1289.37,1290.91 1 0
github.com/prometheus/prometheus/cmd/prometheus/main.go:1290.91,1292.7 1 0
github.com/prometheus/prometheus/cmd/prometheus/main.go:1294.5,1294.47 1 0
github.com/prometheus/prometheus/cmd/prometheus/main.go:1294.47,1295.55 1 0
github.com/prometheus/prometheus/cmd/prometheus/main.go:1295.55,1297.7 1 0
github.com/prometheus/prometheus/cmd/prometheus/main.go:1300.5,1301.19 2 0
github.com/prometheus/prometheus/cmd/prometheus/main.go:1301.19,1303.6 1 0
github.com/prometheus/prometheus/cmd/prometheus/main.go:1305.5,1305.68 1 0
github.com/prometheus/prometheus/cmd/prometheus/main.go:1306.28,1307.238 1 0
github.com/prometheus/prometheus/cmd/prometheus/main.go:1308.13,1309.62 1 0
github.com/prometheus/prometheus/cmd/prometheus/main.go:1312.5,1328.15 8 0
github.com/prometheus/prometheus/cmd/prometheus/main.go:1330.18,1331.49 1 0
github.com/prometheus/prometheus/cmd/prometheus/main.go:1331.49,1333.6 1 0
github.com/prometheus/prometheus/cmd/prometheus/main.go:1334.5,1334.18 1 0
github.com/prometheus/prometheus/cmd/prometheus/main.go:1338.2,1338.15 1 0
github.com/prometheus/prometheus/cmd/prometheus/main.go:1338.15,1343.17 3 0
github.com/prometheus/prometheus/cmd/prometheus/main.go:1343.17,1345.38 2 0
github.com/prometheus/prometheus/cmd/prometheus/main.go:1345.38,1346.93 1 0
github.com/prometheus/prometheus/cmd/prometheus/main.go:1346.93,1348.7 1 0
github.com/prometheus/prometheus/cmd/prometheus/main.go:1350.5,1357.19 2 0
github.com/prometheus/prometheus/cmd/prometheus/main.go:1357.19,1359.6 1 0
github.com/prometheus/prometheus/cmd/prometheus/main.go:1361.5,1361.68 1 0
github.com/prometheus/prometheus/cmd/prometheus/main.go:1362.28,1363.234 1 0
github.com/prometheus/prometheus/cmd/prometheus/main.go:1364.13,1365.25 1 0
github.com/prometheus/prometheus/cmd/prometheus/main.go:1368.5,1383.15 7 0
github.com/prometheus/prometheus/cmd/prometheus/main.go:1385.18,1386.49 1 0
github.com/prometheus/prometheus/cmd/prometheus/main.go:1386.49,1388.6 1 0
github.com/prometheus/prometheus/cmd/prometheus/main.go:1389.5,1389.18 1 0
github.com/prometheus/prometheus/cmd/prometheus/main.go:1393.2,1396.17 1 0
github.com/prometheus/prometheus/cmd/prometheus/main.go:1396.17,1397.73 1 0
github.com/prometheus/prometheus/cmd/prometheus/main.go:1397.73,1399.6 1 0
github.com/prometheus/prometheus/cmd/prometheus/main.go:1400.5,1400.15 1 0
github.com/prometheus/prometheus/cmd/prometheus/main.go:1402.18,1404.5 1 0
github.com/prometheus/prometheus/cmd/prometheus/main.go:1407.2,1413.17 1 0
github.com/prometheus/prometheus/cmd/prometheus/main.go:1413.17,1423.5 4 0
github.com/prometheus/prometheus/cmd/prometheus/main.go:1424.18,1426.5 1 0
github.com/prometheus/prometheus/cmd/prometheus/main.go:1429.2,1429.9 1 0
github.com/prometheus/prometheus/cmd/prometheus/main.go:1429.9,1430.33 1 0
github.com/prometheus/prometheus/cmd/prometheus/main.go:1430.33,1433.4 2 0
github.com/prometheus/prometheus/cmd/prometheus/main.go:1435.2,1435.35 1 0
github.com/prometheus/prometheus/cmd/prometheus/main.go:1438.143,1446.16 2 0
github.com/prometheus/prometheus/cmd/prometheus/main.go:1446.16,1448.3 1 0
github.com/prometheus/prometheus/cmd/prometheus/main.go:1450.2,1454.21 1 0
github.com/prometheus/prometheus/cmd/prometheus/main.go:1454.21,1456.20 2 0
github.com/prometheus/prometheus/cmd/prometheus/main.go:1456.20,1458.5 1 0
github.com/prometheus/prometheus/cmd/prometheus/main.go:1459.4,1459.56 1 0
github.com/prometheus/prometheus/cmd/prometheus/main.go:1463.21,1463.67 1 0
github.com/prometheus/prometheus/cmd/prometheus/main.go:1467.21,1467.67 1 0
github.com/prometheus/prometheus/cmd/prometheus/main.go:1470.2,1470.16 1 0
github.com/prometheus/prometheus/cmd/prometheus/main.go:1477.51,1479.2 1 0
github.com/prometheus/prometheus/cmd/prometheus/main.go:1481.67,1483.2 1 0
github.com/prometheus/prometheus/cmd/prometheus/main.go:1485.61,1487.2 1 0
github.com/prometheus/prometheus/cmd/prometheus/main.go:1494.192,1499.15 4 0
github.com/prometheus/prometheus/cmd/prometheus/main.go:1499.15,1500.17 1 0
github.com/prometheus/prometheus/cmd/prometheus/main.go:1500.17,1504.4 3 0
github.com/prometheus/prometheus/cmd/prometheus/main.go:1504.9,1507.4 2 0
github.com/prometheus/prometheus/cmd/prometheus/main.go:1510.2,1511.16 2 0
github.com/prometheus/prometheus/cmd/prometheus/main.go:1511.16,1513.3 1 0
github.com/prometheus/prometheus/cmd/prometheus/main.go:1515.2,1515.27 1 0
github.com/prometheus/prometheus/cmd/prometheus/main.go:1515.27,1516.48 1 0
github.com/prometheus/prometheus/cmd/prometheus/main.go:1516.48,1518.4 1 0
github.com/prometheus/prometheus/cmd/prometheus/main.go:1521.2,1522.25 2 0
github.com/prometheus/prometheus/cmd/prometheus/main.go:1522.25,1524.43 2 0
github.com/prometheus/prometheus/cmd/prometheus/main.go:1524.43,1527.4 2 0
github.com/prometheus/prometheus/cmd/prometheus/main.go:1528.3,1528.68 1 0
github.com/prometheus/prometheus/cmd/prometheus/main.go:1530.2,1530.12 1 0
github.com/prometheus/prometheus/cmd/prometheus/main.go:1530.12,1532.3 1 0
github.com/prometheus/prometheus/cmd/prometheus/main.go:1534.2,1538.12 4 0
github.com/prometheus/prometheus/cmd/prometheus/main.go:1541.59,1543.34 2 0
github.com/prometheus/prometheus/cmd/prometheus/main.go:1543.34,1545.3 1 0
github.com/prometheus/prometheus/cmd/prometheus/main.go:1547.2,1547.28 1 0
github.com/prometheus/prometheus/cmd/prometheus/main.go:1547.28,1549.3 1 0
github.com/prometheus/prometheus/cmd/prometheus/main.go:1549.8,1551.3 1 0
github.com/prometheus/prometheus/cmd/prometheus/main.go:1554.43,1557.2 1 0
github.com/prometheus/prometheus/cmd/prometheus/main.go:1560.63,1562.16 2 0
github.com/prometheus/prometheus/cmd/prometheus/main.go:1562.16,1564.3 1 0
github.com/prometheus/prometheus/cmd/prometheus/main.go:1565.2,1565.22 1 0
github.com/prometheus/prometheus/cmd/prometheus/main.go:1570.65,1571.13 1 0
github.com/prometheus/prometheus/cmd/prometheus/main.go:1571.13,1573.17 2 0
github.com/prometheus/prometheus/cmd/prometheus/main.go:1573.17,1575.4 1 0
github.com/prometheus/prometheus/cmd/prometheus/main.go:1576.3,1577.17 2 0
github.com/prometheus/prometheus/cmd/prometheus/main.go:1577.17,1579.4 1 0
github.com/prometheus/prometheus/cmd/prometheus/main.go:1580.3,1580.51 1 0
github.com/prometheus/prometheus/cmd/prometheus/main.go:1583.2,1583.30 1 0
github.com/prometheus/prometheus/cmd/prometheus/main.go:1583.30,1585.3 1 0
github.com/prometheus/prometheus/cmd/prometheus/main.go:1587.2,1588.16 2 0
github.com/prometheus/prometheus/cmd/prometheus/main.go:1588.16,1590.3 1 0
github.com/prometheus/prometheus/cmd/prometheus/main.go:1592.2,1593.51 2 0
github.com/prometheus/prometheus/cmd/prometheus/main.go:1593.51,1595.3 1 0
github.com/prometheus/prometheus/cmd/prometheus/main.go:1596.2,1598.16 2 0
github.com/prometheus/prometheus/cmd/prometheus/main.go:1610.63,1612.33 2 0
github.com/prometheus/prometheus/cmd/prometheus/main.go:1612.33,1614.3 1 0
github.com/prometheus/prometheus/cmd/prometheus/main.go:1615.2,1615.12 1 0
github.com/prometheus/prometheus/cmd/prometheus/main.go:1619.71,1625.2 4 0
github.com/prometheus/prometheus/cmd/prometheus/main.go:1627.46,1632.2 4 0
github.com/prometheus/prometheus/cmd/prometheus/main.go:1634.49,1639.2 4 0
github.com/prometheus/prometheus/cmd/prometheus/main.go:1642.51,1643.28 1 0
github.com/prometheus/prometheus/cmd/prometheus/main.go:1643.28,1644.25 1 0
github.com/prometheus/prometheus/cmd/prometheus/main.go:1645.17,1647.28 2 0
github.com/prometheus/prometheus/cmd/prometheus/main.go:1647.28,1649.5 1 0
github.com/prometheus/prometheus/cmd/prometheus/main.go:1649.10,1651.5 1 0
github.com/prometheus/prometheus/cmd/prometheus/main.go:1653.4,1653.45 1 0
github.com/prometheus/prometheus/cmd/prometheus/main.go:1654.18,1655.25 1 0
github.com/prometheus/prometheus/cmd/prometheus/main.go:1656.11,1657.53 1 0
github.com/prometheus/prometheus/cmd/prometheus/main.go:1661.2,1661.40 1 0
github.com/prometheus/prometheus/cmd/prometheus/main.go:1665.75,1666.28 1 0
github.com/prometheus/prometheus/cmd/prometheus/main.go:1666.28,1668.3 1 0
github.com/prometheus/prometheus/cmd/prometheus/main.go:1669.2,1669.30 1 0
github.com/prometheus/prometheus/cmd/prometheus/main.go:1673.85,1674.28 1 0
github.com/prometheus/prometheus/cmd/prometheus/main.go:1674.28,1676.3 1 0
github.com/prometheus/prometheus/cmd/prometheus/main.go:1677.2,1677.30 1 0
github.com/prometheus/prometheus/cmd/prometheus/main.go:1680.94,1681.28 1 0
github.com/prometheus/prometheus/cmd/prometheus/main.go:1681.28,1682.25 1 0
github.com/prometheus/prometheus/cmd/prometheus/main.go:1683.17,1684.34 1 0
github.com/prometheus/prometheus/cmd/prometheus/main.go:1685.18,1686.36 1 0
github.com/prometheus/prometheus/cmd/prometheus/main.go:1687.11,1688.53 1 0
github.com/prometheus/prometheus/cmd/prometheus/main.go:1691.2,1691.30 1 0
github.com/prometheus/prometheus/cmd/prometheus/main.go:1695.71,1696.28 1 0
github.com/prometheus/prometheus/cmd/prometheus/main.go:1696.28,1698.3 1 0
github.com/prometheus/prometheus/cmd/prometheus/main.go:1699.2,1699.27 1 0
github.com/prometheus/prometheus/cmd/prometheus/main.go:1705.65,1705.66 0 0
github.com/prometheus/prometheus/cmd/prometheus/main.go:1707.119,1709.2 1 0
github.com/prometheus/prometheus/cmd/prometheus/main.go:1711.128,1713.2 1 0
github.com/prometheus/prometheus/cmd/prometheus/main.go:1715.170,1717.2 1 0
github.com/prometheus/prometheus/cmd/prometheus/main.go:1719.185,1721.2 1 0
github.com/prometheus/prometheus/cmd/prometheus/main.go:1723.128,1725.2 1 0
github.com/prometheus/prometheus/cmd/prometheus/main.go:1727.123,1729.2 1 0
github.com/prometheus/prometheus/cmd/prometheus/main.go:1731.42,1731.69 1 0
github.com/prometheus/prometheus/cmd/prometheus/main.go:1733.44,1733.71 1 0
github.com/prometheus/prometheus/cmd/prometheus/main.go:1736.38,1737.28 1 0
github.com/prometheus/prometheus/cmd/prometheus/main.go:1737.28,1739.3 1 0
github.com/prometheus/prometheus/cmd/prometheus/main.go:1740.2,1740.12 1 0
github.com/prometheus/prometheus/cmd/prometheus/main.go:1744.48,1745.28 1 0
github.com/prometheus/prometheus/cmd/prometheus/main.go:1745.28,1746.25 1 0
github.com/prometheus/prometheus/cmd/prometheus/main.go:1747.17,1748.31 1 0
github.com/prometheus/prometheus/cmd/prometheus/main.go:1749.18,1750.31 1 0
github.com/prometheus/prometheus/cmd/prometheus/main.go:1751.11,1752.53 1 0
github.com/prometheus/prometheus/cmd/prometheus/main.go:1755.2,1755.25 1 0
github.com/prometheus/prometheus/cmd/prometheus/main.go:1759.99,1760.28 1 0
github.com/prometheus/prometheus/cmd/prometheus/main.go:1760.28,1761.25 1 0
github.com/prometheus/prometheus/cmd/prometheus/main.go:1762.17,1763.44 1 0
github.com/prometheus/prometheus/cmd/prometheus/main.go:1764.18,1765.31 1 0
github.com/prometheus/prometheus/cmd/prometheus/main.go:1766.11,1767.53 1 0
github.com/prometheus/prometheus/cmd/prometheus/main.go:1770.2,1770.25 1 0
github.com/prometheus/prometheus/cmd/prometheus/main.go:1774.66,1775.28 1 0
github.com/prometheus/prometheus/cmd/prometheus/main.go:1775.28,1776.25 1 0
github.com/prometheus/prometheus/cmd/prometheus/main.go:1777.17,1778.37 1 0
github.com/prometheus/prometheus/cmd/prometheus/main.go:1779.18,1780.31 1 0
github.com/prometheus/prometheus/cmd/prometheus/main.go:1781.11,1782.53 1 0
github.com/prometheus/prometheus/cmd/prometheus/main.go:1785.2,1785.25 1 0
github.com/prometheus/prometheus/cmd/prometheus/main.go:1789.87,1790.28 1 0
github.com/prometheus/prometheus/cmd/prometheus/main.go:1790.28,1791.25 1 0
github.com/prometheus/prometheus/cmd/prometheus/main.go:1792.17,1793.56 1 0
github.com/prometheus/prometheus/cmd/prometheus/main.go:1794.18,1795.36 1 0
github.com/prometheus/prometheus/cmd/prometheus/main.go:1796.11,1797.53 1 0
github.com/prometheus/prometheus/cmd/prometheus/main.go:1800.2,1800.30 1 0
github.com/prometheus/prometheus/cmd/prometheus/main.go:1804.72,1805.33 1 0
github.com/prometheus/prometheus/cmd/prometheus/main.go:1805.33,1807.3 1 0
github.com/prometheus/prometheus/cmd/prometheus/main.go:1808.2,1808.49 1 0
github.com/prometheus/prometheus/cmd/prometheus/main.go:1821.54,1826.2 3 0
github.com/prometheus/prometheus/cmd/prometheus/main.go:1829.62,1833.17 3 0
github.com/prometheus/prometheus/cmd/prometheus/main.go:1833.17,1835.3 1 0
github.com/prometheus/prometheus/cmd/prometheus/main.go:1837.2,1837.25 1 0
github.com/prometheus/prometheus/cmd/prometheus/main.go:1865.54,1888.2 1 0
github.com/prometheus/prometheus/cmd/prometheus/main.go:1902.83,1903.30 1 0
github.com/prometheus/prometheus/cmd/prometheus/main.go:1903.30,1905.3 1 0
github.com/prometheus/prometheus/cmd/prometheus/main.go:1906.2,1915.3 1 0
github.com/prometheus/prometheus/cmd/prometheus/main.go:1923.76,1925.2 1 0
github.com/prometheus/prometheus/cmd/prometheus/main.go:1928.52,1930.2 1 0
github.com/prometheus/prometheus/cmd/prometheus/main.go:1932.48,1934.28 2 0
github.com/prometheus/prometheus/cmd/prometheus/main.go:1934.28,1936.3 1 0
github.com/prometheus/prometheus/cmd/prometheus/main.go:1937.2,1937.30 1 0
github.com/prometheus/prometheus/cmd/prometheus/main.go:1940.54,1942.37 2 0
github.com/prometheus/prometheus/cmd/prometheus/main.go:1942.37,1944.3 1 0
github.com/prometheus/prometheus/cmd/prometheus/main.go:1945.2,1945.33 1 0
github.com/prometheus/prometheus/cmd/prometheus/main.go:1945.33,1947.3 1 0
github.com/prometheus/prometheus/cmd/prometheus/main.go:1948.2,1949.12 2 0
