mode: set
github.com/prometheus/prometheus/discovery/moby/docker.go:68.13,70.2 1 1
github.com/prometheus/prometheus/discovery/moby/docker.go:86.140,90.2 1 0
github.com/prometheus/prometheus/discovery/moby/docker.go:93.38,93.57 1 1
github.com/prometheus/prometheus/discovery/moby/docker.go:96.104,98.2 1 0
github.com/prometheus/prometheus/discovery/moby/docker.go:101.51,103.2 1 0
github.com/prometheus/prometheus/discovery/moby/docker.go:106.81,110.16 4 0
github.com/prometheus/prometheus/discovery/moby/docker.go:110.16,112.3 1 0
github.com/prometheus/prometheus/discovery/moby/docker.go:113.2,113.18 1 0
github.com/prometheus/prometheus/discovery/moby/docker.go:113.18,115.3 1 0
github.com/prometheus/prometheus/discovery/moby/docker.go:116.2,116.44 1 0
github.com/prometheus/prometheus/discovery/moby/docker.go:116.44,118.3 1 0
github.com/prometheus/prometheus/discovery/moby/docker.go:119.2,119.38 1 0
github.com/prometheus/prometheus/discovery/moby/docker.go:132.131,134.9 2 0
github.com/prometheus/prometheus/discovery/moby/docker.go:134.9,136.3 1 0
github.com/prometheus/prometheus/discovery/moby/docker.go:138.2,145.16 3 0
github.com/prometheus/prometheus/discovery/moby/docker.go:145.16,147.3 1 0
github.com/prometheus/prometheus/discovery/moby/docker.go:149.2,155.33 3 0
github.com/prometheus/prometheus/discovery/moby/docker.go:155.33,156.30 1 0
github.com/prometheus/prometheus/discovery/moby/docker.go:156.30,158.4 1 0
github.com/prometheus/prometheus/discovery/moby/docker.go:164.2,164.59 1 0
github.com/prometheus/prometheus/discovery/moby/docker.go:164.59,166.17 2 0
github.com/prometheus/prometheus/discovery/moby/docker.go:166.17,168.4 1 0
github.com/prometheus/prometheus/discovery/moby/docker.go:169.3,178.4 1 0
github.com/prometheus/prometheus/discovery/moby/docker.go:181.2,182.16 2 0
github.com/prometheus/prometheus/discovery/moby/docker.go:182.16,184.3 1 0
github.com/prometheus/prometheus/discovery/moby/docker.go:186.2,195.15 2 0
github.com/prometheus/prometheus/discovery/moby/docker.go:198.86,204.16 3 0
github.com/prometheus/prometheus/discovery/moby/docker.go:204.16,206.3 1 0
github.com/prometheus/prometheus/discovery/moby/docker.go:208.2,209.16 2 0
github.com/prometheus/prometheus/discovery/moby/docker.go:209.16,211.3 1 0
github.com/prometheus/prometheus/discovery/moby/docker.go:213.2,214.31 2 0
github.com/prometheus/prometheus/discovery/moby/docker.go:214.31,216.3 1 0
github.com/prometheus/prometheus/discovery/moby/docker.go:218.2,218.31 1 0
github.com/prometheus/prometheus/discovery/moby/docker.go:218.31,219.24 1 0
github.com/prometheus/prometheus/discovery/moby/docker.go:219.24,220.12 1 0
github.com/prometheus/prometheus/discovery/moby/docker.go:223.3,229.30 2 0
github.com/prometheus/prometheus/discovery/moby/docker.go:229.30,232.4 2 0
github.com/prometheus/prometheus/discovery/moby/docker.go:234.3,236.25 3 0
github.com/prometheus/prometheus/discovery/moby/docker.go:236.25,238.43 1 0
github.com/prometheus/prometheus/discovery/moby/docker.go:238.43,240.16 2 0
github.com/prometheus/prometheus/discovery/moby/docker.go:240.16,241.11 1 0
github.com/prometheus/prometheus/discovery/moby/docker.go:243.5,245.26 3 0
github.com/prometheus/prometheus/discovery/moby/docker.go:245.26,246.11 1 0
github.com/prometheus/prometheus/discovery/moby/docker.go:251.3,251.47 1 0
github.com/prometheus/prometheus/discovery/moby/docker.go:251.47,254.31 2 0
github.com/prometheus/prometheus/discovery/moby/docker.go:254.31,255.17 1 0
github.com/prometheus/prometheus/discovery/moby/docker.go:255.17,257.6 1 0
github.com/prometheus/prometheus/discovery/moby/docker.go:259.4,259.21 1 0
github.com/prometheus/prometheus/discovery/moby/docker.go:259.21,264.5 4 0
github.com/prometheus/prometheus/discovery/moby/docker.go:267.3,267.30 1 0
github.com/prometheus/prometheus/discovery/moby/docker.go:267.30,268.16 1 0
github.com/prometheus/prometheus/discovery/moby/docker.go:268.16,269.13 1 0
github.com/prometheus/prometheus/discovery/moby/docker.go:272.4,274.30 2 0
github.com/prometheus/prometheus/discovery/moby/docker.go:274.30,275.24 1 0
github.com/prometheus/prometheus/discovery/moby/docker.go:275.24,276.14 1 0
github.com/prometheus/prometheus/discovery/moby/docker.go:279.5,284.25 2 0
github.com/prometheus/prometheus/discovery/moby/docker.go:284.25,287.6 2 0
github.com/prometheus/prometheus/discovery/moby/docker.go:289.5,289.36 1 0
github.com/prometheus/prometheus/discovery/moby/docker.go:289.36,291.6 1 0
github.com/prometheus/prometheus/discovery/moby/docker.go:293.5,293.50 1 0
github.com/prometheus/prometheus/discovery/moby/docker.go:293.50,295.6 1 0
github.com/prometheus/prometheus/discovery/moby/docker.go:297.5,300.17 4 0
github.com/prometheus/prometheus/discovery/moby/docker.go:303.4,303.14 1 0
github.com/prometheus/prometheus/discovery/moby/docker.go:303.14,309.36 2 0
github.com/prometheus/prometheus/discovery/moby/docker.go:309.36,311.6 1 0
github.com/prometheus/prometheus/discovery/moby/docker.go:313.5,313.50 1 0
github.com/prometheus/prometheus/discovery/moby/docker.go:313.50,315.6 1 0
github.com/prometheus/prometheus/discovery/moby/docker.go:319.5,320.43 2 0
github.com/prometheus/prometheus/discovery/moby/docker.go:320.43,322.6 1 0
github.com/prometheus/prometheus/discovery/moby/docker.go:322.11,324.6 1 0
github.com/prometheus/prometheus/discovery/moby/docker.go:326.5,327.44 2 0
github.com/prometheus/prometheus/discovery/moby/docker.go:332.2,332.38 1 0
github.com/prometheus/prometheus/discovery/moby/dockerswarm.go:49.13,51.2 1 1
github.com/prometheus/prometheus/discovery/moby/dockerswarm.go:73.145,77.2 1 1
github.com/prometheus/prometheus/discovery/moby/dockerswarm.go:80.43,80.67 1 1
github.com/prometheus/prometheus/discovery/moby/dockerswarm.go:83.109,85.2 1 0
github.com/prometheus/prometheus/discovery/moby/dockerswarm.go:88.56,90.2 1 0
github.com/prometheus/prometheus/discovery/moby/dockerswarm.go:93.86,97.16 4 1
github.com/prometheus/prometheus/discovery/moby/dockerswarm.go:97.16,99.3 1 0
github.com/prometheus/prometheus/discovery/moby/dockerswarm.go:100.2,100.18 1 1
github.com/prometheus/prometheus/discovery/moby/dockerswarm.go:100.18,102.3 1 0
github.com/prometheus/prometheus/discovery/moby/dockerswarm.go:103.2,103.44 1 1
github.com/prometheus/prometheus/discovery/moby/dockerswarm.go:103.44,105.3 1 0
github.com/prometheus/prometheus/discovery/moby/dockerswarm.go:106.2,106.16 1 1
github.com/prometheus/prometheus/discovery/moby/dockerswarm.go:107.36,107.36 0 1
github.com/prometheus/prometheus/discovery/moby/dockerswarm.go:108.10,109.69 1 0
github.com/prometheus/prometheus/discovery/moby/dockerswarm.go:110.10,111.83 1 0
github.com/prometheus/prometheus/discovery/moby/dockerswarm.go:113.2,113.38 1 1
github.com/prometheus/prometheus/discovery/moby/dockerswarm.go:127.124,129.9 2 1
github.com/prometheus/prometheus/discovery/moby/dockerswarm.go:129.9,131.3 1 0
github.com/prometheus/prometheus/discovery/moby/dockerswarm.go:133.2,139.16 3 1
github.com/prometheus/prometheus/discovery/moby/dockerswarm.go:139.16,141.3 1 0
github.com/prometheus/prometheus/discovery/moby/dockerswarm.go:143.2,149.33 3 1
github.com/prometheus/prometheus/discovery/moby/dockerswarm.go:149.33,150.30 1 0
github.com/prometheus/prometheus/discovery/moby/dockerswarm.go:150.30,152.4 1 0
github.com/prometheus/prometheus/discovery/moby/dockerswarm.go:158.2,158.59 1 1
github.com/prometheus/prometheus/discovery/moby/dockerswarm.go:158.59,160.17 2 1
github.com/prometheus/prometheus/discovery/moby/dockerswarm.go:160.17,162.4 1 0
github.com/prometheus/prometheus/discovery/moby/dockerswarm.go:163.3,172.4 1 1
github.com/prometheus/prometheus/discovery/moby/dockerswarm.go:175.2,176.16 2 1
github.com/prometheus/prometheus/discovery/moby/dockerswarm.go:176.16,178.3 1 0
github.com/prometheus/prometheus/discovery/moby/dockerswarm.go:180.2,189.15 2 1
github.com/prometheus/prometheus/discovery/moby/dockerswarm.go:192.80,193.16 1 1
github.com/prometheus/prometheus/discovery/moby/dockerswarm.go:194.18,195.32 1 0
github.com/prometheus/prometheus/discovery/moby/dockerswarm.go:196.15,197.29 1 0
github.com/prometheus/prometheus/discovery/moby/dockerswarm.go:198.15,199.29 1 1
github.com/prometheus/prometheus/discovery/moby/dockerswarm.go:200.10,201.50 1 0
github.com/prometheus/prometheus/discovery/moby/metrics_docker.go:27.42,29.2 1 0
github.com/prometheus/prometheus/discovery/moby/metrics_docker.go:32.39,32.40 0 0
github.com/prometheus/prometheus/discovery/moby/metrics_dockerswarm.go:27.47,29.2 1 1
github.com/prometheus/prometheus/discovery/moby/metrics_dockerswarm.go:32.44,32.45 0 1
github.com/prometheus/prometheus/discovery/moby/network.go:36.126,38.16 2 1
github.com/prometheus/prometheus/discovery/moby/network.go:38.16,40.3 1 0
github.com/prometheus/prometheus/discovery/moby/network.go:41.2,42.35 2 1
github.com/prometheus/prometheus/discovery/moby/network.go:42.35,50.36 2 1
github.com/prometheus/prometheus/discovery/moby/network.go:50.36,53.4 2 1
github.com/prometheus/prometheus/discovery/moby/network.go:56.2,56.20 1 1
github.com/prometheus/prometheus/discovery/moby/nodes.go:46.85,52.16 3 0
github.com/prometheus/prometheus/discovery/moby/nodes.go:52.16,54.3 1 0
github.com/prometheus/prometheus/discovery/moby/nodes.go:56.2,56.26 1 0
github.com/prometheus/prometheus/discovery/moby/nodes.go:56.26,68.29 2 0
github.com/prometheus/prometheus/discovery/moby/nodes.go:68.29,72.4 3 0
github.com/prometheus/prometheus/discovery/moby/nodes.go:74.3,74.35 1 0
github.com/prometheus/prometheus/discovery/moby/nodes.go:74.35,77.4 2 0
github.com/prometheus/prometheus/discovery/moby/nodes.go:79.3,82.42 3 0
github.com/prometheus/prometheus/discovery/moby/nodes.go:84.2,84.38 1 0
github.com/prometheus/prometheus/discovery/moby/nodes.go:87.95,89.16 2 1
github.com/prometheus/prometheus/discovery/moby/nodes.go:89.16,91.3 1 0
github.com/prometheus/prometheus/discovery/moby/nodes.go:92.2,93.26 2 1
github.com/prometheus/prometheus/discovery/moby/nodes.go:93.26,104.35 2 1
github.com/prometheus/prometheus/discovery/moby/nodes.go:104.35,107.4 2 0
github.com/prometheus/prometheus/discovery/moby/nodes.go:109.2,109.20 1 1
github.com/prometheus/prometheus/discovery/moby/services.go:43.88,49.16 3 0
github.com/prometheus/prometheus/discovery/moby/services.go:49.16,51.3 1 0
github.com/prometheus/prometheus/discovery/moby/services.go:53.2,54.16 2 0
github.com/prometheus/prometheus/discovery/moby/services.go:54.16,56.3 1 0
github.com/prometheus/prometheus/discovery/moby/services.go:58.2,58.29 1 0
github.com/prometheus/prometheus/discovery/moby/services.go:58.29,67.28 3 0
github.com/prometheus/prometheus/discovery/moby/services.go:67.28,69.4 1 0
github.com/prometheus/prometheus/discovery/moby/services.go:71.3,71.35 1 0
github.com/prometheus/prometheus/discovery/moby/services.go:71.35,74.4 2 0
github.com/prometheus/prometheus/discovery/moby/services.go:76.3,76.43 1 0
github.com/prometheus/prometheus/discovery/moby/services.go:76.43,79.18 3 0
github.com/prometheus/prometheus/discovery/moby/services.go:79.18,81.5 1 0
github.com/prometheus/prometheus/discovery/moby/services.go:83.4,83.39 1 0
github.com/prometheus/prometheus/discovery/moby/services.go:83.39,84.50 1 0
github.com/prometheus/prometheus/discovery/moby/services.go:84.50,85.14 1 0
github.com/prometheus/prometheus/discovery/moby/services.go:87.5,92.36 2 0
github.com/prometheus/prometheus/discovery/moby/services.go:92.36,94.6 1 0
github.com/prometheus/prometheus/discovery/moby/services.go:96.5,96.50 1 0
github.com/prometheus/prometheus/discovery/moby/services.go:96.50,98.6 1 0
github.com/prometheus/prometheus/discovery/moby/services.go:100.5,104.17 4 0
github.com/prometheus/prometheus/discovery/moby/services.go:107.4,107.14 1 0
github.com/prometheus/prometheus/discovery/moby/services.go:107.14,110.36 2 0
github.com/prometheus/prometheus/discovery/moby/services.go:110.36,112.6 1 0
github.com/prometheus/prometheus/discovery/moby/services.go:114.5,114.50 1 0
github.com/prometheus/prometheus/discovery/moby/services.go:114.50,116.6 1 0
github.com/prometheus/prometheus/discovery/moby/services.go:118.5,121.44 3 0
github.com/prometheus/prometheus/discovery/moby/services.go:125.2,125.38 1 0
github.com/prometheus/prometheus/discovery/moby/services.go:128.137,130.16 2 1
github.com/prometheus/prometheus/discovery/moby/services.go:130.16,132.3 1 0
github.com/prometheus/prometheus/discovery/moby/services.go:133.2,135.29 3 1
github.com/prometheus/prometheus/discovery/moby/services.go:135.29,143.35 3 1
github.com/prometheus/prometheus/discovery/moby/services.go:143.35,146.4 2 1
github.com/prometheus/prometheus/discovery/moby/services.go:147.3,147.41 1 1
github.com/prometheus/prometheus/discovery/moby/services.go:150.2,150.43 1 1
github.com/prometheus/prometheus/discovery/moby/services.go:153.50,154.31 1 1
github.com/prometheus/prometheus/discovery/moby/services.go:154.31,156.3 1 1
github.com/prometheus/prometheus/discovery/moby/services.go:157.2,157.35 1 1
github.com/prometheus/prometheus/discovery/moby/services.go:157.35,159.3 1 1
github.com/prometheus/prometheus/discovery/moby/services.go:160.2,160.11 1 0
github.com/prometheus/prometheus/discovery/moby/tasks.go:40.85,46.16 3 1
github.com/prometheus/prometheus/discovery/moby/tasks.go:46.16,48.3 1 0
github.com/prometheus/prometheus/discovery/moby/tasks.go:50.2,51.16 2 1
github.com/prometheus/prometheus/discovery/moby/tasks.go:51.16,53.3 1 0
github.com/prometheus/prometheus/discovery/moby/tasks.go:55.2,56.16 2 1
github.com/prometheus/prometheus/discovery/moby/tasks.go:56.16,58.3 1 0
github.com/prometheus/prometheus/discovery/moby/tasks.go:60.2,61.16 2 1
github.com/prometheus/prometheus/discovery/moby/tasks.go:61.16,63.3 1 0
github.com/prometheus/prometheus/discovery/moby/tasks.go:65.2,65.26 1 1
github.com/prometheus/prometheus/discovery/moby/tasks.go:65.26,73.38 2 1
github.com/prometheus/prometheus/discovery/moby/tasks.go:73.38,75.4 1 1
github.com/prometheus/prometheus/discovery/moby/tasks.go:77.3,77.34 1 1
github.com/prometheus/prometheus/discovery/moby/tasks.go:77.34,78.50 1 1
github.com/prometheus/prometheus/discovery/moby/tasks.go:78.50,81.5 2 1
github.com/prometheus/prometheus/discovery/moby/tasks.go:84.3,84.48 1 1
github.com/prometheus/prometheus/discovery/moby/tasks.go:84.48,86.4 1 1
github.com/prometheus/prometheus/discovery/moby/tasks.go:88.3,88.42 1 1
github.com/prometheus/prometheus/discovery/moby/tasks.go:88.42,90.4 1 1
github.com/prometheus/prometheus/discovery/moby/tasks.go:92.3,92.47 1 1
github.com/prometheus/prometheus/discovery/moby/tasks.go:92.47,93.49 1 1
github.com/prometheus/prometheus/discovery/moby/tasks.go:93.49,94.13 1 0
github.com/prometheus/prometheus/discovery/moby/tasks.go:97.4,101.35 2 1
github.com/prometheus/prometheus/discovery/moby/tasks.go:101.35,103.5 1 1
github.com/prometheus/prometheus/discovery/moby/tasks.go:105.4,107.43 3 1
github.com/prometheus/prometheus/discovery/moby/tasks.go:110.3,110.49 1 1
github.com/prometheus/prometheus/discovery/moby/tasks.go:110.49,111.46 1 1
github.com/prometheus/prometheus/discovery/moby/tasks.go:111.46,115.19 3 1
github.com/prometheus/prometheus/discovery/moby/tasks.go:115.19,117.6 1 0
github.com/prometheus/prometheus/discovery/moby/tasks.go:119.5,119.49 1 1
github.com/prometheus/prometheus/discovery/moby/tasks.go:119.49,120.51 1 1
github.com/prometheus/prometheus/discovery/moby/tasks.go:120.51,121.15 1 0
github.com/prometheus/prometheus/discovery/moby/tasks.go:123.6,127.37 2 1
github.com/prometheus/prometheus/discovery/moby/tasks.go:127.37,129.7 1 1
github.com/prometheus/prometheus/discovery/moby/tasks.go:131.6,131.58 1 1
github.com/prometheus/prometheus/discovery/moby/tasks.go:131.58,133.7 1 1
github.com/prometheus/prometheus/discovery/moby/tasks.go:135.6,139.18 4 1
github.com/prometheus/prometheus/discovery/moby/tasks.go:141.5,141.15 1 1
github.com/prometheus/prometheus/discovery/moby/tasks.go:141.15,144.37 2 1
github.com/prometheus/prometheus/discovery/moby/tasks.go:144.37,146.7 1 1
github.com/prometheus/prometheus/discovery/moby/tasks.go:148.6,148.58 1 1
github.com/prometheus/prometheus/discovery/moby/tasks.go:148.58,150.7 1 1
github.com/prometheus/prometheus/discovery/moby/tasks.go:152.6,155.45 3 1
github.com/prometheus/prometheus/discovery/moby/tasks.go:160.2,160.38 1 1
