mode: set
github.com/prometheus/prometheus/tsdb/errors/errors.go:28.41,32.2 3 1
github.com/prometheus/prometheus/tsdb/errors/errors.go:36.42,37.27 1 1
github.com/prometheus/prometheus/tsdb/errors/errors.go:37.27,38.17 1 1
github.com/prometheus/prometheus/tsdb/errors/errors.go:38.17,39.12 1 0
github.com/prometheus/prometheus/tsdb/errors/errors.go:41.3,42.28 2 1
github.com/prometheus/prometheus/tsdb/errors/errors.go:42.28,44.12 2 0
github.com/prometheus/prometheus/tsdb/errors/errors.go:46.3,46.25 1 1
github.com/prometheus/prometheus/tsdb/errors/errors.go:51.34,52.18 1 1
github.com/prometheus/prometheus/tsdb/errors/errors.go:52.18,54.3 1 0
github.com/prometheus/prometheus/tsdb/errors/errors.go:55.2,55.35 1 1
github.com/prometheus/prometheus/tsdb/errors/errors.go:67.43,70.22 2 0
github.com/prometheus/prometheus/tsdb/errors/errors.go:70.22,72.3 1 0
github.com/prometheus/prometheus/tsdb/errors/errors.go:74.2,74.30 1 0
github.com/prometheus/prometheus/tsdb/errors/errors.go:74.30,75.13 1 0
github.com/prometheus/prometheus/tsdb/errors/errors.go:75.13,77.4 1 0
github.com/prometheus/prometheus/tsdb/errors/errors.go:78.3,78.31 1 0
github.com/prometheus/prometheus/tsdb/errors/errors.go:81.2,81.21 1 0
github.com/prometheus/prometheus/tsdb/errors/errors.go:88.50,89.30 1 0
github.com/prometheus/prometheus/tsdb/errors/errors.go:89.30,90.29 1 0
github.com/prometheus/prometheus/tsdb/errors/errors.go:90.29,92.4 1 0
github.com/prometheus/prometheus/tsdb/errors/errors.go:94.2,94.14 1 0
github.com/prometheus/prometheus/tsdb/errors/errors.go:98.45,100.2 1 1
github.com/prometheus/prometheus/tsdb/errors/errors.go:103.37,105.23 2 0
github.com/prometheus/prometheus/tsdb/errors/errors.go:105.23,107.3 1 0
github.com/prometheus/prometheus/tsdb/errors/errors.go:108.2,108.19 1 0
